15:25:28 info -  [SocketServerLauncher] The GLSP server is ready to accept new client requests on port: 51930 
15:25:28 info -  [SocketServerLauncher] Starting GLSP server connection 
15:25:28 info -  [DefaultGLSPServer] Initializing server with: applicationId: 76838113-d42a-435b-a38f-919e4b3c66a8, protocolVersion: 1.0.0 
15:25:29 info -  [DefaultGLSPServer] Initializing client session with: clientSessionId: 'tasklist-diagram_0', diagramType: 'tasklist-diagram' 
15:25:29 info -  [DefaultGLSPServer] process [action=requestModel, clientId=tasklist-diagram_0] 
15:25:29 info -  [DefaultGLSPServer] process [action=requestTypeHints, clientId=tasklist-diagram_0] 
15:25:29 info -  [DefaultGLSPServer] process [action=computedBounds, clientId=tasklist-diagram_0] 
15:25:29 info -  [DefaultGLSPServer] process [action=requestContextActions, clientId=tasklist-diagram_0] 
15:25:32 info -  [DefaultGLSPServer] process [action=createNode, clientId=tasklist-diagram_0] 
15:25:32 info -  [DefaultGLSPServer] process [action=computedBounds, clientId=tasklist-diagram_0] 
15:25:33 info -  [DefaultGLSPServer] process [action=createNode, clientId=tasklist-diagram_0] 
15:25:33 info -  [DefaultGLSPServer] process [action=computedBounds, clientId=tasklist-diagram_0] 
15:25:36 info -  [DefaultGLSPServer] process [action=createEdge, clientId=tasklist-diagram_0] 
15:25:36 info -  [DefaultGLSPServer] process [action=computedBounds, clientId=tasklist-diagram_0] 
15:25:42 info -  [DefaultGLSPServer] process [action=compound, clientId=tasklist-diagram_0] 
15:25:42 info -  [DefaultGLSPServer] process [action=computedBounds, clientId=tasklist-diagram_0] 
15:25:50 info -  [DefaultGLSPServer] process [action=compound, clientId=tasklist-diagram_0] 
15:25:50 info -  [DefaultGLSPServer] process [action=computedBounds, clientId=tasklist-diagram_0] 
15:25:51 info -  [DefaultGLSPServer] process [action=requestPopupModel, clientId=tasklist-diagram_0] 
15:25:51 warn -  [RequestPopupModelActionHandler] Could not process `RequestPopupModelAction`. No `PopupModelFactory` is bound 
15:25:55 info -  [DefaultGLSPServer] process [action=createNode, clientId=tasklist-diagram_0] 
15:25:55 info -  [DefaultGLSPServer] process [action=computedBounds, clientId=tasklist-diagram_0] 
15:25:57 info -  [DefaultGLSPServer] process [action=createEdge, clientId=tasklist-diagram_0] 
15:25:57 info -  [DefaultGLSPServer] process [action=computedBounds, clientId=tasklist-diagram_0] 
15:26:06 info -  [DefaultGLSPServer] process [action=createNode, clientId=tasklist-diagram_0] 
15:26:06 info -  [DefaultGLSPServer] process [action=computedBounds, clientId=tasklist-diagram_0] 
15:26:08 info -  [DefaultGLSPServer] process [action=createEdge, clientId=tasklist-diagram_0] 
15:26:08 info -  [DefaultGLSPServer] process [action=computedBounds, clientId=tasklist-diagram_0] 
15:26:10 info -  [DefaultGLSPServer] process [action=requestMarkers, clientId=tasklist-diagram_0] 
