18:00:13 info -  [SocketServerLauncher] The GLSP server is ready to accept new client requests on port: 62699 
18:00:13 info -  [SocketServerLauncher] Starting GLSP server connection 
18:00:13 info -  [DefaultGLSPServer] Initializing server with: applicationId: 5ee9589d-00a7-412a-acf0-79a63bb39d73, protocolVersion: 1.0.0 
18:00:14 info -  [DefaultGLSPServer] Initializing client session with: clientSessionId: 'tasklist-diagram_0', diagramType: 'tasklist-diagram' 
18:00:15 info -  [DefaultGLSPServer] process [action=requestModel, clientId=tasklist-diagram_0] 
18:00:15 info -  [DefaultGLSPServer] process [action=requestTypeHints, clientId=tasklist-diagram_0] 
18:00:15 info -  [DefaultGLSPServer] process [action=computedBounds, clientId=tasklist-diagram_0] 
18:00:15 info -  [DefaultGLSPServer] process [action=requestContextActions, clientId=tasklist-diagram_0] 
18:00:20 info -  [DefaultGLSPServer] process [action=createNode, clientId=tasklist-diagram_0] 
18:00:20 info -  [DefaultGLSPServer] process [action=computedBounds, clientId=tasklist-diagram_0] 
18:00:23 info -  [DefaultGLSPServer] process [action=createNode, clientId=tasklist-diagram_0] 
18:00:23 info -  [DefaultGLSPServer] process [action=computedBounds, clientId=tasklist-diagram_0] 
18:00:25 info -  [DefaultGLSPServer] process [action=createEdge, clientId=tasklist-diagram_0] 
18:00:25 info -  [DefaultGLSPServer] process [action=computedBounds, clientId=tasklist-diagram_0] 
18:00:26 info -  [DefaultGLSPServer] process [action=requestMarkers, clientId=tasklist-diagram_0] 
18:00:32 info -  [DefaultGLSPServer] process [action=deleteElement, clientId=tasklist-diagram_0] 
18:00:32 info -  [DefaultGLSPServer] process [action=computedBounds, clientId=tasklist-diagram_0] 
18:00:35 info -  [DefaultGLSPServer] process [action=requestMarkers, clientId=tasklist-diagram_0] 
18:00:46 info -  [DefaultGLSPServer] process [action=createNode, clientId=tasklist-diagram_0] 
18:00:46 info -  [DefaultGLSPServer] process [action=computedBounds, clientId=tasklist-diagram_0] 
18:00:50 info -  [DefaultGLSPServer] process [action=createEdge, clientId=tasklist-diagram_0] 
18:00:50 info -  [DefaultGLSPServer] process [action=computedBounds, clientId=tasklist-diagram_0] 
18:00:52 info -  [DefaultGLSPServer] process [action=createNode, clientId=tasklist-diagram_0] 
18:00:52 info -  [DefaultGLSPServer] process [action=computedBounds, clientId=tasklist-diagram_0] 
18:00:54 info -  [DefaultGLSPServer] process [action=createEdge, clientId=tasklist-diagram_0] 
18:00:54 info -  [DefaultGLSPServer] process [action=computedBounds, clientId=tasklist-diagram_0] 
18:00:55 info -  [DefaultGLSPServer] process [action=requestMarkers, clientId=tasklist-diagram_0] 
18:00:59 info -  [DefaultGLSPServer] process [action=createNode, clientId=tasklist-diagram_0] 
18:00:59 info -  [DefaultGLSPServer] process [action=computedBounds, clientId=tasklist-diagram_0] 
18:01:01 info -  [DefaultGLSPServer] process [action=createEdge, clientId=tasklist-diagram_0] 
18:01:01 info -  [DefaultGLSPServer] process [action=computedBounds, clientId=tasklist-diagram_0] 
18:01:03 info -  [DefaultGLSPServer] process [action=requestMarkers, clientId=tasklist-diagram_0] 
18:01:53 info -  [DefaultGLSPServer] process [action=createNode, clientId=tasklist-diagram_0] 
18:01:53 info -  [DefaultGLSPServer] process [action=computedBounds, clientId=tasklist-diagram_0] 
18:01:55 info -  [DefaultGLSPServer] process [action=createEdge, clientId=tasklist-diagram_0] 
18:01:55 info -  [DefaultGLSPServer] process [action=computedBounds, clientId=tasklist-diagram_0] 
18:01:56 info -  [DefaultGLSPServer] process [action=requestMarkers, clientId=tasklist-diagram_0] 
18:02:02 info -  [DefaultGLSPServer] process [action=deleteElement, clientId=tasklist-diagram_0] 
18:02:02 info -  [DefaultGLSPServer] process [action=computedBounds, clientId=tasklist-diagram_0] 
