22:12:46 info -  [SocketServerLauncher] The GLSP server is ready to accept new client requests on port: 62740 
22:12:46 info -  [SocketServerLauncher] Starting GLSP server connection 
22:12:46 info -  [DefaultGLSPServer] Initializing server with: applicationId: ff3304ae-0fe6-422c-9da1-c898a15b47a4, protocolVersion: 1.0.0 
22:12:46 info -  [DefaultGLSPServer] Initializing client session with: clientSessionId: 'tasklist-diagram_0', diagramType: 'tasklist-diagram' 
22:12:46 info -  [DefaultGLSPServer] process [action=requestModel, clientId=tasklist-diagram_0] 
22:12:46 info -  [DefaultGLSPServer] process [action=requestTypeHints, clientId=tasklist-diagram_0] 
22:12:47 info -  [DefaultGLSPServer] process [action=computedBounds, clientId=tasklist-diagram_0] 
22:12:47 info -  [DefaultGLSPServer] process [action=requestContextActions, clientId=tasklist-diagram_0] 
22:12:56 info -  [DefaultGLSPServer] process [action=createNode, clientId=tasklist-diagram_0] 
22:12:56 info -  [DefaultGLSPServer] process [action=computedBounds, clientId=tasklist-diagram_0] 
22:12:57 info -  [DefaultGLSPServer] process [action=createNode, clientId=tasklist-diagram_0] 
22:12:57 info -  [DefaultGLSPServer] process [action=computedBounds, clientId=tasklist-diagram_0] 
22:13:01 info -  [DefaultGLSPServer] process [action=createEdge, clientId=tasklist-diagram_0] 
22:13:01 info -  [DefaultGLSPServer] process [action=computedBounds, clientId=tasklist-diagram_0] 
22:13:05 info -  [DefaultGLSPServer] process [action=createEdge, clientId=tasklist-diagram_0] 
22:13:05 info -  [DefaultGLSPServer] process [action=computedBounds, clientId=tasklist-diagram_0] 
22:13:08 info -  [DefaultGLSPServer] process [action=compound, clientId=tasklist-diagram_0] 
22:13:08 info -  [DefaultGLSPServer] process [action=computedBounds, clientId=tasklist-diagram_0] 
22:13:11 info -  [DefaultGLSPServer] process [action=createEdge, clientId=tasklist-diagram_0] 
22:13:11 info -  [DefaultGLSPServer] process [action=computedBounds, clientId=tasklist-diagram_0] 
22:13:17 info -  [DefaultGLSPServer] process [action=createEdge, clientId=tasklist-diagram_0] 
22:13:17 info -  [DefaultGLSPServer] process [action=computedBounds, clientId=tasklist-diagram_0] 
22:13:17 info -  [DefaultGLSPServer] process [action=requestPopupModel, clientId=tasklist-diagram_0] 
22:13:17 warn -  [RequestPopupModelActionHandler] Could not process `RequestPopupModelAction`. No `PopupModelFactory` is bound 
22:13:26 info -  [DefaultGLSPServer] process [action=deleteElement, clientId=tasklist-diagram_0] 
22:13:26 info -  [DefaultGLSPServer] process [action=computedBounds, clientId=tasklist-diagram_0] 
22:13:31 info -  [DefaultGLSPServer] process [action=createEdge, clientId=tasklist-diagram_0] 
22:13:31 info -  [DefaultGLSPServer] process [action=computedBounds, clientId=tasklist-diagram_0] 
22:13:40 info -  [DefaultGLSPServer] process [action=compound, clientId=tasklist-diagram_0] 
22:13:40 info -  [DefaultGLSPServer] process [action=computedBounds, clientId=tasklist-diagram_0] 
22:13:42 info -  [DefaultGLSPServer] process [action=requestPopupModel, clientId=tasklist-diagram_0] 
22:13:42 warn -  [RequestPopupModelActionHandler] Could not process `RequestPopupModelAction`. No `PopupModelFactory` is bound 
22:13:42 info -  [DefaultGLSPServer] process [action=compound, clientId=tasklist-diagram_0] 
22:13:42 info -  [DefaultGLSPServer] process [action=computedBounds, clientId=tasklist-diagram_0] 
22:13:43 info -  [DefaultGLSPServer] process [action=compound, clientId=tasklist-diagram_0] 
22:13:43 info -  [DefaultGLSPServer] process [action=computedBounds, clientId=tasklist-diagram_0] 
22:13:44 info -  [DefaultGLSPServer] process [action=compound, clientId=tasklist-diagram_0] 
22:13:44 info -  [DefaultGLSPServer] process [action=computedBounds, clientId=tasklist-diagram_0] 
22:13:50 info -  [DefaultGLSPServer] process [action=createEdge, clientId=tasklist-diagram_0] 
22:13:50 info -  [DefaultGLSPServer] process [action=computedBounds, clientId=tasklist-diagram_0] 
22:14:45 info -  [DefaultGLSPServer] process [action=createEdge, clientId=tasklist-diagram_0] 
22:14:45 info -  [DefaultGLSPServer] process [action=computedBounds, clientId=tasklist-diagram_0] 
22:14:50 info -  [DefaultGLSPServer] process [action=createEdge, clientId=tasklist-diagram_0] 
22:14:50 info -  [DefaultGLSPServer] process [action=computedBounds, clientId=tasklist-diagram_0] 
22:14:52 info -  [DefaultGLSPServer] process [action=compound, clientId=tasklist-diagram_0] 
22:14:52 info -  [DefaultGLSPServer] process [action=computedBounds, clientId=tasklist-diagram_0] 
22:14:53 info -  [DefaultGLSPServer] process [action=compound, clientId=tasklist-diagram_0] 
22:14:53 info -  [DefaultGLSPServer] process [action=computedBounds, clientId=tasklist-diagram_0] 
22:14:56 info -  [DefaultGLSPServer] process [action=requestPopupModel, clientId=tasklist-diagram_0] 
22:14:56 warn -  [RequestPopupModelActionHandler] Could not process `RequestPopupModelAction`. No `PopupModelFactory` is bound 
22:14:57 info -  [DefaultGLSPServer] process [action=compound, clientId=tasklist-diagram_0] 
22:14:57 info -  [DefaultGLSPServer] process [action=computedBounds, clientId=tasklist-diagram_0] 
22:14:59 info -  [DefaultGLSPServer] process [action=compound, clientId=tasklist-diagram_0] 
22:14:59 info -  [DefaultGLSPServer] process [action=computedBounds, clientId=tasklist-diagram_0] 
22:14:59 info -  [DefaultGLSPServer] process [action=compound, clientId=tasklist-diagram_0] 
22:14:59 info -  [DefaultGLSPServer] process [action=computedBounds, clientId=tasklist-diagram_0] 
22:15:07 info -  [DefaultGLSPServer] process [action=createEdge, clientId=tasklist-diagram_0] 
22:15:07 info -  [DefaultGLSPServer] process [action=computedBounds, clientId=tasklist-diagram_0] 
22:15:12 info -  [DefaultGLSPServer] process [action=deleteElement, clientId=tasklist-diagram_0] 
22:15:13 info -  [DefaultGLSPServer] process [action=computedBounds, clientId=tasklist-diagram_0] 
22:15:25 info -  [DefaultGLSPServer] process [action=deleteElement, clientId=tasklist-diagram_0] 
22:15:25 info -  [DefaultGLSPServer] process [action=computedBounds, clientId=tasklist-diagram_0] 
22:16:32 info -  [DefaultGLSPServer] process [action=compound, clientId=tasklist-diagram_0] 
22:16:32 info -  [DefaultGLSPServer] process [action=computedBounds, clientId=tasklist-diagram_0] 
22:16:37 info -  [DefaultGLSPServer] process [action=createEdge, clientId=tasklist-diagram_0] 
22:16:37 info -  [DefaultGLSPServer] process [action=computedBounds, clientId=tasklist-diagram_0] 
