22:33:21 info -  [SocketServerLauncher] The GLSP server is ready to accept new client requests on port: 54852 
22:33:21 info -  [SocketServerLauncher] Starting GLSP server connection 
22:33:21 info -  [DefaultGLSPServer] Initializing server with: applicationId: 32509bf5-aa4b-4e39-bbb3-ca07d6842ec8, protocolVersion: 1.0.0 
22:33:23 info -  [DefaultGLSPServer] Initializing client session with: clientSessionId: 'tasklist-diagram_0', diagramType: 'tasklist-diagram' 
22:33:23 info -  [DefaultGLSPServer] process [action=requestModel, clientId=tasklist-diagram_0] 
22:33:23 info -  [DefaultGLSPServer] process [action=requestTypeHints, clientId=tasklist-diagram_0] 
22:33:23 info -  [DefaultGLSPServer] process [action=computedBounds, clientId=tasklist-diagram_0] 
22:33:23 info -  [DefaultGLSPServer] process [action=requestContextActions, clientId=tasklist-diagram_0] 
22:33:26 info -  [DefaultGLSPServer] process [action=createNode, clientId=tasklist-diagram_0] 
22:33:26 info -  [DefaultGLSPServer] process [action=computedBounds, clientId=tasklist-diagram_0] 
22:33:28 info -  [DefaultGLSPServer] process [action=createNode, clientId=tasklist-diagram_0] 
22:33:28 info -  [DefaultGLSPServer] process [action=computedBounds, clientId=tasklist-diagram_0] 
22:33:31 info -  [DefaultGLSPServer] process [action=createNode, clientId=tasklist-diagram_0] 
22:33:31 info -  [DefaultGLSPServer] process [action=computedBounds, clientId=tasklist-diagram_0] 
22:33:34 info -  [DefaultGLSPServer] process [action=createEdge, clientId=tasklist-diagram_0] 
22:33:34 info -  [DefaultGLSPServer] process [action=computedBounds, clientId=tasklist-diagram_0] 
22:33:36 info -  [DefaultGLSPServer] process [action=createEdge, clientId=tasklist-diagram_0] 
22:33:36 info -  [DefaultGLSPServer] process [action=computedBounds, clientId=tasklist-diagram_0] 
22:33:38 info -  [DefaultGLSPServer] process [action=requestMarkers, clientId=tasklist-diagram_0] 
22:33:53 info -  [DefaultGLSPServer] process [action=deleteElement, clientId=tasklist-diagram_0] 
22:33:53 info -  [DefaultGLSPServer] process [action=computedBounds, clientId=tasklist-diagram_0] 
22:33:55 info -  [DefaultGLSPServer] process [action=createEdge, clientId=tasklist-diagram_0] 
22:33:55 info -  [DefaultGLSPServer] process [action=computedBounds, clientId=tasklist-diagram_0] 
22:33:56 info -  [DefaultGLSPServer] process [action=requestMarkers, clientId=tasklist-diagram_0] 
22:35:06 info -  [DefaultGLSPServer] process [action=requestPopupModel, clientId=tasklist-diagram_0] 
22:35:06 warn -  [RequestPopupModelActionHandler] Could not process `RequestPopupModelAction`. No `PopupModelFactory` is bound 
22:35:14 info -  [DefaultGLSPServer] process [action=createNode, clientId=tasklist-diagram_0] 
22:35:14 info -  [DefaultGLSPServer] process [action=computedBounds, clientId=tasklist-diagram_0] 
22:35:17 info -  [DefaultGLSPServer] process [action=createEdge, clientId=tasklist-diagram_0] 
22:35:17 info -  [DefaultGLSPServer] process [action=computedBounds, clientId=tasklist-diagram_0] 
22:35:18 info -  [DefaultGLSPServer] process [action=requestMarkers, clientId=tasklist-diagram_0] 
22:35:37 info -  [DefaultGLSPServer] process [action=deleteElement, clientId=tasklist-diagram_0] 
22:35:37 info -  [DefaultGLSPServer] process [action=computedBounds, clientId=tasklist-diagram_0] 
22:35:48 info -  [DefaultGLSPServer] process [action=createNode, clientId=tasklist-diagram_0] 
22:35:49 info -  [DefaultGLSPServer] process [action=computedBounds, clientId=tasklist-diagram_0] 
22:35:51 info -  [DefaultGLSPServer] process [action=createEdge, clientId=tasklist-diagram_0] 
22:35:51 info -  [DefaultGLSPServer] process [action=computedBounds, clientId=tasklist-diagram_0] 
22:35:52 info -  [DefaultGLSPServer] process [action=requestMarkers, clientId=tasklist-diagram_0] 
22:36:09 info -  [DefaultGLSPServer] process [action=deleteElement, clientId=tasklist-diagram_0] 
22:36:10 info -  [DefaultGLSPServer] process [action=computedBounds, clientId=tasklist-diagram_0] 
22:36:14 info -  [DefaultGLSPServer] process [action=createNode, clientId=tasklist-diagram_0] 
22:36:14 info -  [DefaultGLSPServer] process [action=computedBounds, clientId=tasklist-diagram_0] 
22:36:18 info -  [DefaultGLSPServer] process [action=createNode, clientId=tasklist-diagram_0] 
22:36:18 info -  [DefaultGLSPServer] process [action=computedBounds, clientId=tasklist-diagram_0] 
22:36:21 info -  [DefaultGLSPServer] process [action=createEdge, clientId=tasklist-diagram_0] 
22:36:21 info -  [DefaultGLSPServer] process [action=computedBounds, clientId=tasklist-diagram_0] 
22:36:22 info -  [DefaultGLSPServer] process [action=requestMarkers, clientId=tasklist-diagram_0] 
22:36:28 info -  [DefaultGLSPServer] process [action=compound, clientId=tasklist-diagram_0] 
22:36:28 info -  [DefaultGLSPServer] process [action=computedBounds, clientId=tasklist-diagram_0] 
22:36:33 info -  [DefaultGLSPServer] process [action=createEdge, clientId=tasklist-diagram_0] 
22:36:33 info -  [DefaultGLSPServer] process [action=computedBounds, clientId=tasklist-diagram_0] 
22:36:34 info -  [DefaultGLSPServer] process [action=requestMarkers, clientId=tasklist-diagram_0] 
22:38:03 info -  [DefaultGLSPServer] process [action=deleteElement, clientId=tasklist-diagram_0] 
22:38:03 info -  [DefaultGLSPServer] process [action=computedBounds, clientId=tasklist-diagram_0] 
22:38:04 info -  [DefaultGLSPServer] process [action=createNode, clientId=tasklist-diagram_0] 
22:38:04 info -  [DefaultGLSPServer] process [action=computedBounds, clientId=tasklist-diagram_0] 
22:38:07 info -  [DefaultGLSPServer] process [action=createEdge, clientId=tasklist-diagram_0] 
22:38:08 info -  [DefaultGLSPServer] process [action=computedBounds, clientId=tasklist-diagram_0] 
22:38:10 info -  [DefaultGLSPServer] process [action=requestMarkers, clientId=tasklist-diagram_0] 
22:38:35 info -  [DefaultGLSPServer] process [action=deleteElement, clientId=tasklist-diagram_0] 
22:38:35 info -  [DefaultGLSPServer] process [action=computedBounds, clientId=tasklist-diagram_0] 
22:38:38 info -  [DefaultGLSPServer] process [action=createEdge, clientId=tasklist-diagram_0] 
22:38:38 info -  [DefaultGLSPServer] process [action=computedBounds, clientId=tasklist-diagram_0] 
22:38:39 info -  [DefaultGLSPServer] process [action=requestMarkers, clientId=tasklist-diagram_0] 
