18:20:51 info -  [SocketServerLauncher] The GLSP server is ready to accept new client requests on port: 52243 
18:20:51 info -  [SocketServerLauncher] Starting GLSP server connection 
18:20:51 info -  [DefaultGLSPServer] Initializing server with: applicationId: e571366b-4736-48dc-8d44-9ce345c3f7c1, protocolVersion: 1.0.0 
18:20:53 info -  [DefaultGLSPServer] Initializing client session with: clientSessionId: 'tasklist-diagram_0', diagramType: 'tasklist-diagram' 
18:20:53 info -  [DefaultGLSPServer] process [action=requestModel, clientId=tasklist-diagram_0] 
18:20:53 info -  [DefaultGLSPServer] process [action=requestTypeHints, clientId=tasklist-diagram_0] 
18:20:53 info -  [DefaultGLSPServer] process [action=computedBounds, clientId=tasklist-diagram_0] 
18:20:53 info -  [DefaultGLSPServer] process [action=requestContextActions, clientId=tasklist-diagram_0] 
18:20:56 info -  [DefaultGLSPServer] process [action=createNode, clientId=tasklist-diagram_0] 
18:20:56 info -  [DefaultGLSPServer] process [action=computedBounds, clientId=tasklist-diagram_0] 
18:21:16 info -  [DefaultGLSPServer] process [action=createNode, clientId=tasklist-diagram_0] 
18:21:16 info -  [DefaultGLSPServer] process [action=computedBounds, clientId=tasklist-diagram_0] 
18:21:20 info -  [DefaultGLSPServer] process [action=createEdge, clientId=tasklist-diagram_0] 
18:21:20 info -  [DefaultGLSPServer] process [action=computedBounds, clientId=tasklist-diagram_0] 
18:21:21 info -  [DefaultGLSPServer] process [action=requestMarkers, clientId=tasklist-diagram_0] 
18:21:30 info -  [DefaultGLSPServer] process [action=createNode, clientId=tasklist-diagram_0] 
18:21:30 info -  [DefaultGLSPServer] process [action=computedBounds, clientId=tasklist-diagram_0] 
18:21:32 info -  [DefaultGLSPServer] process [action=createEdge, clientId=tasklist-diagram_0] 
18:21:32 info -  [DefaultGLSPServer] process [action=computedBounds, clientId=tasklist-diagram_0] 
18:21:33 info -  [DefaultGLSPServer] process [action=requestMarkers, clientId=tasklist-diagram_0] 
18:23:09 info -  [DefaultGLSPServer] process [action=requestPopupModel, clientId=tasklist-diagram_0] 
18:23:09 warn -  [RequestPopupModelActionHandler] Could not process `RequestPopupModelAction`. No `PopupModelFactory` is bound 
18:23:09 info -  [DefaultGLSPServer] process [action=compound, clientId=tasklist-diagram_0] 
18:23:09 info -  [DefaultGLSPServer] process [action=computedBounds, clientId=tasklist-diagram_0] 
18:23:10 info -  [DefaultGLSPServer] process [action=compound, clientId=tasklist-diagram_0] 
18:23:10 info -  [DefaultGLSPServer] process [action=computedBounds, clientId=tasklist-diagram_0] 
