16:24:28 info -  [SocketServerLauncher] The GLSP server is ready to accept new client requests on port: 54000 
16:24:29 info -  [SocketServerLauncher] Starting GLSP server connection 
16:24:29 info -  [DefaultGLSPServer] Initializing server with: applicationId: d9045ba3-bddf-4b10-9f47-0827f3d4b0e3, protocolVersion: 1.0.0 
16:24:32 info -  [DefaultGLSPServer] Initializing client session with: clientSessionId: 'tasklist-diagram_0', diagramType: 'tasklist-diagram' 
16:24:32 info -  [DefaultGLSPServer] process [action=requestModel, clientId=tasklist-diagram_0] 
16:24:32 info -  [DefaultGLSPServer] process [action=requestTypeHints, clientId=tasklist-diagram_0] 
16:24:33 info -  [DefaultGLSPServer] process [action=computedBounds, clientId=tasklist-diagram_0] 
16:24:33 info -  [DefaultGLSPServer] process [action=requestContextActions, clientId=tasklist-diagram_0] 
16:24:48 info -  [DefaultGLSPServer] process [action=compound, clientId=tasklist-diagram_0] 
16:24:48 info -  [DefaultGLSPServer] process [action=computedBounds, clientId=tasklist-diagram_0] 
16:24:50 info -  [DefaultGLSPServer] process [action=createNode, clientId=tasklist-diagram_0] 
16:24:50 info -  [DefaultGLSPServer] process [action=computedBounds, clientId=tasklist-diagram_0] 
16:24:53 info -  [DefaultGLSPServer] process [action=requestPopupModel, clientId=tasklist-diagram_0] 
16:24:53 warn -  [RequestPopupModelActionHandler] Could not process `RequestPopupModelAction`. No `PopupModelFactory` is bound 
16:25:16 info -  [DefaultGLSPServer] process [action=changeBounds, clientId=tasklist-diagram_0] 
16:25:16 info -  [DefaultGLSPServer] process [action=computedBounds, clientId=tasklist-diagram_0] 
16:25:20 info -  [DefaultGLSPServer] process [action=requestPopupModel, clientId=tasklist-diagram_0] 
16:25:20 warn -  [RequestPopupModelActionHandler] Could not process `RequestPopupModelAction`. No `PopupModelFactory` is bound 
16:25:20 info -  [DefaultGLSPServer] process [action=changeBounds, clientId=tasklist-diagram_0] 
16:25:20 info -  [DefaultGLSPServer] process [action=computedBounds, clientId=tasklist-diagram_0] 
