17:58:21 info -  [SocketServerLauncher] The GLSP server is ready to accept new client requests on port: 64844 
17:58:21 info -  [SocketServerLauncher] Starting GLSP server connection 
17:58:21 info -  [DefaultGLSPServer] Initializing server with: applicationId: 11c869fc-67df-41c5-bb0e-20987d362246, protocolVersion: 1.0.0 
17:58:22 info -  [DefaultGLSPServer] Initializing client session with: clientSessionId: 'tasklist-diagram_0', diagramType: 'tasklist-diagram' 
17:58:22 info -  [DefaultGLSPServer] process [action=requestModel, clientId=tasklist-diagram_0] 
17:58:22 info -  [DefaultGLSPServer] process [action=requestTypeHints, clientId=tasklist-diagram_0] 
17:58:22 info -  [DefaultGLSPServer] process [action=computedBounds, clientId=tasklist-diagram_0] 
17:58:22 info -  [DefaultGLSPServer] process [action=requestContextActions, clientId=tasklist-diagram_0] 
17:58:25 info -  [DefaultGLSPServer] process [action=createNode, clientId=tasklist-diagram_0] 
17:58:25 info -  [DefaultGLSPServer] process [action=computedBounds, clientId=tasklist-diagram_0] 
17:58:26 info -  [DefaultGLSPServer] process [action=createNode, clientId=tasklist-diagram_0] 
17:58:26 info -  [DefaultGLSPServer] process [action=computedBounds, clientId=tasklist-diagram_0] 
17:58:28 info -  [DefaultGLSPServer] process [action=requestPopupModel, clientId=tasklist-diagram_0] 
17:58:28 warn -  [RequestPopupModelActionHandler] Could not process `RequestPopupModelAction`. No `PopupModelFactory` is bound 
17:58:29 info -  [DefaultGLSPServer] process [action=compound, clientId=tasklist-diagram_0] 
17:58:29 info -  [DefaultGLSPServer] process [action=computedBounds, clientId=tasklist-diagram_0] 
17:58:33 info -  [DefaultGLSPServer] process [action=createNode, clientId=tasklist-diagram_0] 
17:58:33 info -  [DefaultGLSPServer] process [action=computedBounds, clientId=tasklist-diagram_0] 
17:58:34 info -  [DefaultGLSPServer] process [action=createNode, clientId=tasklist-diagram_0] 
17:58:35 info -  [DefaultGLSPServer] process [action=computedBounds, clientId=tasklist-diagram_0] 
17:58:37 info -  [DefaultGLSPServer] process [action=createNode, clientId=tasklist-diagram_0] 
17:58:37 info -  [DefaultGLSPServer] process [action=computedBounds, clientId=tasklist-diagram_0] 
17:58:39 info -  [DefaultGLSPServer] process [action=createNode, clientId=tasklist-diagram_0] 
17:58:39 info -  [DefaultGLSPServer] process [action=computedBounds, clientId=tasklist-diagram_0] 
17:58:40 info -  [DefaultGLSPServer] process [action=createEdge, clientId=tasklist-diagram_0] 
17:58:40 info -  [DefaultGLSPServer] process [action=computedBounds, clientId=tasklist-diagram_0] 
17:58:43 info -  [DefaultGLSPServer] process [action=createEdge, clientId=tasklist-diagram_0] 
17:58:43 info -  [DefaultGLSPServer] process [action=computedBounds, clientId=tasklist-diagram_0] 
17:58:45 info -  [DefaultGLSPServer] process [action=createEdge, clientId=tasklist-diagram_0] 
17:58:45 info -  [DefaultGLSPServer] process [action=computedBounds, clientId=tasklist-diagram_0] 
17:58:48 info -  [DefaultGLSPServer] process [action=createEdge, clientId=tasklist-diagram_0] 
17:58:48 info -  [DefaultGLSPServer] process [action=computedBounds, clientId=tasklist-diagram_0] 
17:58:50 info -  [DefaultGLSPServer] process [action=createEdge, clientId=tasklist-diagram_0] 
17:58:50 info -  [DefaultGLSPServer] process [action=computedBounds, clientId=tasklist-diagram_0] 
17:58:51 info -  [DefaultGLSPServer] process [action=requestMarkers, clientId=tasklist-diagram_0] 
17:58:53 info -  [DefaultGLSPServer] process [action=requestMarkers, clientId=tasklist-diagram_0] 
