18:51:23 info -  [SocketServerLauncher] The GLSP server is ready to accept new client requests on port: 61562 
18:51:24 info -  [SocketServerLauncher] Starting GLSP server connection 
18:51:24 info -  [DefaultGLSPServer] Initializing server with: applicationId: ad10ae6f-8311-43e2-9844-d73625651b82, protocolVersion: 1.0.0 
18:51:25 info -  [DefaultGLSPServer] Initializing client session with: clientSessionId: 'tasklist-diagram_0', diagramType: 'tasklist-diagram' 
18:51:25 info -  [DefaultGLSPServer] process [action=requestModel, clientId=tasklist-diagram_0] 
18:51:25 info -  [DefaultGLSPServer] process [action=requestTypeHints, clientId=tasklist-diagram_0] 
18:51:26 info -  [DefaultGLSPServer] process [action=computedBounds, clientId=tasklist-diagram_0] 
18:51:26 info -  [DefaultGLSPServer] process [action=requestContextActions, clientId=tasklist-diagram_0] 
18:51:29 info -  [DefaultGLSPServer] process [action=createNode, clientId=tasklist-diagram_0] 
18:51:29 info -  [DefaultGLSPServer] process [action=computedBounds, clientId=tasklist-diagram_0] 
18:51:30 info -  [DefaultGLSPServer] process [action=createNode, clientId=tasklist-diagram_0] 
18:51:30 info -  [DefaultGLSPServer] process [action=computedBounds, clientId=tasklist-diagram_0] 
18:51:32 info -  [DefaultGLSPServer] process [action=createEdge, clientId=tasklist-diagram_0] 
18:51:32 info -  [DefaultGLSPServer] process [action=computedBounds, clientId=tasklist-diagram_0] 
18:51:36 info -  [DefaultGLSPServer] process [action=requestPopupModel, clientId=tasklist-diagram_0] 
18:51:36 warn -  [RequestPopupModelActionHandler] Could not process `RequestPopupModelAction`. No `PopupModelFactory` is bound 
18:51:41 info -  [DefaultGLSPServer] process [action=compound, clientId=tasklist-diagram_0] 
18:51:41 info -  [DefaultGLSPServer] process [action=computedBounds, clientId=tasklist-diagram_0] 
18:51:43 info -  [DefaultGLSPServer] process [action=requestEditValidation, clientId=tasklist-diagram_0] 
18:51:43 info -  [DefaultGLSPServer] process [action=requestEditValidation, clientId=tasklist-diagram_0] 
18:51:45 info -  [DefaultGLSPServer] process [action=requestEditValidation, clientId=tasklist-diagram_0] 
18:51:46 info -  [DefaultGLSPServer] process [action=requestEditValidation, clientId=tasklist-diagram_0] 
