19:25:10 info -  [SocketServerLauncher] The GLSP server is ready to accept new client requests on port: 57529 
19:25:10 info -  [SocketServerLauncher] Starting GLSP server connection 
19:25:10 info -  [DefaultGLSPServer] Initializing server with: applicationId: 4b0e80b0-bb6e-43d3-84ad-4d6c0ce64b88, protocolVersion: 1.0.0 
19:25:12 info -  [DefaultGLSPServer] Initializing client session with: clientSessionId: 'tasklist-diagram_0', diagramType: 'tasklist-diagram' 
19:25:12 info -  [DefaultGLSPServer] process [action=requestModel, clientId=tasklist-diagram_0] 
19:25:12 info -  [DefaultGLSPServer] process [action=requestTypeHints, clientId=tasklist-diagram_0] 
19:25:13 info -  [DefaultGLSPServer] process [action=computedBounds, clientId=tasklist-diagram_0] 
19:25:13 info -  [DefaultGLSPServer] process [action=requestContextActions, clientId=tasklist-diagram_0] 
19:25:17 info -  [DefaultGLSPServer] process [action=createNode, clientId=tasklist-diagram_0] 
19:25:17 info -  [DefaultGLSPServer] process [action=computedBounds, clientId=tasklist-diagram_0] 
19:25:18 info -  [DefaultGLSPServer] process [action=requestMarkers, clientId=tasklist-diagram_0] 
19:25:23 info -  [DefaultGLSPServer] process [action=compound, clientId=tasklist-diagram_0] 
19:25:23 info -  [DefaultGLSPServer] process [action=computedBounds, clientId=tasklist-diagram_0] 
19:25:31 info -  [DefaultGLSPServer] process [action=requestPopupModel, clientId=tasklist-diagram_0] 
19:25:31 warn -  [RequestPopupModelActionHandler] Could not process `RequestPopupModelAction`. No `PopupModelFactory` is bound 
19:25:31 info -  [DefaultGLSPServer] process [action=compound, clientId=tasklist-diagram_0] 
19:25:31 info -  [DefaultGLSPServer] process [action=computedBounds, clientId=tasklist-diagram_0] 
19:25:34 info -  [DefaultGLSPServer] process [action=createNode, clientId=tasklist-diagram_0] 
19:25:34 info -  [DefaultGLSPServer] process [action=computedBounds, clientId=tasklist-diagram_0] 
19:25:36 info -  [DefaultGLSPServer] process [action=createNode, clientId=tasklist-diagram_0] 
19:25:36 info -  [DefaultGLSPServer] process [action=computedBounds, clientId=tasklist-diagram_0] 
19:25:39 info -  [DefaultGLSPServer] process [action=createEdge, clientId=tasklist-diagram_0] 
19:25:39 info -  [DefaultGLSPServer] process [action=computedBounds, clientId=tasklist-diagram_0] 
19:25:43 info -  [DefaultGLSPServer] process [action=createEdge, clientId=tasklist-diagram_0] 
19:25:43 info -  [DefaultGLSPServer] process [action=computedBounds, clientId=tasklist-diagram_0] 
19:25:45 info -  [DefaultGLSPServer] process [action=requestMarkers, clientId=tasklist-diagram_0] 
19:25:55 info -  [DefaultGLSPServer] process [action=deleteElement, clientId=tasklist-diagram_0] 
19:25:55 info -  [DefaultGLSPServer] process [action=computedBounds, clientId=tasklist-diagram_0] 
19:26:00 info -  [DefaultGLSPServer] process [action=deleteElement, clientId=tasklist-diagram_0] 
19:26:00 info -  [DefaultGLSPServer] process [action=computedBounds, clientId=tasklist-diagram_0] 
19:26:03 info -  [DefaultGLSPServer] process [action=createNode, clientId=tasklist-diagram_0] 
19:26:03 info -  [DefaultGLSPServer] process [action=computedBounds, clientId=tasklist-diagram_0] 
19:26:07 info -  [DefaultGLSPServer] process [action=createEdge, clientId=tasklist-diagram_0] 
19:26:07 info -  [DefaultGLSPServer] process [action=computedBounds, clientId=tasklist-diagram_0] 
19:26:10 info -  [DefaultGLSPServer] process [action=requestEditValidation, clientId=tasklist-diagram_0] 
19:26:10 info -  [DefaultGLSPServer] process [action=requestEditValidation, clientId=tasklist-diagram_0] 
19:26:11 info -  [DefaultGLSPServer] process [action=requestEditValidation, clientId=tasklist-diagram_0] 
19:26:11 info -  [DefaultGLSPServer] process [action=requestEditValidation, clientId=tasklist-diagram_0] 
19:26:12 info -  [DefaultGLSPServer] process [action=requestEditValidation, clientId=tasklist-diagram_0] 
19:26:12 info -  [DefaultGLSPServer] process [action=requestEditValidation, clientId=tasklist-diagram_0] 
19:26:13 info -  [DefaultGLSPServer] process [action=requestEditValidation, clientId=tasklist-diagram_0] 
19:26:13 info -  [DefaultGLSPServer] process [action=requestEditValidation, clientId=tasklist-diagram_0] 
19:26:13 info -  [DefaultGLSPServer] process [action=applyLabelEdit, clientId=tasklist-diagram_0] 
19:26:13 info -  [DefaultGLSPServer] process [action=computedBounds, clientId=tasklist-diagram_0] 
19:26:17 info -  [DefaultGLSPServer] process [action=createEdge, clientId=tasklist-diagram_0] 
19:26:17 info -  [DefaultGLSPServer] process [action=computedBounds, clientId=tasklist-diagram_0] 
19:26:20 info -  [DefaultGLSPServer] process [action=requestEditValidation, clientId=tasklist-diagram_0] 
19:26:20 info -  [DefaultGLSPServer] process [action=requestEditValidation, clientId=tasklist-diagram_0] 
19:26:21 info -  [DefaultGLSPServer] process [action=requestEditValidation, clientId=tasklist-diagram_0] 
19:26:21 info -  [DefaultGLSPServer] process [action=requestEditValidation, clientId=tasklist-diagram_0] 
19:26:22 info -  [DefaultGLSPServer] process [action=requestEditValidation, clientId=tasklist-diagram_0] 
19:26:22 info -  [DefaultGLSPServer] process [action=requestEditValidation, clientId=tasklist-diagram_0] 
19:26:22 info -  [DefaultGLSPServer] process [action=applyLabelEdit, clientId=tasklist-diagram_0] 
19:26:22 info -  [DefaultGLSPServer] process [action=computedBounds, clientId=tasklist-diagram_0] 
19:26:25 info -  [DefaultGLSPServer] process [action=requestMarkers, clientId=tasklist-diagram_0] 
19:26:33 info -  [DefaultGLSPServer] process [action=createNode, clientId=tasklist-diagram_0] 
19:26:33 info -  [DefaultGLSPServer] process [action=computedBounds, clientId=tasklist-diagram_0] 
19:26:35 info -  [DefaultGLSPServer] process [action=createEdge, clientId=tasklist-diagram_0] 
19:26:35 info -  [DefaultGLSPServer] process [action=computedBounds, clientId=tasklist-diagram_0] 
19:26:36 info -  [DefaultGLSPServer] process [action=requestMarkers, clientId=tasklist-diagram_0] 
19:26:42 info -  [DefaultGLSPServer] process [action=deleteElement, clientId=tasklist-diagram_0] 
19:26:43 info -  [DefaultGLSPServer] process [action=computedBounds, clientId=tasklist-diagram_0] 
19:26:47 info -  [DefaultGLSPServer] process [action=createNode, clientId=tasklist-diagram_0] 
19:26:47 info -  [DefaultGLSPServer] process [action=computedBounds, clientId=tasklist-diagram_0] 
19:26:51 info -  [DefaultGLSPServer] process [action=createEdge, clientId=tasklist-diagram_0] 
19:26:51 info -  [DefaultGLSPServer] process [action=computedBounds, clientId=tasklist-diagram_0] 
19:26:52 info -  [DefaultGLSPServer] process [action=requestMarkers, clientId=tasklist-diagram_0] 
19:27:00 info -  [DefaultGLSPServer] process [action=deleteElement, clientId=tasklist-diagram_0] 
19:27:00 info -  [DefaultGLSPServer] process [action=computedBounds, clientId=tasklist-diagram_0] 
19:27:02 info -  [DefaultGLSPServer] process [action=createEdge, clientId=tasklist-diagram_0] 
19:27:02 info -  [DefaultGLSPServer] process [action=computedBounds, clientId=tasklist-diagram_0] 
19:27:03 info -  [DefaultGLSPServer] process [action=requestMarkers, clientId=tasklist-diagram_0] 
19:27:04 info -  [DefaultGLSPServer] process [action=compound, clientId=tasklist-diagram_0] 
19:27:04 info -  [DefaultGLSPServer] process [action=computedBounds, clientId=tasklist-diagram_0] 
