19:25:27 info -  [SocketServerLauncher] The GLSP server is ready to accept new client requests on port: 64826 
19:25:27 info -  [SocketServerLauncher] Starting GLSP server connection 
19:25:27 info -  [DefaultGLSPServer] Initializing server with: applicationId: ea496f3e-62e1-4163-8c62-aee833ea673c, protocolVersion: 1.0.0 
19:25:31 info -  [DefaultGLSPServer] Initializing client session with: clientSessionId: 'tasklist-diagram_0', diagramType: 'tasklist-diagram' 
19:25:31 info -  [DefaultGLSPServer] process [action=requestModel, clientId=tasklist-diagram_0] 
19:25:31 info -  [DefaultGLSPServer] process [action=requestTypeHints, clientId=tasklist-diagram_0] 
19:25:31 info -  [DefaultGLSPServer] process [action=computedBounds, clientId=tasklist-diagram_0] 
19:25:31 info -  [DefaultGLSPServer] process [action=requestContextActions, clientId=tasklist-diagram_0] 
19:25:59 info -  [DefaultGLSPServer] process [action=createNode, clientId=tasklist-diagram_0] 
19:25:59 info -  [DefaultGLSPServer] process [action=computedBounds, clientId=tasklist-diagram_0] 
19:26:00 info -  [DefaultGLSPServer] process [action=createNode, clientId=tasklist-diagram_0] 
19:26:00 info -  [DefaultGLSPServer] process [action=computedBounds, clientId=tasklist-diagram_0] 
19:26:03 info -  [DefaultGLSPServer] process [action=createEdge, clientId=tasklist-diagram_0] 
19:26:03 info -  [DefaultGLSPServer] process [action=computedBounds, clientId=tasklist-diagram_0] 
19:26:04 info -  [DefaultGLSPServer] process [action=requestMarkers, clientId=tasklist-diagram_0] 
19:26:09 info -  [DefaultGLSPServer] process [action=deleteElement, clientId=tasklist-diagram_0] 
19:26:09 info -  [DefaultGLSPServer] process [action=computedBounds, clientId=tasklist-diagram_0] 
19:26:12 info -  [DefaultGLSPServer] process [action=deleteElement, clientId=tasklist-diagram_0] 
19:26:12 info -  [DefaultGLSPServer] process [action=computedBounds, clientId=tasklist-diagram_0] 
19:26:18 info -  [DefaultGLSPServer] process [action=createNode, clientId=tasklist-diagram_0] 
19:26:18 info -  [DefaultGLSPServer] process [action=computedBounds, clientId=tasklist-diagram_0] 
19:26:22 info -  [DefaultGLSPServer] process [action=createNode, clientId=tasklist-diagram_0] 
19:26:22 info -  [DefaultGLSPServer] process [action=computedBounds, clientId=tasklist-diagram_0] 
19:26:24 info -  [DefaultGLSPServer] process [action=createNode, clientId=tasklist-diagram_0] 
19:26:24 info -  [DefaultGLSPServer] process [action=computedBounds, clientId=tasklist-diagram_0] 
19:26:29 info -  [DefaultGLSPServer] process [action=createEdge, clientId=tasklist-diagram_0] 
19:26:30 info -  [DefaultGLSPServer] process [action=computedBounds, clientId=tasklist-diagram_0] 
19:26:32 info -  [DefaultGLSPServer] process [action=requestMarkers, clientId=tasklist-diagram_0] 
19:26:54 info -  [DefaultGLSPServer] process [action=createNode, clientId=tasklist-diagram_0] 
19:26:54 info -  [DefaultGLSPServer] process [action=computedBounds, clientId=tasklist-diagram_0] 
19:26:55 info -  [DefaultGLSPServer] process [action=createNode, clientId=tasklist-diagram_0] 
19:26:56 info -  [DefaultGLSPServer] process [action=computedBounds, clientId=tasklist-diagram_0] 
19:26:57 info -  [DefaultGLSPServer] process [action=createNode, clientId=tasklist-diagram_0] 
19:26:57 info -  [DefaultGLSPServer] process [action=computedBounds, clientId=tasklist-diagram_0] 
19:27:02 info -  [DefaultGLSPServer] process [action=createEdge, clientId=tasklist-diagram_0] 
19:27:02 info -  [DefaultGLSPServer] process [action=computedBounds, clientId=tasklist-diagram_0] 
19:27:04 info -  [DefaultGLSPServer] process [action=createEdge, clientId=tasklist-diagram_0] 
19:27:04 info -  [DefaultGLSPServer] process [action=computedBounds, clientId=tasklist-diagram_0] 
19:27:06 info -  [DefaultGLSPServer] process [action=requestMarkers, clientId=tasklist-diagram_0] 
19:27:35 info -  [DefaultGLSPServer] process [action=createNode, clientId=tasklist-diagram_0] 
19:27:35 info -  [DefaultGLSPServer] process [action=computedBounds, clientId=tasklist-diagram_0] 
19:27:39 info -  [DefaultGLSPServer] process [action=createEdge, clientId=tasklist-diagram_0] 
19:27:39 info -  [DefaultGLSPServer] process [action=computedBounds, clientId=tasklist-diagram_0] 
19:27:42 info -  [DefaultGLSPServer] process [action=requestMarkers, clientId=tasklist-diagram_0] 
19:27:44 info -  [DefaultGLSPServer] process [action=requestMarkers, clientId=tasklist-diagram_0] 
19:27:55 info -  [DefaultGLSPServer] process [action=requestMarkers, clientId=tasklist-diagram_0] 
19:28:05 info -  [DefaultGLSPServer] process [action=deleteElement, clientId=tasklist-diagram_0] 
19:28:06 info -  [DefaultGLSPServer] process [action=computedBounds, clientId=tasklist-diagram_0] 
19:28:09 info -  [DefaultGLSPServer] process [action=createEdge, clientId=tasklist-diagram_0] 
19:28:09 info -  [DefaultGLSPServer] process [action=computedBounds, clientId=tasklist-diagram_0] 
19:28:10 info -  [DefaultGLSPServer] process [action=requestMarkers, clientId=tasklist-diagram_0] 
19:28:19 info -  [DefaultGLSPServer] process [action=compound, clientId=tasklist-diagram_0] 
19:28:19 info -  [DefaultGLSPServer] process [action=computedBounds, clientId=tasklist-diagram_0] 
19:28:21 info -  [DefaultGLSPServer] process [action=requestEditValidation, clientId=tasklist-diagram_0] 
19:28:22 info -  [DefaultGLSPServer] process [action=requestEditValidation, clientId=tasklist-diagram_0] 
19:28:22 info -  [DefaultGLSPServer] process [action=requestEditValidation, clientId=tasklist-diagram_0] 
19:28:23 info -  [DefaultGLSPServer] process [action=requestEditValidation, clientId=tasklist-diagram_0] 
19:28:23 info -  [DefaultGLSPServer] process [action=requestEditValidation, clientId=tasklist-diagram_0] 
19:28:23 info -  [DefaultGLSPServer] process [action=applyLabelEdit, clientId=tasklist-diagram_0] 
19:28:23 info -  [DefaultGLSPServer] process [action=computedBounds, clientId=tasklist-diagram_0] 
19:28:26 info -  [DefaultGLSPServer] process [action=requestEditValidation, clientId=tasklist-diagram_0] 
19:28:26 info -  [DefaultGLSPServer] process [action=requestEditValidation, clientId=tasklist-diagram_0] 
19:28:27 info -  [DefaultGLSPServer] process [action=requestEditValidation, clientId=tasklist-diagram_0] 
19:28:27 info -  [DefaultGLSPServer] process [action=requestEditValidation, clientId=tasklist-diagram_0] 
19:28:28 info -  [DefaultGLSPServer] process [action=requestEditValidation, clientId=tasklist-diagram_0] 
19:28:28 info -  [DefaultGLSPServer] process [action=requestEditValidation, clientId=tasklist-diagram_0] 
19:28:28 info -  [DefaultGLSPServer] process [action=applyLabelEdit, clientId=tasklist-diagram_0] 
19:28:28 info -  [DefaultGLSPServer] process [action=computedBounds, clientId=tasklist-diagram_0] 
19:28:30 info -  [DefaultGLSPServer] process [action=requestMarkers, clientId=tasklist-diagram_0] 
19:28:46 info -  [DefaultGLSPServer] process [action=deleteElement, clientId=tasklist-diagram_0] 
19:28:46 info -  [DefaultGLSPServer] process [action=computedBounds, clientId=tasklist-diagram_0] 
19:28:49 info -  [DefaultGLSPServer] process [action=deleteElement, clientId=tasklist-diagram_0] 
19:28:49 info -  [DefaultGLSPServer] process [action=computedBounds, clientId=tasklist-diagram_0] 
19:28:51 info -  [DefaultGLSPServer] process [action=requestMarkers, clientId=tasklist-diagram_0] 
19:29:00 info -  [DefaultGLSPServer] process [action=compound, clientId=tasklist-diagram_0] 
19:29:00 info -  [DefaultGLSPServer] process [action=computedBounds, clientId=tasklist-diagram_0] 
19:29:02 info -  [DefaultGLSPServer] process [action=requestPopupModel, clientId=tasklist-diagram_0] 
19:29:02 warn -  [RequestPopupModelActionHandler] Could not process `RequestPopupModelAction`. No `PopupModelFactory` is bound 
19:29:05 info -  [DefaultGLSPServer] process [action=createNode, clientId=tasklist-diagram_0] 
19:29:05 info -  [DefaultGLSPServer] process [action=computedBounds, clientId=tasklist-diagram_0] 
19:29:07 info -  [DefaultGLSPServer] process [action=createNode, clientId=tasklist-diagram_0] 
19:29:07 info -  [DefaultGLSPServer] process [action=computedBounds, clientId=tasklist-diagram_0] 
19:29:09 info -  [DefaultGLSPServer] process [action=createEdge, clientId=tasklist-diagram_0] 
19:29:09 info -  [DefaultGLSPServer] process [action=computedBounds, clientId=tasklist-diagram_0] 
19:29:11 info -  [DefaultGLSPServer] process [action=createEdge, clientId=tasklist-diagram_0] 
19:29:11 info -  [DefaultGLSPServer] process [action=computedBounds, clientId=tasklist-diagram_0] 
19:29:13 info -  [DefaultGLSPServer] process [action=requestMarkers, clientId=tasklist-diagram_0] 
19:29:15 info -  [DefaultGLSPServer] process [action=requestMarkers, clientId=tasklist-diagram_0] 
19:29:20 info -  [DefaultGLSPServer] process [action=requestMarkers, clientId=tasklist-diagram_0] 
19:29:21 info -  [DefaultGLSPServer] process [action=requestMarkers, clientId=tasklist-diagram_0] 
19:29:25 info -  [DefaultGLSPServer] process [action=requestMarkers, clientId=tasklist-diagram_0] 
19:29:31 info -  [DefaultGLSPServer] process [action=deleteElement, clientId=tasklist-diagram_0] 
19:29:31 info -  [DefaultGLSPServer] process [action=computedBounds, clientId=tasklist-diagram_0] 
19:29:33 info -  [DefaultGLSPServer] process [action=deleteElement, clientId=tasklist-diagram_0] 
19:29:33 info -  [DefaultGLSPServer] process [action=computedBounds, clientId=tasklist-diagram_0] 
19:29:35 info -  [DefaultGLSPServer] process [action=deleteElement, clientId=tasklist-diagram_0] 
19:29:36 info -  [DefaultGLSPServer] process [action=computedBounds, clientId=tasklist-diagram_0] 
19:29:38 info -  [DefaultGLSPServer] process [action=requestMarkers, clientId=tasklist-diagram_0] 
19:29:49 info -  [DefaultGLSPServer] process [action=deleteElement, clientId=tasklist-diagram_0] 
19:29:49 info -  [DefaultGLSPServer] process [action=computedBounds, clientId=tasklist-diagram_0] 
19:29:51 info -  [DefaultGLSPServer] process [action=deleteElement, clientId=tasklist-diagram_0] 
19:29:51 info -  [DefaultGLSPServer] process [action=computedBounds, clientId=tasklist-diagram_0] 
19:29:53 info -  [DefaultGLSPServer] process [action=createNode, clientId=tasklist-diagram_0] 
19:29:53 info -  [DefaultGLSPServer] process [action=computedBounds, clientId=tasklist-diagram_0] 
19:29:55 info -  [DefaultGLSPServer] process [action=createNode, clientId=tasklist-diagram_0] 
19:29:55 info -  [DefaultGLSPServer] process [action=computedBounds, clientId=tasklist-diagram_0] 
19:29:58 info -  [DefaultGLSPServer] process [action=createEdge, clientId=tasklist-diagram_0] 
19:29:58 info -  [DefaultGLSPServer] process [action=computedBounds, clientId=tasklist-diagram_0] 
19:30:00 info -  [DefaultGLSPServer] process [action=createEdge, clientId=tasklist-diagram_0] 
19:30:00 info -  [DefaultGLSPServer] process [action=computedBounds, clientId=tasklist-diagram_0] 
19:30:02 info -  [DefaultGLSPServer] process [action=requestMarkers, clientId=tasklist-diagram_0] 
19:31:54 info -  [DefaultGLSPServer] process [action=requestMarkers, clientId=tasklist-diagram_0] 
19:32:30 info -  [DefaultGLSPServer] process [action=requestMarkers, clientId=tasklist-diagram_0] 
19:32:41 info -  [DefaultGLSPServer] process [action=requestMarkers, clientId=tasklist-diagram_0] 
