18:51:52 info -  [SocketServerLauncher] The GLSP server is ready to accept new client requests on port: 65104 
18:51:52 info -  [SocketServerLauncher] Starting GLSP server connection 
18:51:52 info -  [DefaultGLSPServer] Initializing server with: applicationId: a0d814d1-72fd-4559-a32e-ff5731c88ff5, protocolVersion: 1.0.0 
18:51:55 info -  [DefaultGLSPServer] Initializing client session with: clientSessionId: 'tasklist-diagram_0', diagramType: 'tasklist-diagram' 
18:51:55 info -  [DefaultGLSPServer] process [action=requestModel, clientId=tasklist-diagram_0] 
18:51:55 info -  [DefaultGLSPServer] process [action=requestTypeHints, clientId=tasklist-diagram_0] 
18:51:55 info -  [DefaultGLSPServer] process [action=computedBounds, clientId=tasklist-diagram_0] 
18:51:55 info -  [DefaultGLSPServer] process [action=requestContextActions, clientId=tasklist-diagram_0] 
18:51:58 info -  [DefaultGLSPServer] process [action=createNode, clientId=tasklist-diagram_0] 
18:51:59 info -  [DefaultGLSPServer] process [action=computedBounds, clientId=tasklist-diagram_0] 
18:52:00 info -  [DefaultGLSPServer] process [action=createNode, clientId=tasklist-diagram_0] 
18:52:00 info -  [DefaultGLSPServer] process [action=computedBounds, clientId=tasklist-diagram_0] 
18:52:02 info -  [DefaultGLSPServer] process [action=createNode, clientId=tasklist-diagram_0] 
18:52:02 info -  [DefaultGLSPServer] process [action=computedBounds, clientId=tasklist-diagram_0] 
18:52:04 info -  [DefaultGLSPServer] process [action=createEdge, clientId=tasklist-diagram_0] 
18:52:04 info -  [DefaultGLSPServer] process [action=computedBounds, clientId=tasklist-diagram_0] 
18:52:06 info -  [DefaultGLSPServer] process [action=createEdge, clientId=tasklist-diagram_0] 
18:52:06 info -  [DefaultGLSPServer] process [action=computedBounds, clientId=tasklist-diagram_0] 
18:52:07 info -  [DefaultGLSPServer] process [action=requestMarkers, clientId=tasklist-diagram_0] 
18:52:11 info -  [DefaultGLSPServer] process [action=requestPopupModel, clientId=tasklist-diagram_0] 
18:52:11 warn -  [RequestPopupModelActionHandler] Could not process `RequestPopupModelAction`. No `PopupModelFactory` is bound 
