22:36:09 info -  [SocketServerLauncher] The GLSP server is ready to accept new client requests on port: 50522 
22:36:09 info -  [SocketServerLauncher] Starting GLSP server connection 
22:36:09 info -  [DefaultGLSPServer] Initializing server with: applicationId: 6d30cd22-3282-4403-b610-20b51f419055, protocolVersion: 1.0.0 
22:36:10 info -  [DefaultGLSPServer] Initializing client session with: clientSessionId: 'tasklist-diagram_0', diagramType: 'tasklist-diagram' 
22:36:10 info -  [DefaultGLSPServer] process [action=requestModel, clientId=tasklist-diagram_0] 
22:36:10 info -  [DefaultGLSPServer] process [action=requestTypeHints, clientId=tasklist-diagram_0] 
22:36:10 info -  [DefaultGLSPServer] process [action=computedBounds, clientId=tasklist-diagram_0] 
22:36:10 info -  [DefaultGLSPServer] process [action=requestContextActions, clientId=tasklist-diagram_0] 
22:36:17 info -  [DefaultGLSPServer] process [action=createNode, clientId=tasklist-diagram_0] 
22:36:17 info -  [DefaultGLSPServer] process [action=computedBounds, clientId=tasklist-diagram_0] 
22:36:19 info -  [DefaultGLSPServer] process [action=createNode, clientId=tasklist-diagram_0] 
22:36:19 info -  [DefaultGLSPServer] process [action=computedBounds, clientId=tasklist-diagram_0] 
22:36:21 info -  [DefaultGLSPServer] process [action=createEdge, clientId=tasklist-diagram_0] 
22:36:21 info -  [DefaultGLSPServer] process [action=computedBounds, clientId=tasklist-diagram_0] 
22:36:22 info -  [DefaultGLSPServer] process [action=requestPopupModel, clientId=tasklist-diagram_0] 
22:36:22 warn -  [RequestPopupModelActionHandler] Could not process `RequestPopupModelAction`. No `PopupModelFactory` is bound 
22:36:25 info -  [DefaultGLSPServer] process [action=requestPopupModel, clientId=tasklist-diagram_0] 
22:36:25 warn -  [RequestPopupModelActionHandler] Could not process `RequestPopupModelAction`. No `PopupModelFactory` is bound 
22:36:33 info -  [DefaultGLSPServer] process [action=compound, clientId=tasklist-diagram_0] 
22:36:33 info -  [DefaultGLSPServer] process [action=computedBounds, clientId=tasklist-diagram_0] 
22:36:38 info -  [DefaultGLSPServer] process [action=compound, clientId=tasklist-diagram_0] 
22:36:38 info -  [DefaultGLSPServer] process [action=computedBounds, clientId=tasklist-diagram_0] 
