21:30:43 info -  [SocketServerLauncher] The GLSP server is ready to accept new client requests on port: 50104 
21:30:43 info -  [SocketServerLauncher] Starting GLSP server connection 
21:30:43 info -  [DefaultGLSPServer] Initializing server with: applicationId: 5feef035-96da-4d9a-9c36-896a9fc037e4, protocolVersion: 1.0.0 
21:30:45 info -  [DefaultGLSPServer] Initializing client session with: clientSessionId: 'tasklist-diagram_0', diagramType: 'tasklist-diagram' 
21:30:45 info -  [DefaultGLSPServer] process [action=requestModel, clientId=tasklist-diagram_0] 
21:30:45 info -  [DefaultGLSPServer] process [action=requestTypeHints, clientId=tasklist-diagram_0] 
21:30:45 info -  [DefaultGLSPServer] process [action=computedBounds, clientId=tasklist-diagram_0] 
21:30:45 info -  [DefaultGLSPServer] process [action=requestContextActions, clientId=tasklist-diagram_0] 
21:30:53 info -  [DefaultGLSPServer] process [action=createNode, clientId=tasklist-diagram_0] 
21:30:53 info -  [DefaultGLSPServer] process [action=computedBounds, clientId=tasklist-diagram_0] 
21:30:56 info -  [DefaultGLSPServer] process [action=changeBounds, clientId=tasklist-diagram_0] 
21:30:56 info -  [DefaultGLSPServer] process [action=computedBounds, clientId=tasklist-diagram_0] 
21:31:00 info -  [DefaultGLSPServer] process [action=changeBounds, clientId=tasklist-diagram_0] 
21:31:00 info -  [DefaultGLSPServer] process [action=computedBounds, clientId=tasklist-diagram_0] 
21:31:02 info -  [DefaultGLSPServer] process [action=compound, clientId=tasklist-diagram_0] 
21:31:02 info -  [DefaultGLSPServer] process [action=computedBounds, clientId=tasklist-diagram_0] 
21:31:15 info -  [DefaultGLSPServer] process [action=requestEditValidation, clientId=tasklist-diagram_0] 
21:31:15 info -  [DefaultGLSPServer] process [action=requestEditValidation, clientId=tasklist-diagram_0] 
21:31:17 info -  [DefaultGLSPServer] process [action=requestEditValidation, clientId=tasklist-diagram_0] 
21:31:18 info -  [DefaultGLSPServer] process [action=requestEditValidation, clientId=tasklist-diagram_0] 
21:31:19 info -  [DefaultGLSPServer] process [action=requestPopupModel, clientId=tasklist-diagram_0] 
21:31:19 warn -  [RequestPopupModelActionHandler] Could not process `RequestPopupModelAction`. No `PopupModelFactory` is bound 
21:31:19 info -  [DefaultGLSPServer] process [action=requestEditValidation, clientId=tasklist-diagram_0] 
21:31:20 info -  [DefaultGLSPServer] process [action=requestEditValidation, clientId=tasklist-diagram_0] 
21:31:21 info -  [DefaultGLSPServer] process [action=requestEditValidation, clientId=tasklist-diagram_0] 
21:31:21 info -  [DefaultGLSPServer] process [action=requestEditValidation, clientId=tasklist-diagram_0] 
21:31:22 info -  [DefaultGLSPServer] process [action=requestEditValidation, clientId=tasklist-diagram_0] 
21:31:23 info -  [DefaultGLSPServer] process [action=requestEditValidation, clientId=tasklist-diagram_0] 
21:31:23 info -  [DefaultGLSPServer] process [action=requestEditValidation, clientId=tasklist-diagram_0] 
21:31:23 info -  [DefaultGLSPServer] process [action=applyLabelEdit, clientId=tasklist-diagram_0] 
21:31:23 info -  [DefaultGLSPServer] process [action=computedBounds, clientId=tasklist-diagram_0] 
21:31:23 info -  [DefaultGLSPServer] process [action=requestEditValidation, clientId=tasklist-diagram_0] 
21:31:26 info -  [DefaultGLSPServer] process [action=requestEditValidation, clientId=tasklist-diagram_0] 
21:31:26 info -  [DefaultGLSPServer] process [action=requestEditValidation, clientId=tasklist-diagram_0] 
21:31:27 info -  [DefaultGLSPServer] process [action=requestPopupModel, clientId=tasklist-diagram_0] 
21:31:27 warn -  [RequestPopupModelActionHandler] Could not process `RequestPopupModelAction`. No `PopupModelFactory` is bound 
21:31:31 info -  [DefaultGLSPServer] process [action=requestEditValidation, clientId=tasklist-diagram_0] 
21:31:34 info -  [DefaultGLSPServer] process [action=requestEditValidation, clientId=tasklist-diagram_0] 
21:31:36 info -  [DefaultGLSPServer] process [action=requestEditValidation, clientId=tasklist-diagram_0] 
21:31:36 info -  [DefaultGLSPServer] process [action=requestEditValidation, clientId=tasklist-diagram_0] 
21:31:37 info -  [DefaultGLSPServer] process [action=requestEditValidation, clientId=tasklist-diagram_0] 
21:31:38 info -  [DefaultGLSPServer] process [action=requestEditValidation, clientId=tasklist-diagram_0] 
21:31:38 info -  [DefaultGLSPServer] process [action=requestEditValidation, clientId=tasklist-diagram_0] 
21:31:38 info -  [DefaultGLSPServer] process [action=requestEditValidation, clientId=tasklist-diagram_0] 
21:31:39 info -  [DefaultGLSPServer] process [action=requestEditValidation, clientId=tasklist-diagram_0] 
21:31:39 info -  [DefaultGLSPServer] process [action=requestEditValidation, clientId=tasklist-diagram_0] 
21:31:40 info -  [DefaultGLSPServer] process [action=requestEditValidation, clientId=tasklist-diagram_0] 
21:31:40 info -  [DefaultGLSPServer] process [action=requestEditValidation, clientId=tasklist-diagram_0] 
21:31:40 info -  [DefaultGLSPServer] process [action=applyLabelEdit, clientId=tasklist-diagram_0] 
21:31:40 info -  [DefaultGLSPServer] process [action=computedBounds, clientId=tasklist-diagram_0] 
