18:17:00 info -  [SocketServerLauncher] The GLSP server is ready to accept new client requests on port: 61516 
18:17:00 info -  [SocketServerLauncher] Starting GLSP server connection 
18:17:00 info -  [DefaultGLSPServer] Initializing server with: applicationId: bb9ad4db-4bd6-41a3-a83f-b41767a6824a, protocolVersion: 1.0.0 
18:17:02 info -  [DefaultGLSPServer] Initializing client session with: clientSessionId: 'tasklist-diagram_0', diagramType: 'tasklist-diagram' 
18:17:02 info -  [DefaultGLSPServer] process [action=requestModel, clientId=tasklist-diagram_0] 
18:17:02 info -  [DefaultGLSPServer] process [action=requestTypeHints, clientId=tasklist-diagram_0] 
18:17:02 info -  [DefaultGLSPServer] process [action=computedBounds, clientId=tasklist-diagram_0] 
18:17:02 info -  [DefaultGLSPServer] process [action=requestContextActions, clientId=tasklist-diagram_0] 
18:17:06 info -  [DefaultGLSPServer] process [action=createNode, clientId=tasklist-diagram_0] 
18:17:06 info -  [DefaultGLSPServer] process [action=computedBounds, clientId=tasklist-diagram_0] 
18:17:13 info -  [DefaultGLSPServer] process [action=requestPopupModel, clientId=tasklist-diagram_0] 
18:17:13 warn -  [RequestPopupModelActionHandler] Could not process `RequestPopupModelAction`. No `PopupModelFactory` is bound 
18:17:14 info -  [DefaultGLSPServer] process [action=changeBounds, clientId=tasklist-diagram_0] 
18:17:14 info -  [DefaultGLSPServer] process [action=computedBounds, clientId=tasklist-diagram_0] 
18:17:15 info -  [DefaultGLSPServer] process [action=compound, clientId=tasklist-diagram_0] 
18:17:15 info -  [DefaultGLSPServer] process [action=computedBounds, clientId=tasklist-diagram_0] 
18:17:15 info -  [DefaultGLSPServer] process [action=compound, clientId=tasklist-diagram_0] 
18:17:15 info -  [DefaultGLSPServer] process [action=computedBounds, clientId=tasklist-diagram_0] 
18:17:19 info -  [DefaultGLSPServer] process [action=deleteElement, clientId=tasklist-diagram_0] 
18:17:19 info -  [DefaultGLSPServer] process [action=computedBounds, clientId=tasklist-diagram_0] 
