17:28:40 info -  [SocketServerLauncher] The GLSP server is ready to accept new client requests on port: 54971 
17:28:40 info -  [SocketServerLauncher] Starting GLSP server connection 
17:28:40 info -  [DefaultGLSPServer] Initializing server with: applicationId: 0c07b34f-f984-4023-815a-4fea69bddc49, protocolVersion: 1.0.0 
17:28:42 info -  [DefaultGLSPServer] Initializing client session with: clientSessionId: 'tasklist-diagram_0', diagramType: 'tasklist-diagram' 
17:28:42 info -  [DefaultGLSPServer] process [action=requestModel, clientId=tasklist-diagram_0] 
17:28:42 info -  [DefaultGLSPServer] process [action=requestTypeHints, clientId=tasklist-diagram_0] 
17:28:42 info -  [DefaultGLSPServer] process [action=computedBounds, clientId=tasklist-diagram_0] 
17:28:42 info -  [DefaultGLSPServer] process [action=requestContextActions, clientId=tasklist-diagram_0] 
17:28:46 info -  [DefaultGLSPServer] process [action=createNode, clientId=tasklist-diagram_0] 
17:28:46 info -  [DefaultGLSPServer] process [action=computedBounds, clientId=tasklist-diagram_0] 
17:28:48 info -  [DefaultGLSPServer] process [action=changeBounds, clientId=tasklist-diagram_0] 
17:28:48 info -  [DefaultGLSPServer] process [action=computedBounds, clientId=tasklist-diagram_0] 
17:28:52 info -  [DefaultGLSPServer] process [action=requestEditValidation, clientId=tasklist-diagram_0] 
17:28:52 info -  [DefaultGLSPServer] process [action=requestEditValidation, clientId=tasklist-diagram_0] 
17:28:52 info -  [DefaultGLSPServer] process [action=applyLabelEdit, clientId=tasklist-diagram_0] 
17:28:52 error -  [DefaultCommandStack] An error occurred during command execution. CommandStack will be flushed! Could not find model element for node with id e0b3fe33-d7d2-4b56-b828-fced82cb10a2
            Error: Could not find model element for node with id e0b3fe33-d7d2-4b56-b828-fced82cb10a2
    at JsonRecordingCommand.doExecute (c:\Users\roby0\Desktop\URJC\TFG\tfg-glsp\tasklist-vscode\extension\dist\tasklist-glsp-server.js:59540:27)
    at JsonRecordingCommand.execute (c:\Users\roby0\Desktop\URJC\TFG\tfg-glsp\tasklist-vscode\extension\dist\tasklist-glsp-server.js:7930:20)
    at process.processTicksAndRejections (node:internal/process/task_queues:105:5)
    at async DefaultCommandStack.execute (c:\Users\roby0\Desktop\URJC\TFG\tfg-glsp\tasklist-vscode\extension\dist\tasklist-glsp-server.js:7720:13)
17:28:52 error -  [DefaultGLSPServer] Could not process action: 'applyLabelEdit 
17:28:52 error -  [DefaultGLSPServer] Error: Could not find model element for node with id e0b3fe33-d7d2-4b56-b828-fced82cb10a2 
17:29:02 info -  [DefaultGLSPServer] process [action=changeBounds, clientId=tasklist-diagram_0] 
17:29:02 info -  [DefaultGLSPServer] process [action=computedBounds, clientId=tasklist-diagram_0] 
17:29:05 info -  [DefaultGLSPServer] process [action=requestEditValidation, clientId=tasklist-diagram_0] 
17:29:06 info -  [DefaultGLSPServer] process [action=requestEditValidation, clientId=tasklist-diagram_0] 
17:29:06 info -  [DefaultGLSPServer] process [action=applyLabelEdit, clientId=tasklist-diagram_0] 
17:29:06 error -  [DefaultCommandStack] An error occurred during command execution. CommandStack will be flushed! Could not find model element for node with id e0b3fe33-d7d2-4b56-b828-fced82cb10a2
            Error: Could not find model element for node with id e0b3fe33-d7d2-4b56-b828-fced82cb10a2
    at JsonRecordingCommand.doExecute (c:\Users\roby0\Desktop\URJC\TFG\tfg-glsp\tasklist-vscode\extension\dist\tasklist-glsp-server.js:59540:27)
    at JsonRecordingCommand.execute (c:\Users\roby0\Desktop\URJC\TFG\tfg-glsp\tasklist-vscode\extension\dist\tasklist-glsp-server.js:7930:20)
    at process.processTicksAndRejections (node:internal/process/task_queues:105:5)
    at async DefaultCommandStack.execute (c:\Users\roby0\Desktop\URJC\TFG\tfg-glsp\tasklist-vscode\extension\dist\tasklist-glsp-server.js:7720:13)
17:29:06 error -  [DefaultGLSPServer] Could not process action: 'applyLabelEdit 
17:29:06 error -  [DefaultGLSPServer] Error: Could not find model element for node with id e0b3fe33-d7d2-4b56-b828-fced82cb10a2 
17:29:10 info -  [DefaultGLSPServer] process [action=compound, clientId=tasklist-diagram_0] 
17:29:10 info -  [DefaultGLSPServer] process [action=computedBounds, clientId=tasklist-diagram_0] 
17:29:11 info -  [DefaultGLSPServer] process [action=changeBounds, clientId=tasklist-diagram_0] 
17:29:11 info -  [DefaultGLSPServer] process [action=computedBounds, clientId=tasklist-diagram_0] 
17:29:14 info -  [DefaultGLSPServer] process [action=changeBounds, clientId=tasklist-diagram_0] 
17:29:14 info -  [DefaultGLSPServer] process [action=computedBounds, clientId=tasklist-diagram_0] 
17:29:19 info -  [DefaultGLSPServer] process [action=deleteElement, clientId=tasklist-diagram_0] 
17:29:19 info -  [DefaultGLSPServer] process [action=computedBounds, clientId=tasklist-diagram_0] 
17:29:22 info -  [DefaultGLSPServer] process [action=createNode, clientId=tasklist-diagram_0] 
17:29:22 info -  [DefaultGLSPServer] process [action=computedBounds, clientId=tasklist-diagram_0] 
