18:38:14 info -  [SocketServerLauncher] The GLSP server is ready to accept new client requests on port: 55712 
18:38:14 info -  [SocketServerLauncher] Starting GLSP server connection 
18:38:14 info -  [DefaultGLSPServer] Initializing server with: applicationId: 456248f7-ef11-4361-a6d7-d7ba4738e233, protocolVersion: 1.0.0 
18:38:16 info -  [DefaultGLSPServer] Initializing client session with: clientSessionId: 'tasklist-diagram_0', diagramType: 'tasklist-diagram' 
18:38:16 info -  [DefaultGLSPServer] process [action=requestModel, clientId=tasklist-diagram_0] 
18:38:16 info -  [DefaultGLSPServer] process [action=requestTypeHints, clientId=tasklist-diagram_0] 
18:38:16 info -  [DefaultGLSPServer] process [action=computedBounds, clientId=tasklist-diagram_0] 
18:38:16 info -  [DefaultGLSPServer] process [action=requestContextActions, clientId=tasklist-diagram_0] 
18:38:19 info -  [DefaultGLSPServer] process [action=createNode, clientId=tasklist-diagram_0] 
18:38:19 info -  [DefaultGLSPServer] process [action=computedBounds, clientId=tasklist-diagram_0] 
18:38:21 info -  [DefaultGLSPServer] process [action=createNode, clientId=tasklist-diagram_0] 
18:38:21 info -  [DefaultGLSPServer] process [action=computedBounds, clientId=tasklist-diagram_0] 
18:38:26 info -  [DefaultGLSPServer] process [action=createEdge, clientId=tasklist-diagram_0] 
18:38:26 info -  [DefaultGLSPServer] process [action=computedBounds, clientId=tasklist-diagram_0] 
18:38:27 info -  [DefaultGLSPServer] process [action=requestMarkers, clientId=tasklist-diagram_0] 
18:38:34 info -  [DefaultGLSPServer] process [action=requestPopupModel, clientId=tasklist-diagram_0] 
18:38:34 warn -  [RequestPopupModelActionHandler] Could not process `RequestPopupModelAction`. No `PopupModelFactory` is bound 
18:38:35 info -  [DefaultGLSPServer] process [action=compound, clientId=tasklist-diagram_0] 
18:38:35 info -  [DefaultGLSPServer] process [action=computedBounds, clientId=tasklist-diagram_0] 
18:38:41 info -  [DefaultGLSPServer] process [action=createNode, clientId=tasklist-diagram_0] 
18:38:41 info -  [DefaultGLSPServer] process [action=computedBounds, clientId=tasklist-diagram_0] 
18:38:43 info -  [DefaultGLSPServer] process [action=createNode, clientId=tasklist-diagram_0] 
18:38:43 info -  [DefaultGLSPServer] process [action=computedBounds, clientId=tasklist-diagram_0] 
18:38:46 info -  [DefaultGLSPServer] process [action=createEdge, clientId=tasklist-diagram_0] 
18:38:46 info -  [DefaultGLSPServer] process [action=computedBounds, clientId=tasklist-diagram_0] 
18:38:49 info -  [DefaultGLSPServer] process [action=createEdge, clientId=tasklist-diagram_0] 
18:38:49 info -  [DefaultGLSPServer] process [action=computedBounds, clientId=tasklist-diagram_0] 
18:38:50 info -  [DefaultGLSPServer] process [action=requestMarkers, clientId=tasklist-diagram_0] 
18:41:01 info -  [DefaultGLSPServer] process [action=compound, clientId=tasklist-diagram_0] 
18:41:01 info -  [DefaultGLSPServer] process [action=computedBounds, clientId=tasklist-diagram_0] 
18:41:04 info -  [DefaultGLSPServer] process [action=createNode, clientId=tasklist-diagram_0] 
18:41:04 info -  [DefaultGLSPServer] process [action=computedBounds, clientId=tasklist-diagram_0] 
18:41:07 info -  [DefaultGLSPServer] process [action=createNode, clientId=tasklist-diagram_0] 
18:41:07 info -  [DefaultGLSPServer] process [action=computedBounds, clientId=tasklist-diagram_0] 
18:41:10 info -  [DefaultGLSPServer] process [action=createEdge, clientId=tasklist-diagram_0] 
18:41:10 info -  [DefaultGLSPServer] process [action=computedBounds, clientId=tasklist-diagram_0] 
18:41:13 info -  [DefaultGLSPServer] process [action=createEdge, clientId=tasklist-diagram_0] 
18:41:13 info -  [DefaultGLSPServer] process [action=computedBounds, clientId=tasklist-diagram_0] 
18:41:14 info -  [DefaultGLSPServer] process [action=requestMarkers, clientId=tasklist-diagram_0] 
18:41:33 info -  [DefaultGLSPServer] process [action=deleteElement, clientId=tasklist-diagram_0] 
18:41:33 info -  [DefaultGLSPServer] process [action=computedBounds, clientId=tasklist-diagram_0] 
