19:55:30 info -  [SocketServerLauncher] The GLSP server is ready to accept new client requests on port: 54065 
19:55:30 warn -  [OperationHandlerRegistry] Could not register key-value pair. Key is already registered {
    "key": "createNode_node",
    "value": {
        "operationType": "createNode",
        "elementTypeIds": [
            "node"
        ],
        "modelState": {
            "properties": {},
            "editMode": "editable",
            "index": {
                "idToElement": {},
                "typeToElements": {},
                "idToTaskListElements": {}
            },
            "serializer": {
                "reservedKeys": [
                    "children",
                    "parent",
                    "index",
                    "source",
                    "target"
                ],
                "diagramConfiguration": {
                    "layoutKind": 1,
                    "needsClientLayout": true,
                    "animatedUpdate": true
                }
            },
            "clientId": "tempId"
        }
    }
}
19:55:30 info -  [SocketServerLauncher] Starting GLSP server connection 
19:55:30 info -  [DefaultGLSPServer] Initializing server with: applicationId: 88712fee-002b-48a1-be55-13b73c4cddf4, protocolVersion: 1.0.0 
19:55:31 info -  [DefaultGLSPServer] Initializing client session with: clientSessionId: 'tasklist-diagram_0', diagramType: 'tasklist-diagram' 
19:55:31 warn -  [OperationHandlerRegistry] Could not register key-value pair. Key is already registered {
    "key": "createNode_node",
    "value": {
        "operationType": "createNode",
        "elementTypeIds": [
            "node"
        ],
        "modelState": {
            "properties": {},
            "editMode": "editable",
            "index": {
                "idToElement": {},
                "typeToElements": {},
                "idToTaskListElements": {}
            },
            "serializer": {
                "reservedKeys": [
                    "children",
                    "parent",
                    "index",
                    "source",
                    "target"
                ],
                "diagramConfiguration": {
                    "layoutKind": 1,
                    "needsClientLayout": true,
                    "animatedUpdate": true
                }
            },
            "clientId": "tasklist-diagram_0"
        }
    }
}
19:55:31 info -  [DefaultGLSPServer] process [action=requestModel, clientId=tasklist-diagram_0] 
19:55:31 info -  [DefaultGLSPServer] process [action=requestTypeHints, clientId=tasklist-diagram_0] 
19:55:32 info -  [DefaultGLSPServer] process [action=computedBounds, clientId=tasklist-diagram_0] 
19:55:32 info -  [DefaultGLSPServer] process [action=requestContextActions, clientId=tasklist-diagram_0] 
19:55:51 info -  [DefaultGLSPServer] process [action=createNode, clientId=tasklist-diagram_0] 
19:55:51 info -  [DefaultGLSPServer] process [action=computedBounds, clientId=tasklist-diagram_0] 
19:55:54 info -  [DefaultGLSPServer] process [action=createNode, clientId=tasklist-diagram_0] 
19:55:54 info -  [DefaultGLSPServer] process [action=computedBounds, clientId=tasklist-diagram_0] 
19:55:57 info -  [DefaultGLSPServer] process [action=createEdge, clientId=tasklist-diagram_0] 
19:55:57 info -  [DefaultGLSPServer] process [action=computedBounds, clientId=tasklist-diagram_0] 
19:56:00 info -  [DefaultGLSPServer] process [action=requestPopupModel, clientId=tasklist-diagram_0] 
19:56:00 warn -  [RequestPopupModelActionHandler] Could not process `RequestPopupModelAction`. No `PopupModelFactory` is bound 
19:56:02 info -  [DefaultGLSPServer] process [action=deleteElement, clientId=tasklist-diagram_0] 
19:56:02 info -  [DefaultGLSPServer] process [action=computedBounds, clientId=tasklist-diagram_0] 
