18:15:02 info -  [SocketServerLauncher] The GLSP server is ready to accept new client requests on port: 59318 
18:15:02 info -  [SocketServerLauncher] Starting GLSP server connection 
18:15:02 info -  [DefaultGLSPServer] Initializing server with: applicationId: 9c3e8f02-dc06-43f6-b164-19426e588617, protocolVersion: 1.0.0 
18:15:04 info -  [DefaultGLSPServer] Initializing client session with: clientSessionId: 'tasklist-diagram_0', diagramType: 'tasklist-diagram' 
18:15:04 info -  [DefaultGLSPServer] process [action=requestModel, clientId=tasklist-diagram_0] 
18:15:04 info -  [DefaultGLSPServer] process [action=requestTypeHints, clientId=tasklist-diagram_0] 
18:15:04 info -  [DefaultGLSPServer] process [action=computedBounds, clientId=tasklist-diagram_0] 
18:15:04 info -  [DefaultGLSPServer] process [action=requestContextActions, clientId=tasklist-diagram_0] 
18:15:23 info -  [DefaultGLSPServer] process [action=createNode, clientId=tasklist-diagram_0] 
18:15:23 info -  [DefaultGLSPServer] process [action=computedBounds, clientId=tasklist-diagram_0] 
18:15:26 info -  [DefaultGLSPServer] process [action=changeBounds, clientId=tasklist-diagram_0] 
18:15:26 info -  [DefaultGLSPServer] process [action=computedBounds, clientId=tasklist-diagram_0] 
18:15:26 info -  [DefaultGLSPServer] process [action=compound, clientId=tasklist-diagram_0] 
18:15:27 info -  [DefaultGLSPServer] process [action=computedBounds, clientId=tasklist-diagram_0] 
18:15:32 info -  [DefaultGLSPServer] process [action=requestEditValidation, clientId=tasklist-diagram_0] 
18:15:32 info -  [DefaultGLSPServer] process [action=requestEditValidation, clientId=tasklist-diagram_0] 
18:15:32 info -  [DefaultGLSPServer] process [action=applyLabelEdit, clientId=tasklist-diagram_0] 
18:15:32 info -  [DefaultGLSPServer] process [action=computedBounds, clientId=tasklist-diagram_0] 
18:15:34 info -  [DefaultGLSPServer] process [action=requestPopupModel, clientId=tasklist-diagram_0] 
18:15:34 warn -  [RequestPopupModelActionHandler] Could not process `RequestPopupModelAction`. No `PopupModelFactory` is bound 
18:15:47 info -  [DefaultGLSPServer] process [action=compound, clientId=tasklist-diagram_0] 
18:15:47 info -  [DefaultGLSPServer] process [action=computedBounds, clientId=tasklist-diagram_0] 
18:15:48 info -  [DefaultGLSPServer] process [action=compound, clientId=tasklist-diagram_0] 
18:15:48 info -  [DefaultGLSPServer] process [action=computedBounds, clientId=tasklist-diagram_0] 
