19:15:02 info -  [SocketServerLauncher] The GLSP server is ready to accept new client requests on port: 53808 
19:15:02 info -  [SocketServerLauncher] Starting GLSP server connection 
19:15:02 info -  [DefaultGLSPServer] Initializing server with: applicationId: e9ca1989-58f5-49f4-b86d-fee47c22a119, protocolVersion: 1.0.0 
19:15:03 info -  [DefaultGLSPServer] Initializing client session with: clientSessionId: 'tasklist-diagram_0', diagramType: 'tasklist-diagram' 
19:15:03 info -  [DefaultGLSPServer] process [action=requestModel, clientId=tasklist-diagram_0] 
19:15:03 info -  [DefaultGLSPServer] process [action=requestTypeHints, clientId=tasklist-diagram_0] 
19:15:03 info -  [DefaultGLSPServer] process [action=computedBounds, clientId=tasklist-diagram_0] 
19:15:03 info -  [DefaultGLSPServer] process [action=requestContextActions, clientId=tasklist-diagram_0] 
19:15:32 info -  [DefaultGLSPServer] Initializing client session with: clientSessionId: 'tasklist-diagram_1', diagramType: 'tasklist-diagram' 
19:15:32 info -  [DefaultGLSPServer] process [action=requestModel, clientId=tasklist-diagram_1] 
19:15:32 info -  [DefaultGLSPServer] process [action=requestTypeHints, clientId=tasklist-diagram_1] 
19:15:32 info -  [DefaultGLSPServer] process [action=computedBounds, clientId=tasklist-diagram_1] 
19:15:32 info -  [DefaultGLSPServer] process [action=requestContextActions, clientId=tasklist-diagram_1] 
19:15:36 info -  [DefaultGLSPServer] process [action=createNode, clientId=tasklist-diagram_1] 
19:15:36 info -  [DefaultGLSPServer] process [action=computedBounds, clientId=tasklist-diagram_1] 
19:15:37 info -  [DefaultGLSPServer] process [action=compound, clientId=tasklist-diagram_1] 
19:15:37 info -  [DefaultGLSPServer] process [action=computedBounds, clientId=tasklist-diagram_1] 
19:15:38 info -  [DefaultGLSPServer] process [action=changeBounds, clientId=tasklist-diagram_1] 
19:15:38 info -  [DefaultGLSPServer] process [action=computedBounds, clientId=tasklist-diagram_1] 
19:15:45 info -  [DefaultGLSPServer] process [action=requestEditValidation, clientId=tasklist-diagram_1] 
19:15:45 info -  [DefaultGLSPServer] process [action=requestEditValidation, clientId=tasklist-diagram_1] 
19:15:47 info -  [DefaultGLSPServer] process [action=requestPopupModel, clientId=tasklist-diagram_1] 
19:15:47 warn -  [RequestPopupModelActionHandler] Could not process `RequestPopupModelAction`. No `PopupModelFactory` is bound 
19:15:49 info -  [DefaultGLSPServer] process [action=requestEditValidation, clientId=tasklist-diagram_1] 
19:15:49 info -  [DefaultGLSPServer] process [action=requestEditValidation, clientId=tasklist-diagram_1] 
19:15:51 info -  [DefaultGLSPServer] process [action=requestEditValidation, clientId=tasklist-diagram_1] 
19:15:52 info -  [DefaultGLSPServer] process [action=requestEditValidation, clientId=tasklist-diagram_1] 
19:15:53 info -  [DefaultGLSPServer] process [action=requestEditValidation, clientId=tasklist-diagram_1] 
19:15:53 info -  [DefaultGLSPServer] process [action=requestEditValidation, clientId=tasklist-diagram_1] 
19:15:54 info -  [DefaultGLSPServer] process [action=requestEditValidation, clientId=tasklist-diagram_1] 
19:15:54 info -  [DefaultGLSPServer] process [action=requestEditValidation, clientId=tasklist-diagram_1] 
19:15:54 info -  [DefaultGLSPServer] process [action=applyLabelEdit, clientId=tasklist-diagram_1] 
19:15:54 info -  [DefaultGLSPServer] process [action=requestEditValidation, clientId=tasklist-diagram_1] 
19:15:54 info -  [DefaultGLSPServer] process [action=computedBounds, clientId=tasklist-diagram_1] 
