23:27:54 info -  [SocketServerLauncher] The GLSP server is ready to accept new client requests on port: 56189 
23:27:54 info -  [SocketServerLauncher] Starting GLSP server connection 
23:27:54 info -  [DefaultGLSPServer] Initializing server with: applicationId: 22b35578-623e-4cb8-bfc3-b8d98fe14ae1, protocolVersion: 1.0.0 
23:27:56 info -  [DefaultGLSPServer] Initializing client session with: clientSessionId: 'tasklist-diagram_0', diagramType: 'tasklist-diagram' 
23:27:56 info -  [DefaultGLSPServer] process [action=requestModel, clientId=tasklist-diagram_0] 
23:27:56 info -  [DefaultGLSPServer] process [action=requestTypeHints, clientId=tasklist-diagram_0] 
23:27:56 info -  [DefaultGLSPServer] process [action=computedBounds, clientId=tasklist-diagram_0] 
23:27:56 info -  [DefaultGLSPServer] process [action=requestContextActions, clientId=tasklist-diagram_0] 
23:28:01 info -  [DefaultGLSPServer] Initializing client session with: clientSessionId: 'tasklist-diagram_1', diagramType: 'tasklist-diagram' 
23:28:01 info -  [DefaultGLSPServer] process [action=requestModel, clientId=tasklist-diagram_1] 
23:28:01 info -  [DefaultGLSPServer] process [action=requestTypeHints, clientId=tasklist-diagram_1] 
23:28:01 info -  [DefaultGLSPServer] process [action=computedBounds, clientId=tasklist-diagram_1] 
23:28:01 info -  [DefaultGLSPServer] process [action=requestContextActions, clientId=tasklist-diagram_1] 
23:28:04 info -  [DefaultGLSPServer] Initializing client session with: clientSessionId: 'tasklist-diagram_2', diagramType: 'tasklist-diagram' 
23:28:04 info -  [DefaultGLSPServer] process [action=requestModel, clientId=tasklist-diagram_2] 
23:28:05 info -  [DefaultGLSPServer] process [action=requestTypeHints, clientId=tasklist-diagram_2] 
23:28:05 info -  [DefaultGLSPServer] process [action=computedBounds, clientId=tasklist-diagram_2] 
23:28:05 info -  [DefaultGLSPServer] process [action=requestContextActions, clientId=tasklist-diagram_2] 
23:28:12 info -  [DefaultGLSPServer] process [action=saveModel, clientId=tasklist-diagram_2] 
23:28:13 info -  [DefaultGLSPServer] process [action=saveModel, clientId=tasklist-diagram_1] 
23:28:18 info -  [DefaultGLSPServer] process [action=createNode, clientId=tasklist-diagram_0] 
23:28:18 info -  [DefaultGLSPServer] process [action=computedBounds, clientId=tasklist-diagram_0] 
23:28:20 info -  [DefaultGLSPServer] process [action=createNode, clientId=tasklist-diagram_0] 
23:28:20 info -  [DefaultGLSPServer] process [action=computedBounds, clientId=tasklist-diagram_0] 
23:28:22 info -  [DefaultGLSPServer] process [action=createEdge, clientId=tasklist-diagram_0] 
23:28:22 info -  [DefaultGLSPServer] process [action=computedBounds, clientId=tasklist-diagram_0] 
23:28:25 info -  [DefaultGLSPServer] process [action=createEdge, clientId=tasklist-diagram_0] 
23:28:25 info -  [DefaultGLSPServer] process [action=computedBounds, clientId=tasklist-diagram_0] 
23:28:35 info -  [DefaultGLSPServer] process [action=requestEditValidation, clientId=tasklist-diagram_0] 
23:28:35 info -  [DefaultGLSPServer] process [action=requestEditValidation, clientId=tasklist-diagram_0] 
23:28:36 info -  [DefaultGLSPServer] process [action=requestEditValidation, clientId=tasklist-diagram_0] 
23:28:36 info -  [DefaultGLSPServer] process [action=requestEditValidation, clientId=tasklist-diagram_0] 
23:28:36 info -  [DefaultGLSPServer] process [action=requestEditValidation, clientId=tasklist-diagram_0] 
23:28:36 info -  [DefaultGLSPServer] process [action=requestEditValidation, clientId=tasklist-diagram_0] 
23:28:36 info -  [DefaultGLSPServer] process [action=requestEditValidation, clientId=tasklist-diagram_0] 
23:28:36 info -  [DefaultGLSPServer] process [action=applyLabelEdit, clientId=tasklist-diagram_0] 
23:28:37 info -  [DefaultGLSPServer] process [action=computedBounds, clientId=tasklist-diagram_0] 
23:28:39 info -  [DefaultGLSPServer] process [action=requestEditValidation, clientId=tasklist-diagram_0] 
23:28:39 info -  [DefaultGLSPServer] process [action=requestEditValidation, clientId=tasklist-diagram_0] 
23:28:40 info -  [DefaultGLSPServer] process [action=requestEditValidation, clientId=tasklist-diagram_0] 
23:28:41 info -  [DefaultGLSPServer] process [action=requestEditValidation, clientId=tasklist-diagram_0] 
23:28:41 info -  [DefaultGLSPServer] process [action=requestEditValidation, clientId=tasklist-diagram_0] 
23:28:41 info -  [DefaultGLSPServer] process [action=applyLabelEdit, clientId=tasklist-diagram_0] 
23:28:41 info -  [DefaultGLSPServer] process [action=computedBounds, clientId=tasklist-diagram_0] 
23:29:45 info -  [DefaultGLSPServer] process [action=requestPopupModel, clientId=tasklist-diagram_0] 
23:29:45 warn -  [RequestPopupModelActionHandler] Could not process `RequestPopupModelAction`. No `PopupModelFactory` is bound 
23:29:51 info -  [DefaultGLSPServer] process [action=compound, clientId=tasklist-diagram_0] 
23:29:51 info -  [DefaultGLSPServer] process [action=computedBounds, clientId=tasklist-diagram_0] 
23:29:53 info -  [DefaultGLSPServer] process [action=compound, clientId=tasklist-diagram_0] 
23:29:53 info -  [DefaultGLSPServer] process [action=computedBounds, clientId=tasklist-diagram_0] 
23:29:55 info -  [DefaultGLSPServer] process [action=compound, clientId=tasklist-diagram_0] 
23:29:55 info -  [DefaultGLSPServer] process [action=computedBounds, clientId=tasklist-diagram_0] 
23:29:56 info -  [DefaultGLSPServer] process [action=compound, clientId=tasklist-diagram_0] 
23:29:56 info -  [DefaultGLSPServer] process [action=computedBounds, clientId=tasklist-diagram_0] 
23:29:58 info -  [DefaultGLSPServer] process [action=compound, clientId=tasklist-diagram_0] 
23:29:58 info -  [DefaultGLSPServer] process [action=computedBounds, clientId=tasklist-diagram_0] 
23:29:59 info -  [DefaultGLSPServer] process [action=requestPopupModel, clientId=tasklist-diagram_0] 
23:29:59 warn -  [RequestPopupModelActionHandler] Could not process `RequestPopupModelAction`. No `PopupModelFactory` is bound 
23:30:02 info -  [DefaultGLSPServer] process [action=compound, clientId=tasklist-diagram_0] 
23:30:02 info -  [DefaultGLSPServer] process [action=computedBounds, clientId=tasklist-diagram_0] 
23:30:04 info -  [DefaultGLSPServer] process [action=requestPopupModel, clientId=tasklist-diagram_0] 
23:30:04 warn -  [RequestPopupModelActionHandler] Could not process `RequestPopupModelAction`. No `PopupModelFactory` is bound 
23:30:04 info -  [DefaultGLSPServer] process [action=compound, clientId=tasklist-diagram_0] 
23:30:04 info -  [DefaultGLSPServer] process [action=computedBounds, clientId=tasklist-diagram_0] 
23:30:06 info -  [DefaultGLSPServer] process [action=compound, clientId=tasklist-diagram_0] 
23:30:06 info -  [DefaultGLSPServer] process [action=computedBounds, clientId=tasklist-diagram_0] 
23:30:11 info -  [DefaultGLSPServer] process [action=compound, clientId=tasklist-diagram_0] 
23:30:11 info -  [DefaultGLSPServer] process [action=computedBounds, clientId=tasklist-diagram_0] 
23:30:27 info -  [DefaultGLSPServer] process [action=compound, clientId=tasklist-diagram_0] 
23:30:27 info -  [DefaultGLSPServer] process [action=computedBounds, clientId=tasklist-diagram_0] 
23:30:29 info -  [DefaultGLSPServer] process [action=saveModel, clientId=tasklist-diagram_0] 
