22:54:14 info -  [SocketServerLauncher] The GLSP server is ready to accept new client requests on port: 57079 
22:54:14 info -  [SocketServerLauncher] Starting GLSP server connection 
22:54:14 info -  [DefaultGLSPServer] Initializing server with: applicationId: edc6b063-a0bb-4796-ae70-f5099498b1a3, protocolVersion: 1.0.0 
22:54:16 info -  [DefaultGLSPServer] Initializing client session with: clientSessionId: 'tasklist-diagram_0', diagramType: 'tasklist-diagram' 
22:54:16 info -  [DefaultGLSPServer] process [action=requestModel, clientId=tasklist-diagram_0] 
22:54:16 info -  [DefaultGLSPServer] process [action=requestTypeHints, clientId=tasklist-diagram_0] 
22:54:16 info -  [DefaultGLSPServer] process [action=computedBounds, clientId=tasklist-diagram_0] 
22:54:16 info -  [DefaultGLSPServer] process [action=requestContextActions, clientId=tasklist-diagram_0] 
22:54:22 info -  [DefaultGLSPServer] process [action=createNode, clientId=tasklist-diagram_0] 
22:54:22 info -  [DefaultGLSPServer] process [action=computedBounds, clientId=tasklist-diagram_0] 
22:54:23 info -  [DefaultGLSPServer] process [action=createNode, clientId=tasklist-diagram_0] 
22:54:23 info -  [DefaultGLSPServer] process [action=computedBounds, clientId=tasklist-diagram_0] 
22:54:24 info -  [DefaultGLSPServer] process [action=compound, clientId=tasklist-diagram_0] 
22:54:24 info -  [DefaultGLSPServer] process [action=computedBounds, clientId=tasklist-diagram_0] 
22:54:24 info -  [DefaultGLSPServer] process [action=compound, clientId=tasklist-diagram_0] 
22:54:24 info -  [DefaultGLSPServer] process [action=computedBounds, clientId=tasklist-diagram_0] 
22:54:26 info -  [DefaultGLSPServer] process [action=createEdge, clientId=tasklist-diagram_0] 
22:54:26 info -  [DefaultGLSPServer] process [action=computedBounds, clientId=tasklist-diagram_0] 
22:54:29 info -  [DefaultGLSPServer] process [action=createNode, clientId=tasklist-diagram_0] 
22:54:29 info -  [DefaultGLSPServer] process [action=computedBounds, clientId=tasklist-diagram_0] 
22:54:30 info -  [DefaultGLSPServer] process [action=createNode, clientId=tasklist-diagram_0] 
22:54:30 info -  [DefaultGLSPServer] process [action=computedBounds, clientId=tasklist-diagram_0] 
22:54:32 info -  [DefaultGLSPServer] process [action=createEdge, clientId=tasklist-diagram_0] 
22:54:32 info -  [DefaultGLSPServer] process [action=computedBounds, clientId=tasklist-diagram_0] 
22:54:57 info -  [DefaultGLSPServer] process [action=createNode, clientId=tasklist-diagram_0] 
22:54:58 info -  [DefaultGLSPServer] process [action=computedBounds, clientId=tasklist-diagram_0] 
22:55:01 info -  [DefaultGLSPServer] process [action=createNode, clientId=tasklist-diagram_0] 
22:55:01 info -  [DefaultGLSPServer] process [action=computedBounds, clientId=tasklist-diagram_0] 
22:55:04 info -  [DefaultGLSPServer] process [action=createEdge, clientId=tasklist-diagram_0] 
22:55:04 info -  [DefaultGLSPServer] process [action=computedBounds, clientId=tasklist-diagram_0] 
22:55:06 info -  [DefaultGLSPServer] process [action=compound, clientId=tasklist-diagram_0] 
22:55:06 info -  [DefaultGLSPServer] process [action=computedBounds, clientId=tasklist-diagram_0] 
22:55:09 info -  [DefaultGLSPServer] process [action=requestPopupModel, clientId=tasklist-diagram_0] 
22:55:09 warn -  [RequestPopupModelActionHandler] Could not process `RequestPopupModelAction`. No `PopupModelFactory` is bound 
22:55:11 info -  [DefaultGLSPServer] process [action=compound, clientId=tasklist-diagram_0] 
22:55:11 info -  [DefaultGLSPServer] process [action=computedBounds, clientId=tasklist-diagram_0] 
22:55:21 info -  [DefaultGLSPServer] process [action=requestPopupModel, clientId=tasklist-diagram_0] 
22:55:21 warn -  [RequestPopupModelActionHandler] Could not process `RequestPopupModelAction`. No `PopupModelFactory` is bound 
22:55:29 info -  [DefaultGLSPServer] process [action=saveModel, clientId=tasklist-diagram_0] 
