21:15:46 info -  [SocketServerLauncher] The GLSP server is ready to accept new client requests on port: 53985 
21:15:46 info -  [SocketServerLauncher] Starting GLSP server connection 
21:15:46 info -  [DefaultGLSPServer] Initializing server with: applicationId: 17562eef-9449-4af0-8574-44b1bad3f4e3, protocolVersion: 1.0.0 
21:15:48 info -  [DefaultGLSPServer] Initializing client session with: clientSessionId: 'tasklist-diagram_0', diagramType: 'tasklist-diagram' 
21:15:48 info -  [DefaultGLSPServer] process [action=requestModel, clientId=tasklist-diagram_0] 
21:15:48 info -  [DefaultGLSPServer] process [action=requestTypeHints, clientId=tasklist-diagram_0] 
21:15:48 info -  [DefaultGLSPServer] process [action=computedBounds, clientId=tasklist-diagram_0] 
21:15:48 info -  [DefaultGLSPServer] process [action=requestContextActions, clientId=tasklist-diagram_0] 
21:16:04 info -  [DefaultGLSPServer] process [action=generateSql, clientId=tasklist-diagram_0] 
21:18:13 info -  [DefaultGLSPServer] process [action=requestPopupModel, clientId=tasklist-diagram_0] 
21:18:13 warn -  [RequestPopupModelActionHandler] Could not process `RequestPopupModelAction`. No `PopupModelFactory` is bound 
21:18:52 info -  [DefaultGLSPServer] Initializing client session with: clientSessionId: 'tasklist-diagram_1', diagramType: 'tasklist-diagram' 
21:18:52 info -  [DefaultGLSPServer] process [action=requestModel, clientId=tasklist-diagram_1] 
21:18:52 info -  [DefaultGLSPServer] process [action=requestTypeHints, clientId=tasklist-diagram_1] 
21:18:52 info -  [DefaultGLSPServer] process [action=computedBounds, clientId=tasklist-diagram_1] 
21:18:52 info -  [DefaultGLSPServer] process [action=requestContextActions, clientId=tasklist-diagram_1] 
21:18:56 info -  [DefaultGLSPServer] process [action=generateSql, clientId=tasklist-diagram_1] 
21:19:14 info -  [DefaultGLSPServer] process [action=requestEditValidation, clientId=tasklist-diagram_0] 
21:19:15 info -  [DefaultGLSPServer] process [action=requestEditValidation, clientId=tasklist-diagram_0] 
21:19:15 info -  [DefaultGLSPServer] process [action=applyLabelEdit, clientId=tasklist-diagram_0] 
21:19:15 info -  [DefaultGLSPServer] process [action=computedBounds, clientId=tasklist-diagram_0] 
21:19:16 info -  [DefaultGLSPServer] process [action=generateSql, clientId=tasklist-diagram_0] 
21:19:38 info -  [DefaultGLSPServer] process [action=compound, clientId=tasklist-diagram_0] 
21:19:38 info -  [DefaultGLSPServer] process [action=computedBounds, clientId=tasklist-diagram_0] 
21:19:39 info -  [DefaultGLSPServer] process [action=requestEditValidation, clientId=tasklist-diagram_0] 
21:19:39 info -  [DefaultGLSPServer] process [action=requestEditValidation, clientId=tasklist-diagram_0] 
21:19:40 info -  [DefaultGLSPServer] process [action=requestEditValidation, clientId=tasklist-diagram_0] 
21:19:40 info -  [DefaultGLSPServer] process [action=requestEditValidation, clientId=tasklist-diagram_0] 
21:19:40 info -  [DefaultGLSPServer] process [action=applyLabelEdit, clientId=tasklist-diagram_0] 
21:19:40 info -  [DefaultGLSPServer] process [action=computedBounds, clientId=tasklist-diagram_0] 
21:19:42 info -  [DefaultGLSPServer] process [action=saveModel, clientId=tasklist-diagram_0] 
21:21:22 info -  [DefaultGLSPServer] Initializing client session with: clientSessionId: 'tasklist-diagram_2', diagramType: 'tasklist-diagram' 
21:21:22 info -  [DefaultGLSPServer] process [action=requestModel, clientId=tasklist-diagram_2] 
21:21:22 info -  [DefaultGLSPServer] process [action=requestTypeHints, clientId=tasklist-diagram_2] 
21:21:22 info -  [DefaultGLSPServer] process [action=computedBounds, clientId=tasklist-diagram_2] 
21:21:22 info -  [DefaultGLSPServer] process [action=requestContextActions, clientId=tasklist-diagram_2] 
21:21:24 info -  [DefaultGLSPServer] process [action=generateSql, clientId=tasklist-diagram_2] 
