18:36:02 info -  [SocketServerLauncher] The GLSP server is ready to accept new client requests on port: 55868 
18:36:02 info -  [SocketServerLauncher] Starting GLSP server connection 
18:36:02 info -  [DefaultGLSPServer] Initializing server with: applicationId: f409b6ea-2209-4689-95c2-0904acb4fbf7, protocolVersion: 1.0.0 
18:36:04 info -  [DefaultGLSPServer] Initializing client session with: clientSessionId: 'tasklist-diagram_0', diagramType: 'tasklist-diagram' 
18:36:04 info -  [DefaultGLSPServer] process [action=requestModel, clientId=tasklist-diagram_0] 
18:36:04 info -  [DefaultGLSPServer] process [action=requestTypeHints, clientId=tasklist-diagram_0] 
18:36:05 info -  [DefaultGLSPServer] process [action=computedBounds, clientId=tasklist-diagram_0] 
18:36:05 info -  [DefaultGLSPServer] process [action=requestContextActions, clientId=tasklist-diagram_0] 
18:36:08 info -  [DefaultGLSPServer] process [action=createNode, clientId=tasklist-diagram_0] 
18:36:08 info -  [DefaultGLSPServer] process [action=computedBounds, clientId=tasklist-diagram_0] 
18:36:10 info -  [DefaultGLSPServer] process [action=createNode, clientId=tasklist-diagram_0] 
18:36:10 info -  [DefaultGLSPServer] process [action=computedBounds, clientId=tasklist-diagram_0] 
18:36:12 info -  [DefaultGLSPServer] process [action=createNode, clientId=tasklist-diagram_0] 
18:36:12 info -  [DefaultGLSPServer] process [action=computedBounds, clientId=tasklist-diagram_0] 
18:36:15 info -  [DefaultGLSPServer] process [action=createEdge, clientId=tasklist-diagram_0] 
18:36:15 info -  [DefaultGLSPServer] process [action=computedBounds, clientId=tasklist-diagram_0] 
18:36:17 info -  [DefaultGLSPServer] process [action=createEdge, clientId=tasklist-diagram_0] 
18:36:17 info -  [DefaultGLSPServer] process [action=computedBounds, clientId=tasklist-diagram_0] 
18:36:21 info -  [DefaultGLSPServer] process [action=createEdge, clientId=tasklist-diagram_0] 
18:36:21 info -  [DefaultGLSPServer] process [action=computedBounds, clientId=tasklist-diagram_0] 
18:36:24 info -  [DefaultGLSPServer] process [action=createNode, clientId=tasklist-diagram_0] 
18:36:24 info -  [DefaultGLSPServer] process [action=computedBounds, clientId=tasklist-diagram_0] 
18:36:26 info -  [DefaultGLSPServer] process [action=createEdge, clientId=tasklist-diagram_0] 
18:36:26 info -  [DefaultGLSPServer] process [action=computedBounds, clientId=tasklist-diagram_0] 
18:36:33 info -  [DefaultGLSPServer] process [action=deleteElement, clientId=tasklist-diagram_0] 
18:36:33 info -  [DefaultGLSPServer] process [action=computedBounds, clientId=tasklist-diagram_0] 
18:36:38 info -  [DefaultGLSPServer] process [action=deleteElement, clientId=tasklist-diagram_0] 
18:36:38 info -  [DefaultGLSPServer] process [action=computedBounds, clientId=tasklist-diagram_0] 
18:36:41 info -  [DefaultGLSPServer] process [action=deleteElement, clientId=tasklist-diagram_0] 
18:36:41 info -  [DefaultGLSPServer] process [action=computedBounds, clientId=tasklist-diagram_0] 
18:36:43 info -  [DefaultGLSPServer] process [action=requestPopupModel, clientId=tasklist-diagram_0] 
18:36:43 warn -  [RequestPopupModelActionHandler] Could not process `RequestPopupModelAction`. No `PopupModelFactory` is bound 
