20:55:21 info -  [SocketServerLauncher] The GLSP server is ready to accept new client requests on port: 51508 
20:55:21 info -  [SocketServerLauncher] Starting GLSP server connection 
20:55:21 info -  [DefaultGLSPServer] Initializing server with: applicationId: c2ac0f44-9c22-4e90-8cc2-efbae991757e, protocolVersion: 1.0.0 
20:55:22 info -  [DefaultGLSPServer] Initializing client session with: clientSessionId: 'tasklist-diagram_0', diagramType: 'tasklist-diagram' 
20:55:22 info -  [DefaultGLSPServer] process [action=requestModel, clientId=tasklist-diagram_0] 
20:55:22 info -  [DefaultGLSPServer] process [action=requestTypeHints, clientId=tasklist-diagram_0] 
20:55:23 info -  [DefaultGLSPServer] process [action=computedBounds, clientId=tasklist-diagram_0] 
20:55:23 info -  [DefaultGLSPServer] process [action=requestContextActions, clientId=tasklist-diagram_0] 
20:55:34 info -  [DefaultGLSPServer] Initializing client session with: clientSessionId: 'tasklist-diagram_1', diagramType: 'tasklist-diagram' 
20:55:34 info -  [DefaultGLSPServer] process [action=requestModel, clientId=tasklist-diagram_1] 
20:55:34 info -  [DefaultGLSPServer] process [action=requestTypeHints, clientId=tasklist-diagram_1] 
20:55:34 info -  [DefaultGLSPServer] process [action=computedBounds, clientId=tasklist-diagram_1] 
20:55:34 info -  [DefaultGLSPServer] process [action=requestContextActions, clientId=tasklist-diagram_1] 
20:55:37 info -  [DefaultGLSPServer] Initializing client session with: clientSessionId: 'tasklist-diagram_2', diagramType: 'tasklist-diagram' 
20:55:37 info -  [DefaultGLSPServer] process [action=requestModel, clientId=tasklist-diagram_2] 
20:55:37 info -  [DefaultGLSPServer] process [action=requestTypeHints, clientId=tasklist-diagram_2] 
20:55:37 info -  [DefaultGLSPServer] process [action=computedBounds, clientId=tasklist-diagram_2] 
20:55:37 info -  [DefaultGLSPServer] process [action=requestContextActions, clientId=tasklist-diagram_2] 
20:55:38 info -  [DefaultGLSPServer] Initializing client session with: clientSessionId: 'tasklist-diagram_3', diagramType: 'tasklist-diagram' 
20:55:38 info -  [DefaultGLSPServer] process [action=requestModel, clientId=tasklist-diagram_3] 
20:55:38 info -  [DefaultGLSPServer] process [action=requestTypeHints, clientId=tasklist-diagram_3] 
20:55:38 info -  [DefaultGLSPServer] process [action=computedBounds, clientId=tasklist-diagram_3] 
20:55:38 info -  [DefaultGLSPServer] process [action=requestContextActions, clientId=tasklist-diagram_3] 
20:55:54 info -  [DefaultGLSPServer] Initializing client session with: clientSessionId: 'tasklist-diagram_4', diagramType: 'tasklist-diagram' 
20:55:54 info -  [DefaultGLSPServer] process [action=requestModel, clientId=tasklist-diagram_4] 
20:55:54 info -  [DefaultGLSPServer] process [action=requestTypeHints, clientId=tasklist-diagram_4] 
20:55:54 info -  [DefaultGLSPServer] process [action=computedBounds, clientId=tasklist-diagram_4] 
20:55:54 info -  [DefaultGLSPServer] process [action=requestContextActions, clientId=tasklist-diagram_4] 
20:56:22 info -  [DefaultGLSPServer] Initializing client session with: clientSessionId: 'tasklist-diagram_5', diagramType: 'tasklist-diagram' 
20:56:22 info -  [DefaultGLSPServer] process [action=requestModel, clientId=tasklist-diagram_5] 
20:56:22 info -  [DefaultGLSPServer] process [action=requestTypeHints, clientId=tasklist-diagram_5] 
20:56:22 info -  [DefaultGLSPServer] process [action=computedBounds, clientId=tasklist-diagram_5] 
20:56:22 info -  [DefaultGLSPServer] process [action=requestContextActions, clientId=tasklist-diagram_5] 
20:56:29 info -  [DefaultGLSPServer] process [action=createNode, clientId=tasklist-diagram_5] 
20:56:29 info -  [DefaultGLSPServer] process [action=computedBounds, clientId=tasklist-diagram_5] 
20:56:31 info -  [DefaultGLSPServer] process [action=requestEditValidation, clientId=tasklist-diagram_5] 
20:56:32 info -  [DefaultGLSPServer] process [action=requestEditValidation, clientId=tasklist-diagram_5] 
20:56:32 info -  [DefaultGLSPServer] process [action=requestEditValidation, clientId=tasklist-diagram_5] 
20:56:32 info -  [DefaultGLSPServer] process [action=requestEditValidation, clientId=tasklist-diagram_5] 
20:56:32 info -  [DefaultGLSPServer] process [action=applyLabelEdit, clientId=tasklist-diagram_5] 
20:56:32 info -  [DefaultGLSPServer] process [action=computedBounds, clientId=tasklist-diagram_5] 
20:56:33 info -  [DefaultGLSPServer] process [action=requestPopupModel, clientId=tasklist-diagram_5] 
20:56:33 warn -  [RequestPopupModelActionHandler] Could not process `RequestPopupModelAction`. No `PopupModelFactory` is bound 
20:56:38 info -  [DefaultGLSPServer] process [action=createNode, clientId=tasklist-diagram_5] 
20:56:38 info -  [DefaultGLSPServer] process [action=computedBounds, clientId=tasklist-diagram_5] 
20:56:40 info -  [DefaultGLSPServer] process [action=requestEditValidation, clientId=tasklist-diagram_5] 
20:56:41 info -  [DefaultGLSPServer] process [action=requestEditValidation, clientId=tasklist-diagram_5] 
20:56:42 info -  [DefaultGLSPServer] process [action=requestEditValidation, clientId=tasklist-diagram_5] 
20:56:42 info -  [DefaultGLSPServer] process [action=requestEditValidation, clientId=tasklist-diagram_5] 
20:56:43 info -  [DefaultGLSPServer] process [action=requestEditValidation, clientId=tasklist-diagram_5] 
20:56:43 info -  [DefaultGLSPServer] process [action=requestEditValidation, clientId=tasklist-diagram_5] 
20:56:43 info -  [DefaultGLSPServer] process [action=requestEditValidation, clientId=tasklist-diagram_5] 
20:56:43 info -  [DefaultGLSPServer] process [action=applyLabelEdit, clientId=tasklist-diagram_5] 
20:56:43 info -  [DefaultGLSPServer] process [action=computedBounds, clientId=tasklist-diagram_5] 
20:56:45 info -  [DefaultGLSPServer] process [action=compound, clientId=tasklist-diagram_5] 
20:56:45 info -  [DefaultGLSPServer] process [action=computedBounds, clientId=tasklist-diagram_5] 
20:56:47 info -  [DefaultGLSPServer] process [action=createNode, clientId=tasklist-diagram_5] 
20:56:47 info -  [DefaultGLSPServer] process [action=computedBounds, clientId=tasklist-diagram_5] 
20:56:49 info -  [DefaultGLSPServer] process [action=requestEditValidation, clientId=tasklist-diagram_5] 
20:56:50 info -  [DefaultGLSPServer] process [action=requestEditValidation, clientId=tasklist-diagram_5] 
20:56:51 info -  [DefaultGLSPServer] process [action=requestEditValidation, clientId=tasklist-diagram_5] 
20:56:52 info -  [DefaultGLSPServer] process [action=requestEditValidation, clientId=tasklist-diagram_5] 
20:56:52 info -  [DefaultGLSPServer] process [action=requestEditValidation, clientId=tasklist-diagram_5] 
20:56:52 info -  [DefaultGLSPServer] process [action=requestEditValidation, clientId=tasklist-diagram_5] 
20:56:52 info -  [DefaultGLSPServer] process [action=requestEditValidation, clientId=tasklist-diagram_5] 
20:56:53 info -  [DefaultGLSPServer] process [action=requestEditValidation, clientId=tasklist-diagram_5] 
20:56:53 info -  [DefaultGLSPServer] process [action=requestEditValidation, clientId=tasklist-diagram_5] 
20:56:53 info -  [DefaultGLSPServer] process [action=applyLabelEdit, clientId=tasklist-diagram_5] 
20:56:53 info -  [DefaultGLSPServer] process [action=computedBounds, clientId=tasklist-diagram_5] 
20:56:54 info -  [DefaultGLSPServer] process [action=requestPopupModel, clientId=tasklist-diagram_5] 
20:56:54 warn -  [RequestPopupModelActionHandler] Could not process `RequestPopupModelAction`. No `PopupModelFactory` is bound 
20:56:54 info -  [DefaultGLSPServer] process [action=compound, clientId=tasklist-diagram_5] 
20:56:54 info -  [DefaultGLSPServer] process [action=computedBounds, clientId=tasklist-diagram_5] 
20:56:57 info -  [DefaultGLSPServer] process [action=createEdge, clientId=tasklist-diagram_5] 
20:56:57 info -  [DefaultGLSPServer] process [action=computedBounds, clientId=tasklist-diagram_5] 
20:56:59 info -  [DefaultGLSPServer] process [action=createEdge, clientId=tasklist-diagram_5] 
20:56:59 info -  [DefaultGLSPServer] process [action=computedBounds, clientId=tasklist-diagram_5] 
20:57:16 info -  [DefaultGLSPServer] process [action=createNode, clientId=tasklist-diagram_5] 
20:57:16 info -  [DefaultGLSPServer] process [action=computedBounds, clientId=tasklist-diagram_5] 
20:57:18 info -  [DefaultGLSPServer] process [action=requestEditValidation, clientId=tasklist-diagram_5] 
20:57:19 info -  [DefaultGLSPServer] process [action=requestEditValidation, clientId=tasklist-diagram_5] 
20:57:19 info -  [DefaultGLSPServer] process [action=applyLabelEdit, clientId=tasklist-diagram_5] 
20:57:19 info -  [DefaultGLSPServer] process [action=computedBounds, clientId=tasklist-diagram_5] 
20:57:21 info -  [DefaultGLSPServer] process [action=compound, clientId=tasklist-diagram_5] 
20:57:21 info -  [DefaultGLSPServer] process [action=computedBounds, clientId=tasklist-diagram_5] 
20:57:25 info -  [DefaultGLSPServer] process [action=createNode, clientId=tasklist-diagram_5] 
20:57:25 info -  [DefaultGLSPServer] process [action=computedBounds, clientId=tasklist-diagram_5] 
20:57:26 info -  [DefaultGLSPServer] process [action=requestEditValidation, clientId=tasklist-diagram_5] 
20:57:27 info -  [DefaultGLSPServer] process [action=requestEditValidation, clientId=tasklist-diagram_5] 
20:57:27 info -  [DefaultGLSPServer] process [action=requestEditValidation, clientId=tasklist-diagram_5] 
20:57:27 info -  [DefaultGLSPServer] process [action=applyLabelEdit, clientId=tasklist-diagram_5] 
20:57:27 info -  [DefaultGLSPServer] process [action=computedBounds, clientId=tasklist-diagram_5] 
20:57:30 info -  [DefaultGLSPServer] process [action=compound, clientId=tasklist-diagram_5] 
20:57:30 info -  [DefaultGLSPServer] process [action=computedBounds, clientId=tasklist-diagram_5] 
20:57:35 info -  [DefaultGLSPServer] process [action=createEdge, clientId=tasklist-diagram_5] 
20:57:35 info -  [DefaultGLSPServer] process [action=computedBounds, clientId=tasklist-diagram_5] 
20:57:42 info -  [DefaultGLSPServer] process [action=createEdge, clientId=tasklist-diagram_5] 
20:57:42 info -  [DefaultGLSPServer] process [action=computedBounds, clientId=tasklist-diagram_5] 
20:57:43 info -  [DefaultGLSPServer] process [action=glspUndo, clientId=tasklist-diagram_5] 
20:57:43 info -  [DefaultGLSPServer] process [action=computedBounds, clientId=tasklist-diagram_5] 
20:57:46 info -  [DefaultGLSPServer] process [action=createEdge, clientId=tasklist-diagram_5] 
20:57:46 info -  [DefaultGLSPServer] process [action=computedBounds, clientId=tasklist-diagram_5] 
20:57:49 info -  [DefaultGLSPServer] process [action=requestEditValidation, clientId=tasklist-diagram_5] 
20:57:50 info -  [DefaultGLSPServer] process [action=requestEditValidation, clientId=tasklist-diagram_5] 
20:57:50 info -  [DefaultGLSPServer] process [action=requestEditValidation, clientId=tasklist-diagram_5] 
20:57:51 info -  [DefaultGLSPServer] process [action=requestEditValidation, clientId=tasklist-diagram_5] 
20:57:51 info -  [DefaultGLSPServer] process [action=requestEditValidation, clientId=tasklist-diagram_5] 
20:57:51 info -  [DefaultGLSPServer] process [action=requestEditValidation, clientId=tasklist-diagram_5] 
20:57:51 info -  [DefaultGLSPServer] process [action=applyLabelEdit, clientId=tasklist-diagram_5] 
20:57:51 info -  [DefaultGLSPServer] process [action=computedBounds, clientId=tasklist-diagram_5] 
20:57:54 info -  [DefaultGLSPServer] process [action=requestEditValidation, clientId=tasklist-diagram_5] 
20:57:55 info -  [DefaultGLSPServer] process [action=requestEditValidation, clientId=tasklist-diagram_5] 
20:57:56 info -  [DefaultGLSPServer] process [action=requestEditValidation, clientId=tasklist-diagram_5] 
20:57:56 info -  [DefaultGLSPServer] process [action=requestEditValidation, clientId=tasklist-diagram_5] 
20:57:57 info -  [DefaultGLSPServer] process [action=requestEditValidation, clientId=tasklist-diagram_5] 
20:57:57 info -  [DefaultGLSPServer] process [action=requestEditValidation, clientId=tasklist-diagram_5] 
20:57:57 info -  [DefaultGLSPServer] process [action=applyLabelEdit, clientId=tasklist-diagram_5] 
20:57:57 info -  [DefaultGLSPServer] process [action=computedBounds, clientId=tasklist-diagram_5] 
20:58:12 info -  [DefaultGLSPServer] process [action=createNode, clientId=tasklist-diagram_5] 
20:58:12 info -  [DefaultGLSPServer] process [action=computedBounds, clientId=tasklist-diagram_5] 
20:58:15 info -  [DefaultGLSPServer] process [action=requestEditValidation, clientId=tasklist-diagram_5] 
20:58:15 info -  [DefaultGLSPServer] process [action=requestEditValidation, clientId=tasklist-diagram_5] 
20:58:15 info -  [DefaultGLSPServer] process [action=requestEditValidation, clientId=tasklist-diagram_5] 
20:58:16 info -  [DefaultGLSPServer] process [action=requestEditValidation, clientId=tasklist-diagram_5] 
20:58:16 info -  [DefaultGLSPServer] process [action=requestEditValidation, clientId=tasklist-diagram_5] 
20:58:17 info -  [DefaultGLSPServer] process [action=requestEditValidation, clientId=tasklist-diagram_5] 
20:58:17 info -  [DefaultGLSPServer] process [action=applyLabelEdit, clientId=tasklist-diagram_5] 
20:58:17 info -  [DefaultGLSPServer] process [action=requestEditValidation, clientId=tasklist-diagram_5] 
20:58:17 info -  [DefaultGLSPServer] process [action=computedBounds, clientId=tasklist-diagram_5] 
20:58:19 info -  [DefaultGLSPServer] process [action=requestPopupModel, clientId=tasklist-diagram_5] 
20:58:19 warn -  [RequestPopupModelActionHandler] Could not process `RequestPopupModelAction`. No `PopupModelFactory` is bound 
20:58:19 info -  [DefaultGLSPServer] process [action=compound, clientId=tasklist-diagram_5] 
20:58:19 info -  [DefaultGLSPServer] process [action=computedBounds, clientId=tasklist-diagram_5] 
20:58:23 info -  [DefaultGLSPServer] process [action=createNode, clientId=tasklist-diagram_5] 
20:58:23 info -  [DefaultGLSPServer] process [action=computedBounds, clientId=tasklist-diagram_5] 
20:58:25 info -  [DefaultGLSPServer] process [action=requestEditValidation, clientId=tasklist-diagram_5] 
20:58:26 info -  [DefaultGLSPServer] process [action=requestEditValidation, clientId=tasklist-diagram_5] 
20:58:26 info -  [DefaultGLSPServer] process [action=requestEditValidation, clientId=tasklist-diagram_5] 
20:58:27 info -  [DefaultGLSPServer] process [action=requestEditValidation, clientId=tasklist-diagram_5] 
20:58:27 info -  [DefaultGLSPServer] process [action=requestEditValidation, clientId=tasklist-diagram_5] 
20:58:27 info -  [DefaultGLSPServer] process [action=applyLabelEdit, clientId=tasklist-diagram_5] 
20:58:27 info -  [DefaultGLSPServer] process [action=computedBounds, clientId=tasklist-diagram_5] 
20:58:29 info -  [DefaultGLSPServer] process [action=compound, clientId=tasklist-diagram_5] 
20:58:29 info -  [DefaultGLSPServer] process [action=computedBounds, clientId=tasklist-diagram_5] 
20:58:30 info -  [DefaultGLSPServer] process [action=createEdge, clientId=tasklist-diagram_5] 
20:58:30 info -  [DefaultGLSPServer] process [action=computedBounds, clientId=tasklist-diagram_5] 
20:58:32 info -  [DefaultGLSPServer] process [action=createEdge, clientId=tasklist-diagram_5] 
20:58:32 info -  [DefaultGLSPServer] process [action=computedBounds, clientId=tasklist-diagram_5] 
20:58:36 info -  [DefaultGLSPServer] process [action=createNode, clientId=tasklist-diagram_5] 
20:58:36 info -  [DefaultGLSPServer] process [action=computedBounds, clientId=tasklist-diagram_5] 
20:58:37 info -  [DefaultGLSPServer] process [action=compound, clientId=tasklist-diagram_5] 
20:58:37 info -  [DefaultGLSPServer] process [action=computedBounds, clientId=tasklist-diagram_5] 
20:58:39 info -  [DefaultGLSPServer] process [action=requestPopupModel, clientId=tasklist-diagram_5] 
20:58:39 warn -  [RequestPopupModelActionHandler] Could not process `RequestPopupModelAction`. No `PopupModelFactory` is bound 
20:58:39 info -  [DefaultGLSPServer] process [action=changeBounds, clientId=tasklist-diagram_5] 
20:58:39 info -  [DefaultGLSPServer] process [action=computedBounds, clientId=tasklist-diagram_5] 
20:58:40 info -  [DefaultGLSPServer] process [action=compound, clientId=tasklist-diagram_5] 
20:58:40 info -  [DefaultGLSPServer] process [action=computedBounds, clientId=tasklist-diagram_5] 
20:58:43 info -  [DefaultGLSPServer] process [action=createEdge, clientId=tasklist-diagram_5] 
20:58:43 info -  [DefaultGLSPServer] process [action=computedBounds, clientId=tasklist-diagram_5] 
20:58:49 info -  [DefaultGLSPServer] process [action=createNode, clientId=tasklist-diagram_5] 
20:58:49 info -  [DefaultGLSPServer] process [action=computedBounds, clientId=tasklist-diagram_5] 
20:58:51 info -  [DefaultGLSPServer] process [action=requestPopupModel, clientId=tasklist-diagram_5] 
20:58:51 warn -  [RequestPopupModelActionHandler] Could not process `RequestPopupModelAction`. No `PopupModelFactory` is bound 
20:58:51 info -  [DefaultGLSPServer] process [action=compound, clientId=tasklist-diagram_5] 
20:58:51 info -  [DefaultGLSPServer] process [action=computedBounds, clientId=tasklist-diagram_5] 
20:58:53 info -  [DefaultGLSPServer] process [action=requestEditValidation, clientId=tasklist-diagram_5] 
20:58:53 info -  [DefaultGLSPServer] process [action=requestEditValidation, clientId=tasklist-diagram_5] 
20:58:53 info -  [DefaultGLSPServer] process [action=requestEditValidation, clientId=tasklist-diagram_5] 
20:58:55 info -  [DefaultGLSPServer] process [action=requestEditValidation, clientId=tasklist-diagram_5] 
20:58:55 info -  [DefaultGLSPServer] process [action=requestEditValidation, clientId=tasklist-diagram_5] 
20:58:55 info -  [DefaultGLSPServer] process [action=requestEditValidation, clientId=tasklist-diagram_5] 
20:58:55 info -  [DefaultGLSPServer] process [action=applyLabelEdit, clientId=tasklist-diagram_5] 
20:58:55 info -  [DefaultGLSPServer] process [action=computedBounds, clientId=tasklist-diagram_5] 
20:58:56 info -  [DefaultGLSPServer] process [action=requestPopupModel, clientId=tasklist-diagram_5] 
20:58:56 warn -  [RequestPopupModelActionHandler] Could not process `RequestPopupModelAction`. No `PopupModelFactory` is bound 
20:58:57 info -  [DefaultGLSPServer] process [action=compound, clientId=tasklist-diagram_5] 
20:58:57 info -  [DefaultGLSPServer] process [action=computedBounds, clientId=tasklist-diagram_5] 
20:58:59 info -  [DefaultGLSPServer] process [action=createEdge, clientId=tasklist-diagram_5] 
20:58:59 info -  [DefaultGLSPServer] process [action=computedBounds, clientId=tasklist-diagram_5] 
20:59:12 info -  [DefaultGLSPServer] process [action=createNode, clientId=tasklist-diagram_5] 
20:59:12 info -  [DefaultGLSPServer] process [action=computedBounds, clientId=tasklist-diagram_5] 
20:59:15 info -  [DefaultGLSPServer] process [action=requestEditValidation, clientId=tasklist-diagram_5] 
20:59:16 info -  [DefaultGLSPServer] process [action=requestEditValidation, clientId=tasklist-diagram_5] 
20:59:16 info -  [DefaultGLSPServer] process [action=requestEditValidation, clientId=tasklist-diagram_5] 
20:59:17 info -  [DefaultGLSPServer] process [action=requestEditValidation, clientId=tasklist-diagram_5] 
20:59:18 info -  [DefaultGLSPServer] process [action=requestEditValidation, clientId=tasklist-diagram_5] 
20:59:18 info -  [DefaultGLSPServer] process [action=requestEditValidation, clientId=tasklist-diagram_5] 
20:59:19 info -  [DefaultGLSPServer] process [action=requestEditValidation, clientId=tasklist-diagram_5] 
20:59:20 info -  [DefaultGLSPServer] process [action=requestEditValidation, clientId=tasklist-diagram_5] 
20:59:21 info -  [DefaultGLSPServer] process [action=requestEditValidation, clientId=tasklist-diagram_5] 
20:59:21 info -  [DefaultGLSPServer] process [action=requestEditValidation, clientId=tasklist-diagram_5] 
20:59:21 info -  [DefaultGLSPServer] process [action=requestEditValidation, clientId=tasklist-diagram_5] 
20:59:21 info -  [DefaultGLSPServer] process [action=applyLabelEdit, clientId=tasklist-diagram_5] 
20:59:21 info -  [DefaultGLSPServer] process [action=computedBounds, clientId=tasklist-diagram_5] 
20:59:23 info -  [DefaultGLSPServer] process [action=compound, clientId=tasklist-diagram_5] 
20:59:23 info -  [DefaultGLSPServer] process [action=computedBounds, clientId=tasklist-diagram_5] 
20:59:27 info -  [DefaultGLSPServer] process [action=createEdge, clientId=tasklist-diagram_5] 
20:59:27 info -  [DefaultGLSPServer] process [action=computedBounds, clientId=tasklist-diagram_5] 
20:59:30 info -  [DefaultGLSPServer] process [action=saveModel, clientId=tasklist-diagram_5] 
20:59:32 info -  [DefaultGLSPServer] process [action=generateSql, clientId=tasklist-diagram_5] 
