20:03:28 info -  [SocketServerLauncher] The GLSP server is ready to accept new client requests on port: 50517 
20:03:28 info -  [SocketServerLauncher] Starting GLSP server connection 
20:03:28 info -  [DefaultGLSPServer] Initializing server with: applicationId: 8fa79c82-a8d0-448f-8e8f-2c6bca6ddf68, protocolVersion: 1.0.0 
20:03:30 info -  [DefaultGLSPServer] Initializing client session with: clientSessionId: 'tasklist-diagram_0', diagramType: 'tasklist-diagram' 
20:03:30 info -  [DefaultGLSPServer] process [action=requestModel, clientId=tasklist-diagram_0] 
20:03:30 info -  [DefaultGLSPServer] process [action=requestTypeHints, clientId=tasklist-diagram_0] 
20:03:31 info -  [DefaultGLSPServer] process [action=computedBounds, clientId=tasklist-diagram_0] 
20:03:31 info -  [DefaultGLSPServer] process [action=requestContextActions, clientId=tasklist-diagram_0] 
20:03:38 info -  [DefaultGLSPServer] process [action=createNode, clientId=tasklist-diagram_0] 
20:03:38 info -  [DefaultGLSPServer] process [action=computedBounds, clientId=tasklist-diagram_0] 
20:03:41 info -  [DefaultGLSPServer] process [action=requestEditValidation, clientId=tasklist-diagram_0] 
20:03:41 info -  [DefaultGLSPServer] process [action=requestEditValidation, clientId=tasklist-diagram_0] 
20:03:41 info -  [DefaultGLSPServer] process [action=applyLabelEdit, clientId=tasklist-diagram_0] 
20:03:41 info -  [DefaultGLSPServer] process [action=computedBounds, clientId=tasklist-diagram_0] 
20:03:46 info -  [DefaultGLSPServer] process [action=deleteElement, clientId=tasklist-diagram_0] 
20:03:46 info -  [DefaultGLSPServer] process [action=computedBounds, clientId=tasklist-diagram_0] 
20:03:50 info -  [DefaultGLSPServer] process [action=createNode, clientId=tasklist-diagram_0] 
20:03:50 info -  [DefaultGLSPServer] process [action=computedBounds, clientId=tasklist-diagram_0] 
20:03:55 info -  [DefaultGLSPServer] process [action=changeBounds, clientId=tasklist-diagram_0] 
20:03:55 info -  [DefaultGLSPServer] process [action=computedBounds, clientId=tasklist-diagram_0] 
20:03:57 info -  [DefaultGLSPServer] process [action=createNode, clientId=tasklist-diagram_0] 
20:03:57 info -  [DefaultGLSPServer] process [action=computedBounds, clientId=tasklist-diagram_0] 
20:04:01 info -  [DefaultGLSPServer] process [action=createEdge, clientId=tasklist-diagram_0] 
20:04:01 info -  [DefaultGLSPServer] process [action=computedBounds, clientId=tasklist-diagram_0] 
20:04:04 info -  [DefaultGLSPServer] process [action=requestPopupModel, clientId=tasklist-diagram_0] 
20:04:04 warn -  [RequestPopupModelActionHandler] Could not process `RequestPopupModelAction`. No `PopupModelFactory` is bound 
20:04:05 info -  [DefaultGLSPServer] process [action=compound, clientId=tasklist-diagram_0] 
20:04:05 info -  [DefaultGLSPServer] process [action=computedBounds, clientId=tasklist-diagram_0] 
