22:40:12 info -  [SocketServerLauncher] The GLSP server is ready to accept new client requests on port: 57701 
22:40:12 info -  [SocketServerLauncher] Starting GLSP server connection 
22:40:12 info -  [DefaultGLSPServer] Initializing server with: applicationId: 51d26007-5d89-433b-b8b7-815bcb1613c2, protocolVersion: 1.0.0 
22:40:13 info -  [DefaultGLSPServer] Initializing client session with: clientSessionId: 'tasklist-diagram_0', diagramType: 'tasklist-diagram' 
22:40:13 info -  [DefaultGLSPServer] process [action=requestModel, clientId=tasklist-diagram_0] 
22:40:13 info -  [DefaultGLSPServer] process [action=requestTypeHints, clientId=tasklist-diagram_0] 
22:40:13 info -  [DefaultGLSPServer] process [action=computedBounds, clientId=tasklist-diagram_0] 
22:40:13 info -  [DefaultGLSPServer] process [action=requestContextActions, clientId=tasklist-diagram_0] 
22:40:17 info -  [DefaultGLSPServer] process [action=createNode, clientId=tasklist-diagram_0] 
22:40:17 info -  [DefaultGLSPServer] process [action=computedBounds, clientId=tasklist-diagram_0] 
22:40:20 info -  [DefaultGLSPServer] process [action=createNode, clientId=tasklist-diagram_0] 
22:40:20 info -  [DefaultGLSPServer] process [action=computedBounds, clientId=tasklist-diagram_0] 
22:40:24 info -  [DefaultGLSPServer] process [action=createEdge, clientId=tasklist-diagram_0] 
22:40:24 info -  [DefaultGLSPServer] process [action=computedBounds, clientId=tasklist-diagram_0] 
22:40:29 info -  [DefaultGLSPServer] process [action=deleteElement, clientId=tasklist-diagram_0] 
22:40:29 info -  [DefaultGLSPServer] process [action=computedBounds, clientId=tasklist-diagram_0] 
22:40:33 info -  [DefaultGLSPServer] process [action=createEdge, clientId=tasklist-diagram_0] 
22:40:33 info -  [DefaultGLSPServer] process [action=computedBounds, clientId=tasklist-diagram_0] 
22:40:36 info -  [DefaultGLSPServer] process [action=requestPopupModel, clientId=tasklist-diagram_0] 
22:40:36 warn -  [RequestPopupModelActionHandler] Could not process `RequestPopupModelAction`. No `PopupModelFactory` is bound 
22:40:42 info -  [DefaultGLSPServer] process [action=compound, clientId=tasklist-diagram_0] 
22:40:42 info -  [DefaultGLSPServer] process [action=computedBounds, clientId=tasklist-diagram_0] 
22:40:46 info -  [DefaultGLSPServer] process [action=requestEditValidation, clientId=tasklist-diagram_0] 
22:40:47 info -  [DefaultGLSPServer] process [action=requestEditValidation, clientId=tasklist-diagram_0] 
22:40:47 info -  [DefaultGLSPServer] process [action=requestEditValidation, clientId=tasklist-diagram_0] 
22:40:48 info -  [DefaultGLSPServer] process [action=requestEditValidation, clientId=tasklist-diagram_0] 
22:40:49 info -  [DefaultGLSPServer] process [action=requestEditValidation, clientId=tasklist-diagram_0] 
22:40:49 info -  [DefaultGLSPServer] process [action=requestEditValidation, clientId=tasklist-diagram_0] 
22:40:50 info -  [DefaultGLSPServer] process [action=requestEditValidation, clientId=tasklist-diagram_0] 
22:40:50 info -  [DefaultGLSPServer] process [action=requestEditValidation, clientId=tasklist-diagram_0] 
22:40:51 info -  [DefaultGLSPServer] process [action=requestEditValidation, clientId=tasklist-diagram_0] 
22:40:51 info -  [DefaultGLSPServer] process [action=requestEditValidation, clientId=tasklist-diagram_0] 
22:40:52 info -  [DefaultGLSPServer] process [action=requestEditValidation, clientId=tasklist-diagram_0] 
22:40:52 info -  [DefaultGLSPServer] process [action=requestEditValidation, clientId=tasklist-diagram_0] 
22:40:52 info -  [DefaultGLSPServer] process [action=applyLabelEdit, clientId=tasklist-diagram_0] 
22:40:52 info -  [DefaultGLSPServer] process [action=computedBounds, clientId=tasklist-diagram_0] 
22:40:56 info -  [DefaultGLSPServer] process [action=compound, clientId=tasklist-diagram_0] 
22:40:56 info -  [DefaultGLSPServer] process [action=computedBounds, clientId=tasklist-diagram_0] 
22:40:58 info -  [DefaultGLSPServer] process [action=compound, clientId=tasklist-diagram_0] 
22:40:58 info -  [DefaultGLSPServer] process [action=computedBounds, clientId=tasklist-diagram_0] 
22:40:58 info -  [DefaultGLSPServer] process [action=compound, clientId=tasklist-diagram_0] 
22:40:58 info -  [DefaultGLSPServer] process [action=computedBounds, clientId=tasklist-diagram_0] 
22:41:00 info -  [DefaultGLSPServer] process [action=compound, clientId=tasklist-diagram_0] 
22:41:00 info -  [DefaultGLSPServer] process [action=computedBounds, clientId=tasklist-diagram_0] 
