19:10:21 info -  [SocketServerLauncher] The GLSP server is ready to accept new client requests on port: 56083 
19:10:21 info -  [SocketServerLauncher] Starting GLSP server connection 
19:10:21 info -  [DefaultGLSPServer] Initializing server with: applicationId: c254252c-e24e-4a67-97ed-bed5d850f143, protocolVersion: 1.0.0 
19:11:05 info -  [DefaultGLSPServer] Initializing client session with: clientSessionId: 'tasklist-diagram_0', diagramType: 'tasklist-diagram' 
19:11:05 info -  [DefaultGLSPServer] process [action=requestModel, clientId=tasklist-diagram_0] 
19:11:05 info -  [DefaultGLSPServer] process [action=requestTypeHints, clientId=tasklist-diagram_0] 
19:11:05 info -  [DefaultGLSPServer] process [action=computedBounds, clientId=tasklist-diagram_0] 
19:11:05 info -  [DefaultGLSPServer] process [action=requestContextActions, clientId=tasklist-diagram_0] 
19:11:11 info -  [DefaultGLSPServer] process [action=createNode, clientId=tasklist-diagram_0] 
19:11:11 info -  [DefaultGLSPServer] process [action=computedBounds, clientId=tasklist-diagram_0] 
19:11:13 info -  [DefaultGLSPServer] process [action=createNode, clientId=tasklist-diagram_0] 
19:11:13 info -  [DefaultGLSPServer] process [action=computedBounds, clientId=tasklist-diagram_0] 
19:11:15 info -  [DefaultGLSPServer] process [action=createNode, clientId=tasklist-diagram_0] 
19:11:15 info -  [DefaultGLSPServer] process [action=computedBounds, clientId=tasklist-diagram_0] 
19:11:17 info -  [DefaultGLSPServer] process [action=createNode, clientId=tasklist-diagram_0] 
19:11:17 info -  [DefaultGLSPServer] process [action=computedBounds, clientId=tasklist-diagram_0] 
19:11:19 info -  [DefaultGLSPServer] process [action=compound, clientId=tasklist-diagram_0] 
19:11:19 info -  [DefaultGLSPServer] process [action=computedBounds, clientId=tasklist-diagram_0] 
19:11:20 info -  [DefaultGLSPServer] process [action=compound, clientId=tasklist-diagram_0] 
19:11:20 info -  [DefaultGLSPServer] process [action=computedBounds, clientId=tasklist-diagram_0] 
19:11:22 info -  [DefaultGLSPServer] process [action=createEdge, clientId=tasklist-diagram_0] 
19:11:22 info -  [DefaultGLSPServer] process [action=computedBounds, clientId=tasklist-diagram_0] 
19:11:25 info -  [DefaultGLSPServer] process [action=createEdge, clientId=tasklist-diagram_0] 
19:11:25 info -  [DefaultGLSPServer] process [action=computedBounds, clientId=tasklist-diagram_0] 
19:11:27 info -  [DefaultGLSPServer] process [action=createEdge, clientId=tasklist-diagram_0] 
19:11:27 info -  [DefaultGLSPServer] process [action=computedBounds, clientId=tasklist-diagram_0] 
19:11:29 info -  [DefaultGLSPServer] process [action=generateSql, clientId=tasklist-diagram_0] 
19:12:49 info -  [DefaultGLSPServer] process [action=generateSql, clientId=tasklist-diagram_0] 
