19:18:58 info -  [SocketServerLauncher] The GLSP server is ready to accept new client requests on port: 50156 
19:18:58 info -  [SocketServerLauncher] Starting GLSP server connection 
19:18:58 info -  [DefaultGLSPServer] Initializing server with: applicationId: eb1b82ee-882a-4ec1-8cf3-f9b791bf06e9, protocolVersion: 1.0.0 
19:18:59 info -  [DefaultGLSPServer] Initializing client session with: clientSessionId: 'tasklist-diagram_0', diagramType: 'tasklist-diagram' 
19:18:59 info -  [DefaultGLSPServer] process [action=requestModel, clientId=tasklist-diagram_0] 
19:18:59 info -  [DefaultGLSPServer] process [action=requestTypeHints, clientId=tasklist-diagram_0] 
19:18:59 info -  [DefaultGLSPServer] process [action=computedBounds, clientId=tasklist-diagram_0] 
19:18:59 info -  [DefaultGLSPServer] process [action=requestContextActions, clientId=tasklist-diagram_0] 
19:19:03 info -  [DefaultGLSPServer] process [action=createNode, clientId=tasklist-diagram_0] 
19:19:03 info -  [DefaultGLSPServer] process [action=computedBounds, clientId=tasklist-diagram_0] 
19:19:06 info -  [DefaultGLSPServer] process [action=requestEditValidation, clientId=tasklist-diagram_0] 
19:19:06 info -  [DefaultGLSPServer] process [action=requestEditValidation, clientId=tasklist-diagram_0] 
19:19:06 info -  [DefaultGLSPServer] process [action=requestEditValidation, clientId=tasklist-diagram_0] 
19:19:06 info -  [DefaultGLSPServer] process [action=applyLabelEdit, clientId=tasklist-diagram_0] 
19:19:06 error -  [DefaultCommandStack] An error occurred during command execution. CommandStack will be flushed! Could not find model element for node with id d13bc6f6-12a3-45a6-a440-3416445ae36d
            Error: Could not find model element for node with id d13bc6f6-12a3-45a6-a440-3416445ae36d
    at JsonRecordingCommand.doExecute (c:\Users\roby0\Desktop\URJC\TFG\tfg-glsp\tasklist-vscode\extension\dist\tasklist-glsp-server.js:61117:27)
    at JsonRecordingCommand.execute (c:\Users\roby0\Desktop\URJC\TFG\tfg-glsp\tasklist-vscode\extension\dist\tasklist-glsp-server.js:7930:20)
    at process.processTicksAndRejections (node:internal/process/task_queues:105:5)
    at async DefaultCommandStack.execute (c:\Users\roby0\Desktop\URJC\TFG\tfg-glsp\tasklist-vscode\extension\dist\tasklist-glsp-server.js:7720:13)
19:19:06 error -  [DefaultGLSPServer] Could not process action: 'applyLabelEdit 
19:19:06 error -  [DefaultGLSPServer] Error: Could not find model element for node with id d13bc6f6-12a3-45a6-a440-3416445ae36d 
19:19:10 info -  [DefaultGLSPServer] process [action=requestPopupModel, clientId=tasklist-diagram_0] 
19:19:10 warn -  [RequestPopupModelActionHandler] Could not process `RequestPopupModelAction`. No `PopupModelFactory` is bound 
19:19:10 info -  [DefaultGLSPServer] process [action=changeBounds, clientId=tasklist-diagram_0] 
19:19:10 info -  [DefaultGLSPServer] process [action=computedBounds, clientId=tasklist-diagram_0] 
19:19:12 info -  [DefaultGLSPServer] process [action=compound, clientId=tasklist-diagram_0] 
19:19:12 info -  [DefaultGLSPServer] process [action=computedBounds, clientId=tasklist-diagram_0] 
19:19:14 info -  [DefaultGLSPServer] process [action=requestEditValidation, clientId=tasklist-diagram_0] 
19:19:14 info -  [DefaultGLSPServer] process [action=compound, clientId=tasklist-diagram_0] 
19:19:14 info -  [DefaultGLSPServer] process [action=computedBounds, clientId=tasklist-diagram_0] 
19:19:14 info -  [DefaultGLSPServer] process [action=requestEditValidation, clientId=tasklist-diagram_0] 
19:19:14 info -  [DefaultGLSPServer] process [action=applyLabelEdit, clientId=tasklist-diagram_0] 
19:19:14 error -  [DefaultCommandStack] An error occurred during command execution. CommandStack will be flushed! Could not find model element for node with id d13bc6f6-12a3-45a6-a440-3416445ae36d
            Error: Could not find model element for node with id d13bc6f6-12a3-45a6-a440-3416445ae36d
    at JsonRecordingCommand.doExecute (c:\Users\roby0\Desktop\URJC\TFG\tfg-glsp\tasklist-vscode\extension\dist\tasklist-glsp-server.js:61117:27)
    at JsonRecordingCommand.execute (c:\Users\roby0\Desktop\URJC\TFG\tfg-glsp\tasklist-vscode\extension\dist\tasklist-glsp-server.js:7930:20)
    at process.processTicksAndRejections (node:internal/process/task_queues:105:5)
    at async DefaultCommandStack.execute (c:\Users\roby0\Desktop\URJC\TFG\tfg-glsp\tasklist-vscode\extension\dist\tasklist-glsp-server.js:7720:13)
19:19:14 error -  [DefaultGLSPServer] Could not process action: 'applyLabelEdit 
19:19:14 error -  [DefaultGLSPServer] Error: Could not find model element for node with id d13bc6f6-12a3-45a6-a440-3416445ae36d 
19:19:18 info -  [DefaultGLSPServer] process [action=compound, clientId=tasklist-diagram_0] 
19:19:18 info -  [DefaultGLSPServer] process [action=computedBounds, clientId=tasklist-diagram_0] 
