16:45:16 info -  [SocketServerLauncher] The GLSP server is ready to accept new client requests on port: 52430 
16:45:16 info -  [SocketServerLauncher] Starting GLSP server connection 
16:45:16 info -  [DefaultGLSPServer] Initializing server with: applicationId: 58bc3c6a-fa58-4970-a393-ff4b20aa8304, protocolVersion: 1.0.0 
16:45:18 info -  [DefaultGLSPServer] Initializing client session with: clientSessionId: 'tasklist-diagram_0', diagramType: 'tasklist-diagram' 
16:45:18 info -  [DefaultGLSPServer] process [action=requestModel, clientId=tasklist-diagram_0] 
16:45:18 info -  [DefaultGLSPServer] process [action=requestTypeHints, clientId=tasklist-diagram_0] 
16:45:18 info -  [DefaultGLSPServer] process [action=computedBounds, clientId=tasklist-diagram_0] 
16:45:18 info -  [DefaultGLSPServer] process [action=requestContextActions, clientId=tasklist-diagram_0] 
16:45:22 info -  [DefaultGLSPServer] process [action=createNode, clientId=tasklist-diagram_0] 
16:45:22 info -  [DefaultGLSPServer] process [action=computedBounds, clientId=tasklist-diagram_0] 
16:45:24 info -  [DefaultGLSPServer] process [action=createNode, clientId=tasklist-diagram_0] 
16:45:24 info -  [DefaultGLSPServer] process [action=computedBounds, clientId=tasklist-diagram_0] 
16:45:28 info -  [DefaultGLSPServer] process [action=createNode, clientId=tasklist-diagram_0] 
16:45:28 info -  [DefaultGLSPServer] process [action=computedBounds, clientId=tasklist-diagram_0] 
16:45:31 info -  [DefaultGLSPServer] process [action=createEdge, clientId=tasklist-diagram_0] 
16:45:31 info -  [DefaultGLSPServer] process [action=computedBounds, clientId=tasklist-diagram_0] 
16:45:33 info -  [DefaultGLSPServer] process [action=createNode, clientId=tasklist-diagram_0] 
16:45:33 info -  [DefaultGLSPServer] process [action=computedBounds, clientId=tasklist-diagram_0] 
16:45:35 info -  [DefaultGLSPServer] process [action=createNode, clientId=tasklist-diagram_0] 
16:45:35 info -  [DefaultGLSPServer] process [action=computedBounds, clientId=tasklist-diagram_0] 
16:45:38 info -  [DefaultGLSPServer] process [action=createEdge, clientId=tasklist-diagram_0] 
16:45:38 info -  [DefaultGLSPServer] process [action=computedBounds, clientId=tasklist-diagram_0] 
16:45:40 info -  [DefaultGLSPServer] process [action=requestPopupModel, clientId=tasklist-diagram_0] 
16:45:40 warn -  [RequestPopupModelActionHandler] Could not process `RequestPopupModelAction`. No `PopupModelFactory` is bound 
16:45:41 info -  [DefaultGLSPServer] process [action=compound, clientId=tasklist-diagram_0] 
16:45:41 info -  [DefaultGLSPServer] process [action=computedBounds, clientId=tasklist-diagram_0] 
16:45:42 info -  [DefaultGLSPServer] process [action=requestMarkers, clientId=tasklist-diagram_0] 
