19:45:17 info -  [SocketServerLauncher] The GLSP server is ready to accept new client requests on port: 56364 
19:45:17 info -  [SocketServerLauncher] Starting GLSP server connection 
19:45:17 info -  [DefaultGLSPServer] Initializing server with: applicationId: bc92045c-74e7-4161-a6bc-2109aa7a41ac, protocolVersion: 1.0.0 
19:45:19 info -  [DefaultGLSPServer] Initializing client session with: clientSessionId: 'tasklist-diagram_0', diagramType: 'tasklist-diagram' 
19:45:19 info -  [DefaultGLSPServer] process [action=requestModel, clientId=tasklist-diagram_0] 
19:45:19 info -  [DefaultGLSPServer] process [action=requestTypeHints, clientId=tasklist-diagram_0] 
19:45:20 info -  [DefaultGLSPServer] process [action=computedBounds, clientId=tasklist-diagram_0] 
19:45:20 info -  [DefaultGLSPServer] process [action=requestContextActions, clientId=tasklist-diagram_0] 
19:45:24 info -  [DefaultGLSPServer] process [action=createNode, clientId=tasklist-diagram_0] 
19:45:24 info -  [DefaultGLSPServer] process [action=computedBounds, clientId=tasklist-diagram_0] 
19:45:32 info -  [DefaultGLSPServer] process [action=createNode, clientId=tasklist-diagram_0] 
19:45:32 info -  [DefaultGLSPServer] process [action=computedBounds, clientId=tasklist-diagram_0] 
19:45:35 info -  [DefaultGLSPServer] process [action=createEdge, clientId=tasklist-diagram_0] 
19:45:35 info -  [DefaultGLSPServer] process [action=computedBounds, clientId=tasklist-diagram_0] 
19:45:37 info -  [DefaultGLSPServer] process [action=requestMarkers, clientId=tasklist-diagram_0] 
19:45:44 info -  [DefaultGLSPServer] process [action=deleteElement, clientId=tasklist-diagram_0] 
19:45:44 info -  [DefaultGLSPServer] process [action=computedBounds, clientId=tasklist-diagram_0] 
19:45:46 info -  [DefaultGLSPServer] process [action=createNode, clientId=tasklist-diagram_0] 
19:45:46 info -  [DefaultGLSPServer] process [action=computedBounds, clientId=tasklist-diagram_0] 
19:45:49 info -  [DefaultGLSPServer] process [action=createEdge, clientId=tasklist-diagram_0] 
19:45:49 info -  [DefaultGLSPServer] process [action=computedBounds, clientId=tasklist-diagram_0] 
19:45:52 info -  [DefaultGLSPServer] process [action=requestMarkers, clientId=tasklist-diagram_0] 
19:45:54 info -  [DefaultGLSPServer] process [action=requestMarkers, clientId=tasklist-diagram_0] 
19:45:56 info -  [DefaultGLSPServer] process [action=requestPopupModel, clientId=tasklist-diagram_0] 
19:45:56 warn -  [RequestPopupModelActionHandler] Could not process `RequestPopupModelAction`. No `PopupModelFactory` is bound 
19:47:05 info -  [DefaultGLSPServer] process [action=requestMarkers, clientId=tasklist-diagram_0] 
