18:12:49 info -  [SocketServerLauncher] The GLSP server is ready to accept new client requests on port: 53312 
18:12:49 info -  [SocketServerLauncher] Starting GLSP server connection 
18:12:49 info -  [DefaultGLSPServer] Initializing server with: applicationId: 283aa202-1c75-4411-a1f1-e16b57c6d26a, protocolVersion: 1.0.0 
18:12:50 info -  [DefaultGLSPServer] Initializing client session with: clientSessionId: 'tasklist-diagram_0', diagramType: 'tasklist-diagram' 
18:12:50 info -  [DefaultGLSPServer] process [action=requestModel, clientId=tasklist-diagram_0] 
18:12:50 info -  [DefaultGLSPServer] process [action=requestTypeHints, clientId=tasklist-diagram_0] 
18:12:50 info -  [DefaultGLSPServer] process [action=computedBounds, clientId=tasklist-diagram_0] 
18:12:50 info -  [DefaultGLSPServer] process [action=requestContextActions, clientId=tasklist-diagram_0] 
18:12:53 info -  [DefaultGLSPServer] process [action=createNode, clientId=tasklist-diagram_0] 
18:12:53 info -  [DefaultGLSPServer] process [action=computedBounds, clientId=tasklist-diagram_0] 
18:12:54 info -  [DefaultGLSPServer] process [action=requestMarkers, clientId=tasklist-diagram_0] 
18:13:01 info -  [DefaultGLSPServer] process [action=compound, clientId=tasklist-diagram_0] 
18:13:01 info -  [DefaultGLSPServer] process [action=computedBounds, clientId=tasklist-diagram_0] 
18:13:13 info -  [DefaultGLSPServer] process [action=createNode, clientId=tasklist-diagram_0] 
18:13:13 info -  [DefaultGLSPServer] process [action=computedBounds, clientId=tasklist-diagram_0] 
18:13:15 info -  [DefaultGLSPServer] process [action=createNode, clientId=tasklist-diagram_0] 
18:13:15 info -  [DefaultGLSPServer] process [action=computedBounds, clientId=tasklist-diagram_0] 
18:13:18 info -  [DefaultGLSPServer] process [action=createEdge, clientId=tasklist-diagram_0] 
18:13:18 info -  [DefaultGLSPServer] process [action=computedBounds, clientId=tasklist-diagram_0] 
18:13:19 info -  [DefaultGLSPServer] process [action=createEdge, clientId=tasklist-diagram_0] 
18:13:20 info -  [DefaultGLSPServer] process [action=computedBounds, clientId=tasklist-diagram_0] 
18:13:21 info -  [DefaultGLSPServer] process [action=requestMarkers, clientId=tasklist-diagram_0] 
18:13:26 info -  [DefaultGLSPServer] process [action=compound, clientId=tasklist-diagram_0] 
18:13:26 info -  [DefaultGLSPServer] process [action=computedBounds, clientId=tasklist-diagram_0] 
18:13:38 info -  [DefaultGLSPServer] process [action=createNode, clientId=tasklist-diagram_0] 
18:13:38 info -  [DefaultGLSPServer] process [action=computedBounds, clientId=tasklist-diagram_0] 
18:13:42 info -  [DefaultGLSPServer] process [action=createEdge, clientId=tasklist-diagram_0] 
18:13:42 info -  [DefaultGLSPServer] process [action=computedBounds, clientId=tasklist-diagram_0] 
18:13:45 info -  [DefaultGLSPServer] process [action=requestMarkers, clientId=tasklist-diagram_0] 
18:15:00 info -  [DefaultGLSPServer] process [action=deleteElement, clientId=tasklist-diagram_0] 
18:15:00 info -  [DefaultGLSPServer] process [action=computedBounds, clientId=tasklist-diagram_0] 
18:15:01 info -  [DefaultGLSPServer] process [action=requestMarkers, clientId=tasklist-diagram_0] 
18:15:03 info -  [DefaultGLSPServer] process [action=requestPopupModel, clientId=tasklist-diagram_0] 
18:15:03 warn -  [RequestPopupModelActionHandler] Could not process `RequestPopupModelAction`. No `PopupModelFactory` is bound 
18:15:07 info -  [DefaultGLSPServer] process [action=createNode, clientId=tasklist-diagram_0] 
18:15:07 info -  [DefaultGLSPServer] process [action=computedBounds, clientId=tasklist-diagram_0] 
18:15:09 info -  [DefaultGLSPServer] process [action=createEdge, clientId=tasklist-diagram_0] 
18:15:09 info -  [DefaultGLSPServer] process [action=computedBounds, clientId=tasklist-diagram_0] 
18:15:10 info -  [DefaultGLSPServer] process [action=requestMarkers, clientId=tasklist-diagram_0] 
