22:45:28 info -  [SocketServerLauncher] The GLSP server is ready to accept new client requests on port: 61270 
22:45:28 info -  [SocketServerLauncher] Starting GLSP server connection 
22:45:28 info -  [DefaultGLSPServer] Initializing server with: applicationId: 734855bb-f870-495a-bbbc-5fa9714d7485, protocolVersion: 1.0.0 
22:45:30 info -  [DefaultGLSPServer] Initializing client session with: clientSessionId: 'tasklist-diagram_0', diagramType: 'tasklist-diagram' 
22:45:30 info -  [DefaultGLSPServer] process [action=requestModel, clientId=tasklist-diagram_0] 
22:45:30 info -  [DefaultGLSPServer] process [action=requestTypeHints, clientId=tasklist-diagram_0] 
22:45:30 info -  [DefaultGLSPServer] process [action=computedBounds, clientId=tasklist-diagram_0] 
22:45:30 info -  [DefaultGLSPServer] process [action=requestContextActions, clientId=tasklist-diagram_0] 
22:46:06 info -  [DefaultGLSPServer] process [action=generateSql, clientId=tasklist-diagram_0] 
22:47:35 info -  [DefaultGLSPServer] process [action=createNode, clientId=tasklist-diagram_0] 
22:47:35 info -  [DefaultGLSPServer] process [action=computedBounds, clientId=tasklist-diagram_0] 
22:47:40 info -  [DefaultGLSPServer] process [action=createNode, clientId=tasklist-diagram_0] 
22:47:40 info -  [DefaultGLSPServer] process [action=computedBounds, clientId=tasklist-diagram_0] 
22:47:49 info -  [DefaultGLSPServer] process [action=createNode, clientId=tasklist-diagram_0] 
22:47:49 info -  [DefaultGLSPServer] process [action=computedBounds, clientId=tasklist-diagram_0] 
22:47:52 info -  [DefaultGLSPServer] process [action=createEdge, clientId=tasklist-diagram_0] 
22:47:52 info -  [DefaultGLSPServer] process [action=computedBounds, clientId=tasklist-diagram_0] 
22:48:00 info -  [DefaultGLSPServer] process [action=createEdge, clientId=tasklist-diagram_0] 
22:48:00 info -  [DefaultGLSPServer] process [action=computedBounds, clientId=tasklist-diagram_0] 
22:48:01 info -  [DefaultGLSPServer] process [action=glspUndo, clientId=tasklist-diagram_0] 
22:48:01 info -  [DefaultGLSPServer] process [action=computedBounds, clientId=tasklist-diagram_0] 
22:48:05 info -  [DefaultGLSPServer] process [action=createEdge, clientId=tasklist-diagram_0] 
22:48:05 info -  [DefaultGLSPServer] process [action=computedBounds, clientId=tasklist-diagram_0] 
22:48:08 info -  [DefaultGLSPServer] process [action=createEdge, clientId=tasklist-diagram_0] 
22:48:08 info -  [DefaultGLSPServer] process [action=computedBounds, clientId=tasklist-diagram_0] 
22:48:12 info -  [DefaultGLSPServer] process [action=glspUndo, clientId=tasklist-diagram_0] 
22:48:12 info -  [DefaultGLSPServer] process [action=computedBounds, clientId=tasklist-diagram_0] 
22:48:16 info -  [DefaultGLSPServer] process [action=createEdge, clientId=tasklist-diagram_0] 
22:48:16 info -  [DefaultGLSPServer] process [action=computedBounds, clientId=tasklist-diagram_0] 
22:48:18 info -  [DefaultGLSPServer] process [action=requestPopupModel, clientId=tasklist-diagram_0] 
22:48:18 warn -  [RequestPopupModelActionHandler] Could not process `RequestPopupModelAction`. No `PopupModelFactory` is bound 
22:48:22 info -  [DefaultGLSPServer] process [action=compound, clientId=tasklist-diagram_0] 
22:48:22 info -  [DefaultGLSPServer] process [action=computedBounds, clientId=tasklist-diagram_0] 
22:48:29 info -  [DefaultGLSPServer] process [action=deleteElement, clientId=tasklist-diagram_0] 
22:48:29 info -  [DefaultGLSPServer] process [action=computedBounds, clientId=tasklist-diagram_0] 
22:48:36 info -  [DefaultGLSPServer] process [action=deleteElement, clientId=tasklist-diagram_0] 
22:48:36 info -  [DefaultGLSPServer] process [action=computedBounds, clientId=tasklist-diagram_0] 
22:48:45 info -  [DefaultGLSPServer] process [action=requestPopupModel, clientId=tasklist-diagram_0] 
22:48:45 warn -  [RequestPopupModelActionHandler] Could not process `RequestPopupModelAction`. No `PopupModelFactory` is bound 
22:48:58 info -  [DefaultGLSPServer] process [action=compound, clientId=tasklist-diagram_0] 
22:48:58 info -  [DefaultGLSPServer] process [action=computedBounds, clientId=tasklist-diagram_0] 
22:49:00 info -  [DefaultGLSPServer] process [action=requestPopupModel, clientId=tasklist-diagram_0] 
22:49:00 warn -  [RequestPopupModelActionHandler] Could not process `RequestPopupModelAction`. No `PopupModelFactory` is bound 
22:49:01 info -  [DefaultGLSPServer] process [action=compound, clientId=tasklist-diagram_0] 
22:49:01 info -  [DefaultGLSPServer] process [action=computedBounds, clientId=tasklist-diagram_0] 
22:49:17 info -  [DefaultGLSPServer] process [action=deleteElement, clientId=tasklist-diagram_0] 
22:49:17 info -  [DefaultGLSPServer] process [action=computedBounds, clientId=tasklist-diagram_0] 
22:49:19 info -  [DefaultGLSPServer] process [action=deleteElement, clientId=tasklist-diagram_0] 
22:49:19 info -  [DefaultGLSPServer] process [action=computedBounds, clientId=tasklist-diagram_0] 
22:49:21 info -  [DefaultGLSPServer] process [action=deleteElement, clientId=tasklist-diagram_0] 
22:49:21 info -  [DefaultGLSPServer] process [action=computedBounds, clientId=tasklist-diagram_0] 
22:49:24 info -  [DefaultGLSPServer] process [action=saveModel, clientId=tasklist-diagram_0] 
22:52:08 info -  [DefaultGLSPServer] process [action=createNode, clientId=tasklist-diagram_0] 
22:52:08 info -  [DefaultGLSPServer] process [action=computedBounds, clientId=tasklist-diagram_0] 
22:52:11 info -  [DefaultGLSPServer] process [action=createEdge, clientId=tasklist-diagram_0] 
22:52:11 info -  [DefaultGLSPServer] process [action=computedBounds, clientId=tasklist-diagram_0] 
22:52:12 info -  [DefaultGLSPServer] process [action=compound, clientId=tasklist-diagram_0] 
22:52:12 info -  [DefaultGLSPServer] process [action=computedBounds, clientId=tasklist-diagram_0] 
22:52:14 info -  [DefaultGLSPServer] process [action=requestEditValidation, clientId=tasklist-diagram_0] 
22:52:14 info -  [DefaultGLSPServer] process [action=requestEditValidation, clientId=tasklist-diagram_0] 
22:52:15 info -  [DefaultGLSPServer] process [action=requestEditValidation, clientId=tasklist-diagram_0] 
22:52:16 info -  [DefaultGLSPServer] process [action=requestEditValidation, clientId=tasklist-diagram_0] 
22:52:17 info -  [DefaultGLSPServer] process [action=requestEditValidation, clientId=tasklist-diagram_0] 
22:52:18 info -  [DefaultGLSPServer] process [action=requestEditValidation, clientId=tasklist-diagram_0] 
22:52:18 info -  [DefaultGLSPServer] process [action=requestEditValidation, clientId=tasklist-diagram_0] 
22:52:19 info -  [DefaultGLSPServer] process [action=requestEditValidation, clientId=tasklist-diagram_0] 
22:52:19 info -  [DefaultGLSPServer] process [action=requestEditValidation, clientId=tasklist-diagram_0] 
22:52:19 info -  [DefaultGLSPServer] process [action=applyLabelEdit, clientId=tasklist-diagram_0] 
22:52:19 info -  [DefaultGLSPServer] process [action=computedBounds, clientId=tasklist-diagram_0] 
22:52:20 info -  [DefaultGLSPServer] process [action=saveModel, clientId=tasklist-diagram_0] 
22:52:22 info -  [DefaultGLSPServer] process [action=generateSql, clientId=tasklist-diagram_0] 
22:52:30 info -  [DefaultGLSPServer] Initializing client session with: clientSessionId: 'tasklist-diagram_1', diagramType: 'tasklist-diagram' 
22:52:30 info -  [DefaultGLSPServer] process [action=requestModel, clientId=tasklist-diagram_1] 
22:52:30 info -  [DefaultGLSPServer] process [action=requestTypeHints, clientId=tasklist-diagram_1] 
22:52:30 info -  [DefaultGLSPServer] process [action=computedBounds, clientId=tasklist-diagram_1] 
22:52:30 info -  [DefaultGLSPServer] process [action=requestContextActions, clientId=tasklist-diagram_1] 
22:52:33 info -  [DefaultGLSPServer] process [action=createNode, clientId=tasklist-diagram_1] 
22:52:33 info -  [DefaultGLSPServer] process [action=computedBounds, clientId=tasklist-diagram_1] 
22:52:35 info -  [DefaultGLSPServer] process [action=requestEditValidation, clientId=tasklist-diagram_1] 
22:52:35 info -  [DefaultGLSPServer] process [action=requestEditValidation, clientId=tasklist-diagram_1] 
22:52:36 info -  [DefaultGLSPServer] process [action=requestEditValidation, clientId=tasklist-diagram_1] 
22:52:36 info -  [DefaultGLSPServer] process [action=requestEditValidation, clientId=tasklist-diagram_1] 
22:52:36 info -  [DefaultGLSPServer] process [action=requestEditValidation, clientId=tasklist-diagram_1] 
22:52:36 info -  [DefaultGLSPServer] process [action=applyLabelEdit, clientId=tasklist-diagram_1] 
22:52:36 info -  [DefaultGLSPServer] process [action=computedBounds, clientId=tasklist-diagram_1] 
22:52:37 info -  [DefaultGLSPServer] process [action=requestPopupModel, clientId=tasklist-diagram_1] 
22:52:37 warn -  [RequestPopupModelActionHandler] Could not process `RequestPopupModelAction`. No `PopupModelFactory` is bound 
22:52:37 info -  [DefaultGLSPServer] process [action=compound, clientId=tasklist-diagram_1] 
22:52:37 info -  [DefaultGLSPServer] process [action=computedBounds, clientId=tasklist-diagram_1] 
22:52:39 info -  [DefaultGLSPServer] process [action=createEdge, clientId=tasklist-diagram_1] 
22:52:39 info -  [DefaultGLSPServer] process [action=computedBounds, clientId=tasklist-diagram_1] 
22:52:49 info -  [DefaultGLSPServer] process [action=saveModel, clientId=tasklist-diagram_1] 
22:52:52 info -  [DefaultGLSPServer] process [action=generateSql, clientId=tasklist-diagram_1] 
22:53:16 info -  [DefaultGLSPServer] Initializing client session with: clientSessionId: 'tasklist-diagram_2', diagramType: 'tasklist-diagram' 
22:53:16 info -  [DefaultGLSPServer] process [action=requestModel, clientId=tasklist-diagram_2] 
22:53:16 info -  [DefaultGLSPServer] process [action=requestTypeHints, clientId=tasklist-diagram_2] 
22:53:16 info -  [DefaultGLSPServer] process [action=computedBounds, clientId=tasklist-diagram_2] 
22:53:16 info -  [DefaultGLSPServer] process [action=requestContextActions, clientId=tasklist-diagram_2] 
22:53:20 info -  [DefaultGLSPServer] process [action=compound, clientId=tasklist-diagram_2] 
22:53:20 info -  [DefaultGLSPServer] process [action=computedBounds, clientId=tasklist-diagram_2] 
22:53:20 info -  [DefaultGLSPServer] process [action=compound, clientId=tasklist-diagram_2] 
22:53:21 info -  [DefaultGLSPServer] process [action=computedBounds, clientId=tasklist-diagram_2] 
22:53:21 info -  [DefaultGLSPServer] process [action=compound, clientId=tasklist-diagram_2] 
22:53:22 info -  [DefaultGLSPServer] process [action=computedBounds, clientId=tasklist-diagram_2] 
22:53:23 info -  [DefaultGLSPServer] process [action=compound, clientId=tasklist-diagram_2] 
22:53:23 info -  [DefaultGLSPServer] process [action=computedBounds, clientId=tasklist-diagram_2] 
22:53:24 info -  [DefaultGLSPServer] process [action=compound, clientId=tasklist-diagram_2] 
22:53:24 info -  [DefaultGLSPServer] process [action=computedBounds, clientId=tasklist-diagram_2] 
22:53:24 info -  [DefaultGLSPServer] process [action=compound, clientId=tasklist-diagram_2] 
22:53:24 info -  [DefaultGLSPServer] process [action=computedBounds, clientId=tasklist-diagram_2] 
22:53:25 info -  [DefaultGLSPServer] process [action=compound, clientId=tasklist-diagram_2] 
22:53:25 info -  [DefaultGLSPServer] process [action=computedBounds, clientId=tasklist-diagram_2] 
22:53:29 info -  [DefaultGLSPServer] process [action=createNode, clientId=tasklist-diagram_2] 
22:53:29 info -  [DefaultGLSPServer] process [action=computedBounds, clientId=tasklist-diagram_2] 
22:53:31 info -  [DefaultGLSPServer] process [action=requestEditValidation, clientId=tasklist-diagram_2] 
22:53:32 info -  [DefaultGLSPServer] process [action=requestEditValidation, clientId=tasklist-diagram_2] 
22:53:32 info -  [DefaultGLSPServer] process [action=requestEditValidation, clientId=tasklist-diagram_2] 
22:53:32 info -  [DefaultGLSPServer] process [action=applyLabelEdit, clientId=tasklist-diagram_2] 
22:53:32 info -  [DefaultGLSPServer] process [action=computedBounds, clientId=tasklist-diagram_2] 
22:53:34 info -  [DefaultGLSPServer] process [action=compound, clientId=tasklist-diagram_2] 
22:53:34 info -  [DefaultGLSPServer] process [action=computedBounds, clientId=tasklist-diagram_2] 
22:53:36 info -  [DefaultGLSPServer] process [action=createEdge, clientId=tasklist-diagram_2] 
22:53:36 info -  [DefaultGLSPServer] process [action=computedBounds, clientId=tasklist-diagram_2] 
22:53:37 info -  [DefaultGLSPServer] process [action=saveModel, clientId=tasklist-diagram_2] 
22:53:39 info -  [DefaultGLSPServer] process [action=generateSql, clientId=tasklist-diagram_2] 
22:53:47 info -  [DefaultGLSPServer] process [action=generateSql, clientId=tasklist-diagram_2] 
