23:32:50 info -  [SocketServerLauncher] The GLSP server is ready to accept new client requests on port: 51779 
23:32:50 info -  [SocketServerLauncher] Starting GLSP server connection 
23:32:50 info -  [DefaultGLSPServer] Initializing server with: applicationId: 92ab1d64-0892-4a33-9321-c0faa0251fa1, protocolVersion: 1.0.0 
23:32:53 info -  [DefaultGLSPServer] Initializing client session with: clientSessionId: 'tasklist-diagram_0', diagramType: 'tasklist-diagram' 
23:32:53 info -  [DefaultGLSPServer] process [action=requestModel, clientId=tasklist-diagram_0] 
23:32:53 info -  [DefaultGLSPServer] process [action=requestTypeHints, clientId=tasklist-diagram_0] 
23:32:53 info -  [DefaultGLSPServer] process [action=computedBounds, clientId=tasklist-diagram_0] 
23:32:53 info -  [DefaultGLSPServer] process [action=requestContextActions, clientId=tasklist-diagram_0] 
23:33:05 info -  [DefaultGLSPServer] Initializing client session with: clientSessionId: 'tasklist-diagram_1', diagramType: 'tasklist-diagram' 
23:33:05 info -  [DefaultGLSPServer] process [action=requestModel, clientId=tasklist-diagram_1] 
23:33:05 info -  [DefaultGLSPServer] process [action=requestTypeHints, clientId=tasklist-diagram_1] 
23:33:05 info -  [DefaultGLSPServer] process [action=computedBounds, clientId=tasklist-diagram_1] 
23:33:05 info -  [DefaultGLSPServer] process [action=requestContextActions, clientId=tasklist-diagram_1] 
23:33:08 info -  [DefaultGLSPServer] process [action=createNode, clientId=tasklist-diagram_1] 
23:33:09 info -  [DefaultGLSPServer] process [action=computedBounds, clientId=tasklist-diagram_1] 
23:33:10 info -  [DefaultGLSPServer] process [action=createNode, clientId=tasklist-diagram_1] 
23:33:11 info -  [DefaultGLSPServer] process [action=computedBounds, clientId=tasklist-diagram_1] 
23:33:13 info -  [DefaultGLSPServer] process [action=createEdge, clientId=tasklist-diagram_1] 
23:33:13 info -  [DefaultGLSPServer] process [action=computedBounds, clientId=tasklist-diagram_1] 
23:33:16 info -  [DefaultGLSPServer] process [action=createEdge, clientId=tasklist-diagram_1] 
23:33:16 info -  [DefaultGLSPServer] process [action=computedBounds, clientId=tasklist-diagram_1] 
23:33:20 info -  [DefaultGLSPServer] process [action=createNode, clientId=tasklist-diagram_1] 
23:33:20 info -  [DefaultGLSPServer] process [action=computedBounds, clientId=tasklist-diagram_1] 
23:33:22 info -  [DefaultGLSPServer] process [action=createEdge, clientId=tasklist-diagram_1] 
23:33:22 info -  [DefaultGLSPServer] process [action=computedBounds, clientId=tasklist-diagram_1] 
23:33:24 info -  [DefaultGLSPServer] process [action=compound, clientId=tasklist-diagram_1] 
23:33:24 info -  [DefaultGLSPServer] process [action=computedBounds, clientId=tasklist-diagram_1] 
23:33:25 info -  [DefaultGLSPServer] process [action=requestPopupModel, clientId=tasklist-diagram_1] 
23:33:25 warn -  [RequestPopupModelActionHandler] Could not process `RequestPopupModelAction`. No `PopupModelFactory` is bound 
23:33:34 info -  [DefaultGLSPServer] process [action=requestEditValidation, clientId=tasklist-diagram_1] 
23:33:34 info -  [DefaultGLSPServer] process [action=requestEditValidation, clientId=tasklist-diagram_1] 
23:33:34 info -  [DefaultGLSPServer] process [action=requestEditValidation, clientId=tasklist-diagram_1] 
23:33:35 info -  [DefaultGLSPServer] process [action=requestEditValidation, clientId=tasklist-diagram_1] 
23:33:36 info -  [DefaultGLSPServer] process [action=requestEditValidation, clientId=tasklist-diagram_1] 
23:33:36 info -  [DefaultGLSPServer] process [action=applyLabelEdit, clientId=tasklist-diagram_1] 
23:33:36 info -  [DefaultGLSPServer] process [action=computedBounds, clientId=tasklist-diagram_1] 
23:33:38 info -  [DefaultGLSPServer] process [action=requestEditValidation, clientId=tasklist-diagram_1] 
23:33:40 info -  [DefaultGLSPServer] process [action=requestEditValidation, clientId=tasklist-diagram_1] 
23:33:40 info -  [DefaultGLSPServer] process [action=requestEditValidation, clientId=tasklist-diagram_1] 
23:33:41 info -  [DefaultGLSPServer] process [action=requestEditValidation, clientId=tasklist-diagram_1] 
23:33:41 info -  [DefaultGLSPServer] process [action=requestEditValidation, clientId=tasklist-diagram_1] 
23:33:41 info -  [DefaultGLSPServer] process [action=applyLabelEdit, clientId=tasklist-diagram_1] 
23:33:41 info -  [DefaultGLSPServer] process [action=computedBounds, clientId=tasklist-diagram_1] 
23:33:46 info -  [DefaultGLSPServer] process [action=requestEditValidation, clientId=tasklist-diagram_1] 
23:33:47 info -  [DefaultGLSPServer] process [action=requestEditValidation, clientId=tasklist-diagram_1] 
23:33:48 info -  [DefaultGLSPServer] process [action=requestEditValidation, clientId=tasklist-diagram_1] 
23:33:49 info -  [DefaultGLSPServer] process [action=requestEditValidation, clientId=tasklist-diagram_1] 
23:33:49 info -  [DefaultGLSPServer] process [action=requestEditValidation, clientId=tasklist-diagram_1] 
23:33:50 info -  [DefaultGLSPServer] process [action=requestEditValidation, clientId=tasklist-diagram_1] 
23:33:50 info -  [DefaultGLSPServer] process [action=requestEditValidation, clientId=tasklist-diagram_1] 
23:33:50 info -  [DefaultGLSPServer] process [action=requestEditValidation, clientId=tasklist-diagram_1] 
23:33:50 info -  [DefaultGLSPServer] process [action=applyLabelEdit, clientId=tasklist-diagram_1] 
23:33:51 info -  [DefaultGLSPServer] process [action=computedBounds, clientId=tasklist-diagram_1] 
23:33:53 info -  [DefaultGLSPServer] process [action=requestEditValidation, clientId=tasklist-diagram_1] 
23:33:54 info -  [DefaultGLSPServer] process [action=requestEditValidation, clientId=tasklist-diagram_1] 
23:33:54 info -  [DefaultGLSPServer] process [action=requestEditValidation, clientId=tasklist-diagram_1] 
23:33:54 info -  [DefaultGLSPServer] process [action=requestEditValidation, clientId=tasklist-diagram_1] 
23:33:55 info -  [DefaultGLSPServer] process [action=applyLabelEdit, clientId=tasklist-diagram_1] 
23:33:55 info -  [DefaultGLSPServer] process [action=computedBounds, clientId=tasklist-diagram_1] 
23:33:57 info -  [DefaultGLSPServer] process [action=requestEditValidation, clientId=tasklist-diagram_1] 
23:33:58 info -  [DefaultGLSPServer] process [action=requestEditValidation, clientId=tasklist-diagram_1] 
23:33:58 info -  [DefaultGLSPServer] process [action=requestEditValidation, clientId=tasklist-diagram_1] 
23:33:59 info -  [DefaultGLSPServer] process [action=requestEditValidation, clientId=tasklist-diagram_1] 
23:34:00 info -  [DefaultGLSPServer] process [action=requestEditValidation, clientId=tasklist-diagram_1] 
23:34:00 info -  [DefaultGLSPServer] process [action=requestEditValidation, clientId=tasklist-diagram_1] 
23:34:25 info -  [DefaultGLSPServer] process [action=requestEditValidation, clientId=tasklist-diagram_1] 
23:34:25 info -  [DefaultGLSPServer] process [action=requestEditValidation, clientId=tasklist-diagram_1] 
23:34:26 info -  [DefaultGLSPServer] process [action=requestEditValidation, clientId=tasklist-diagram_1] 
23:34:26 info -  [DefaultGLSPServer] process [action=requestEditValidation, clientId=tasklist-diagram_1] 
23:34:27 info -  [DefaultGLSPServer] process [action=requestEditValidation, clientId=tasklist-diagram_1] 
23:34:28 info -  [DefaultGLSPServer] process [action=requestEditValidation, clientId=tasklist-diagram_1] 
23:34:28 info -  [DefaultGLSPServer] process [action=requestEditValidation, clientId=tasklist-diagram_1] 
23:34:29 info -  [DefaultGLSPServer] process [action=requestEditValidation, clientId=tasklist-diagram_1] 
23:34:29 info -  [DefaultGLSPServer] process [action=applyLabelEdit, clientId=tasklist-diagram_1] 
23:34:29 info -  [DefaultGLSPServer] process [action=computedBounds, clientId=tasklist-diagram_1] 
23:34:30 info -  [DefaultGLSPServer] process [action=requestPopupModel, clientId=tasklist-diagram_1] 
23:34:30 warn -  [RequestPopupModelActionHandler] Could not process `RequestPopupModelAction`. No `PopupModelFactory` is bound 
23:34:31 info -  [DefaultGLSPServer] process [action=saveModel, clientId=tasklist-diagram_1] 
23:34:34 info -  [DefaultGLSPServer] process [action=requestMarkers, clientId=tasklist-diagram_1] 
23:34:35 info -  [DefaultGLSPServer] process [action=generateSql, clientId=tasklist-diagram_1] 
