20:31:06 info -  [SocketServerLauncher] The GLSP server is ready to accept new client requests on port: 54213 
20:31:06 info -  [SocketServerLauncher] Starting GLSP server connection 
20:31:06 info -  [DefaultGLSPServer] Initializing server with: applicationId: 5de3d797-42be-449a-82b0-d5987080c315, protocolVersion: 1.0.0 
20:31:08 info -  [DefaultGLSPServer] Initializing client session with: clientSessionId: 'tasklist-diagram_0', diagramType: 'tasklist-diagram' 
20:31:08 info -  [DefaultGLSPServer] process [action=requestModel, clientId=tasklist-diagram_0] 
20:31:08 info -  [DefaultGLSPServer] process [action=requestTypeHints, clientId=tasklist-diagram_0] 
20:31:08 info -  [DefaultGLSPServer] process [action=computedBounds, clientId=tasklist-diagram_0] 
20:31:08 info -  [DefaultGLSPServer] process [action=requestContextActions, clientId=tasklist-diagram_0] 
20:31:12 info -  [DefaultGLSPServer] process [action=createNode, clientId=tasklist-diagram_0] 
20:31:12 info -  [DefaultGLSPServer] process [action=computedBounds, clientId=tasklist-diagram_0] 
20:31:13 info -  [DefaultGLSPServer] process [action=createNode, clientId=tasklist-diagram_0] 
20:31:13 info -  [DefaultGLSPServer] process [action=computedBounds, clientId=tasklist-diagram_0] 
20:31:15 info -  [DefaultGLSPServer] process [action=compound, clientId=tasklist-diagram_0] 
20:31:15 info -  [DefaultGLSPServer] process [action=computedBounds, clientId=tasklist-diagram_0] 
20:31:15 info -  [DefaultGLSPServer] process [action=compound, clientId=tasklist-diagram_0] 
20:31:16 info -  [DefaultGLSPServer] process [action=computedBounds, clientId=tasklist-diagram_0] 
20:31:17 info -  [DefaultGLSPServer] process [action=requestPopupModel, clientId=tasklist-diagram_0] 
20:31:17 warn -  [RequestPopupModelActionHandler] Could not process `RequestPopupModelAction`. No `PopupModelFactory` is bound 
20:31:18 info -  [DefaultGLSPServer] process [action=changeBounds, clientId=tasklist-diagram_0] 
20:31:19 info -  [DefaultGLSPServer] process [action=computedBounds, clientId=tasklist-diagram_0] 
20:31:19 info -  [DefaultGLSPServer] process [action=compound, clientId=tasklist-diagram_0] 
20:31:19 info -  [DefaultGLSPServer] process [action=computedBounds, clientId=tasklist-diagram_0] 
20:31:21 info -  [DefaultGLSPServer] process [action=createEdge, clientId=tasklist-diagram_0] 
20:31:21 info -  [DefaultGLSPServer] process [action=computedBounds, clientId=tasklist-diagram_0] 
20:31:26 info -  [DefaultGLSPServer] process [action=deleteElement, clientId=tasklist-diagram_0] 
20:31:26 info -  [DefaultGLSPServer] process [action=computedBounds, clientId=tasklist-diagram_0] 
20:31:28 info -  [DefaultGLSPServer] process [action=deleteElement, clientId=tasklist-diagram_0] 
20:31:29 info -  [DefaultGLSPServer] process [action=computedBounds, clientId=tasklist-diagram_0] 
20:31:30 info -  [DefaultGLSPServer] process [action=deleteElement, clientId=tasklist-diagram_0] 
20:31:31 info -  [DefaultGLSPServer] process [action=computedBounds, clientId=tasklist-diagram_0] 
