22:41:59 info -  [SocketServerLauncher] The GLSP server is ready to accept new client requests on port: 61099 
22:41:59 info -  [SocketServerLauncher] Starting GLSP server connection 
22:41:59 info -  [DefaultGLSPServer] Initializing server with: applicationId: 2528e11f-472f-47c0-9fd3-5f19ba9f4af0, protocolVersion: 1.0.0 
22:42:00 info -  [DefaultGLSPServer] Initializing client session with: clientSessionId: 'tasklist-diagram_0', diagramType: 'tasklist-diagram' 
22:42:00 info -  [DefaultGLSPServer] process [action=requestModel, clientId=tasklist-diagram_0] 
22:42:00 info -  [DefaultGLSPServer] process [action=requestTypeHints, clientId=tasklist-diagram_0] 
22:42:00 info -  [DefaultGLSPServer] process [action=computedBounds, clientId=tasklist-diagram_0] 
22:42:00 info -  [DefaultGLSPServer] process [action=requestContextActions, clientId=tasklist-diagram_0] 
22:42:05 info -  [DefaultGLSPServer] process [action=createNode, clientId=tasklist-diagram_0] 
22:42:05 info -  [DefaultGLSPServer] process [action=computedBounds, clientId=tasklist-diagram_0] 
22:42:06 info -  [DefaultGLSPServer] process [action=createNode, clientId=tasklist-diagram_0] 
22:42:06 info -  [DefaultGLSPServer] process [action=computedBounds, clientId=tasklist-diagram_0] 
22:42:08 info -  [DefaultGLSPServer] process [action=createEdge, clientId=tasklist-diagram_0] 
22:42:08 info -  [DefaultGLSPServer] process [action=computedBounds, clientId=tasklist-diagram_0] 
22:42:11 info -  [DefaultGLSPServer] process [action=compound, clientId=tasklist-diagram_0] 
22:42:11 info -  [DefaultGLSPServer] process [action=computedBounds, clientId=tasklist-diagram_0] 
22:42:15 info -  [DefaultGLSPServer] process [action=requestPopupModel, clientId=tasklist-diagram_0] 
22:42:15 warn -  [RequestPopupModelActionHandler] Could not process `RequestPopupModelAction`. No `PopupModelFactory` is bound 
22:42:16 info -  [DefaultGLSPServer] process [action=compound, clientId=tasklist-diagram_0] 
22:42:16 info -  [DefaultGLSPServer] process [action=computedBounds, clientId=tasklist-diagram_0] 
