22:44:16 info -  [SocketServerLauncher] The GLSP server is ready to accept new client requests on port: 56240 
22:44:16 info -  [SocketServerLauncher] Starting GLSP server connection 
22:44:16 info -  [DefaultGLSPServer] Initializing server with: applicationId: ce925bbd-31a4-4f41-b544-aff509f13dcf, protocolVersion: 1.0.0 
22:44:18 info -  [DefaultGLSPServer] Initializing client session with: clientSessionId: 'tasklist-diagram_0', diagramType: 'tasklist-diagram' 
22:44:18 info -  [DefaultGLSPServer] process [action=requestModel, clientId=tasklist-diagram_0] 
22:44:18 info -  [DefaultGLSPServer] process [action=requestTypeHints, clientId=tasklist-diagram_0] 
22:44:18 info -  [DefaultGLSPServer] process [action=computedBounds, clientId=tasklist-diagram_0] 
22:44:18 info -  [DefaultGLSPServer] process [action=requestContextActions, clientId=tasklist-diagram_0] 
22:44:22 info -  [DefaultGLSPServer] process [action=createNode, clientId=tasklist-diagram_0] 
22:44:22 info -  [DefaultGLSPServer] process [action=computedBounds, clientId=tasklist-diagram_0] 
22:44:24 info -  [DefaultGLSPServer] process [action=createNode, clientId=tasklist-diagram_0] 
22:44:24 info -  [DefaultGLSPServer] process [action=computedBounds, clientId=tasklist-diagram_0] 
22:44:27 info -  [DefaultGLSPServer] process [action=createEdge, clientId=tasklist-diagram_0] 
22:44:27 info -  [DefaultGLSPServer] process [action=computedBounds, clientId=tasklist-diagram_0] 
22:44:28 info -  [DefaultGLSPServer] process [action=requestPopupModel, clientId=tasklist-diagram_0] 
22:44:28 warn -  [RequestPopupModelActionHandler] Could not process `RequestPopupModelAction`. No `PopupModelFactory` is bound 
22:44:30 info -  [DefaultGLSPServer] process [action=requestPopupModel, clientId=tasklist-diagram_0] 
22:44:30 warn -  [RequestPopupModelActionHandler] Could not process `RequestPopupModelAction`. No `PopupModelFactory` is bound 
22:44:33 info -  [DefaultGLSPServer] process [action=compound, clientId=tasklist-diagram_0] 
22:44:33 info -  [DefaultGLSPServer] process [action=computedBounds, clientId=tasklist-diagram_0] 
