16:49:02 info -  [SocketServerLauncher] The GLSP server is ready to accept new client requests on port: 59964 
16:49:02 info -  [SocketServerLauncher] Starting GLSP server connection 
16:49:02 info -  [DefaultGLSPServer] Initializing server with: applicationId: f82e2329-8a01-4ebf-9bc5-ac8675afc628, protocolVersion: 1.0.0 
16:49:05 info -  [DefaultGLSPServer] Initializing client session with: clientSessionId: 'tasklist-diagram_0', diagramType: 'tasklist-diagram' 
16:49:05 info -  [DefaultGLSPServer] process [action=requestModel, clientId=tasklist-diagram_0] 
16:49:05 info -  [DefaultGLSPServer] process [action=requestTypeHints, clientId=tasklist-diagram_0] 
16:49:05 info -  [DefaultGLSPServer] process [action=computedBounds, clientId=tasklist-diagram_0] 
16:49:05 info -  [DefaultGLSPServer] process [action=requestContextActions, clientId=tasklist-diagram_0] 
16:49:17 info -  [DefaultGLSPServer] process [action=createNode, clientId=tasklist-diagram_0] 
16:49:17 info -  [DefaultGLSPServer] process [action=computedBounds, clientId=tasklist-diagram_0] 
16:49:25 info -  [DefaultGLSPServer] process [action=createNode, clientId=tasklist-diagram_0] 
16:49:25 info -  [DefaultGLSPServer] process [action=computedBounds, clientId=tasklist-diagram_0] 
16:49:30 info -  [DefaultGLSPServer] process [action=createNode, clientId=tasklist-diagram_0] 
16:49:30 info -  [DefaultGLSPServer] process [action=computedBounds, clientId=tasklist-diagram_0] 
16:49:33 info -  [DefaultGLSPServer] process [action=requestEditValidation, clientId=tasklist-diagram_0] 
16:49:33 info -  [DefaultGLSPServer] process [action=requestEditValidation, clientId=tasklist-diagram_0] 
16:49:34 info -  [DefaultGLSPServer] process [action=requestEditValidation, clientId=tasklist-diagram_0] 
16:49:34 info -  [DefaultGLSPServer] process [action=requestEditValidation, clientId=tasklist-diagram_0] 
16:49:34 info -  [DefaultGLSPServer] process [action=applyLabelEdit, clientId=tasklist-diagram_0] 
16:49:34 info -  [DefaultGLSPServer] process [action=computedBounds, clientId=tasklist-diagram_0] 
16:49:37 info -  [DefaultGLSPServer] process [action=requestPopupModel, clientId=tasklist-diagram_0] 
16:49:37 warn -  [RequestPopupModelActionHandler] Could not process `RequestPopupModelAction`. No `PopupModelFactory` is bound 
16:49:39 info -  [DefaultGLSPServer] process [action=requestEditValidation, clientId=tasklist-diagram_0] 
16:49:40 info -  [DefaultGLSPServer] process [action=requestEditValidation, clientId=tasklist-diagram_0] 
16:49:40 info -  [DefaultGLSPServer] process [action=requestEditValidation, clientId=tasklist-diagram_0] 
16:49:40 info -  [DefaultGLSPServer] process [action=requestEditValidation, clientId=tasklist-diagram_0] 
16:49:40 info -  [DefaultGLSPServer] process [action=applyLabelEdit, clientId=tasklist-diagram_0] 
16:49:40 info -  [DefaultGLSPServer] process [action=computedBounds, clientId=tasklist-diagram_0] 
16:49:42 info -  [DefaultGLSPServer] process [action=requestPopupModel, clientId=tasklist-diagram_0] 
16:49:42 warn -  [RequestPopupModelActionHandler] Could not process `RequestPopupModelAction`. No `PopupModelFactory` is bound 
16:49:44 info -  [DefaultGLSPServer] process [action=requestEditValidation, clientId=tasklist-diagram_0] 
16:49:44 info -  [DefaultGLSPServer] process [action=requestEditValidation, clientId=tasklist-diagram_0] 
16:49:44 info -  [DefaultGLSPServer] process [action=applyLabelEdit, clientId=tasklist-diagram_0] 
16:49:44 info -  [DefaultGLSPServer] process [action=computedBounds, clientId=tasklist-diagram_0] 
16:49:45 info -  [DefaultGLSPServer] process [action=compound, clientId=tasklist-diagram_0] 
16:49:46 info -  [DefaultGLSPServer] process [action=computedBounds, clientId=tasklist-diagram_0] 
16:49:48 info -  [DefaultGLSPServer] process [action=createEdge, clientId=tasklist-diagram_0] 
16:49:48 info -  [DefaultGLSPServer] process [action=computedBounds, clientId=tasklist-diagram_0] 
16:49:50 info -  [DefaultGLSPServer] process [action=glspUndo, clientId=tasklist-diagram_0] 
16:49:50 info -  [DefaultGLSPServer] process [action=computedBounds, clientId=tasklist-diagram_0] 
16:49:52 info -  [DefaultGLSPServer] process [action=createEdge, clientId=tasklist-diagram_0] 
16:49:52 info -  [DefaultGLSPServer] process [action=computedBounds, clientId=tasklist-diagram_0] 
16:49:54 info -  [DefaultGLSPServer] process [action=requestEditValidation, clientId=tasklist-diagram_0] 
16:49:55 info -  [DefaultGLSPServer] process [action=requestEditValidation, clientId=tasklist-diagram_0] 
16:49:55 info -  [DefaultGLSPServer] process [action=requestEditValidation, clientId=tasklist-diagram_0] 
16:49:56 info -  [DefaultGLSPServer] process [action=requestEditValidation, clientId=tasklist-diagram_0] 
16:49:56 info -  [DefaultGLSPServer] process [action=requestEditValidation, clientId=tasklist-diagram_0] 
16:49:57 info -  [DefaultGLSPServer] process [action=requestEditValidation, clientId=tasklist-diagram_0] 
16:49:58 info -  [DefaultGLSPServer] process [action=requestEditValidation, clientId=tasklist-diagram_0] 
16:49:58 info -  [DefaultGLSPServer] process [action=requestEditValidation, clientId=tasklist-diagram_0] 
16:49:58 info -  [DefaultGLSPServer] process [action=requestEditValidation, clientId=tasklist-diagram_0] 
16:49:58 info -  [DefaultGLSPServer] process [action=applyLabelEdit, clientId=tasklist-diagram_0] 
16:49:58 info -  [DefaultGLSPServer] process [action=computedBounds, clientId=tasklist-diagram_0] 
16:50:01 info -  [DefaultGLSPServer] process [action=createEdge, clientId=tasklist-diagram_0] 
16:50:01 info -  [DefaultGLSPServer] process [action=computedBounds, clientId=tasklist-diagram_0] 
16:50:03 info -  [DefaultGLSPServer] process [action=requestEditValidation, clientId=tasklist-diagram_0] 
16:50:03 info -  [DefaultGLSPServer] process [action=requestEditValidation, clientId=tasklist-diagram_0] 
16:50:04 info -  [DefaultGLSPServer] process [action=requestEditValidation, clientId=tasklist-diagram_0] 
16:50:05 info -  [DefaultGLSPServer] process [action=requestEditValidation, clientId=tasklist-diagram_0] 
16:50:05 info -  [DefaultGLSPServer] process [action=requestEditValidation, clientId=tasklist-diagram_0] 
16:50:05 info -  [DefaultGLSPServer] process [action=applyLabelEdit, clientId=tasklist-diagram_0] 
16:50:05 info -  [DefaultGLSPServer] process [action=computedBounds, clientId=tasklist-diagram_0] 
16:50:07 info -  [DefaultGLSPServer] process [action=compound, clientId=tasklist-diagram_0] 
16:50:07 info -  [DefaultGLSPServer] process [action=computedBounds, clientId=tasklist-diagram_0] 
16:50:09 info -  [DefaultGLSPServer] process [action=createNode, clientId=tasklist-diagram_0] 
16:50:09 info -  [DefaultGLSPServer] process [action=computedBounds, clientId=tasklist-diagram_0] 
16:50:11 info -  [DefaultGLSPServer] process [action=createNode, clientId=tasklist-diagram_0] 
16:50:11 info -  [DefaultGLSPServer] process [action=computedBounds, clientId=tasklist-diagram_0] 
16:50:13 info -  [DefaultGLSPServer] process [action=createNode, clientId=tasklist-diagram_0] 
16:50:13 info -  [DefaultGLSPServer] process [action=computedBounds, clientId=tasklist-diagram_0] 
16:50:17 info -  [DefaultGLSPServer] process [action=createNode, clientId=tasklist-diagram_0] 
16:50:17 info -  [DefaultGLSPServer] process [action=computedBounds, clientId=tasklist-diagram_0] 
16:50:21 info -  [DefaultGLSPServer] process [action=requestEditValidation, clientId=tasklist-diagram_0] 
16:50:21 info -  [DefaultGLSPServer] process [action=requestEditValidation, clientId=tasklist-diagram_0] 
16:50:22 info -  [DefaultGLSPServer] process [action=requestEditValidation, clientId=tasklist-diagram_0] 
16:50:23 info -  [DefaultGLSPServer] process [action=requestEditValidation, clientId=tasklist-diagram_0] 
16:50:23 info -  [DefaultGLSPServer] process [action=requestEditValidation, clientId=tasklist-diagram_0] 
16:50:24 info -  [DefaultGLSPServer] process [action=requestEditValidation, clientId=tasklist-diagram_0] 
16:50:25 info -  [DefaultGLSPServer] process [action=requestEditValidation, clientId=tasklist-diagram_0] 
16:50:25 info -  [DefaultGLSPServer] process [action=applyLabelEdit, clientId=tasklist-diagram_0] 
16:50:25 info -  [DefaultGLSPServer] process [action=requestEditValidation, clientId=tasklist-diagram_0] 
16:50:25 info -  [DefaultGLSPServer] process [action=computedBounds, clientId=tasklist-diagram_0] 
16:50:27 info -  [DefaultGLSPServer] process [action=requestEditValidation, clientId=tasklist-diagram_0] 
16:50:29 info -  [DefaultGLSPServer] process [action=requestEditValidation, clientId=tasklist-diagram_0] 
16:50:29 info -  [DefaultGLSPServer] process [action=requestEditValidation, clientId=tasklist-diagram_0] 
16:50:30 info -  [DefaultGLSPServer] process [action=requestEditValidation, clientId=tasklist-diagram_0] 
16:50:30 info -  [DefaultGLSPServer] process [action=requestEditValidation, clientId=tasklist-diagram_0] 
16:50:30 info -  [DefaultGLSPServer] process [action=applyLabelEdit, clientId=tasklist-diagram_0] 
16:50:30 info -  [DefaultGLSPServer] process [action=computedBounds, clientId=tasklist-diagram_0] 
16:50:31 info -  [DefaultGLSPServer] process [action=compound, clientId=tasklist-diagram_0] 
16:50:31 info -  [DefaultGLSPServer] process [action=computedBounds, clientId=tasklist-diagram_0] 
16:50:33 info -  [DefaultGLSPServer] process [action=requestEditValidation, clientId=tasklist-diagram_0] 
16:50:34 info -  [DefaultGLSPServer] process [action=requestEditValidation, clientId=tasklist-diagram_0] 
16:50:35 info -  [DefaultGLSPServer] process [action=requestEditValidation, clientId=tasklist-diagram_0] 
16:50:35 info -  [DefaultGLSPServer] process [action=requestEditValidation, clientId=tasklist-diagram_0] 
16:50:35 info -  [DefaultGLSPServer] process [action=requestEditValidation, clientId=tasklist-diagram_0] 
16:50:36 info -  [DefaultGLSPServer] process [action=requestEditValidation, clientId=tasklist-diagram_0] 
16:50:37 info -  [DefaultGLSPServer] process [action=requestEditValidation, clientId=tasklist-diagram_0] 
16:50:37 info -  [DefaultGLSPServer] process [action=requestEditValidation, clientId=tasklist-diagram_0] 
16:50:38 info -  [DefaultGLSPServer] process [action=requestEditValidation, clientId=tasklist-diagram_0] 
16:50:39 info -  [DefaultGLSPServer] process [action=requestEditValidation, clientId=tasklist-diagram_0] 
16:50:39 info -  [DefaultGLSPServer] process [action=requestEditValidation, clientId=tasklist-diagram_0] 
16:50:39 info -  [DefaultGLSPServer] process [action=applyLabelEdit, clientId=tasklist-diagram_0] 
16:50:39 info -  [DefaultGLSPServer] process [action=computedBounds, clientId=tasklist-diagram_0] 
16:50:42 info -  [DefaultGLSPServer] process [action=requestEditValidation, clientId=tasklist-diagram_0] 
16:50:43 info -  [DefaultGLSPServer] process [action=requestEditValidation, clientId=tasklist-diagram_0] 
16:50:44 info -  [DefaultGLSPServer] process [action=requestEditValidation, clientId=tasklist-diagram_0] 
16:50:45 info -  [DefaultGLSPServer] process [action=requestEditValidation, clientId=tasklist-diagram_0] 
16:50:45 info -  [DefaultGLSPServer] process [action=requestEditValidation, clientId=tasklist-diagram_0] 
16:50:47 info -  [DefaultGLSPServer] process [action=requestEditValidation, clientId=tasklist-diagram_0] 
16:50:47 info -  [DefaultGLSPServer] process [action=requestEditValidation, clientId=tasklist-diagram_0] 
16:50:47 info -  [DefaultGLSPServer] process [action=requestEditValidation, clientId=tasklist-diagram_0] 
16:50:47 info -  [DefaultGLSPServer] process [action=applyLabelEdit, clientId=tasklist-diagram_0] 
16:50:47 info -  [DefaultGLSPServer] process [action=computedBounds, clientId=tasklist-diagram_0] 
16:50:50 info -  [DefaultGLSPServer] process [action=createEdge, clientId=tasklist-diagram_0] 
16:50:50 info -  [DefaultGLSPServer] process [action=computedBounds, clientId=tasklist-diagram_0] 
16:50:52 info -  [DefaultGLSPServer] process [action=createEdge, clientId=tasklist-diagram_0] 
16:50:52 info -  [DefaultGLSPServer] process [action=computedBounds, clientId=tasklist-diagram_0] 
16:50:57 info -  [DefaultGLSPServer] process [action=createEdge, clientId=tasklist-diagram_0] 
16:50:57 info -  [DefaultGLSPServer] process [action=computedBounds, clientId=tasklist-diagram_0] 
16:51:00 info -  [DefaultGLSPServer] process [action=createEdge, clientId=tasklist-diagram_0] 
16:51:00 info -  [DefaultGLSPServer] process [action=computedBounds, clientId=tasklist-diagram_0] 
16:51:03 info -  [DefaultGLSPServer] process [action=compound, clientId=tasklist-diagram_0] 
16:51:03 info -  [DefaultGLSPServer] process [action=computedBounds, clientId=tasklist-diagram_0] 
16:51:06 info -  [DefaultGLSPServer] process [action=saveModel, clientId=tasklist-diagram_0] 
16:51:09 info -  [DefaultGLSPServer] process [action=generateSql, clientId=tasklist-diagram_0] 
16:53:14 info -  [DefaultGLSPServer] process [action=saveModel, clientId=tasklist-diagram_0] 
