18:30:01 info -  [SocketServerLauncher] The GLSP server is ready to accept new client requests on port: 53699 
18:30:01 info -  [SocketServerLauncher] Starting GLSP server connection 
18:30:01 info -  [DefaultGLSPServer] Initializing server with: applicationId: d56267c6-b527-4e3d-804e-83b0ef910218, protocolVersion: 1.0.0 
18:30:02 info -  [DefaultGLSPServer] Initializing client session with: clientSessionId: 'tasklist-diagram_0', diagramType: 'tasklist-diagram' 
18:30:02 info -  [DefaultGLSPServer] process [action=requestModel, clientId=tasklist-diagram_0] 
18:30:02 info -  [DefaultGLSPServer] process [action=requestTypeHints, clientId=tasklist-diagram_0] 
18:30:02 info -  [DefaultGLSPServer] process [action=computedBounds, clientId=tasklist-diagram_0] 
18:30:02 info -  [DefaultGLSPServer] process [action=requestContextActions, clientId=tasklist-diagram_0] 
18:30:18 info -  [DefaultGLSPServer] process [action=createNode, clientId=tasklist-diagram_0] 
18:30:18 info -  [DefaultGLSPServer] process [action=computedBounds, clientId=tasklist-diagram_0] 
18:30:25 info -  [DefaultGLSPServer] process [action=requestPopupModel, clientId=tasklist-diagram_0] 
18:30:25 warn -  [RequestPopupModelActionHandler] Could not process `RequestPopupModelAction`. No `PopupModelFactory` is bound 
18:30:25 info -  [DefaultGLSPServer] process [action=compound, clientId=tasklist-diagram_0] 
18:30:26 info -  [DefaultGLSPServer] process [action=computedBounds, clientId=tasklist-diagram_0] 
18:30:27 info -  [DefaultGLSPServer] process [action=createNode, clientId=tasklist-diagram_0] 
18:30:27 info -  [DefaultGLSPServer] process [action=computedBounds, clientId=tasklist-diagram_0] 
18:30:28 info -  [DefaultGLSPServer] process [action=createNode, clientId=tasklist-diagram_0] 
18:30:28 info -  [DefaultGLSPServer] process [action=computedBounds, clientId=tasklist-diagram_0] 
18:30:30 info -  [DefaultGLSPServer] process [action=createNode, clientId=tasklist-diagram_0] 
18:30:30 info -  [DefaultGLSPServer] process [action=computedBounds, clientId=tasklist-diagram_0] 
18:30:35 info -  [DefaultGLSPServer] process [action=createNode, clientId=tasklist-diagram_0] 
18:30:35 info -  [DefaultGLSPServer] process [action=computedBounds, clientId=tasklist-diagram_0] 
18:30:38 info -  [DefaultGLSPServer] process [action=createNode, clientId=tasklist-diagram_0] 
18:30:38 info -  [DefaultGLSPServer] process [action=computedBounds, clientId=tasklist-diagram_0] 
18:30:40 info -  [DefaultGLSPServer] process [action=createNode, clientId=tasklist-diagram_0] 
18:30:40 info -  [DefaultGLSPServer] process [action=computedBounds, clientId=tasklist-diagram_0] 
18:30:45 info -  [DefaultGLSPServer] process [action=createEdge, clientId=tasklist-diagram_0] 
18:30:45 info -  [DefaultGLSPServer] process [action=computedBounds, clientId=tasklist-diagram_0] 
18:30:46 info -  [DefaultGLSPServer] process [action=createEdge, clientId=tasklist-diagram_0] 
18:30:46 info -  [DefaultGLSPServer] process [action=computedBounds, clientId=tasklist-diagram_0] 
18:30:48 info -  [DefaultGLSPServer] process [action=createEdge, clientId=tasklist-diagram_0] 
18:30:48 info -  [DefaultGLSPServer] process [action=computedBounds, clientId=tasklist-diagram_0] 
18:30:54 info -  [DefaultGLSPServer] process [action=requestMarkers, clientId=tasklist-diagram_0] 
18:30:57 info -  [DefaultGLSPServer] process [action=createNode, clientId=tasklist-diagram_0] 
18:30:57 info -  [DefaultGLSPServer] process [action=computedBounds, clientId=tasklist-diagram_0] 
18:31:23 info -  [DefaultGLSPServer] process [action=createEdge, clientId=tasklist-diagram_0] 
18:31:23 info -  [DefaultGLSPServer] process [action=computedBounds, clientId=tasklist-diagram_0] 
18:31:25 info -  [DefaultGLSPServer] process [action=requestMarkers, clientId=tasklist-diagram_0] 
18:31:41 info -  [DefaultGLSPServer] process [action=createEdge, clientId=tasklist-diagram_0] 
18:31:41 info -  [DefaultGLSPServer] process [action=computedBounds, clientId=tasklist-diagram_0] 
18:31:42 info -  [DefaultGLSPServer] process [action=requestMarkers, clientId=tasklist-diagram_0] 
