20:22:19 info -  [SocketServerLauncher] The GLSP server is ready to accept new client requests on port: 58487 
20:22:19 info -  [SocketServerLauncher] Starting GLSP server connection 
20:22:19 info -  [DefaultGLSPServer] Initializing server with: applicationId: 6a732334-c51d-4591-b554-917d302f9ab0, protocolVersion: 1.0.0 
20:22:21 info -  [DefaultGLSPServer] Initializing client session with: clientSessionId: 'tasklist-diagram_0', diagramType: 'tasklist-diagram' 
20:22:21 info -  [DefaultGLSPServer] process [action=requestModel, clientId=tasklist-diagram_0] 
20:22:21 info -  [DefaultGLSPServer] process [action=requestTypeHints, clientId=tasklist-diagram_0] 
20:22:21 info -  [DefaultGLSPServer] process [action=computedBounds, clientId=tasklist-diagram_0] 
20:22:21 info -  [DefaultGLSPServer] process [action=requestContextActions, clientId=tasklist-diagram_0] 
20:22:24 info -  [DefaultGLSPServer] process [action=createNode, clientId=tasklist-diagram_0] 
20:22:24 info -  [DefaultGLSPServer] process [action=computedBounds, clientId=tasklist-diagram_0] 
20:22:25 info -  [DefaultGLSPServer] process [action=createNode, clientId=tasklist-diagram_0] 
20:22:26 info -  [DefaultGLSPServer] process [action=computedBounds, clientId=tasklist-diagram_0] 
20:22:29 info -  [DefaultGLSPServer] process [action=createEdge, clientId=tasklist-diagram_0] 
20:22:29 info -  [DefaultGLSPServer] process [action=computedBounds, clientId=tasklist-diagram_0] 
20:22:36 info -  [DefaultGLSPServer] process [action=requestEditValidation, clientId=tasklist-diagram_0] 
20:22:38 info -  [DefaultGLSPServer] process [action=requestEditValidation, clientId=tasklist-diagram_0] 
20:22:38 info -  [DefaultGLSPServer] process [action=requestEditValidation, clientId=tasklist-diagram_0] 
20:22:39 info -  [DefaultGLSPServer] process [action=requestEditValidation, clientId=tasklist-diagram_0] 
20:22:39 info -  [DefaultGLSPServer] process [action=requestEditValidation, clientId=tasklist-diagram_0] 
20:22:40 info -  [DefaultGLSPServer] process [action=requestEditValidation, clientId=tasklist-diagram_0] 
20:22:40 info -  [DefaultGLSPServer] process [action=requestEditValidation, clientId=tasklist-diagram_0] 
20:22:40 info -  [DefaultGLSPServer] process [action=requestEditValidation, clientId=tasklist-diagram_0] 
20:22:40 info -  [DefaultGLSPServer] process [action=applyLabelEdit, clientId=tasklist-diagram_0] 
20:22:41 info -  [DefaultGLSPServer] process [action=computedBounds, clientId=tasklist-diagram_0] 
20:22:49 info -  [DefaultGLSPServer] process [action=deleteElement, clientId=tasklist-diagram_0] 
20:22:49 info -  [DefaultGLSPServer] process [action=computedBounds, clientId=tasklist-diagram_0] 
20:22:49 info -  [DefaultGLSPServer] process [action=requestPopupModel, clientId=tasklist-diagram_0] 
20:22:49 warn -  [RequestPopupModelActionHandler] Could not process `RequestPopupModelAction`. No `PopupModelFactory` is bound 
20:22:53 info -  [DefaultGLSPServer] process [action=deleteElement, clientId=tasklist-diagram_0] 
20:22:53 info -  [DefaultGLSPServer] process [action=computedBounds, clientId=tasklist-diagram_0] 
20:22:54 info -  [DefaultGLSPServer] process [action=deleteElement, clientId=tasklist-diagram_0] 
20:22:54 info -  [DefaultGLSPServer] process [action=computedBounds, clientId=tasklist-diagram_0] 
