16:27:58 info -  [SocketServerLauncher] The GLSP server is ready to accept new client requests on port: 60112 
16:27:58 info -  [SocketServerLauncher] Starting GLSP server connection 
16:27:58 info -  [DefaultGLSPServer] Initializing server with: applicationId: 9a7ed7e3-f8ed-499c-a957-ad768a469270, protocolVersion: 1.0.0 
16:28:02 info -  [DefaultGLSPServer] Initializing client session with: clientSessionId: 'tasklist-diagram_0', diagramType: 'tasklist-diagram' 
16:28:02 info -  [DefaultGLSPServer] process [action=requestModel, clientId=tasklist-diagram_0] 
16:28:02 info -  [DefaultGLSPServer] process [action=requestTypeHints, clientId=tasklist-diagram_0] 
16:28:02 info -  [DefaultGLSPServer] process [action=computedBounds, clientId=tasklist-diagram_0] 
16:28:02 info -  [DefaultGLSPServer] process [action=requestContextActions, clientId=tasklist-diagram_0] 
16:28:17 info -  [DefaultGLSPServer] process [action=createNode, clientId=tasklist-diagram_0] 
16:28:17 info -  [DefaultGLSPServer] process [action=computedBounds, clientId=tasklist-diagram_0] 
16:28:20 info -  [DefaultGLSPServer] process [action=compound, clientId=tasklist-diagram_0] 
16:28:20 info -  [DefaultGLSPServer] process [action=computedBounds, clientId=tasklist-diagram_0] 
16:28:21 info -  [DefaultGLSPServer] process [action=changeBounds, clientId=tasklist-diagram_0] 
16:28:21 info -  [DefaultGLSPServer] process [action=computedBounds, clientId=tasklist-diagram_0] 
16:28:21 info -  [DefaultGLSPServer] process [action=compound, clientId=tasklist-diagram_0] 
16:28:21 info -  [DefaultGLSPServer] process [action=computedBounds, clientId=tasklist-diagram_0] 
16:28:25 info -  [DefaultGLSPServer] process [action=createNode, clientId=tasklist-diagram_0] 
16:28:25 info -  [DefaultGLSPServer] process [action=computedBounds, clientId=tasklist-diagram_0] 
16:28:29 info -  [DefaultGLSPServer] process [action=compound, clientId=tasklist-diagram_0] 
16:28:30 info -  [DefaultGLSPServer] process [action=computedBounds, clientId=tasklist-diagram_0] 
16:28:30 info -  [DefaultGLSPServer] process [action=compound, clientId=tasklist-diagram_0] 
16:28:30 info -  [DefaultGLSPServer] process [action=computedBounds, clientId=tasklist-diagram_0] 
16:28:31 info -  [DefaultGLSPServer] process [action=compound, clientId=tasklist-diagram_0] 
16:28:31 info -  [DefaultGLSPServer] process [action=computedBounds, clientId=tasklist-diagram_0] 
16:28:45 info -  [DefaultGLSPServer] process [action=requestMarkers, clientId=tasklist-diagram_0] 
16:28:45 error -  [DefaultGLSPServer] Could not process action: 'requestMarkers 
16:28:45 error -  [DefaultGLSPServer] Error: Cannot compute markers! No implementation for ModelValidator has been bound 
