16:57:23 info -  [SocketServerLauncher] The GLSP server is ready to accept new client requests on port: 51117 
16:57:23 info -  [SocketServerLauncher] Starting GLSP server connection 
16:57:23 info -  [DefaultGLSPServer] Initializing server with: applicationId: 3a4aa92c-00df-434f-96fd-d83910e7bdb3, protocolVersion: 1.0.0 
16:57:27 info -  [DefaultGLSPServer] Initializing client session with: clientSessionId: 'tasklist-diagram_0', diagramType: 'tasklist-diagram' 
16:57:27 info -  [DefaultGLSPServer] process [action=requestModel, clientId=tasklist-diagram_0] 
16:57:27 info -  [DefaultGLSPServer] process [action=requestTypeHints, clientId=tasklist-diagram_0] 
16:57:28 info -  [DefaultGLSPServer] process [action=computedBounds, clientId=tasklist-diagram_0] 
16:57:28 info -  [DefaultGLSPServer] process [action=requestContextActions, clientId=tasklist-diagram_0] 
16:57:33 info -  [DefaultGLSPServer] process [action=requestPopupModel, clientId=tasklist-diagram_0] 
16:57:33 warn -  [RequestPopupModelActionHandler] Could not process `RequestPopupModelAction`. No `PopupModelFactory` is bound 
16:57:33 info -  [DefaultGLSPServer] process [action=changeBounds, clientId=tasklist-diagram_0] 
16:57:33 info -  [DefaultGLSPServer] process [action=computedBounds, clientId=tasklist-diagram_0] 
16:57:43 info -  [DefaultGLSPServer] process [action=requestPopupModel, clientId=tasklist-diagram_0] 
16:57:43 warn -  [RequestPopupModelActionHandler] Could not process `RequestPopupModelAction`. No `PopupModelFactory` is bound 
16:57:44 info -  [DefaultGLSPServer] process [action=changeBounds, clientId=tasklist-diagram_0] 
16:57:44 info -  [DefaultGLSPServer] process [action=computedBounds, clientId=tasklist-diagram_0] 
16:57:50 info -  [DefaultGLSPServer] process [action=createNode, clientId=tasklist-diagram_0] 
16:57:50 info -  [DefaultGLSPServer] process [action=computedBounds, clientId=tasklist-diagram_0] 
16:57:52 info -  [DefaultGLSPServer] process [action=changeBounds, clientId=tasklist-diagram_0] 
16:57:52 info -  [DefaultGLSPServer] process [action=computedBounds, clientId=tasklist-diagram_0] 
16:57:55 info -  [DefaultGLSPServer] process [action=requestPopupModel, clientId=tasklist-diagram_0] 
16:57:55 warn -  [RequestPopupModelActionHandler] Could not process `RequestPopupModelAction`. No `PopupModelFactory` is bound 
16:57:56 info -  [DefaultGLSPServer] process [action=compound, clientId=tasklist-diagram_0] 
16:57:56 info -  [DefaultGLSPServer] process [action=computedBounds, clientId=tasklist-diagram_0] 
16:57:57 info -  [DefaultGLSPServer] process [action=requestPopupModel, clientId=tasklist-diagram_0] 
16:57:57 warn -  [RequestPopupModelActionHandler] Could not process `RequestPopupModelAction`. No `PopupModelFactory` is bound 
16:57:58 info -  [DefaultGLSPServer] process [action=changeBounds, clientId=tasklist-diagram_0] 
16:57:58 info -  [DefaultGLSPServer] process [action=computedBounds, clientId=tasklist-diagram_0] 
16:57:58 info -  [DefaultGLSPServer] process [action=compound, clientId=tasklist-diagram_0] 
16:57:58 info -  [DefaultGLSPServer] process [action=computedBounds, clientId=tasklist-diagram_0] 
