23:37:31 info -  [SocketServerLauncher] The GLSP server is ready to accept new client requests on port: 62897 
23:37:31 info -  [SocketServerLauncher] Starting GLSP server connection 
23:37:31 info -  [DefaultGLSPServer] Initializing server with: applicationId: a3055f40-a9c5-441b-9d6f-de5f429cf751, protocolVersion: 1.0.0 
23:37:33 info -  [DefaultGLSPServer] Initializing client session with: clientSessionId: 'tasklist-diagram_0', diagramType: 'tasklist-diagram' 
23:37:33 info -  [DefaultGLSPServer] process [action=requestModel, clientId=tasklist-diagram_0] 
23:37:33 info -  [DefaultGLSPServer] process [action=requestTypeHints, clientId=tasklist-diagram_0] 
23:37:33 info -  [DefaultGLSPServer] process [action=computedBounds, clientId=tasklist-diagram_0] 
23:37:33 info -  [DefaultGLSPServer] process [action=requestContextActions, clientId=tasklist-diagram_0] 
23:37:43 info -  [DefaultGLSPServer] process [action=createNode, clientId=tasklist-diagram_0] 
23:37:43 info -  [DefaultGLSPServer] process [action=computedBounds, clientId=tasklist-diagram_0] 
23:37:47 info -  [DefaultGLSPServer] process [action=requestEditValidation, clientId=tasklist-diagram_0] 
23:37:47 info -  [DefaultGLSPServer] process [action=requestEditValidation, clientId=tasklist-diagram_0] 
23:37:47 info -  [DefaultGLSPServer] process [action=applyLabelEdit, clientId=tasklist-diagram_0] 
23:37:47 info -  [DefaultGLSPServer] process [action=computedBounds, clientId=tasklist-diagram_0] 
23:38:02 info -  [DefaultGLSPServer] process [action=compound, clientId=tasklist-diagram_0] 
23:38:02 info -  [DefaultGLSPServer] process [action=computedBounds, clientId=tasklist-diagram_0] 
23:38:03 info -  [DefaultGLSPServer] process [action=compound, clientId=tasklist-diagram_0] 
23:38:03 info -  [DefaultGLSPServer] process [action=computedBounds, clientId=tasklist-diagram_0] 
23:38:03 info -  [DefaultGLSPServer] process [action=compound, clientId=tasklist-diagram_0] 
23:38:03 info -  [DefaultGLSPServer] process [action=computedBounds, clientId=tasklist-diagram_0] 
