20:02:24 info -  [SocketServerLauncher] The GLSP server is ready to accept new client requests on port: 54153 
20:02:24 warn -  [OperationHandlerRegistry] Could not register key-value pair. Key is already registered {
    "key": "createNode_node",
    "value": {
        "operationType": "createNode",
        "elementTypeIds": [
            "node"
        ],
        "modelState": {
            "properties": {},
            "editMode": "editable",
            "index": {
                "idToElement": {},
                "typeToElements": {},
                "idToTaskListElements": {}
            },
            "serializer": {
                "reservedKeys": [
                    "children",
                    "parent",
                    "index",
                    "source",
                    "target"
                ],
                "diagramConfiguration": {
                    "layoutKind": 1,
                    "needsClientLayout": true,
                    "animatedUpdate": true
                }
            },
            "clientId": "tempId"
        }
    }
}
20:02:24 info -  [SocketServerLauncher] Starting GLSP server connection 
20:02:24 info -  [DefaultGLSPServer] Initializing server with: applicationId: 1f1fae83-7dcd-4d4b-9a4b-351b49e755c5, protocolVersion: 1.0.0 
20:02:26 info -  [DefaultGLSPServer] Initializing client session with: clientSessionId: 'tasklist-diagram_0', diagramType: 'tasklist-diagram' 
20:02:26 warn -  [OperationHandlerRegistry] Could not register key-value pair. Key is already registered {
    "key": "createNode_node",
    "value": {
        "operationType": "createNode",
        "elementTypeIds": [
            "node"
        ],
        "modelState": {
            "properties": {},
            "editMode": "editable",
            "index": {
                "idToElement": {},
                "typeToElements": {},
                "idToTaskListElements": {}
            },
            "serializer": {
                "reservedKeys": [
                    "children",
                    "parent",
                    "index",
                    "source",
                    "target"
                ],
                "diagramConfiguration": {
                    "layoutKind": 1,
                    "needsClientLayout": true,
                    "animatedUpdate": true
                }
            },
            "clientId": "tasklist-diagram_0"
        }
    }
}
20:02:26 info -  [DefaultGLSPServer] process [action=requestModel, clientId=tasklist-diagram_0] 
20:02:26 info -  [DefaultGLSPServer] process [action=requestTypeHints, clientId=tasklist-diagram_0] 
20:02:26 info -  [DefaultGLSPServer] process [action=computedBounds, clientId=tasklist-diagram_0] 
20:02:26 info -  [DefaultGLSPServer] process [action=requestContextActions, clientId=tasklist-diagram_0] 
20:02:49 info -  [DefaultGLSPServer] process [action=createNode, clientId=tasklist-diagram_0] 
20:02:49 info -  [DefaultGLSPServer] process [action=computedBounds, clientId=tasklist-diagram_0] 
20:02:50 info -  [DefaultGLSPServer] process [action=createNode, clientId=tasklist-diagram_0] 
20:02:50 info -  [DefaultGLSPServer] process [action=computedBounds, clientId=tasklist-diagram_0] 
20:02:59 info -  [DefaultGLSPServer] process [action=createEdge, clientId=tasklist-diagram_0] 
20:02:59 info -  [DefaultGLSPServer] process [action=computedBounds, clientId=tasklist-diagram_0] 
20:03:04 info -  [DefaultGLSPServer] process [action=deleteElement, clientId=tasklist-diagram_0] 
20:03:04 info -  [DefaultGLSPServer] process [action=computedBounds, clientId=tasklist-diagram_0] 
