16:38:15 info -  [SocketServerLauncher] The GLSP server is ready to accept new client requests on port: 57028 
16:38:16 info -  [SocketServerLauncher] Starting GLSP server connection 
16:38:16 info -  [DefaultGLSPServer] Initializing server with: applicationId: 39d36d1e-5a4f-4573-b02d-1384493a7364, protocolVersion: 1.0.0 
16:38:18 info -  [DefaultGLSPServer] Initializing client session with: clientSessionId: 'tasklist-diagram_0', diagramType: 'tasklist-diagram' 
16:38:18 info -  [DefaultGLSPServer] process [action=requestModel, clientId=tasklist-diagram_0] 
16:38:18 info -  [DefaultGLSPServer] process [action=requestTypeHints, clientId=tasklist-diagram_0] 
16:38:18 info -  [DefaultGLSPServer] process [action=computedBounds, clientId=tasklist-diagram_0] 
16:38:18 info -  [DefaultGLSPServer] process [action=requestContextActions, clientId=tasklist-diagram_0] 
16:38:21 info -  [DefaultGLSPServer] process [action=createNode, clientId=tasklist-diagram_0] 
16:38:21 info -  [DefaultGLSPServer] process [action=computedBounds, clientId=tasklist-diagram_0] 
16:38:23 info -  [DefaultGLSPServer] process [action=createNode, clientId=tasklist-diagram_0] 
16:38:23 info -  [DefaultGLSPServer] process [action=computedBounds, clientId=tasklist-diagram_0] 
16:38:25 info -  [DefaultGLSPServer] process [action=createEdge, clientId=tasklist-diagram_0] 
16:38:25 info -  [DefaultGLSPServer] process [action=computedBounds, clientId=tasklist-diagram_0] 
16:38:26 info -  [DefaultGLSPServer] process [action=requestMarkers, clientId=tasklist-diagram_0] 
16:38:33 info -  [DefaultGLSPServer] process [action=createNode, clientId=tasklist-diagram_0] 
16:38:33 info -  [DefaultGLSPServer] process [action=computedBounds, clientId=tasklist-diagram_0] 
16:38:34 info -  [DefaultGLSPServer] process [action=createNode, clientId=tasklist-diagram_0] 
16:38:34 info -  [DefaultGLSPServer] process [action=computedBounds, clientId=tasklist-diagram_0] 
16:38:36 info -  [DefaultGLSPServer] process [action=createEdge, clientId=tasklist-diagram_0] 
16:38:36 info -  [DefaultGLSPServer] process [action=computedBounds, clientId=tasklist-diagram_0] 
16:38:41 info -  [DefaultGLSPServer] process [action=createEdge, clientId=tasklist-diagram_0] 
16:38:41 info -  [DefaultGLSPServer] process [action=computedBounds, clientId=tasklist-diagram_0] 
16:38:42 info -  [DefaultGLSPServer] process [action=requestMarkers, clientId=tasklist-diagram_0] 
16:38:43 info -  [DefaultGLSPServer] process [action=compound, clientId=tasklist-diagram_0] 
16:38:43 info -  [DefaultGLSPServer] process [action=computedBounds, clientId=tasklist-diagram_0] 
16:59:42 info -  [DefaultGLSPServer] process [action=compound, clientId=tasklist-diagram_0] 
16:59:42 info -  [DefaultGLSPServer] process [action=computedBounds, clientId=tasklist-diagram_0] 
16:59:43 info -  [DefaultGLSPServer] process [action=compound, clientId=tasklist-diagram_0] 
16:59:43 info -  [DefaultGLSPServer] process [action=computedBounds, clientId=tasklist-diagram_0] 
16:59:44 info -  [DefaultGLSPServer] process [action=compound, clientId=tasklist-diagram_0] 
16:59:44 info -  [DefaultGLSPServer] process [action=computedBounds, clientId=tasklist-diagram_0] 
16:59:45 info -  [DefaultGLSPServer] process [action=compound, clientId=tasklist-diagram_0] 
16:59:45 info -  [DefaultGLSPServer] process [action=computedBounds, clientId=tasklist-diagram_0] 
16:59:46 info -  [DefaultGLSPServer] process [action=compound, clientId=tasklist-diagram_0] 
16:59:46 info -  [DefaultGLSPServer] process [action=computedBounds, clientId=tasklist-diagram_0] 
16:59:47 info -  [DefaultGLSPServer] process [action=requestEditValidation, clientId=tasklist-diagram_0] 
16:59:47 info -  [DefaultGLSPServer] process [action=requestEditValidation, clientId=tasklist-diagram_0] 
16:59:48 info -  [DefaultGLSPServer] process [action=requestEditValidation, clientId=tasklist-diagram_0] 
16:59:48 info -  [DefaultGLSPServer] process [action=requestEditValidation, clientId=tasklist-diagram_0] 
16:59:49 info -  [DefaultGLSPServer] process [action=requestEditValidation, clientId=tasklist-diagram_0] 
16:59:49 info -  [DefaultGLSPServer] process [action=applyLabelEdit, clientId=tasklist-diagram_0] 
16:59:49 info -  [DefaultGLSPServer] process [action=computedBounds, clientId=tasklist-diagram_0] 
16:59:51 info -  [DefaultGLSPServer] process [action=requestPopupModel, clientId=tasklist-diagram_0] 
16:59:51 warn -  [RequestPopupModelActionHandler] Could not process `RequestPopupModelAction`. No `PopupModelFactory` is bound 
16:59:53 info -  [DefaultGLSPServer] process [action=requestEditValidation, clientId=tasklist-diagram_0] 
16:59:54 info -  [DefaultGLSPServer] process [action=requestEditValidation, clientId=tasklist-diagram_0] 
16:59:56 info -  [DefaultGLSPServer] process [action=requestEditValidation, clientId=tasklist-diagram_0] 
16:59:56 info -  [DefaultGLSPServer] process [action=requestEditValidation, clientId=tasklist-diagram_0] 
16:59:57 info -  [DefaultGLSPServer] process [action=requestEditValidation, clientId=tasklist-diagram_0] 
16:59:57 info -  [DefaultGLSPServer] process [action=requestEditValidation, clientId=tasklist-diagram_0] 
16:59:57 info -  [DefaultGLSPServer] process [action=requestEditValidation, clientId=tasklist-diagram_0] 
16:59:57 info -  [DefaultGLSPServer] process [action=applyLabelEdit, clientId=tasklist-diagram_0] 
16:59:57 info -  [DefaultGLSPServer] process [action=computedBounds, clientId=tasklist-diagram_0] 
17:00:01 info -  [DefaultGLSPServer] process [action=createNode, clientId=tasklist-diagram_0] 
17:00:01 info -  [DefaultGLSPServer] process [action=computedBounds, clientId=tasklist-diagram_0] 
17:00:05 info -  [DefaultGLSPServer] process [action=requestEditValidation, clientId=tasklist-diagram_0] 
17:00:05 info -  [DefaultGLSPServer] process [action=requestEditValidation, clientId=tasklist-diagram_0] 
17:00:07 info -  [DefaultGLSPServer] process [action=requestEditValidation, clientId=tasklist-diagram_0] 
17:00:07 info -  [DefaultGLSPServer] process [action=requestEditValidation, clientId=tasklist-diagram_0] 
17:00:08 info -  [DefaultGLSPServer] process [action=requestEditValidation, clientId=tasklist-diagram_0] 
17:00:09 info -  [DefaultGLSPServer] process [action=requestEditValidation, clientId=tasklist-diagram_0] 
17:00:10 info -  [DefaultGLSPServer] process [action=requestEditValidation, clientId=tasklist-diagram_0] 
17:00:11 info -  [DefaultGLSPServer] process [action=requestEditValidation, clientId=tasklist-diagram_0] 
17:00:11 info -  [DefaultGLSPServer] process [action=requestEditValidation, clientId=tasklist-diagram_0] 
17:00:11 info -  [DefaultGLSPServer] process [action=requestEditValidation, clientId=tasklist-diagram_0] 
17:00:12 info -  [DefaultGLSPServer] process [action=requestEditValidation, clientId=tasklist-diagram_0] 
17:00:12 info -  [DefaultGLSPServer] process [action=requestEditValidation, clientId=tasklist-diagram_0] 
17:00:12 info -  [DefaultGLSPServer] process [action=applyLabelEdit, clientId=tasklist-diagram_0] 
17:00:12 info -  [DefaultGLSPServer] process [action=computedBounds, clientId=tasklist-diagram_0] 
17:00:16 info -  [DefaultGLSPServer] process [action=createNode, clientId=tasklist-diagram_0] 
17:00:16 info -  [DefaultGLSPServer] process [action=computedBounds, clientId=tasklist-diagram_0] 
17:00:17 info -  [DefaultGLSPServer] process [action=requestEditValidation, clientId=tasklist-diagram_0] 
17:00:18 info -  [DefaultGLSPServer] process [action=requestEditValidation, clientId=tasklist-diagram_0] 
17:00:19 info -  [DefaultGLSPServer] process [action=requestEditValidation, clientId=tasklist-diagram_0] 
17:00:20 info -  [DefaultGLSPServer] process [action=requestEditValidation, clientId=tasklist-diagram_0] 
17:00:21 info -  [DefaultGLSPServer] process [action=requestEditValidation, clientId=tasklist-diagram_0] 
17:00:21 info -  [DefaultGLSPServer] process [action=requestEditValidation, clientId=tasklist-diagram_0] 
17:00:22 info -  [DefaultGLSPServer] process [action=requestEditValidation, clientId=tasklist-diagram_0] 
17:00:22 info -  [DefaultGLSPServer] process [action=requestEditValidation, clientId=tasklist-diagram_0] 
17:00:22 info -  [DefaultGLSPServer] process [action=requestEditValidation, clientId=tasklist-diagram_0] 
17:00:22 info -  [DefaultGLSPServer] process [action=requestEditValidation, clientId=tasklist-diagram_0] 
17:00:22 info -  [DefaultGLSPServer] process [action=applyLabelEdit, clientId=tasklist-diagram_0] 
17:00:23 info -  [DefaultGLSPServer] process [action=computedBounds, clientId=tasklist-diagram_0] 
17:00:26 info -  [DefaultGLSPServer] process [action=createEdge, clientId=tasklist-diagram_0] 
17:00:26 info -  [DefaultGLSPServer] process [action=computedBounds, clientId=tasklist-diagram_0] 
17:00:28 info -  [DefaultGLSPServer] process [action=createEdge, clientId=tasklist-diagram_0] 
17:00:28 info -  [DefaultGLSPServer] process [action=computedBounds, clientId=tasklist-diagram_0] 
17:00:29 info -  [DefaultGLSPServer] process [action=compound, clientId=tasklist-diagram_0] 
17:00:29 info -  [DefaultGLSPServer] process [action=computedBounds, clientId=tasklist-diagram_0] 
17:00:31 info -  [DefaultGLSPServer] process [action=requestPopupModel, clientId=tasklist-diagram_0] 
17:00:31 warn -  [RequestPopupModelActionHandler] Could not process `RequestPopupModelAction`. No `PopupModelFactory` is bound 
17:00:31 info -  [DefaultGLSPServer] process [action=compound, clientId=tasklist-diagram_0] 
17:00:31 info -  [DefaultGLSPServer] process [action=computedBounds, clientId=tasklist-diagram_0] 
17:00:32 info -  [DefaultGLSPServer] process [action=compound, clientId=tasklist-diagram_0] 
17:00:32 info -  [DefaultGLSPServer] process [action=computedBounds, clientId=tasklist-diagram_0] 
17:00:32 info -  [DefaultGLSPServer] process [action=compound, clientId=tasklist-diagram_0] 
17:00:32 info -  [DefaultGLSPServer] process [action=computedBounds, clientId=tasklist-diagram_0] 
17:00:33 info -  [DefaultGLSPServer] process [action=requestEditValidation, clientId=tasklist-diagram_0] 
17:00:35 info -  [DefaultGLSPServer] process [action=requestEditValidation, clientId=tasklist-diagram_0] 
17:00:36 info -  [DefaultGLSPServer] process [action=requestEditValidation, clientId=tasklist-diagram_0] 
17:00:36 info -  [DefaultGLSPServer] process [action=requestEditValidation, clientId=tasklist-diagram_0] 
17:00:36 info -  [DefaultGLSPServer] process [action=requestEditValidation, clientId=tasklist-diagram_0] 
17:00:36 info -  [DefaultGLSPServer] process [action=applyLabelEdit, clientId=tasklist-diagram_0] 
17:00:36 info -  [DefaultGLSPServer] process [action=computedBounds, clientId=tasklist-diagram_0] 
17:00:39 info -  [DefaultGLSPServer] process [action=requestEditValidation, clientId=tasklist-diagram_0] 
17:00:40 info -  [DefaultGLSPServer] process [action=requestEditValidation, clientId=tasklist-diagram_0] 
17:00:40 info -  [DefaultGLSPServer] process [action=requestEditValidation, clientId=tasklist-diagram_0] 
17:00:41 info -  [DefaultGLSPServer] process [action=requestEditValidation, clientId=tasklist-diagram_0] 
17:00:41 info -  [DefaultGLSPServer] process [action=requestEditValidation, clientId=tasklist-diagram_0] 
17:00:41 info -  [DefaultGLSPServer] process [action=applyLabelEdit, clientId=tasklist-diagram_0] 
17:00:41 info -  [DefaultGLSPServer] process [action=computedBounds, clientId=tasklist-diagram_0] 
17:00:53 info -  [DefaultGLSPServer] process [action=requestEditValidation, clientId=tasklist-diagram_0] 
17:00:54 info -  [DefaultGLSPServer] process [action=requestEditValidation, clientId=tasklist-diagram_0] 
17:00:54 info -  [DefaultGLSPServer] process [action=requestEditValidation, clientId=tasklist-diagram_0] 
17:00:55 info -  [DefaultGLSPServer] process [action=requestEditValidation, clientId=tasklist-diagram_0] 
17:00:55 info -  [DefaultGLSPServer] process [action=requestEditValidation, clientId=tasklist-diagram_0] 
17:00:56 info -  [DefaultGLSPServer] process [action=requestEditValidation, clientId=tasklist-diagram_0] 
17:00:56 info -  [DefaultGLSPServer] process [action=applyLabelEdit, clientId=tasklist-diagram_0] 
17:00:56 info -  [DefaultGLSPServer] process [action=computedBounds, clientId=tasklist-diagram_0] 
17:00:58 info -  [DefaultGLSPServer] process [action=requestEditValidation, clientId=tasklist-diagram_0] 
17:00:58 info -  [DefaultGLSPServer] process [action=requestEditValidation, clientId=tasklist-diagram_0] 
17:01:00 info -  [DefaultGLSPServer] process [action=requestEditValidation, clientId=tasklist-diagram_0] 
17:01:00 info -  [DefaultGLSPServer] process [action=requestEditValidation, clientId=tasklist-diagram_0] 
17:01:01 info -  [DefaultGLSPServer] process [action=requestEditValidation, clientId=tasklist-diagram_0] 
17:01:01 info -  [DefaultGLSPServer] process [action=requestEditValidation, clientId=tasklist-diagram_0] 
17:01:01 info -  [DefaultGLSPServer] process [action=applyLabelEdit, clientId=tasklist-diagram_0] 
17:01:01 info -  [DefaultGLSPServer] process [action=computedBounds, clientId=tasklist-diagram_0] 
17:01:03 info -  [DefaultGLSPServer] process [action=requestMarkers, clientId=tasklist-diagram_0] 
17:01:05 info -  [DefaultGLSPServer] process [action=generateSql, clientId=tasklist-diagram_0] 
17:01:20 info -  [DefaultGLSPServer] process [action=requestPopupModel, clientId=tasklist-diagram_0] 
17:01:20 warn -  [RequestPopupModelActionHandler] Could not process `RequestPopupModelAction`. No `PopupModelFactory` is bound 
17:01:23 info -  [DefaultGLSPServer] process [action=deleteElement, clientId=tasklist-diagram_0] 
17:01:23 info -  [DefaultGLSPServer] process [action=computedBounds, clientId=tasklist-diagram_0] 
17:01:24 info -  [DefaultGLSPServer] process [action=generateSql, clientId=tasklist-diagram_0] 
17:44:33 info -  [DefaultGLSPServer] process [action=requestEditValidation, clientId=tasklist-diagram_0] 
17:44:34 info -  [DefaultGLSPServer] process [action=requestEditValidation, clientId=tasklist-diagram_0] 
17:44:35 info -  [DefaultGLSPServer] process [action=requestEditValidation, clientId=tasklist-diagram_0] 
17:44:35 info -  [DefaultGLSPServer] process [action=requestEditValidation, clientId=tasklist-diagram_0] 
17:44:35 info -  [DefaultGLSPServer] process [action=requestEditValidation, clientId=tasklist-diagram_0] 
17:44:35 info -  [DefaultGLSPServer] process [action=applyLabelEdit, clientId=tasklist-diagram_0] 
17:44:35 info -  [DefaultGLSPServer] process [action=computedBounds, clientId=tasklist-diagram_0] 
17:44:38 info -  [DefaultGLSPServer] process [action=requestEditValidation, clientId=tasklist-diagram_0] 
17:44:38 info -  [DefaultGLSPServer] process [action=requestEditValidation, clientId=tasklist-diagram_0] 
17:44:39 info -  [DefaultGLSPServer] process [action=requestEditValidation, clientId=tasklist-diagram_0] 
17:44:40 info -  [DefaultGLSPServer] process [action=requestEditValidation, clientId=tasklist-diagram_0] 
17:44:40 info -  [DefaultGLSPServer] process [action=requestEditValidation, clientId=tasklist-diagram_0] 
17:44:40 info -  [DefaultGLSPServer] process [action=applyLabelEdit, clientId=tasklist-diagram_0] 
17:44:40 info -  [DefaultGLSPServer] process [action=computedBounds, clientId=tasklist-diagram_0] 
