22:16:33 info -  [SocketServerLauncher] The GLSP server is ready to accept new client requests on port: 54045 
22:16:33 info -  [SocketServerLauncher] Starting GLSP server connection 
22:16:33 info -  [DefaultGLSPServer] Initializing server with: applicationId: e8bd3827-8ac1-4827-90a7-583f2a351112, protocolVersion: 1.0.0 
22:16:35 info -  [DefaultGLSPServer] Initializing client session with: clientSessionId: 'tasklist-diagram_0', diagramType: 'tasklist-diagram' 
22:16:35 info -  [DefaultGLSPServer] process [action=requestModel, clientId=tasklist-diagram_0] 
22:16:35 info -  [DefaultGLSPServer] process [action=requestTypeHints, clientId=tasklist-diagram_0] 
22:16:35 info -  [DefaultGLSPServer] process [action=computedBounds, clientId=tasklist-diagram_0] 
22:16:35 info -  [DefaultGLSPServer] process [action=requestContextActions, clientId=tasklist-diagram_0] 
22:17:01 info -  [DefaultGLSPServer] Initializing client session with: clientSessionId: 'tasklist-diagram_1', diagramType: 'tasklist-diagram' 
22:17:01 info -  [DefaultGLSPServer] process [action=requestModel, clientId=tasklist-diagram_1] 
22:17:01 info -  [DefaultGLSPServer] process [action=requestTypeHints, clientId=tasklist-diagram_1] 
22:17:01 info -  [DefaultGLSPServer] process [action=computedBounds, clientId=tasklist-diagram_1] 
22:17:01 info -  [DefaultGLSPServer] process [action=requestContextActions, clientId=tasklist-diagram_1] 
22:17:03 info -  [DefaultGLSPServer] process [action=saveModel, clientId=tasklist-diagram_1] 
22:17:10 info -  [DefaultGLSPServer] Initializing client session with: clientSessionId: 'tasklist-diagram_2', diagramType: 'tasklist-diagram' 
22:17:10 info -  [DefaultGLSPServer] process [action=requestModel, clientId=tasklist-diagram_2] 
22:17:10 info -  [DefaultGLSPServer] process [action=requestTypeHints, clientId=tasklist-diagram_2] 
22:17:11 info -  [DefaultGLSPServer] process [action=computedBounds, clientId=tasklist-diagram_2] 
22:17:11 info -  [DefaultGLSPServer] process [action=requestContextActions, clientId=tasklist-diagram_2] 
22:17:28 info -  [DefaultGLSPServer] process [action=createNode, clientId=tasklist-diagram_2] 
22:17:28 info -  [DefaultGLSPServer] process [action=computedBounds, clientId=tasklist-diagram_2] 
22:17:30 info -  [DefaultGLSPServer] process [action=requestEditValidation, clientId=tasklist-diagram_2] 
22:17:30 info -  [DefaultGLSPServer] process [action=requestEditValidation, clientId=tasklist-diagram_2] 
22:17:31 info -  [DefaultGLSPServer] process [action=requestEditValidation, clientId=tasklist-diagram_2] 
22:17:31 info -  [DefaultGLSPServer] process [action=requestEditValidation, clientId=tasklist-diagram_2] 
22:17:31 info -  [DefaultGLSPServer] process [action=applyLabelEdit, clientId=tasklist-diagram_2] 
22:17:31 info -  [DefaultGLSPServer] process [action=computedBounds, clientId=tasklist-diagram_2] 
22:17:33 info -  [DefaultGLSPServer] process [action=createNode, clientId=tasklist-diagram_2] 
22:17:33 info -  [DefaultGLSPServer] process [action=computedBounds, clientId=tasklist-diagram_2] 
22:17:35 info -  [DefaultGLSPServer] process [action=requestEditValidation, clientId=tasklist-diagram_2] 
22:17:36 info -  [DefaultGLSPServer] process [action=requestEditValidation, clientId=tasklist-diagram_2] 
22:17:36 info -  [DefaultGLSPServer] process [action=requestEditValidation, clientId=tasklist-diagram_2] 
22:17:36 info -  [DefaultGLSPServer] process [action=applyLabelEdit, clientId=tasklist-diagram_2] 
22:17:36 info -  [DefaultGLSPServer] process [action=computedBounds, clientId=tasklist-diagram_2] 
22:17:39 info -  [DefaultGLSPServer] process [action=createNode, clientId=tasklist-diagram_2] 
22:17:39 info -  [DefaultGLSPServer] process [action=computedBounds, clientId=tasklist-diagram_2] 
22:17:41 info -  [DefaultGLSPServer] process [action=requestEditValidation, clientId=tasklist-diagram_2] 
22:17:42 info -  [DefaultGLSPServer] process [action=requestEditValidation, clientId=tasklist-diagram_2] 
22:17:43 info -  [DefaultGLSPServer] process [action=requestEditValidation, clientId=tasklist-diagram_2] 
22:17:44 info -  [DefaultGLSPServer] process [action=requestEditValidation, clientId=tasklist-diagram_2] 
22:17:44 info -  [DefaultGLSPServer] process [action=requestEditValidation, clientId=tasklist-diagram_2] 
22:17:44 info -  [DefaultGLSPServer] process [action=applyLabelEdit, clientId=tasklist-diagram_2] 
22:17:44 info -  [DefaultGLSPServer] process [action=computedBounds, clientId=tasklist-diagram_2] 
22:17:48 info -  [DefaultGLSPServer] process [action=createNode, clientId=tasklist-diagram_2] 
22:17:48 info -  [DefaultGLSPServer] process [action=computedBounds, clientId=tasklist-diagram_2] 
22:17:50 info -  [DefaultGLSPServer] process [action=requestEditValidation, clientId=tasklist-diagram_2] 
22:17:50 info -  [DefaultGLSPServer] process [action=requestEditValidation, clientId=tasklist-diagram_2] 
22:17:51 info -  [DefaultGLSPServer] process [action=requestEditValidation, clientId=tasklist-diagram_2] 
22:17:52 info -  [DefaultGLSPServer] process [action=requestEditValidation, clientId=tasklist-diagram_2] 
22:17:52 info -  [DefaultGLSPServer] process [action=requestEditValidation, clientId=tasklist-diagram_2] 
22:17:52 info -  [DefaultGLSPServer] process [action=requestEditValidation, clientId=tasklist-diagram_2] 
22:17:53 info -  [DefaultGLSPServer] process [action=requestEditValidation, clientId=tasklist-diagram_2] 
22:17:54 info -  [DefaultGLSPServer] process [action=requestEditValidation, clientId=tasklist-diagram_2] 
22:17:54 info -  [DefaultGLSPServer] process [action=requestEditValidation, clientId=tasklist-diagram_2] 
22:17:54 info -  [DefaultGLSPServer] process [action=applyLabelEdit, clientId=tasklist-diagram_2] 
22:17:54 info -  [DefaultGLSPServer] process [action=computedBounds, clientId=tasklist-diagram_2] 
22:17:55 info -  [DefaultGLSPServer] process [action=requestPopupModel, clientId=tasklist-diagram_2] 
22:17:55 warn -  [RequestPopupModelActionHandler] Could not process `RequestPopupModelAction`. No `PopupModelFactory` is bound 
22:17:55 info -  [DefaultGLSPServer] process [action=compound, clientId=tasklist-diagram_2] 
22:17:55 info -  [DefaultGLSPServer] process [action=computedBounds, clientId=tasklist-diagram_2] 
22:17:56 info -  [DefaultGLSPServer] process [action=compound, clientId=tasklist-diagram_2] 
22:17:56 info -  [DefaultGLSPServer] process [action=computedBounds, clientId=tasklist-diagram_2] 
22:17:59 info -  [DefaultGLSPServer] process [action=createNode, clientId=tasklist-diagram_2] 
22:17:59 info -  [DefaultGLSPServer] process [action=computedBounds, clientId=tasklist-diagram_2] 
22:18:01 info -  [DefaultGLSPServer] process [action=requestEditValidation, clientId=tasklist-diagram_2] 
22:18:01 info -  [DefaultGLSPServer] process [action=requestEditValidation, clientId=tasklist-diagram_2] 
22:18:01 info -  [DefaultGLSPServer] process [action=requestEditValidation, clientId=tasklist-diagram_2] 
22:18:01 info -  [DefaultGLSPServer] process [action=applyLabelEdit, clientId=tasklist-diagram_2] 
22:18:01 info -  [DefaultGLSPServer] process [action=computedBounds, clientId=tasklist-diagram_2] 
22:18:05 info -  [DefaultGLSPServer] process [action=createEdge, clientId=tasklist-diagram_2] 
22:18:05 info -  [DefaultGLSPServer] process [action=computedBounds, clientId=tasklist-diagram_2] 
22:18:08 info -  [DefaultGLSPServer] process [action=createEdge, clientId=tasklist-diagram_2] 
22:18:08 info -  [DefaultGLSPServer] process [action=computedBounds, clientId=tasklist-diagram_2] 
22:18:10 info -  [DefaultGLSPServer] process [action=requestEditValidation, clientId=tasklist-diagram_2] 
22:18:11 info -  [DefaultGLSPServer] process [action=requestEditValidation, clientId=tasklist-diagram_2] 
22:18:11 info -  [DefaultGLSPServer] process [action=requestEditValidation, clientId=tasklist-diagram_2] 
22:18:11 info -  [DefaultGLSPServer] process [action=applyLabelEdit, clientId=tasklist-diagram_2] 
22:18:11 info -  [DefaultGLSPServer] process [action=computedBounds, clientId=tasklist-diagram_2] 
22:18:14 info -  [DefaultGLSPServer] process [action=requestEditValidation, clientId=tasklist-diagram_2] 
22:18:14 info -  [DefaultGLSPServer] process [action=requestEditValidation, clientId=tasklist-diagram_2] 
22:18:15 info -  [DefaultGLSPServer] process [action=requestEditValidation, clientId=tasklist-diagram_2] 
22:18:15 info -  [DefaultGLSPServer] process [action=requestEditValidation, clientId=tasklist-diagram_2] 
22:18:16 info -  [DefaultGLSPServer] process [action=requestEditValidation, clientId=tasklist-diagram_2] 
22:18:16 info -  [DefaultGLSPServer] process [action=requestEditValidation, clientId=tasklist-diagram_2] 
22:18:16 info -  [DefaultGLSPServer] process [action=applyLabelEdit, clientId=tasklist-diagram_2] 
22:18:16 info -  [DefaultGLSPServer] process [action=computedBounds, clientId=tasklist-diagram_2] 
22:18:18 info -  [DefaultGLSPServer] process [action=compound, clientId=tasklist-diagram_2] 
22:18:18 info -  [DefaultGLSPServer] process [action=computedBounds, clientId=tasklist-diagram_2] 
22:18:22 info -  [DefaultGLSPServer] process [action=createEdge, clientId=tasklist-diagram_2] 
22:18:22 info -  [DefaultGLSPServer] process [action=computedBounds, clientId=tasklist-diagram_2] 
22:18:25 info -  [DefaultGLSPServer] process [action=createEdge, clientId=tasklist-diagram_2] 
22:18:25 info -  [DefaultGLSPServer] process [action=computedBounds, clientId=tasklist-diagram_2] 
22:18:26 info -  [DefaultGLSPServer] process [action=compound, clientId=tasklist-diagram_2] 
22:18:26 info -  [DefaultGLSPServer] process [action=computedBounds, clientId=tasklist-diagram_2] 
22:18:27 info -  [DefaultGLSPServer] process [action=saveModel, clientId=tasklist-diagram_2] 
22:18:30 info -  [DefaultGLSPServer] process [action=generateSql, clientId=tasklist-diagram_2] 
22:23:54 info -  [DefaultGLSPServer] Initializing client session with: clientSessionId: 'tasklist-diagram_3', diagramType: 'tasklist-diagram' 
22:23:54 info -  [DefaultGLSPServer] process [action=requestModel, clientId=tasklist-diagram_3] 
22:23:54 info -  [DefaultGLSPServer] process [action=requestTypeHints, clientId=tasklist-diagram_3] 
22:23:54 info -  [DefaultGLSPServer] process [action=computedBounds, clientId=tasklist-diagram_3] 
22:23:54 info -  [DefaultGLSPServer] process [action=requestContextActions, clientId=tasklist-diagram_3] 
22:24:00 info -  [DefaultGLSPServer] process [action=createNode, clientId=tasklist-diagram_3] 
22:24:00 info -  [DefaultGLSPServer] process [action=computedBounds, clientId=tasklist-diagram_3] 
22:24:01 info -  [DefaultGLSPServer] process [action=createNode, clientId=tasklist-diagram_3] 
22:24:02 info -  [DefaultGLSPServer] process [action=computedBounds, clientId=tasklist-diagram_3] 
22:24:05 info -  [DefaultGLSPServer] process [action=createNode, clientId=tasklist-diagram_3] 
22:24:05 info -  [DefaultGLSPServer] process [action=computedBounds, clientId=tasklist-diagram_3] 
22:24:07 info -  [DefaultGLSPServer] process [action=createNode, clientId=tasklist-diagram_3] 
22:24:07 info -  [DefaultGLSPServer] process [action=computedBounds, clientId=tasklist-diagram_3] 
22:24:37 info -  [DefaultGLSPServer] process [action=createNode, clientId=tasklist-diagram_3] 
22:24:37 info -  [DefaultGLSPServer] process [action=computedBounds, clientId=tasklist-diagram_3] 
22:24:39 info -  [DefaultGLSPServer] process [action=requestEditValidation, clientId=tasklist-diagram_3] 
22:24:39 info -  [DefaultGLSPServer] process [action=requestEditValidation, clientId=tasklist-diagram_3] 
22:24:40 info -  [DefaultGLSPServer] process [action=requestEditValidation, clientId=tasklist-diagram_3] 
22:24:40 info -  [DefaultGLSPServer] process [action=requestEditValidation, clientId=tasklist-diagram_3] 
22:24:40 info -  [DefaultGLSPServer] process [action=requestEditValidation, clientId=tasklist-diagram_3] 
22:24:40 info -  [DefaultGLSPServer] process [action=applyLabelEdit, clientId=tasklist-diagram_3] 
22:24:40 info -  [DefaultGLSPServer] process [action=computedBounds, clientId=tasklist-diagram_3] 
22:24:42 info -  [DefaultGLSPServer] process [action=requestEditValidation, clientId=tasklist-diagram_3] 
22:24:42 info -  [DefaultGLSPServer] process [action=requestEditValidation, clientId=tasklist-diagram_3] 
22:24:43 info -  [DefaultGLSPServer] process [action=requestEditValidation, clientId=tasklist-diagram_3] 
22:24:44 info -  [DefaultGLSPServer] process [action=requestEditValidation, clientId=tasklist-diagram_3] 
22:24:44 info -  [DefaultGLSPServer] process [action=requestEditValidation, clientId=tasklist-diagram_3] 
22:24:44 info -  [DefaultGLSPServer] process [action=applyLabelEdit, clientId=tasklist-diagram_3] 
22:24:44 info -  [DefaultGLSPServer] process [action=computedBounds, clientId=tasklist-diagram_3] 
22:24:44 info -  [DefaultGLSPServer] process [action=requestEditValidation, clientId=tasklist-diagram_3] 
22:24:46 info -  [DefaultGLSPServer] process [action=requestEditValidation, clientId=tasklist-diagram_3] 
22:24:47 info -  [DefaultGLSPServer] process [action=requestEditValidation, clientId=tasklist-diagram_3] 
22:24:47 info -  [DefaultGLSPServer] process [action=requestEditValidation, clientId=tasklist-diagram_3] 
22:24:49 info -  [DefaultGLSPServer] process [action=requestEditValidation, clientId=tasklist-diagram_3] 
22:24:50 info -  [DefaultGLSPServer] process [action=requestEditValidation, clientId=tasklist-diagram_3] 
22:24:51 info -  [DefaultGLSPServer] process [action=requestEditValidation, clientId=tasklist-diagram_3] 
22:24:51 info -  [DefaultGLSPServer] process [action=applyLabelEdit, clientId=tasklist-diagram_3] 
22:24:51 info -  [DefaultGLSPServer] process [action=computedBounds, clientId=tasklist-diagram_3] 
22:24:51 info -  [DefaultGLSPServer] process [action=requestEditValidation, clientId=tasklist-diagram_3] 
22:24:53 info -  [DefaultGLSPServer] process [action=requestPopupModel, clientId=tasklist-diagram_3] 
22:24:53 warn -  [RequestPopupModelActionHandler] Could not process `RequestPopupModelAction`. No `PopupModelFactory` is bound 
22:24:58 info -  [DefaultGLSPServer] process [action=requestEditValidation, clientId=tasklist-diagram_3] 
22:24:59 info -  [DefaultGLSPServer] process [action=requestEditValidation, clientId=tasklist-diagram_3] 
22:25:00 info -  [DefaultGLSPServer] process [action=requestEditValidation, clientId=tasklist-diagram_3] 
22:25:00 info -  [DefaultGLSPServer] process [action=requestEditValidation, clientId=tasklist-diagram_3] 
22:25:02 info -  [DefaultGLSPServer] process [action=requestEditValidation, clientId=tasklist-diagram_3] 
22:25:02 info -  [DefaultGLSPServer] process [action=requestEditValidation, clientId=tasklist-diagram_3] 
22:25:02 info -  [DefaultGLSPServer] process [action=applyLabelEdit, clientId=tasklist-diagram_3] 
22:25:02 info -  [DefaultGLSPServer] process [action=computedBounds, clientId=tasklist-diagram_3] 
22:25:04 info -  [DefaultGLSPServer] process [action=requestEditValidation, clientId=tasklist-diagram_3] 
22:25:04 info -  [DefaultGLSPServer] process [action=requestEditValidation, clientId=tasklist-diagram_3] 
22:25:05 info -  [DefaultGLSPServer] process [action=requestEditValidation, clientId=tasklist-diagram_3] 
22:25:06 info -  [DefaultGLSPServer] process [action=requestEditValidation, clientId=tasklist-diagram_3] 
22:25:06 info -  [DefaultGLSPServer] process [action=requestEditValidation, clientId=tasklist-diagram_3] 
22:25:06 info -  [DefaultGLSPServer] process [action=applyLabelEdit, clientId=tasklist-diagram_3] 
22:25:06 info -  [DefaultGLSPServer] process [action=computedBounds, clientId=tasklist-diagram_3] 
22:25:11 info -  [DefaultGLSPServer] process [action=createEdge, clientId=tasklist-diagram_3] 
22:25:11 info -  [DefaultGLSPServer] process [action=computedBounds, clientId=tasklist-diagram_3] 
22:25:13 info -  [DefaultGLSPServer] process [action=createEdge, clientId=tasklist-diagram_3] 
22:25:13 info -  [DefaultGLSPServer] process [action=computedBounds, clientId=tasklist-diagram_3] 
22:25:15 info -  [DefaultGLSPServer] process [action=createEdge, clientId=tasklist-diagram_3] 
22:25:15 info -  [DefaultGLSPServer] process [action=computedBounds, clientId=tasklist-diagram_3] 
22:25:18 info -  [DefaultGLSPServer] process [action=createEdge, clientId=tasklist-diagram_3] 
22:25:18 info -  [DefaultGLSPServer] process [action=computedBounds, clientId=tasklist-diagram_3] 
22:25:20 info -  [DefaultGLSPServer] process [action=requestEditValidation, clientId=tasklist-diagram_3] 
22:25:20 info -  [DefaultGLSPServer] process [action=requestEditValidation, clientId=tasklist-diagram_3] 
22:25:21 info -  [DefaultGLSPServer] process [action=requestEditValidation, clientId=tasklist-diagram_3] 
22:25:21 info -  [DefaultGLSPServer] process [action=requestEditValidation, clientId=tasklist-diagram_3] 
22:25:22 info -  [DefaultGLSPServer] process [action=requestEditValidation, clientId=tasklist-diagram_3] 
22:25:22 info -  [DefaultGLSPServer] process [action=requestEditValidation, clientId=tasklist-diagram_3] 
22:25:22 info -  [DefaultGLSPServer] process [action=applyLabelEdit, clientId=tasklist-diagram_3] 
22:25:22 info -  [DefaultGLSPServer] process [action=computedBounds, clientId=tasklist-diagram_3] 
22:25:24 info -  [DefaultGLSPServer] process [action=requestEditValidation, clientId=tasklist-diagram_3] 
22:25:25 info -  [DefaultGLSPServer] process [action=requestEditValidation, clientId=tasklist-diagram_3] 
22:25:25 info -  [DefaultGLSPServer] process [action=requestEditValidation, clientId=tasklist-diagram_3] 
22:25:26 info -  [DefaultGLSPServer] process [action=requestEditValidation, clientId=tasklist-diagram_3] 
22:25:26 info -  [DefaultGLSPServer] process [action=requestEditValidation, clientId=tasklist-diagram_3] 
22:25:26 info -  [DefaultGLSPServer] process [action=requestEditValidation, clientId=tasklist-diagram_3] 
22:25:26 info -  [DefaultGLSPServer] process [action=applyLabelEdit, clientId=tasklist-diagram_3] 
22:25:26 info -  [DefaultGLSPServer] process [action=computedBounds, clientId=tasklist-diagram_3] 
22:25:28 info -  [DefaultGLSPServer] process [action=requestPopupModel, clientId=tasklist-diagram_3] 
22:25:28 warn -  [RequestPopupModelActionHandler] Could not process `RequestPopupModelAction`. No `PopupModelFactory` is bound 
22:25:28 info -  [DefaultGLSPServer] process [action=compound, clientId=tasklist-diagram_3] 
22:25:28 info -  [DefaultGLSPServer] process [action=computedBounds, clientId=tasklist-diagram_3] 
22:25:29 info -  [DefaultGLSPServer] process [action=compound, clientId=tasklist-diagram_3] 
22:25:29 info -  [DefaultGLSPServer] process [action=computedBounds, clientId=tasklist-diagram_3] 
22:25:31 info -  [DefaultGLSPServer] process [action=requestPopupModel, clientId=tasklist-diagram_3] 
22:25:31 warn -  [RequestPopupModelActionHandler] Could not process `RequestPopupModelAction`. No `PopupModelFactory` is bound 
22:25:31 info -  [DefaultGLSPServer] process [action=compound, clientId=tasklist-diagram_3] 
22:25:31 info -  [DefaultGLSPServer] process [action=computedBounds, clientId=tasklist-diagram_3] 
22:25:32 info -  [DefaultGLSPServer] process [action=compound, clientId=tasklist-diagram_3] 
22:25:32 info -  [DefaultGLSPServer] process [action=computedBounds, clientId=tasklist-diagram_3] 
22:25:33 info -  [DefaultGLSPServer] process [action=compound, clientId=tasklist-diagram_3] 
22:25:33 info -  [DefaultGLSPServer] process [action=computedBounds, clientId=tasklist-diagram_3] 
22:25:35 info -  [DefaultGLSPServer] process [action=saveModel, clientId=tasklist-diagram_3] 
