17:38:28 info -  [SocketServerLauncher] The GLSP server is ready to accept new client requests on port: 54651 
17:38:28 info -  [SocketServerLauncher] Starting GLSP server connection 
17:38:28 info -  [DefaultGLSPServer] Initializing server with: applicationId: 3987dd3d-c85a-4c70-9472-bb55470c1ef2, protocolVersion: 1.0.0 
17:38:30 info -  [DefaultGLSPServer] Initializing client session with: clientSessionId: 'tasklist-diagram_0', diagramType: 'tasklist-diagram' 
17:38:30 info -  [DefaultGLSPServer] process [action=requestModel, clientId=tasklist-diagram_0] 
17:38:30 info -  [DefaultGLSPServer] process [action=requestTypeHints, clientId=tasklist-diagram_0] 
17:38:30 info -  [DefaultGLSPServer] process [action=computedBounds, clientId=tasklist-diagram_0] 
17:38:30 info -  [DefaultGLSPServer] process [action=requestContextActions, clientId=tasklist-diagram_0] 
17:38:42 info -  [DefaultGLSPServer] process [action=createNode, clientId=tasklist-diagram_0] 
17:38:42 info -  [DefaultGLSPServer] process [action=computedBounds, clientId=tasklist-diagram_0] 
17:38:46 info -  [DefaultGLSPServer] process [action=requestEditValidation, clientId=tasklist-diagram_0] 
17:38:46 info -  [DefaultGLSPServer] process [action=requestEditValidation, clientId=tasklist-diagram_0] 
17:38:46 info -  [DefaultGLSPServer] process [action=requestEditValidation, clientId=tasklist-diagram_0] 
17:38:46 info -  [DefaultGLSPServer] process [action=applyLabelEdit, clientId=tasklist-diagram_0] 
17:38:46 info -  [DefaultGLSPServer] process [action=computedBounds, clientId=tasklist-diagram_0] 
17:38:52 info -  [DefaultGLSPServer] process [action=compound, clientId=tasklist-diagram_0] 
17:38:52 info -  [DefaultGLSPServer] process [action=computedBounds, clientId=tasklist-diagram_0] 
17:38:53 info -  [DefaultGLSPServer] process [action=changeBounds, clientId=tasklist-diagram_0] 
17:38:53 info -  [DefaultGLSPServer] process [action=computedBounds, clientId=tasklist-diagram_0] 
17:38:54 info -  [DefaultGLSPServer] process [action=requestPopupModel, clientId=tasklist-diagram_0] 
17:38:54 warn -  [RequestPopupModelActionHandler] Could not process `RequestPopupModelAction`. No `PopupModelFactory` is bound 
17:38:58 info -  [DefaultGLSPServer] process [action=createNode, clientId=tasklist-diagram_0] 
17:38:58 info -  [DefaultGLSPServer] process [action=computedBounds, clientId=tasklist-diagram_0] 
17:38:59 info -  [DefaultGLSPServer] process [action=compound, clientId=tasklist-diagram_0] 
17:38:59 info -  [DefaultGLSPServer] process [action=computedBounds, clientId=tasklist-diagram_0] 
17:39:00 info -  [DefaultGLSPServer] process [action=requestEditValidation, clientId=tasklist-diagram_0] 
17:39:00 info -  [DefaultGLSPServer] process [action=requestEditValidation, clientId=tasklist-diagram_0] 
17:39:00 info -  [DefaultGLSPServer] process [action=applyLabelEdit, clientId=tasklist-diagram_0] 
17:39:01 info -  [DefaultGLSPServer] process [action=computedBounds, clientId=tasklist-diagram_0] 
17:39:02 info -  [DefaultGLSPServer] process [action=createEdge, clientId=tasklist-diagram_0] 
17:39:02 info -  [DefaultGLSPServer] process [action=computedBounds, clientId=tasklist-diagram_0] 
17:39:06 info -  [DefaultGLSPServer] process [action=createNode, clientId=tasklist-diagram_0] 
17:39:06 info -  [DefaultGLSPServer] process [action=computedBounds, clientId=tasklist-diagram_0] 
17:39:08 info -  [DefaultGLSPServer] process [action=changeBounds, clientId=tasklist-diagram_0] 
17:39:08 info -  [DefaultGLSPServer] process [action=computedBounds, clientId=tasklist-diagram_0] 
17:39:10 info -  [DefaultGLSPServer] process [action=requestEditValidation, clientId=tasklist-diagram_0] 
17:39:10 info -  [DefaultGLSPServer] process [action=compound, clientId=tasklist-diagram_0] 
17:39:10 info -  [DefaultGLSPServer] process [action=computedBounds, clientId=tasklist-diagram_0] 
17:39:10 info -  [DefaultGLSPServer] process [action=requestEditValidation, clientId=tasklist-diagram_0] 
17:39:10 info -  [DefaultGLSPServer] process [action=applyLabelEdit, clientId=tasklist-diagram_0] 
17:39:10 info -  [DefaultGLSPServer] process [action=computedBounds, clientId=tasklist-diagram_0] 
17:39:11 info -  [DefaultGLSPServer] process [action=compound, clientId=tasklist-diagram_0] 
17:39:11 info -  [DefaultGLSPServer] process [action=computedBounds, clientId=tasklist-diagram_0] 
17:39:13 info -  [DefaultGLSPServer] process [action=createEdge, clientId=tasklist-diagram_0] 
17:39:13 info -  [DefaultGLSPServer] process [action=computedBounds, clientId=tasklist-diagram_0] 
17:39:16 info -  [DefaultGLSPServer] process [action=createEdge, clientId=tasklist-diagram_0] 
17:39:16 info -  [DefaultGLSPServer] process [action=computedBounds, clientId=tasklist-diagram_0] 
17:39:28 info -  [DefaultGLSPServer] process [action=createEdge, clientId=tasklist-diagram_0] 
17:39:28 info -  [DefaultGLSPServer] process [action=computedBounds, clientId=tasklist-diagram_0] 
