21:31:42 info -  [SocketServerLauncher] The GLSP server is ready to accept new client requests on port: 51386 
21:31:42 info -  [SocketServerLauncher] Starting GLSP server connection 
21:31:42 info -  [DefaultGLSPServer] Initializing server with: applicationId: 0728be2d-c68a-41c0-bc85-55c1301d0e49, protocolVersion: 1.0.0 
21:31:44 info -  [DefaultGLSPServer] Initializing client session with: clientSessionId: 'tasklist-diagram_0', diagramType: 'tasklist-diagram' 
21:31:44 info -  [DefaultGLSPServer] process [action=requestModel, clientId=tasklist-diagram_0] 
21:31:44 info -  [DefaultGLSPServer] process [action=requestTypeHints, clientId=tasklist-diagram_0] 
21:31:44 info -  [DefaultGLSPServer] process [action=computedBounds, clientId=tasklist-diagram_0] 
21:31:44 info -  [DefaultGLSPServer] process [action=requestContextActions, clientId=tasklist-diagram_0] 
21:31:51 info -  [DefaultGLSPServer] process [action=createNode, clientId=tasklist-diagram_0] 
21:31:51 info -  [DefaultGLSPServer] process [action=computedBounds, clientId=tasklist-diagram_0] 
21:31:56 info -  [DefaultGLSPServer] process [action=requestEditValidation, clientId=tasklist-diagram_0] 
21:31:56 info -  [DefaultGLSPServer] process [action=requestEditValidation, clientId=tasklist-diagram_0] 
21:31:56 info -  [DefaultGLSPServer] process [action=applyLabelEdit, clientId=tasklist-diagram_0] 
21:31:56 info -  [DefaultGLSPServer] process [action=computedBounds, clientId=tasklist-diagram_0] 
21:32:00 info -  [DefaultGLSPServer] process [action=requestPopupModel, clientId=tasklist-diagram_0] 
21:32:00 warn -  [RequestPopupModelActionHandler] Could not process `RequestPopupModelAction`. No `PopupModelFactory` is bound 
21:32:01 info -  [DefaultGLSPServer] process [action=changeBounds, clientId=tasklist-diagram_0] 
21:32:01 info -  [DefaultGLSPServer] process [action=computedBounds, clientId=tasklist-diagram_0] 
21:32:15 info -  [DefaultGLSPServer] process [action=deleteElement, clientId=tasklist-diagram_0] 
21:32:16 info -  [DefaultGLSPServer] process [action=computedBounds, clientId=tasklist-diagram_0] 
