17:33:29 info -  [SocketServerLauncher] The GLSP server is ready to accept new client requests on port: 62975 
17:33:29 info -  [SocketServerLauncher] Starting GLSP server connection 
17:33:29 info -  [DefaultGLSPServer] Initializing server with: applicationId: bd683e41-1e88-4331-952e-d9a437b8bcd2, protocolVersion: 1.0.0 
17:33:31 info -  [DefaultGLSPServer] Initializing client session with: clientSessionId: 'tasklist-diagram_0', diagramType: 'tasklist-diagram' 
17:33:31 info -  [DefaultGLSPServer] process [action=requestModel, clientId=tasklist-diagram_0] 
17:33:31 info -  [DefaultGLSPServer] process [action=requestTypeHints, clientId=tasklist-diagram_0] 
17:33:31 info -  [DefaultGLSPServer] process [action=computedBounds, clientId=tasklist-diagram_0] 
17:33:31 info -  [DefaultGLSPServer] process [action=requestContextActions, clientId=tasklist-diagram_0] 
17:33:45 info -  [DefaultGLSPServer] process [action=createNode, clientId=tasklist-diagram_0] 
17:33:45 info -  [DefaultGLSPServer] process [action=computedBounds, clientId=tasklist-diagram_0] 
17:34:13 info -  [DefaultGLSPServer] process [action=compound, clientId=tasklist-diagram_0] 
17:34:13 info -  [DefaultGLSPServer] process [action=computedBounds, clientId=tasklist-diagram_0] 
17:34:17 info -  [DefaultGLSPServer] process [action=createNode, clientId=tasklist-diagram_0] 
17:34:17 info -  [DefaultGLSPServer] process [action=computedBounds, clientId=tasklist-diagram_0] 
17:34:18 info -  [DefaultGLSPServer] process [action=createNode, clientId=tasklist-diagram_0] 
17:34:18 info -  [DefaultGLSPServer] process [action=computedBounds, clientId=tasklist-diagram_0] 
17:34:23 info -  [DefaultGLSPServer] process [action=createEdge, clientId=tasklist-diagram_0] 
17:34:23 info -  [DefaultGLSPServer] process [action=computedBounds, clientId=tasklist-diagram_0] 
17:34:28 info -  [DefaultGLSPServer] process [action=compound, clientId=tasklist-diagram_0] 
17:34:28 info -  [DefaultGLSPServer] process [action=requestPopupModel, clientId=tasklist-diagram_0] 
17:34:28 warn -  [RequestPopupModelActionHandler] Could not process `RequestPopupModelAction`. No `PopupModelFactory` is bound 
17:34:28 info -  [DefaultGLSPServer] process [action=computedBounds, clientId=tasklist-diagram_0] 
17:34:35 info -  [DefaultGLSPServer] process [action=createEdge, clientId=tasklist-diagram_0] 
17:34:35 info -  [DefaultGLSPServer] process [action=computedBounds, clientId=tasklist-diagram_0] 
17:35:03 info -  [DefaultGLSPServer] process [action=requestEditValidation, clientId=tasklist-diagram_0] 
17:35:03 info -  [DefaultGLSPServer] process [action=requestEditValidation, clientId=tasklist-diagram_0] 
17:35:04 info -  [DefaultGLSPServer] process [action=requestEditValidation, clientId=tasklist-diagram_0] 
17:35:04 info -  [DefaultGLSPServer] process [action=requestEditValidation, clientId=tasklist-diagram_0] 
17:35:05 info -  [DefaultGLSPServer] process [action=requestEditValidation, clientId=tasklist-diagram_0] 
17:35:05 info -  [DefaultGLSPServer] process [action=requestEditValidation, clientId=tasklist-diagram_0] 
17:35:05 info -  [DefaultGLSPServer] process [action=requestEditValidation, clientId=tasklist-diagram_0] 
17:35:06 info -  [DefaultGLSPServer] process [action=applyLabelEdit, clientId=tasklist-diagram_0] 
17:35:06 info -  [DefaultGLSPServer] process [action=computedBounds, clientId=tasklist-diagram_0] 
17:35:26 info -  [DefaultGLSPServer] process [action=requestEditValidation, clientId=tasklist-diagram_0] 
17:35:27 info -  [DefaultGLSPServer] process [action=requestEditValidation, clientId=tasklist-diagram_0] 
17:35:28 info -  [DefaultGLSPServer] process [action=requestEditValidation, clientId=tasklist-diagram_0] 
17:35:28 info -  [DefaultGLSPServer] process [action=requestEditValidation, clientId=tasklist-diagram_0] 
17:35:28 info -  [DefaultGLSPServer] process [action=applyLabelEdit, clientId=tasklist-diagram_0] 
17:35:28 info -  [DefaultGLSPServer] process [action=computedBounds, clientId=tasklist-diagram_0] 
