18:15:33 info -  [SocketServerLauncher] The GLSP server is ready to accept new client requests on port: 60848 
18:15:33 info -  [SocketServerLauncher] Starting GLSP server connection 
18:15:33 info -  [DefaultGLSPServer] Initializing server with: applicationId: a749a42e-4498-4cc5-991a-c3bcc61595ee, protocolVersion: 1.0.0 
18:15:34 info -  [DefaultGLSPServer] Initializing client session with: clientSessionId: 'tasklist-diagram_0', diagramType: 'tasklist-diagram' 
18:15:34 info -  [DefaultGLSPServer] process [action=requestModel, clientId=tasklist-diagram_0] 
18:15:34 info -  [DefaultGLSPServer] process [action=requestTypeHints, clientId=tasklist-diagram_0] 
18:15:34 info -  [DefaultGLSPServer] process [action=computedBounds, clientId=tasklist-diagram_0] 
18:15:34 info -  [DefaultGLSPServer] process [action=requestContextActions, clientId=tasklist-diagram_0] 
18:15:46 info -  [DefaultGLSPServer] process [action=createNode, clientId=tasklist-diagram_0] 
18:15:46 info -  [DefaultGLSPServer] process [action=computedBounds, clientId=tasklist-diagram_0] 
18:15:47 info -  [DefaultGLSPServer] process [action=createNode, clientId=tasklist-diagram_0] 
18:15:47 info -  [DefaultGLSPServer] process [action=computedBounds, clientId=tasklist-diagram_0] 
18:15:48 info -  [DefaultGLSPServer] process [action=createNode, clientId=tasklist-diagram_0] 
18:15:48 info -  [DefaultGLSPServer] process [action=computedBounds, clientId=tasklist-diagram_0] 
18:15:51 info -  [DefaultGLSPServer] process [action=createEdge, clientId=tasklist-diagram_0] 
18:15:51 info -  [DefaultGLSPServer] process [action=computedBounds, clientId=tasklist-diagram_0] 
18:15:53 info -  [DefaultGLSPServer] process [action=createEdge, clientId=tasklist-diagram_0] 
18:15:54 info -  [DefaultGLSPServer] process [action=computedBounds, clientId=tasklist-diagram_0] 
18:15:55 info -  [DefaultGLSPServer] process [action=requestMarkers, clientId=tasklist-diagram_0] 
18:16:31 info -  [DefaultGLSPServer] process [action=requestPopupModel, clientId=tasklist-diagram_0] 
18:16:31 warn -  [RequestPopupModelActionHandler] Could not process `RequestPopupModelAction`. No `PopupModelFactory` is bound 
18:16:33 info -  [DefaultGLSPServer] process [action=deleteElement, clientId=tasklist-diagram_0] 
18:16:33 info -  [DefaultGLSPServer] process [action=computedBounds, clientId=tasklist-diagram_0] 
18:16:36 info -  [DefaultGLSPServer] process [action=createNode, clientId=tasklist-diagram_0] 
18:16:36 info -  [DefaultGLSPServer] process [action=computedBounds, clientId=tasklist-diagram_0] 
18:16:39 info -  [DefaultGLSPServer] process [action=createEdge, clientId=tasklist-diagram_0] 
18:16:39 info -  [DefaultGLSPServer] process [action=computedBounds, clientId=tasklist-diagram_0] 
18:16:41 info -  [DefaultGLSPServer] process [action=createEdge, clientId=tasklist-diagram_0] 
18:16:41 info -  [DefaultGLSPServer] process [action=computedBounds, clientId=tasklist-diagram_0] 
18:16:42 info -  [DefaultGLSPServer] process [action=requestMarkers, clientId=tasklist-diagram_0] 
18:16:51 info -  [DefaultGLSPServer] process [action=deleteElement, clientId=tasklist-diagram_0] 
18:16:51 info -  [DefaultGLSPServer] process [action=computedBounds, clientId=tasklist-diagram_0] 
18:16:54 info -  [DefaultGLSPServer] process [action=createNode, clientId=tasklist-diagram_0] 
18:16:54 info -  [DefaultGLSPServer] process [action=computedBounds, clientId=tasklist-diagram_0] 
18:16:57 info -  [DefaultGLSPServer] process [action=createEdge, clientId=tasklist-diagram_0] 
18:16:57 info -  [DefaultGLSPServer] process [action=computedBounds, clientId=tasklist-diagram_0] 
18:17:02 info -  [DefaultGLSPServer] process [action=createEdge, clientId=tasklist-diagram_0] 
18:17:02 info -  [DefaultGLSPServer] process [action=computedBounds, clientId=tasklist-diagram_0] 
18:17:05 info -  [DefaultGLSPServer] process [action=deleteElement, clientId=tasklist-diagram_0] 
18:17:05 info -  [DefaultGLSPServer] process [action=computedBounds, clientId=tasklist-diagram_0] 
18:17:09 info -  [DefaultGLSPServer] process [action=createEdge, clientId=tasklist-diagram_0] 
18:17:09 info -  [DefaultGLSPServer] process [action=computedBounds, clientId=tasklist-diagram_0] 
18:17:11 info -  [DefaultGLSPServer] process [action=requestMarkers, clientId=tasklist-diagram_0] 
18:17:25 info -  [DefaultGLSPServer] process [action=createNode, clientId=tasklist-diagram_0] 
18:17:25 info -  [DefaultGLSPServer] process [action=computedBounds, clientId=tasklist-diagram_0] 
18:17:29 info -  [DefaultGLSPServer] process [action=createEdge, clientId=tasklist-diagram_0] 
18:17:29 info -  [DefaultGLSPServer] process [action=computedBounds, clientId=tasklist-diagram_0] 
18:17:31 info -  [DefaultGLSPServer] process [action=requestMarkers, clientId=tasklist-diagram_0] 
