18:16:09 info -  [SocketServerLauncher] The GLSP server is ready to accept new client requests on port: 63667 
18:16:09 info -  [SocketServerLauncher] Starting GLSP server connection 
18:16:09 info -  [DefaultGLSPServer] Initializing server with: applicationId: fff28874-b751-42d9-8b4b-76e85a930d8d, protocolVersion: 1.0.0 
18:16:11 info -  [DefaultGLSPServer] Initializing client session with: clientSessionId: 'tasklist-diagram_0', diagramType: 'tasklist-diagram' 
18:16:11 info -  [DefaultGLSPServer] process [action=requestModel, clientId=tasklist-diagram_0] 
18:16:11 info -  [DefaultGLSPServer] process [action=requestTypeHints, clientId=tasklist-diagram_0] 
18:16:11 info -  [DefaultGLSPServer] process [action=computedBounds, clientId=tasklist-diagram_0] 
18:16:11 info -  [DefaultGLSPServer] process [action=requestContextActions, clientId=tasklist-diagram_0] 
18:16:17 info -  [DefaultGLSPServer] process [action=createNode, clientId=tasklist-diagram_0] 
18:16:17 info -  [DefaultGLSPServer] process [action=computedBounds, clientId=tasklist-diagram_0] 
18:16:19 info -  [DefaultGLSPServer] process [action=createNode, clientId=tasklist-diagram_0] 
18:16:19 info -  [DefaultGLSPServer] process [action=computedBounds, clientId=tasklist-diagram_0] 
18:16:21 info -  [DefaultGLSPServer] process [action=createNode, clientId=tasklist-diagram_0] 
18:16:21 info -  [DefaultGLSPServer] process [action=computedBounds, clientId=tasklist-diagram_0] 
18:16:25 info -  [DefaultGLSPServer] process [action=createEdge, clientId=tasklist-diagram_0] 
18:16:25 info -  [DefaultGLSPServer] process [action=computedBounds, clientId=tasklist-diagram_0] 
18:16:27 info -  [DefaultGLSPServer] process [action=createEdge, clientId=tasklist-diagram_0] 
18:16:27 info -  [DefaultGLSPServer] process [action=computedBounds, clientId=tasklist-diagram_0] 
18:16:29 info -  [DefaultGLSPServer] process [action=createNode, clientId=tasklist-diagram_0] 
18:16:29 info -  [DefaultGLSPServer] process [action=computedBounds, clientId=tasklist-diagram_0] 
18:16:31 info -  [DefaultGLSPServer] process [action=compound, clientId=tasklist-diagram_0] 
18:16:31 info -  [DefaultGLSPServer] process [action=computedBounds, clientId=tasklist-diagram_0] 
18:16:35 info -  [DefaultGLSPServer] process [action=createEdge, clientId=tasklist-diagram_0] 
18:16:35 info -  [DefaultGLSPServer] process [action=computedBounds, clientId=tasklist-diagram_0] 
18:16:37 info -  [DefaultGLSPServer] process [action=requestMarkers, clientId=tasklist-diagram_0] 
18:16:46 info -  [DefaultGLSPServer] process [action=createNode, clientId=tasklist-diagram_0] 
18:16:46 info -  [DefaultGLSPServer] process [action=computedBounds, clientId=tasklist-diagram_0] 
18:16:50 info -  [DefaultGLSPServer] process [action=createEdge, clientId=tasklist-diagram_0] 
18:16:50 info -  [DefaultGLSPServer] process [action=computedBounds, clientId=tasklist-diagram_0] 
18:16:51 info -  [DefaultGLSPServer] process [action=requestMarkers, clientId=tasklist-diagram_0] 
18:16:57 info -  [DefaultGLSPServer] process [action=requestPopupModel, clientId=tasklist-diagram_0] 
18:16:57 warn -  [RequestPopupModelActionHandler] Could not process `RequestPopupModelAction`. No `PopupModelFactory` is bound 
18:16:57 info -  [DefaultGLSPServer] process [action=compound, clientId=tasklist-diagram_0] 
18:16:57 info -  [DefaultGLSPServer] process [action=computedBounds, clientId=tasklist-diagram_0] 
18:16:59 info -  [DefaultGLSPServer] process [action=compound, clientId=tasklist-diagram_0] 
18:16:59 info -  [DefaultGLSPServer] process [action=computedBounds, clientId=tasklist-diagram_0] 
18:17:23 info -  [DefaultGLSPServer] process [action=deleteElement, clientId=tasklist-diagram_0] 
18:17:23 info -  [DefaultGLSPServer] process [action=computedBounds, clientId=tasklist-diagram_0] 
