17:51:09 info -  [SocketServerLauncher] The GLSP server is ready to accept new client requests on port: 64669 
17:51:09 info -  [SocketServerLauncher] Starting GLSP server connection 
17:51:09 info -  [DefaultGLSPServer] Initializing server with: applicationId: 32817d39-066d-4f80-b361-bd36e07956f3, protocolVersion: 1.0.0 
17:52:58 info -  [DefaultGLSPServer] Initializing client session with: clientSessionId: 'tasklist-diagram_0', diagramType: 'tasklist-diagram' 
17:52:58 info -  [DefaultGLSPServer] process [action=requestModel, clientId=tasklist-diagram_0] 
17:52:58 info -  [DefaultGLSPServer] process [action=requestTypeHints, clientId=tasklist-diagram_0] 
17:52:58 info -  [DefaultGLSPServer] process [action=computedBounds, clientId=tasklist-diagram_0] 
17:52:58 info -  [DefaultGLSPServer] process [action=requestContextActions, clientId=tasklist-diagram_0] 
17:53:02 info -  [DefaultGLSPServer] process [action=createNode, clientId=tasklist-diagram_0] 
17:53:03 info -  [DefaultGLSPServer] process [action=computedBounds, clientId=tasklist-diagram_0] 
17:53:04 info -  [DefaultGLSPServer] process [action=createNode, clientId=tasklist-diagram_0] 
17:53:05 info -  [DefaultGLSPServer] process [action=computedBounds, clientId=tasklist-diagram_0] 
17:53:06 info -  [DefaultGLSPServer] process [action=createNode, clientId=tasklist-diagram_0] 
17:53:06 info -  [DefaultGLSPServer] process [action=computedBounds, clientId=tasklist-diagram_0] 
17:53:08 info -  [DefaultGLSPServer] process [action=createEdge, clientId=tasklist-diagram_0] 
17:53:08 info -  [DefaultGLSPServer] process [action=computedBounds, clientId=tasklist-diagram_0] 
17:53:10 info -  [DefaultGLSPServer] process [action=createEdge, clientId=tasklist-diagram_0] 
17:53:10 info -  [DefaultGLSPServer] process [action=computedBounds, clientId=tasklist-diagram_0] 
17:53:12 info -  [DefaultGLSPServer] process [action=requestMarkers, clientId=tasklist-diagram_0] 
17:54:33 info -  [DefaultGLSPServer] process [action=compound, clientId=tasklist-diagram_0] 
17:54:33 info -  [DefaultGLSPServer] process [action=computedBounds, clientId=tasklist-diagram_0] 
17:54:37 info -  [DefaultGLSPServer] process [action=requestPopupModel, clientId=tasklist-diagram_0] 
17:54:37 warn -  [RequestPopupModelActionHandler] Could not process `RequestPopupModelAction`. No `PopupModelFactory` is bound 
17:54:38 info -  [DefaultGLSPServer] process [action=deleteElement, clientId=tasklist-diagram_0] 
17:54:38 info -  [DefaultGLSPServer] process [action=computedBounds, clientId=tasklist-diagram_0] 
17:54:40 info -  [DefaultGLSPServer] process [action=deleteElement, clientId=tasklist-diagram_0] 
17:54:40 info -  [DefaultGLSPServer] process [action=computedBounds, clientId=tasklist-diagram_0] 
17:54:41 info -  [DefaultGLSPServer] process [action=requestMarkers, clientId=tasklist-diagram_0] 
