22:20:18 info -  [SocketServerLauncher] The GLSP server is ready to accept new client requests on port: 51385 
22:20:18 info -  [SocketServerLauncher] Starting GLSP server connection 
22:20:18 info -  [DefaultGLSPServer] Initializing server with: applicationId: 8306e8b8-606c-4dba-9cb9-57f1111207d7, protocolVersion: 1.0.0 
22:20:20 info -  [DefaultGLSPServer] Initializing client session with: clientSessionId: 'tasklist-diagram_0', diagramType: 'tasklist-diagram' 
22:20:20 info -  [DefaultGLSPServer] process [action=requestModel, clientId=tasklist-diagram_0] 
22:20:20 info -  [DefaultGLSPServer] process [action=requestTypeHints, clientId=tasklist-diagram_0] 
22:20:20 info -  [DefaultGLSPServer] process [action=computedBounds, clientId=tasklist-diagram_0] 
22:20:20 info -  [DefaultGLSPServer] process [action=requestContextActions, clientId=tasklist-diagram_0] 
22:20:26 info -  [DefaultGLSPServer] process [action=createNode, clientId=tasklist-diagram_0] 
22:20:26 info -  [DefaultGLSPServer] process [action=computedBounds, clientId=tasklist-diagram_0] 
22:20:27 info -  [DefaultGLSPServer] process [action=createNode, clientId=tasklist-diagram_0] 
22:20:28 info -  [DefaultGLSPServer] process [action=computedBounds, clientId=tasklist-diagram_0] 
22:20:37 info -  [DefaultGLSPServer] process [action=changeBounds, clientId=tasklist-diagram_0] 
22:20:37 info -  [DefaultGLSPServer] process [action=computedBounds, clientId=tasklist-diagram_0] 
22:20:41 info -  [DefaultGLSPServer] process [action=requestPopupModel, clientId=tasklist-diagram_0] 
22:20:41 warn -  [RequestPopupModelActionHandler] Could not process `RequestPopupModelAction`. No `PopupModelFactory` is bound 
22:20:43 info -  [DefaultGLSPServer] process [action=requestEditValidation, clientId=tasklist-diagram_0] 
22:20:43 info -  [DefaultGLSPServer] process [action=applyLabelEdit, clientId=tasklist-diagram_0] 
22:20:43 info -  [DefaultGLSPServer] process [action=requestEditValidation, clientId=tasklist-diagram_0] 
22:20:43 info -  [DefaultGLSPServer] process [action=computedBounds, clientId=tasklist-diagram_0] 
22:20:50 info -  [DefaultGLSPServer] process [action=deleteElement, clientId=tasklist-diagram_0] 
22:20:50 info -  [DefaultGLSPServer] process [action=computedBounds, clientId=tasklist-diagram_0] 
22:20:54 info -  [DefaultGLSPServer] process [action=createNode, clientId=tasklist-diagram_0] 
22:20:54 info -  [DefaultGLSPServer] process [action=computedBounds, clientId=tasklist-diagram_0] 
22:20:58 info -  [DefaultGLSPServer] process [action=createEdge, clientId=tasklist-diagram_0] 
22:20:58 info -  [DefaultGLSPServer] process [action=computedBounds, clientId=tasklist-diagram_0] 
