22:29:17 info -  [SocketServerLauncher] The GLSP server is ready to accept new client requests on port: 56491 
22:29:17 info -  [SocketServerLauncher] Starting GLSP server connection 
22:29:17 info -  [DefaultGLSPServer] Initializing server with: applicationId: 63054114-af6a-4a3a-b463-84a287cdc0b4, protocolVersion: 1.0.0 
22:29:20 info -  [DefaultGLSPServer] Initializing client session with: clientSessionId: 'tasklist-diagram_0', diagramType: 'tasklist-diagram' 
22:29:20 info -  [DefaultGLSPServer] process [action=requestModel, clientId=tasklist-diagram_0] 
22:29:20 info -  [DefaultGLSPServer] process [action=requestTypeHints, clientId=tasklist-diagram_0] 
22:29:20 info -  [DefaultGLSPServer] process [action=computedBounds, clientId=tasklist-diagram_0] 
22:29:20 info -  [DefaultGLSPServer] process [action=requestContextActions, clientId=tasklist-diagram_0] 
22:29:25 info -  [DefaultGLSPServer] process [action=createNode, clientId=tasklist-diagram_0] 
22:29:25 info -  [DefaultGLSPServer] process [action=computedBounds, clientId=tasklist-diagram_0] 
22:29:33 info -  [DefaultGLSPServer] process [action=compound, clientId=tasklist-diagram_0] 
22:29:33 info -  [DefaultGLSPServer] process [action=requestEditValidation, clientId=tasklist-diagram_0] 
22:29:33 info -  [DefaultGLSPServer] process [action=computedBounds, clientId=tasklist-diagram_0] 
22:29:33 info -  [DefaultGLSPServer] process [action=requestEditValidation, clientId=tasklist-diagram_0] 
22:29:33 info -  [DefaultGLSPServer] process [action=applyLabelEdit, clientId=tasklist-diagram_0] 
22:29:33 error -  [DefaultCommandStack] An error occurred during command execution. CommandStack will be flushed! Could not find model element for node with id 5e164fbe-d6b5-47ba-a353-55b36ea69d5f
            Error: Could not find model element for node with id 5e164fbe-d6b5-47ba-a353-55b36ea69d5f
    at JsonRecordingCommand.doExecute (c:\Users\roby0\Desktop\URJC\TFG\tfg-glsp\tasklist-vscode\extension\dist\tasklist-glsp-server.js:60118:27)
    at JsonRecordingCommand.execute (c:\Users\roby0\Desktop\URJC\TFG\tfg-glsp\tasklist-vscode\extension\dist\tasklist-glsp-server.js:7930:20)
    at process.processTicksAndRejections (node:internal/process/task_queues:105:5)
    at async DefaultCommandStack.execute (c:\Users\roby0\Desktop\URJC\TFG\tfg-glsp\tasklist-vscode\extension\dist\tasklist-glsp-server.js:7720:13)
22:29:33 error -  [DefaultGLSPServer] Could not process action: 'applyLabelEdit 
22:29:33 error -  [DefaultGLSPServer] Error: Could not find model element for node with id 5e164fbe-d6b5-47ba-a353-55b36ea69d5f 
