18:23:12 info -  [SocketServerLauncher] The GLSP server is ready to accept new client requests on port: 58386 
18:23:12 info -  [SocketServerLauncher] Starting GLSP server connection 
18:23:12 info -  [DefaultGLSPServer] Initializing server with: applicationId: 02328b99-5632-4e5b-9a68-395bd5dcd18d, protocolVersion: 1.0.0 
18:23:13 info -  [DefaultGLSPServer] Initializing client session with: clientSessionId: 'tasklist-diagram_0', diagramType: 'tasklist-diagram' 
18:23:13 info -  [DefaultGLSPServer] process [action=requestModel, clientId=tasklist-diagram_0] 
18:23:13 info -  [DefaultGLSPServer] process [action=requestTypeHints, clientId=tasklist-diagram_0] 
18:23:13 info -  [DefaultGLSPServer] process [action=computedBounds, clientId=tasklist-diagram_0] 
18:23:13 info -  [DefaultGLSPServer] process [action=requestContextActions, clientId=tasklist-diagram_0] 
18:23:25 info -  [DefaultGLSPServer] process [action=requestMarkers, clientId=tasklist-diagram_0] 
18:23:27 info -  [DefaultGLSPServer] process [action=generateSql, clientId=tasklist-diagram_0] 
18:23:27 error -  [DefaultGLSPServer] Could not process action: 'generateSql 
18:23:27 error -  [DefaultGLSPServer] TypeError: Cannot read properties of undefined (reading 'replace') 
18:23:45 info -  [DefaultGLSPServer] process [action=requestMarkers, clientId=tasklist-diagram_0] 
18:23:47 info -  [DefaultGLSPServer] process [action=generateSql, clientId=tasklist-diagram_0] 
18:23:47 error -  [DefaultGLSPServer] Could not process action: 'generateSql 
18:23:47 error -  [DefaultGLSPServer] TypeError: Cannot read properties of undefined (reading 'replace') 
18:26:19 info -  [DefaultGLSPServer] process [action=compound, clientId=tasklist-diagram_0] 
18:26:19 info -  [DefaultGLSPServer] process [action=computedBounds, clientId=tasklist-diagram_0] 
18:26:21 info -  [DefaultGLSPServer] process [action=compound, clientId=tasklist-diagram_0] 
18:26:21 info -  [DefaultGLSPServer] process [action=computedBounds, clientId=tasklist-diagram_0] 
18:26:21 info -  [DefaultGLSPServer] process [action=compound, clientId=tasklist-diagram_0] 
18:26:21 info -  [DefaultGLSPServer] process [action=computedBounds, clientId=tasklist-diagram_0] 
18:26:22 info -  [DefaultGLSPServer] process [action=compound, clientId=tasklist-diagram_0] 
18:26:22 info -  [DefaultGLSPServer] process [action=computedBounds, clientId=tasklist-diagram_0] 
18:26:23 info -  [DefaultGLSPServer] process [action=compound, clientId=tasklist-diagram_0] 
18:26:23 info -  [DefaultGLSPServer] process [action=computedBounds, clientId=tasklist-diagram_0] 
