19:34:02 info -  [SocketServerLauncher] The GLSP server is ready to accept new client requests on port: 62717 
19:34:02 info -  [SocketServerLauncher] Starting GLSP server connection 
19:34:02 info -  [DefaultGLSPServer] Initializing server with: applicationId: 1cfb0902-6909-4411-ad94-01ba88eff8d5, protocolVersion: 1.0.0 
19:34:04 info -  [DefaultGLSPServer] Initializing client session with: clientSessionId: 'tasklist-diagram_0', diagramType: 'tasklist-diagram' 
19:34:04 info -  [DefaultGLSPServer] process [action=requestModel, clientId=tasklist-diagram_0] 
19:34:04 info -  [DefaultGLSPServer] process [action=requestTypeHints, clientId=tasklist-diagram_0] 
19:34:04 info -  [DefaultGLSPServer] process [action=computedBounds, clientId=tasklist-diagram_0] 
19:34:04 info -  [DefaultGLSPServer] process [action=requestContextActions, clientId=tasklist-diagram_0] 
19:34:08 info -  [DefaultGLSPServer] process [action=createNode, clientId=tasklist-diagram_0] 
19:34:08 info -  [DefaultGLSPServer] process [action=computedBounds, clientId=tasklist-diagram_0] 
19:34:09 info -  [DefaultGLSPServer] process [action=requestMarkers, clientId=tasklist-diagram_0] 
19:34:15 info -  [DefaultGLSPServer] process [action=requestPopupModel, clientId=tasklist-diagram_0] 
19:34:15 warn -  [RequestPopupModelActionHandler] Could not process `RequestPopupModelAction`. No `PopupModelFactory` is bound 
19:34:15 info -  [DefaultGLSPServer] process [action=compound, clientId=tasklist-diagram_0] 
19:34:15 info -  [DefaultGLSPServer] process [action=computedBounds, clientId=tasklist-diagram_0] 
19:34:18 info -  [DefaultGLSPServer] process [action=createNode, clientId=tasklist-diagram_0] 
19:34:18 info -  [DefaultGLSPServer] process [action=computedBounds, clientId=tasklist-diagram_0] 
19:34:21 info -  [DefaultGLSPServer] process [action=createNode, clientId=tasklist-diagram_0] 
19:34:21 info -  [DefaultGLSPServer] process [action=computedBounds, clientId=tasklist-diagram_0] 
19:34:23 info -  [DefaultGLSPServer] process [action=createEdge, clientId=tasklist-diagram_0] 
19:34:23 info -  [DefaultGLSPServer] process [action=computedBounds, clientId=tasklist-diagram_0] 
19:34:27 info -  [DefaultGLSPServer] process [action=createEdge, clientId=tasklist-diagram_0] 
19:34:27 info -  [DefaultGLSPServer] process [action=computedBounds, clientId=tasklist-diagram_0] 
19:34:28 info -  [DefaultGLSPServer] process [action=requestMarkers, clientId=tasklist-diagram_0] 
19:34:37 info -  [DefaultGLSPServer] process [action=deleteElement, clientId=tasklist-diagram_0] 
19:34:37 info -  [DefaultGLSPServer] process [action=computedBounds, clientId=tasklist-diagram_0] 
19:34:40 info -  [DefaultGLSPServer] process [action=deleteElement, clientId=tasklist-diagram_0] 
19:34:40 info -  [DefaultGLSPServer] process [action=computedBounds, clientId=tasklist-diagram_0] 
19:34:42 info -  [DefaultGLSPServer] process [action=createNode, clientId=tasklist-diagram_0] 
19:34:42 info -  [DefaultGLSPServer] process [action=computedBounds, clientId=tasklist-diagram_0] 
19:34:44 info -  [DefaultGLSPServer] process [action=createEdge, clientId=tasklist-diagram_0] 
19:34:44 info -  [DefaultGLSPServer] process [action=computedBounds, clientId=tasklist-diagram_0] 
19:34:50 info -  [DefaultGLSPServer] process [action=createEdge, clientId=tasklist-diagram_0] 
19:34:50 info -  [DefaultGLSPServer] process [action=computedBounds, clientId=tasklist-diagram_0] 
19:34:52 info -  [DefaultGLSPServer] process [action=requestEditValidation, clientId=tasklist-diagram_0] 
19:34:54 info -  [DefaultGLSPServer] process [action=requestEditValidation, clientId=tasklist-diagram_0] 
19:34:54 info -  [DefaultGLSPServer] process [action=requestEditValidation, clientId=tasklist-diagram_0] 
19:34:54 info -  [DefaultGLSPServer] process [action=requestEditValidation, clientId=tasklist-diagram_0] 
19:34:54 info -  [DefaultGLSPServer] process [action=requestEditValidation, clientId=tasklist-diagram_0] 
19:34:54 info -  [DefaultGLSPServer] process [action=applyLabelEdit, clientId=tasklist-diagram_0] 
19:34:54 info -  [DefaultGLSPServer] process [action=computedBounds, clientId=tasklist-diagram_0] 
19:34:57 info -  [DefaultGLSPServer] process [action=requestEditValidation, clientId=tasklist-diagram_0] 
19:34:57 info -  [DefaultGLSPServer] process [action=requestEditValidation, clientId=tasklist-diagram_0] 
19:34:58 info -  [DefaultGLSPServer] process [action=requestEditValidation, clientId=tasklist-diagram_0] 
19:34:58 info -  [DefaultGLSPServer] process [action=requestEditValidation, clientId=tasklist-diagram_0] 
19:34:58 info -  [DefaultGLSPServer] process [action=requestEditValidation, clientId=tasklist-diagram_0] 
19:34:58 info -  [DefaultGLSPServer] process [action=requestEditValidation, clientId=tasklist-diagram_0] 
19:34:58 info -  [DefaultGLSPServer] process [action=applyLabelEdit, clientId=tasklist-diagram_0] 
19:34:59 info -  [DefaultGLSPServer] process [action=computedBounds, clientId=tasklist-diagram_0] 
19:35:01 info -  [DefaultGLSPServer] process [action=requestMarkers, clientId=tasklist-diagram_0] 
19:35:06 info -  [DefaultGLSPServer] process [action=compound, clientId=tasklist-diagram_0] 
19:35:07 info -  [DefaultGLSPServer] process [action=computedBounds, clientId=tasklist-diagram_0] 
19:35:10 info -  [DefaultGLSPServer] process [action=createNode, clientId=tasklist-diagram_0] 
19:35:10 info -  [DefaultGLSPServer] process [action=computedBounds, clientId=tasklist-diagram_0] 
19:35:14 info -  [DefaultGLSPServer] process [action=createEdge, clientId=tasklist-diagram_0] 
19:35:14 info -  [DefaultGLSPServer] process [action=computedBounds, clientId=tasklist-diagram_0] 
19:35:15 info -  [DefaultGLSPServer] process [action=requestMarkers, clientId=tasklist-diagram_0] 
19:35:19 info -  [DefaultGLSPServer] process [action=createNode, clientId=tasklist-diagram_0] 
19:35:19 info -  [DefaultGLSPServer] process [action=computedBounds, clientId=tasklist-diagram_0] 
19:35:22 info -  [DefaultGLSPServer] process [action=createEdge, clientId=tasklist-diagram_0] 
19:35:22 info -  [DefaultGLSPServer] process [action=computedBounds, clientId=tasklist-diagram_0] 
19:35:23 info -  [DefaultGLSPServer] process [action=requestMarkers, clientId=tasklist-diagram_0] 
19:35:40 info -  [DefaultGLSPServer] process [action=deleteElement, clientId=tasklist-diagram_0] 
19:35:40 info -  [DefaultGLSPServer] process [action=computedBounds, clientId=tasklist-diagram_0] 
19:35:44 info -  [DefaultGLSPServer] process [action=createEdge, clientId=tasklist-diagram_0] 
19:35:44 info -  [DefaultGLSPServer] process [action=computedBounds, clientId=tasklist-diagram_0] 
19:35:45 info -  [DefaultGLSPServer] process [action=requestMarkers, clientId=tasklist-diagram_0] 
19:35:53 info -  [DefaultGLSPServer] process [action=deleteElement, clientId=tasklist-diagram_0] 
19:35:53 info -  [DefaultGLSPServer] process [action=computedBounds, clientId=tasklist-diagram_0] 
19:35:54 info -  [DefaultGLSPServer] process [action=requestMarkers, clientId=tasklist-diagram_0] 
