22:54:26 info -  [SocketServerLauncher] The GLSP server is ready to accept new client requests on port: 56596 
22:54:26 info -  [SocketServerLauncher] Starting GLSP server connection 
22:54:27 info -  [DefaultGLSPServer] Initializing server with: applicationId: 93c81b10-1939-441a-a0cf-c24f5f2643cb, protocolVersion: 1.0.0 
22:54:28 info -  [DefaultGLSPServer] Initializing client session with: clientSessionId: 'tasklist-diagram_0', diagramType: 'tasklist-diagram' 
22:54:28 info -  [DefaultGLSPServer] process [action=requestModel, clientId=tasklist-diagram_0] 
22:54:28 info -  [DefaultGLSPServer] process [action=requestTypeHints, clientId=tasklist-diagram_0] 
22:54:28 info -  [DefaultGLSPServer] process [action=computedBounds, clientId=tasklist-diagram_0] 
22:54:28 info -  [DefaultGLSPServer] process [action=requestContextActions, clientId=tasklist-diagram_0] 
22:54:48 info -  [DefaultGLSPServer] Initializing client session with: clientSessionId: 'tasklist-diagram_1', diagramType: 'tasklist-diagram' 
22:54:48 info -  [DefaultGLSPServer] process [action=requestModel, clientId=tasklist-diagram_1] 
22:54:48 info -  [DefaultGLSPServer] process [action=requestTypeHints, clientId=tasklist-diagram_1] 
22:54:48 info -  [DefaultGLSPServer] process [action=computedBounds, clientId=tasklist-diagram_1] 
22:54:48 info -  [DefaultGLSPServer] process [action=requestContextActions, clientId=tasklist-diagram_1] 
22:54:57 info -  [DefaultGLSPServer] process [action=createNode, clientId=tasklist-diagram_1] 
22:54:57 info -  [DefaultGLSPServer] process [action=computedBounds, clientId=tasklist-diagram_1] 
22:54:59 info -  [DefaultGLSPServer] process [action=requestEditValidation, clientId=tasklist-diagram_1] 
22:54:59 info -  [DefaultGLSPServer] process [action=requestEditValidation, clientId=tasklist-diagram_1] 
22:54:59 info -  [DefaultGLSPServer] process [action=requestEditValidation, clientId=tasklist-diagram_1] 
22:54:59 info -  [DefaultGLSPServer] process [action=requestEditValidation, clientId=tasklist-diagram_1] 
22:55:00 info -  [DefaultGLSPServer] process [action=requestEditValidation, clientId=tasklist-diagram_1] 
22:55:00 info -  [DefaultGLSPServer] process [action=applyLabelEdit, clientId=tasklist-diagram_1] 
22:55:00 info -  [DefaultGLSPServer] process [action=computedBounds, clientId=tasklist-diagram_1] 
22:55:03 info -  [DefaultGLSPServer] process [action=createNode, clientId=tasklist-diagram_1] 
22:55:03 info -  [DefaultGLSPServer] process [action=computedBounds, clientId=tasklist-diagram_1] 
22:55:05 info -  [DefaultGLSPServer] process [action=requestEditValidation, clientId=tasklist-diagram_1] 
22:55:05 info -  [DefaultGLSPServer] process [action=requestEditValidation, clientId=tasklist-diagram_1] 
22:55:07 info -  [DefaultGLSPServer] process [action=requestEditValidation, clientId=tasklist-diagram_1] 
22:55:09 info -  [DefaultGLSPServer] process [action=requestEditValidation, clientId=tasklist-diagram_1] 
22:55:09 info -  [DefaultGLSPServer] process [action=applyLabelEdit, clientId=tasklist-diagram_1] 
22:55:09 info -  [DefaultGLSPServer] process [action=requestEditValidation, clientId=tasklist-diagram_1] 
22:55:09 info -  [DefaultGLSPServer] process [action=computedBounds, clientId=tasklist-diagram_1] 
22:55:11 info -  [DefaultGLSPServer] process [action=compound, clientId=tasklist-diagram_1] 
22:55:11 info -  [DefaultGLSPServer] process [action=requestPopupModel, clientId=tasklist-diagram_1] 
22:55:11 warn -  [RequestPopupModelActionHandler] Could not process `RequestPopupModelAction`. No `PopupModelFactory` is bound 
22:55:11 info -  [DefaultGLSPServer] process [action=computedBounds, clientId=tasklist-diagram_1] 
22:55:23 info -  [DefaultGLSPServer] process [action=requestPopupModel, clientId=tasklist-diagram_1] 
22:55:23 warn -  [RequestPopupModelActionHandler] Could not process `RequestPopupModelAction`. No `PopupModelFactory` is bound 
22:55:24 info -  [DefaultGLSPServer] process [action=compound, clientId=tasklist-diagram_1] 
22:55:24 info -  [DefaultGLSPServer] process [action=computedBounds, clientId=tasklist-diagram_1] 
22:55:25 info -  [DefaultGLSPServer] process [action=compound, clientId=tasklist-diagram_1] 
22:55:25 info -  [DefaultGLSPServer] process [action=computedBounds, clientId=tasklist-diagram_1] 
22:55:26 info -  [DefaultGLSPServer] process [action=compound, clientId=tasklist-diagram_1] 
22:55:26 info -  [DefaultGLSPServer] process [action=computedBounds, clientId=tasklist-diagram_1] 
22:55:27 info -  [DefaultGLSPServer] process [action=compound, clientId=tasklist-diagram_1] 
22:55:27 info -  [DefaultGLSPServer] process [action=computedBounds, clientId=tasklist-diagram_1] 
22:55:28 info -  [DefaultGLSPServer] process [action=compound, clientId=tasklist-diagram_1] 
22:55:28 info -  [DefaultGLSPServer] process [action=computedBounds, clientId=tasklist-diagram_1] 
22:55:30 info -  [DefaultGLSPServer] process [action=createEdge, clientId=tasklist-diagram_1] 
22:55:30 info -  [DefaultGLSPServer] process [action=computedBounds, clientId=tasklist-diagram_1] 
22:55:31 info -  [DefaultGLSPServer] process [action=createNode, clientId=tasklist-diagram_1] 
22:55:31 info -  [DefaultGLSPServer] process [action=computedBounds, clientId=tasklist-diagram_1] 
22:55:34 info -  [DefaultGLSPServer] process [action=createEdge, clientId=tasklist-diagram_1] 
22:55:34 info -  [DefaultGLSPServer] process [action=computedBounds, clientId=tasklist-diagram_1] 
22:55:36 info -  [DefaultGLSPServer] process [action=createEdge, clientId=tasklist-diagram_1] 
22:55:36 info -  [DefaultGLSPServer] process [action=computedBounds, clientId=tasklist-diagram_1] 
22:55:39 info -  [DefaultGLSPServer] process [action=requestEditValidation, clientId=tasklist-diagram_1] 
22:55:39 info -  [DefaultGLSPServer] process [action=requestEditValidation, clientId=tasklist-diagram_1] 
22:55:41 info -  [DefaultGLSPServer] process [action=requestEditValidation, clientId=tasklist-diagram_1] 
22:55:47 info -  [DefaultGLSPServer] process [action=requestEditValidation, clientId=tasklist-diagram_1] 
22:55:47 info -  [DefaultGLSPServer] process [action=applyLabelEdit, clientId=tasklist-diagram_1] 
22:55:47 info -  [DefaultGLSPServer] process [action=computedBounds, clientId=tasklist-diagram_1] 
22:55:51 info -  [DefaultGLSPServer] process [action=requestEditValidation, clientId=tasklist-diagram_1] 
22:55:52 info -  [DefaultGLSPServer] process [action=requestEditValidation, clientId=tasklist-diagram_1] 
22:55:54 info -  [DefaultGLSPServer] process [action=requestEditValidation, clientId=tasklist-diagram_1] 
22:55:54 info -  [DefaultGLSPServer] process [action=requestEditValidation, clientId=tasklist-diagram_1] 
22:55:54 info -  [DefaultGLSPServer] process [action=applyLabelEdit, clientId=tasklist-diagram_1] 
22:55:54 info -  [DefaultGLSPServer] process [action=computedBounds, clientId=tasklist-diagram_1] 
22:55:59 info -  [DefaultGLSPServer] process [action=requestEditValidation, clientId=tasklist-diagram_1] 
22:56:00 info -  [DefaultGLSPServer] process [action=requestEditValidation, clientId=tasklist-diagram_1] 
22:56:01 info -  [DefaultGLSPServer] process [action=requestEditValidation, clientId=tasklist-diagram_1] 
22:56:01 info -  [DefaultGLSPServer] process [action=requestEditValidation, clientId=tasklist-diagram_1] 
22:56:02 info -  [DefaultGLSPServer] process [action=requestEditValidation, clientId=tasklist-diagram_1] 
22:56:02 info -  [DefaultGLSPServer] process [action=requestEditValidation, clientId=tasklist-diagram_1] 
22:56:03 info -  [DefaultGLSPServer] process [action=requestEditValidation, clientId=tasklist-diagram_1] 
22:56:03 info -  [DefaultGLSPServer] process [action=applyLabelEdit, clientId=tasklist-diagram_1] 
22:56:03 info -  [DefaultGLSPServer] process [action=computedBounds, clientId=tasklist-diagram_1] 
22:56:06 info -  [DefaultGLSPServer] process [action=requestMarkers, clientId=tasklist-diagram_1] 
22:56:11 info -  [DefaultGLSPServer] process [action=generateSql, clientId=tasklist-diagram_1] 
22:56:52 info -  [DefaultGLSPServer] process [action=saveModel, clientId=tasklist-diagram_1] 
