23:18:40 info -  [SocketServerLauncher] The GLSP server is ready to accept new client requests on port: 56430 
23:18:40 info -  [SocketServerLauncher] Starting GLSP server connection 
23:18:40 info -  [DefaultGLSPServer] Initializing server with: applicationId: 6656a7c1-8dea-428f-b43a-de38ca7ceb01, protocolVersion: 1.0.0 
23:18:42 info -  [DefaultGLSPServer] Initializing client session with: clientSessionId: 'tasklist-diagram_0', diagramType: 'tasklist-diagram' 
23:18:42 info -  [DefaultGLSPServer] process [action=requestModel, clientId=tasklist-diagram_0] 
23:18:42 info -  [DefaultGLSPServer] process [action=requestTypeHints, clientId=tasklist-diagram_0] 
23:18:42 info -  [DefaultGLSPServer] process [action=computedBounds, clientId=tasklist-diagram_0] 
23:18:42 info -  [DefaultGLSPServer] process [action=requestContextActions, clientId=tasklist-diagram_0] 
23:18:57 info -  [DefaultGLSPServer] Initializing client session with: clientSessionId: 'tasklist-diagram_1', diagramType: 'tasklist-diagram' 
23:18:57 info -  [DefaultGLSPServer] process [action=requestModel, clientId=tasklist-diagram_1] 
23:18:57 info -  [DefaultGLSPServer] process [action=requestTypeHints, clientId=tasklist-diagram_1] 
23:18:57 info -  [DefaultGLSPServer] process [action=computedBounds, clientId=tasklist-diagram_1] 
23:18:57 info -  [DefaultGLSPServer] process [action=requestContextActions, clientId=tasklist-diagram_1] 
23:19:05 info -  [DefaultGLSPServer] process [action=createNode, clientId=tasklist-diagram_1] 
23:19:05 info -  [DefaultGLSPServer] process [action=computedBounds, clientId=tasklist-diagram_1] 
23:19:06 info -  [DefaultGLSPServer] process [action=createNode, clientId=tasklist-diagram_1] 
23:19:06 info -  [DefaultGLSPServer] process [action=computedBounds, clientId=tasklist-diagram_1] 
23:19:09 info -  [DefaultGLSPServer] process [action=createNode, clientId=tasklist-diagram_1] 
23:19:09 info -  [DefaultGLSPServer] process [action=computedBounds, clientId=tasklist-diagram_1] 
23:19:11 info -  [DefaultGLSPServer] process [action=createEdge, clientId=tasklist-diagram_1] 
23:19:11 info -  [DefaultGLSPServer] process [action=computedBounds, clientId=tasklist-diagram_1] 
23:19:17 info -  [DefaultGLSPServer] process [action=createEdge, clientId=tasklist-diagram_1] 
23:19:17 info -  [DefaultGLSPServer] process [action=computedBounds, clientId=tasklist-diagram_1] 
23:19:20 info -  [DefaultGLSPServer] process [action=createEdge, clientId=tasklist-diagram_1] 
23:19:20 info -  [DefaultGLSPServer] process [action=computedBounds, clientId=tasklist-diagram_1] 
23:19:27 info -  [DefaultGLSPServer] process [action=requestEditValidation, clientId=tasklist-diagram_1] 
23:19:28 info -  [DefaultGLSPServer] process [action=requestEditValidation, clientId=tasklist-diagram_1] 
23:19:28 info -  [DefaultGLSPServer] process [action=applyLabelEdit, clientId=tasklist-diagram_1] 
23:19:28 info -  [DefaultGLSPServer] process [action=computedBounds, clientId=tasklist-diagram_1] 
23:19:32 info -  [DefaultGLSPServer] process [action=requestEditValidation, clientId=tasklist-diagram_1] 
23:19:34 info -  [DefaultGLSPServer] process [action=requestEditValidation, clientId=tasklist-diagram_1] 
23:19:34 info -  [DefaultGLSPServer] process [action=applyLabelEdit, clientId=tasklist-diagram_1] 
23:19:34 info -  [DefaultGLSPServer] process [action=computedBounds, clientId=tasklist-diagram_1] 
23:19:34 info -  [DefaultGLSPServer] process [action=requestEditValidation, clientId=tasklist-diagram_1] 
23:19:36 info -  [DefaultGLSPServer] process [action=compound, clientId=tasklist-diagram_1] 
23:19:36 info -  [DefaultGLSPServer] process [action=computedBounds, clientId=tasklist-diagram_1] 
23:19:45 info -  [DefaultGLSPServer] process [action=requestEditValidation, clientId=tasklist-diagram_1] 
23:19:46 info -  [DefaultGLSPServer] process [action=requestEditValidation, clientId=tasklist-diagram_1] 
23:19:46 info -  [DefaultGLSPServer] process [action=applyLabelEdit, clientId=tasklist-diagram_1] 
23:19:46 info -  [DefaultGLSPServer] process [action=computedBounds, clientId=tasklist-diagram_1] 
23:19:52 info -  [DefaultGLSPServer] process [action=requestEditValidation, clientId=tasklist-diagram_1] 
23:19:52 info -  [DefaultGLSPServer] process [action=applyLabelEdit, clientId=tasklist-diagram_1] 
23:19:52 info -  [DefaultGLSPServer] process [action=computedBounds, clientId=tasklist-diagram_1] 
23:19:52 info -  [DefaultGLSPServer] process [action=requestEditValidation, clientId=tasklist-diagram_1] 
23:19:57 info -  [DefaultGLSPServer] process [action=requestEditValidation, clientId=tasklist-diagram_1] 
23:20:00 info -  [DefaultGLSPServer] process [action=requestEditValidation, clientId=tasklist-diagram_1] 
23:20:01 info -  [DefaultGLSPServer] process [action=requestEditValidation, clientId=tasklist-diagram_1] 
23:20:02 info -  [DefaultGLSPServer] process [action=requestEditValidation, clientId=tasklist-diagram_1] 
23:20:02 info -  [DefaultGLSPServer] process [action=applyLabelEdit, clientId=tasklist-diagram_1] 
23:20:02 info -  [DefaultGLSPServer] process [action=computedBounds, clientId=tasklist-diagram_1] 
23:20:02 info -  [DefaultGLSPServer] process [action=requestEditValidation, clientId=tasklist-diagram_1] 
23:20:03 info -  [DefaultGLSPServer] process [action=requestPopupModel, clientId=tasklist-diagram_1] 
23:20:03 warn -  [RequestPopupModelActionHandler] Could not process `RequestPopupModelAction`. No `PopupModelFactory` is bound 
23:20:04 info -  [DefaultGLSPServer] process [action=compound, clientId=tasklist-diagram_1] 
23:20:04 info -  [DefaultGLSPServer] process [action=computedBounds, clientId=tasklist-diagram_1] 
23:20:07 info -  [DefaultGLSPServer] process [action=saveModel, clientId=tasklist-diagram_1] 
23:20:09 info -  [DefaultGLSPServer] process [action=requestMarkers, clientId=tasklist-diagram_1] 
23:20:11 info -  [DefaultGLSPServer] process [action=generateSql, clientId=tasklist-diagram_1] 
23:20:29 info -  [DefaultGLSPServer] process [action=generateSql, clientId=tasklist-diagram_0] 
