16:45:04 info -  [SocketServerLauncher] The GLSP server is ready to accept new client requests on port: 55768 
16:45:05 info -  [SocketServerLauncher] Starting GLSP server connection 
16:45:05 info -  [DefaultGLSPServer] Initializing server with: applicationId: 424570f1-fb1c-45c6-9576-0656502baa11, protocolVersion: 1.0.0 
16:45:08 info -  [DefaultGLSPServer] Initializing client session with: clientSessionId: 'tasklist-diagram_0', diagramType: 'tasklist-diagram' 
16:45:08 info -  [DefaultGLSPServer] process [action=requestModel, clientId=tasklist-diagram_0] 
16:45:08 info -  [DefaultGLSPServer] process [action=requestTypeHints, clientId=tasklist-diagram_0] 
16:45:09 info -  [DefaultGLSPServer] process [action=computedBounds, clientId=tasklist-diagram_0] 
16:45:09 info -  [DefaultGLSPServer] process [action=requestContextActions, clientId=tasklist-diagram_0] 
16:45:12 info -  [DefaultGLSPServer] process [action=compound, clientId=tasklist-diagram_0] 
16:45:12 info -  [DefaultGLSPServer] process [action=computedBounds, clientId=tasklist-diagram_0] 
16:45:13 info -  [DefaultGLSPServer] process [action=requestPopupModel, clientId=tasklist-diagram_0] 
16:45:13 warn -  [RequestPopupModelActionHandler] Could not process `RequestPopupModelAction`. No `PopupModelFactory` is bound 
16:45:14 info -  [DefaultGLSPServer] process [action=changeBounds, clientId=tasklist-diagram_0] 
16:45:14 info -  [DefaultGLSPServer] process [action=computedBounds, clientId=tasklist-diagram_0] 
16:45:22 info -  [DefaultGLSPServer] process [action=changeBounds, clientId=tasklist-diagram_0] 
16:45:22 info -  [DefaultGLSPServer] process [action=computedBounds, clientId=tasklist-diagram_0] 
16:45:28 info -  [DefaultGLSPServer] process [action=changeBounds, clientId=tasklist-diagram_0] 
16:45:28 info -  [DefaultGLSPServer] process [action=computedBounds, clientId=tasklist-diagram_0] 
16:45:34 info -  [DefaultGLSPServer] process [action=compound, clientId=tasklist-diagram_0] 
16:45:34 info -  [DefaultGLSPServer] process [action=computedBounds, clientId=tasklist-diagram_0] 
16:45:35 info -  [DefaultGLSPServer] process [action=compound, clientId=tasklist-diagram_0] 
16:45:35 info -  [DefaultGLSPServer] process [action=computedBounds, clientId=tasklist-diagram_0] 
