18:45:49 info -  [SocketServerLauncher] The GLSP server is ready to accept new client requests on port: 52876 
18:45:49 info -  [SocketServerLauncher] Starting GLSP server connection 
18:45:49 info -  [DefaultGLSPServer] Initializing server with: applicationId: b2eaf98a-f82d-4340-8903-51fcb40961a5, protocolVersion: 1.0.0 
18:45:51 info -  [DefaultGLSPServer] Initializing client session with: clientSessionId: 'tasklist-diagram_0', diagramType: 'tasklist-diagram' 
18:45:51 info -  [DefaultGLSPServer] process [action=requestModel, clientId=tasklist-diagram_0] 
18:45:51 info -  [DefaultGLSPServer] process [action=requestTypeHints, clientId=tasklist-diagram_0] 
18:45:51 info -  [DefaultGLSPServer] process [action=computedBounds, clientId=tasklist-diagram_0] 
18:45:51 info -  [DefaultGLSPServer] process [action=requestContextActions, clientId=tasklist-diagram_0] 
18:45:58 info -  [DefaultGLSPServer] process [action=generateSql, clientId=tasklist-diagram_0] 
18:46:11 info -  [DefaultGLSPServer] process [action=requestPopupModel, clientId=tasklist-diagram_0] 
18:46:11 warn -  [RequestPopupModelActionHandler] Could not process `RequestPopupModelAction`. No `PopupModelFactory` is bound 
18:46:39 info -  [DefaultGLSPServer] process [action=requestPopupModel, clientId=tasklist-diagram_0] 
18:46:39 warn -  [RequestPopupModelActionHandler] Could not process `RequestPopupModelAction`. No `PopupModelFactory` is bound 
18:46:45 info -  [DefaultGLSPServer] process [action=deleteElement, clientId=tasklist-diagram_0] 
18:46:45 info -  [DefaultGLSPServer] process [action=computedBounds, clientId=tasklist-diagram_0] 
18:46:48 info -  [DefaultGLSPServer] process [action=createNode, clientId=tasklist-diagram_0] 
18:46:48 info -  [DefaultGLSPServer] process [action=computedBounds, clientId=tasklist-diagram_0] 
18:46:54 info -  [DefaultGLSPServer] process [action=createEdge, clientId=tasklist-diagram_0] 
18:46:54 info -  [DefaultGLSPServer] process [action=computedBounds, clientId=tasklist-diagram_0] 
18:46:59 info -  [DefaultGLSPServer] process [action=requestEditValidation, clientId=tasklist-diagram_0] 
18:47:00 info -  [DefaultGLSPServer] process [action=requestEditValidation, clientId=tasklist-diagram_0] 
18:47:01 info -  [DefaultGLSPServer] process [action=requestEditValidation, clientId=tasklist-diagram_0] 
18:47:02 info -  [DefaultGLSPServer] process [action=requestEditValidation, clientId=tasklist-diagram_0] 
18:47:03 info -  [DefaultGLSPServer] process [action=requestEditValidation, clientId=tasklist-diagram_0] 
18:47:03 info -  [DefaultGLSPServer] process [action=requestEditValidation, clientId=tasklist-diagram_0] 
18:47:03 info -  [DefaultGLSPServer] process [action=applyLabelEdit, clientId=tasklist-diagram_0] 
18:47:03 info -  [DefaultGLSPServer] process [action=computedBounds, clientId=tasklist-diagram_0] 
18:47:05 info -  [DefaultGLSPServer] process [action=saveModel, clientId=tasklist-diagram_0] 
18:47:07 info -  [DefaultGLSPServer] process [action=generateSql, clientId=tasklist-diagram_0] 
