16:06:47 info -  [SocketServerLauncher] The GLSP server is ready to accept new client requests on port: 52075 
16:06:47 info -  [SocketServerLauncher] Starting GLSP server connection 
16:06:47 info -  [DefaultGLSPServer] Initializing server with: applicationId: 2133df8b-f466-4931-a62c-b8daa9670e28, protocolVersion: 1.0.0 
16:06:49 info -  [DefaultGLSPServer] Initializing client session with: clientSessionId: 'tasklist-diagram_0', diagramType: 'tasklist-diagram' 
16:06:49 info -  [DefaultGLSPServer] process [action=requestModel, clientId=tasklist-diagram_0] 
16:06:49 info -  [DefaultGLSPServer] process [action=requestTypeHints, clientId=tasklist-diagram_0] 
16:06:49 info -  [DefaultGLSPServer] process [action=computedBounds, clientId=tasklist-diagram_0] 
16:06:49 info -  [DefaultGLSPServer] process [action=requestContextActions, clientId=tasklist-diagram_0] 
16:06:56 info -  [DefaultGLSPServer] process [action=createNode, clientId=tasklist-diagram_0] 
16:06:56 info -  [DefaultGLSPServer] process [action=computedBounds, clientId=tasklist-diagram_0] 
16:07:02 info -  [DefaultGLSPServer] process [action=createNode, clientId=tasklist-diagram_0] 
16:07:02 info -  [DefaultGLSPServer] process [action=computedBounds, clientId=tasklist-diagram_0] 
16:07:03 info -  [DefaultGLSPServer] process [action=requestMarkers, clientId=tasklist-diagram_0] 
16:07:09 info -  [DefaultGLSPServer] process [action=createNode, clientId=tasklist-diagram_0] 
16:07:09 info -  [DefaultGLSPServer] process [action=computedBounds, clientId=tasklist-diagram_0] 
16:07:12 info -  [DefaultGLSPServer] process [action=createEdge, clientId=tasklist-diagram_0] 
16:07:12 info -  [DefaultGLSPServer] process [action=computedBounds, clientId=tasklist-diagram_0] 
16:07:14 info -  [DefaultGLSPServer] process [action=requestMarkers, clientId=tasklist-diagram_0] 
16:07:18 info -  [DefaultGLSPServer] process [action=compound, clientId=tasklist-diagram_0] 
16:07:18 info -  [DefaultGLSPServer] process [action=computedBounds, clientId=tasklist-diagram_0] 
16:07:21 info -  [DefaultGLSPServer] process [action=deleteElement, clientId=tasklist-diagram_0] 
16:07:21 info -  [DefaultGLSPServer] process [action=computedBounds, clientId=tasklist-diagram_0] 
16:07:24 info -  [DefaultGLSPServer] process [action=createNode, clientId=tasklist-diagram_0] 
16:07:24 info -  [DefaultGLSPServer] process [action=computedBounds, clientId=tasklist-diagram_0] 
16:07:27 info -  [DefaultGLSPServer] process [action=createEdge, clientId=tasklist-diagram_0] 
16:07:28 info -  [DefaultGLSPServer] process [action=computedBounds, clientId=tasklist-diagram_0] 
16:07:29 info -  [DefaultGLSPServer] process [action=requestMarkers, clientId=tasklist-diagram_0] 
16:07:39 info -  [DefaultGLSPServer] process [action=deleteElement, clientId=tasklist-diagram_0] 
16:07:39 info -  [DefaultGLSPServer] process [action=computedBounds, clientId=tasklist-diagram_0] 
16:07:42 info -  [DefaultGLSPServer] process [action=createEdge, clientId=tasklist-diagram_0] 
16:07:42 info -  [DefaultGLSPServer] process [action=computedBounds, clientId=tasklist-diagram_0] 
16:07:43 info -  [DefaultGLSPServer] process [action=requestMarkers, clientId=tasklist-diagram_0] 
16:07:53 info -  [DefaultGLSPServer] process [action=createNode, clientId=tasklist-diagram_0] 
16:07:53 info -  [DefaultGLSPServer] process [action=computedBounds, clientId=tasklist-diagram_0] 
16:07:58 info -  [DefaultGLSPServer] process [action=createEdge, clientId=tasklist-diagram_0] 
16:07:58 info -  [DefaultGLSPServer] process [action=computedBounds, clientId=tasklist-diagram_0] 
16:08:05 info -  [DefaultGLSPServer] process [action=deleteElement, clientId=tasklist-diagram_0] 
16:08:05 info -  [DefaultGLSPServer] process [action=computedBounds, clientId=tasklist-diagram_0] 
16:08:07 info -  [DefaultGLSPServer] process [action=createEdge, clientId=tasklist-diagram_0] 
16:08:07 info -  [DefaultGLSPServer] process [action=computedBounds, clientId=tasklist-diagram_0] 
16:08:09 info -  [DefaultGLSPServer] process [action=requestMarkers, clientId=tasklist-diagram_0] 
16:08:19 info -  [DefaultGLSPServer] process [action=createNode, clientId=tasklist-diagram_0] 
16:08:19 info -  [DefaultGLSPServer] process [action=computedBounds, clientId=tasklist-diagram_0] 
16:08:24 info -  [DefaultGLSPServer] process [action=createEdge, clientId=tasklist-diagram_0] 
16:08:24 info -  [DefaultGLSPServer] process [action=computedBounds, clientId=tasklist-diagram_0] 
16:08:26 info -  [DefaultGLSPServer] process [action=requestMarkers, clientId=tasklist-diagram_0] 
16:08:39 info -  [DefaultGLSPServer] process [action=createNode, clientId=tasklist-diagram_0] 
16:08:39 info -  [DefaultGLSPServer] process [action=computedBounds, clientId=tasklist-diagram_0] 
16:08:43 info -  [DefaultGLSPServer] process [action=createEdge, clientId=tasklist-diagram_0] 
16:08:43 info -  [DefaultGLSPServer] process [action=computedBounds, clientId=tasklist-diagram_0] 
16:08:45 info -  [DefaultGLSPServer] process [action=requestMarkers, clientId=tasklist-diagram_0] 
16:08:55 info -  [DefaultGLSPServer] process [action=deleteElement, clientId=tasklist-diagram_0] 
16:08:56 info -  [DefaultGLSPServer] process [action=computedBounds, clientId=tasklist-diagram_0] 
16:08:58 info -  [DefaultGLSPServer] process [action=createEdge, clientId=tasklist-diagram_0] 
16:08:58 info -  [DefaultGLSPServer] process [action=computedBounds, clientId=tasklist-diagram_0] 
16:09:00 info -  [DefaultGLSPServer] process [action=requestMarkers, clientId=tasklist-diagram_0] 
16:09:14 info -  [DefaultGLSPServer] process [action=deleteElement, clientId=tasklist-diagram_0] 
16:09:14 info -  [DefaultGLSPServer] process [action=computedBounds, clientId=tasklist-diagram_0] 
16:09:19 info -  [DefaultGLSPServer] process [action=createEdge, clientId=tasklist-diagram_0] 
16:09:19 info -  [DefaultGLSPServer] process [action=computedBounds, clientId=tasklist-diagram_0] 
16:09:20 info -  [DefaultGLSPServer] process [action=requestMarkers, clientId=tasklist-diagram_0] 
16:09:48 info -  [DefaultGLSPServer] process [action=deleteElement, clientId=tasklist-diagram_0] 
16:09:48 info -  [DefaultGLSPServer] process [action=computedBounds, clientId=tasklist-diagram_0] 
16:09:56 info -  [DefaultGLSPServer] process [action=createEdge, clientId=tasklist-diagram_0] 
16:09:56 info -  [DefaultGLSPServer] process [action=computedBounds, clientId=tasklist-diagram_0] 
16:10:01 info -  [DefaultGLSPServer] process [action=deleteElement, clientId=tasklist-diagram_0] 
16:10:01 info -  [DefaultGLSPServer] process [action=computedBounds, clientId=tasklist-diagram_0] 
16:10:04 info -  [DefaultGLSPServer] process [action=createEdge, clientId=tasklist-diagram_0] 
16:10:04 info -  [DefaultGLSPServer] process [action=computedBounds, clientId=tasklist-diagram_0] 
16:10:05 info -  [DefaultGLSPServer] process [action=requestMarkers, clientId=tasklist-diagram_0] 
