17:06:52 info -  [SocketServerLauncher] The GLSP server is ready to accept new client requests on port: 57671 
17:06:52 info -  [SocketServerLauncher] Starting GLSP server connection 
17:06:52 info -  [DefaultGLSPServer] Initializing server with: applicationId: d6d42cb3-d365-4622-afcb-b6bc4aa4c855, protocolVersion: 1.0.0 
17:06:54 info -  [DefaultGLSPServer] Initializing client session with: clientSessionId: 'tasklist-diagram_0', diagramType: 'tasklist-diagram' 
17:06:54 info -  [DefaultGLSPServer] process [action=requestModel, clientId=tasklist-diagram_0] 
17:06:54 info -  [DefaultGLSPServer] process [action=requestTypeHints, clientId=tasklist-diagram_0] 
17:06:55 info -  [DefaultGLSPServer] process [action=computedBounds, clientId=tasklist-diagram_0] 
17:06:55 info -  [DefaultGLSPServer] process [action=requestContextActions, clientId=tasklist-diagram_0] 
17:06:58 info -  [DefaultGLSPServer] process [action=requestEditValidation, clientId=tasklist-diagram_0] 
17:07:00 info -  [DefaultGLSPServer] process [action=requestEditValidation, clientId=tasklist-diagram_0] 
17:07:00 info -  [DefaultGLSPServer] process [action=requestEditValidation, clientId=tasklist-diagram_0] 
17:07:01 info -  [DefaultGLSPServer] process [action=requestEditValidation, clientId=tasklist-diagram_0] 
17:07:01 info -  [DefaultGLSPServer] process [action=requestEditValidation, clientId=tasklist-diagram_0] 
17:07:01 info -  [DefaultGLSPServer] process [action=applyLabelEdit, clientId=tasklist-diagram_0] 
17:07:01 info -  [DefaultGLSPServer] process [action=computedBounds, clientId=tasklist-diagram_0] 
17:07:03 info -  [DefaultGLSPServer] process [action=requestEditValidation, clientId=tasklist-diagram_0] 
17:07:03 info -  [DefaultGLSPServer] process [action=requestEditValidation, clientId=tasklist-diagram_0] 
17:07:04 info -  [DefaultGLSPServer] process [action=requestEditValidation, clientId=tasklist-diagram_0] 
17:07:05 info -  [DefaultGLSPServer] process [action=requestEditValidation, clientId=tasklist-diagram_0] 
17:07:05 info -  [DefaultGLSPServer] process [action=requestEditValidation, clientId=tasklist-diagram_0] 
17:07:05 info -  [DefaultGLSPServer] process [action=requestEditValidation, clientId=tasklist-diagram_0] 
17:07:05 info -  [DefaultGLSPServer] process [action=applyLabelEdit, clientId=tasklist-diagram_0] 
17:07:06 info -  [DefaultGLSPServer] process [action=computedBounds, clientId=tasklist-diagram_0] 
17:07:07 info -  [DefaultGLSPServer] process [action=requestMarkers, clientId=tasklist-diagram_0] 
17:07:14 info -  [DefaultGLSPServer] process [action=requestEditValidation, clientId=tasklist-diagram_0] 
17:07:14 info -  [DefaultGLSPServer] process [action=requestEditValidation, clientId=tasklist-diagram_0] 
17:07:15 info -  [DefaultGLSPServer] process [action=requestEditValidation, clientId=tasklist-diagram_0] 
17:07:15 info -  [DefaultGLSPServer] process [action=requestEditValidation, clientId=tasklist-diagram_0] 
17:07:15 info -  [DefaultGLSPServer] process [action=requestEditValidation, clientId=tasklist-diagram_0] 
17:07:15 info -  [DefaultGLSPServer] process [action=applyLabelEdit, clientId=tasklist-diagram_0] 
17:07:15 info -  [DefaultGLSPServer] process [action=computedBounds, clientId=tasklist-diagram_0] 
17:07:18 info -  [DefaultGLSPServer] process [action=requestEditValidation, clientId=tasklist-diagram_0] 
17:07:18 info -  [DefaultGLSPServer] process [action=requestEditValidation, clientId=tasklist-diagram_0] 
17:07:19 info -  [DefaultGLSPServer] process [action=requestEditValidation, clientId=tasklist-diagram_0] 
17:07:19 info -  [DefaultGLSPServer] process [action=applyLabelEdit, clientId=tasklist-diagram_0] 
17:07:19 info -  [DefaultGLSPServer] process [action=computedBounds, clientId=tasklist-diagram_0] 
17:07:21 info -  [DefaultGLSPServer] process [action=requestMarkers, clientId=tasklist-diagram_0] 
17:07:22 info -  [DefaultGLSPServer] process [action=saveModel, clientId=tasklist-diagram_0] 
17:07:33 info -  [DefaultGLSPServer] process [action=compound, clientId=tasklist-diagram_0] 
17:07:34 info -  [DefaultGLSPServer] process [action=computedBounds, clientId=tasklist-diagram_0] 
17:07:35 info -  [DefaultGLSPServer] process [action=changeBounds, clientId=tasklist-diagram_0] 
17:07:35 info -  [DefaultGLSPServer] process [action=computedBounds, clientId=tasklist-diagram_0] 
17:07:37 info -  [DefaultGLSPServer] process [action=createNode, clientId=tasklist-diagram_0] 
17:07:37 info -  [DefaultGLSPServer] process [action=computedBounds, clientId=tasklist-diagram_0] 
17:07:43 info -  [DefaultGLSPServer] process [action=createEdge, clientId=tasklist-diagram_0] 
17:07:43 info -  [DefaultGLSPServer] process [action=computedBounds, clientId=tasklist-diagram_0] 
17:07:45 info -  [DefaultGLSPServer] process [action=compound, clientId=tasklist-diagram_0] 
17:07:45 info -  [DefaultGLSPServer] process [action=computedBounds, clientId=tasklist-diagram_0] 
17:07:48 info -  [DefaultGLSPServer] process [action=compound, clientId=tasklist-diagram_0] 
17:07:48 info -  [DefaultGLSPServer] process [action=computedBounds, clientId=tasklist-diagram_0] 
17:18:25 info -  [DefaultGLSPServer] Initializing client session with: clientSessionId: 'tasklist-diagram_1', diagramType: 'tasklist-diagram' 
17:18:25 info -  [DefaultGLSPServer] process [action=requestModel, clientId=tasklist-diagram_1] 
17:18:25 info -  [DefaultGLSPServer] process [action=requestTypeHints, clientId=tasklist-diagram_1] 
17:18:25 info -  [DefaultGLSPServer] process [action=computedBounds, clientId=tasklist-diagram_1] 
17:18:25 info -  [DefaultGLSPServer] process [action=requestContextActions, clientId=tasklist-diagram_1] 
17:18:31 info -  [DefaultGLSPServer] Initializing client session with: clientSessionId: 'tasklist-diagram_2', diagramType: 'tasklist-diagram' 
17:18:31 info -  [DefaultGLSPServer] process [action=requestModel, clientId=tasklist-diagram_2] 
17:18:31 info -  [DefaultGLSPServer] process [action=requestTypeHints, clientId=tasklist-diagram_2] 
17:18:31 info -  [DefaultGLSPServer] process [action=computedBounds, clientId=tasklist-diagram_2] 
17:18:31 info -  [DefaultGLSPServer] process [action=requestContextActions, clientId=tasklist-diagram_2] 
17:18:35 info -  [DefaultGLSPServer] process [action=requestPopupModel, clientId=tasklist-diagram_0] 
17:18:35 warn -  [RequestPopupModelActionHandler] Could not process `RequestPopupModelAction`. No `PopupModelFactory` is bound 
17:18:38 info -  [DefaultGLSPServer] process [action=deleteElement, clientId=tasklist-diagram_0] 
17:18:38 info -  [DefaultGLSPServer] process [action=computedBounds, clientId=tasklist-diagram_0] 
17:18:40 info -  [DefaultGLSPServer] process [action=saveModel, clientId=tasklist-diagram_0] 
17:18:46 info -  [DefaultGLSPServer] process [action=createNode, clientId=tasklist-diagram_2] 
17:18:46 info -  [DefaultGLSPServer] process [action=computedBounds, clientId=tasklist-diagram_2] 
17:18:49 info -  [DefaultGLSPServer] process [action=createNode, clientId=tasklist-diagram_2] 
17:18:49 info -  [DefaultGLSPServer] process [action=computedBounds, clientId=tasklist-diagram_2] 
17:19:04 info -  [DefaultGLSPServer] process [action=compound, clientId=tasklist-diagram_2] 
17:19:04 info -  [DefaultGLSPServer] process [action=computedBounds, clientId=tasklist-diagram_2] 
17:19:05 info -  [DefaultGLSPServer] process [action=compound, clientId=tasklist-diagram_2] 
17:19:05 info -  [DefaultGLSPServer] process [action=computedBounds, clientId=tasklist-diagram_2] 
17:19:06 info -  [DefaultGLSPServer] process [action=compound, clientId=tasklist-diagram_2] 
17:19:06 info -  [DefaultGLSPServer] process [action=computedBounds, clientId=tasklist-diagram_2] 
17:19:11 info -  [DefaultGLSPServer] process [action=requestEditValidation, clientId=tasklist-diagram_2] 
17:19:11 info -  [DefaultGLSPServer] process [action=requestEditValidation, clientId=tasklist-diagram_2] 
17:19:12 info -  [DefaultGLSPServer] process [action=requestEditValidation, clientId=tasklist-diagram_2] 
17:19:12 info -  [DefaultGLSPServer] process [action=requestEditValidation, clientId=tasklist-diagram_2] 
17:19:14 info -  [DefaultGLSPServer] process [action=requestEditValidation, clientId=tasklist-diagram_2] 
17:19:15 info -  [DefaultGLSPServer] process [action=requestEditValidation, clientId=tasklist-diagram_2] 
17:19:15 info -  [DefaultGLSPServer] process [action=requestEditValidation, clientId=tasklist-diagram_2] 
17:19:16 info -  [DefaultGLSPServer] process [action=applyLabelEdit, clientId=tasklist-diagram_2] 
17:19:16 info -  [DefaultGLSPServer] process [action=computedBounds, clientId=tasklist-diagram_2] 
17:19:19 info -  [DefaultGLSPServer] process [action=requestEditValidation, clientId=tasklist-diagram_2] 
17:19:19 info -  [DefaultGLSPServer] process [action=applyLabelEdit, clientId=tasklist-diagram_2] 
17:19:19 info -  [DefaultGLSPServer] process [action=requestEditValidation, clientId=tasklist-diagram_2] 
17:19:19 info -  [DefaultGLSPServer] process [action=computedBounds, clientId=tasklist-diagram_2] 
17:19:21 info -  [DefaultGLSPServer] process [action=createNode, clientId=tasklist-diagram_2] 
17:19:21 info -  [DefaultGLSPServer] process [action=computedBounds, clientId=tasklist-diagram_2] 
17:19:27 info -  [DefaultGLSPServer] process [action=requestEditValidation, clientId=tasklist-diagram_2] 
17:19:27 info -  [DefaultGLSPServer] process [action=requestEditValidation, clientId=tasklist-diagram_2] 
17:19:27 info -  [DefaultGLSPServer] process [action=requestEditValidation, clientId=tasklist-diagram_2] 
17:19:28 info -  [DefaultGLSPServer] process [action=requestEditValidation, clientId=tasklist-diagram_2] 
17:19:28 info -  [DefaultGLSPServer] process [action=requestEditValidation, clientId=tasklist-diagram_2] 
17:19:28 info -  [DefaultGLSPServer] process [action=applyLabelEdit, clientId=tasklist-diagram_2] 
17:19:28 info -  [DefaultGLSPServer] process [action=computedBounds, clientId=tasklist-diagram_2] 
17:19:30 info -  [DefaultGLSPServer] process [action=compound, clientId=tasklist-diagram_2] 
17:19:30 info -  [DefaultGLSPServer] process [action=computedBounds, clientId=tasklist-diagram_2] 
17:19:36 info -  [DefaultGLSPServer] process [action=createNode, clientId=tasklist-diagram_2] 
17:19:36 info -  [DefaultGLSPServer] process [action=computedBounds, clientId=tasklist-diagram_2] 
17:19:38 info -  [DefaultGLSPServer] process [action=createNode, clientId=tasklist-diagram_2] 
17:19:38 info -  [DefaultGLSPServer] process [action=computedBounds, clientId=tasklist-diagram_2] 
17:19:40 info -  [DefaultGLSPServer] process [action=requestEditValidation, clientId=tasklist-diagram_2] 
17:19:41 info -  [DefaultGLSPServer] process [action=requestEditValidation, clientId=tasklist-diagram_2] 
17:19:41 info -  [DefaultGLSPServer] process [action=requestEditValidation, clientId=tasklist-diagram_2] 
17:19:43 info -  [DefaultGLSPServer] process [action=requestEditValidation, clientId=tasklist-diagram_2] 
17:19:43 info -  [DefaultGLSPServer] process [action=requestEditValidation, clientId=tasklist-diagram_2] 
17:19:44 info -  [DefaultGLSPServer] process [action=requestEditValidation, clientId=tasklist-diagram_2] 
17:19:44 info -  [DefaultGLSPServer] process [action=applyLabelEdit, clientId=tasklist-diagram_2] 
17:19:44 info -  [DefaultGLSPServer] process [action=computedBounds, clientId=tasklist-diagram_2] 
17:19:44 info -  [DefaultGLSPServer] process [action=requestEditValidation, clientId=tasklist-diagram_2] 
17:19:45 info -  [DefaultGLSPServer] process [action=compound, clientId=tasklist-diagram_2] 
17:19:45 info -  [DefaultGLSPServer] process [action=computedBounds, clientId=tasklist-diagram_2] 
17:19:47 info -  [DefaultGLSPServer] process [action=requestEditValidation, clientId=tasklist-diagram_2] 
17:19:49 info -  [DefaultGLSPServer] process [action=requestEditValidation, clientId=tasklist-diagram_2] 
17:19:49 info -  [DefaultGLSPServer] process [action=requestEditValidation, clientId=tasklist-diagram_2] 
17:19:50 info -  [DefaultGLSPServer] process [action=requestEditValidation, clientId=tasklist-diagram_2] 
17:19:50 info -  [DefaultGLSPServer] process [action=requestEditValidation, clientId=tasklist-diagram_2] 
17:19:51 info -  [DefaultGLSPServer] process [action=requestEditValidation, clientId=tasklist-diagram_2] 
17:19:51 info -  [DefaultGLSPServer] process [action=requestEditValidation, clientId=tasklist-diagram_2] 
17:19:51 info -  [DefaultGLSPServer] process [action=applyLabelEdit, clientId=tasklist-diagram_2] 
17:19:51 info -  [DefaultGLSPServer] process [action=computedBounds, clientId=tasklist-diagram_2] 
17:19:54 info -  [DefaultGLSPServer] process [action=createEdge, clientId=tasklist-diagram_2] 
17:19:54 info -  [DefaultGLSPServer] process [action=computedBounds, clientId=tasklist-diagram_2] 
17:19:56 info -  [DefaultGLSPServer] process [action=createEdge, clientId=tasklist-diagram_2] 
17:19:56 info -  [DefaultGLSPServer] process [action=computedBounds, clientId=tasklist-diagram_2] 
17:20:01 info -  [DefaultGLSPServer] process [action=createEdge, clientId=tasklist-diagram_2] 
17:20:01 info -  [DefaultGLSPServer] process [action=computedBounds, clientId=tasklist-diagram_2] 
17:20:05 info -  [DefaultGLSPServer] process [action=createEdge, clientId=tasklist-diagram_2] 
17:20:05 info -  [DefaultGLSPServer] process [action=computedBounds, clientId=tasklist-diagram_2] 
17:20:07 info -  [DefaultGLSPServer] process [action=requestEditValidation, clientId=tasklist-diagram_2] 
17:20:07 info -  [DefaultGLSPServer] process [action=requestEditValidation, clientId=tasklist-diagram_2] 
17:20:08 info -  [DefaultGLSPServer] process [action=requestEditValidation, clientId=tasklist-diagram_2] 
17:20:08 info -  [DefaultGLSPServer] process [action=requestEditValidation, clientId=tasklist-diagram_2] 
17:20:08 info -  [DefaultGLSPServer] process [action=applyLabelEdit, clientId=tasklist-diagram_2] 
17:20:08 info -  [DefaultGLSPServer] process [action=computedBounds, clientId=tasklist-diagram_2] 
17:20:11 info -  [DefaultGLSPServer] process [action=requestEditValidation, clientId=tasklist-diagram_2] 
17:20:11 info -  [DefaultGLSPServer] process [action=requestEditValidation, clientId=tasklist-diagram_2] 
17:20:12 info -  [DefaultGLSPServer] process [action=requestEditValidation, clientId=tasklist-diagram_2] 
17:20:12 info -  [DefaultGLSPServer] process [action=requestEditValidation, clientId=tasklist-diagram_2] 
17:20:12 info -  [DefaultGLSPServer] process [action=requestEditValidation, clientId=tasklist-diagram_2] 
17:20:12 info -  [DefaultGLSPServer] process [action=applyLabelEdit, clientId=tasklist-diagram_2] 
17:20:12 info -  [DefaultGLSPServer] process [action=computedBounds, clientId=tasklist-diagram_2] 
17:20:14 info -  [DefaultGLSPServer] process [action=compound, clientId=tasklist-diagram_2] 
17:20:14 info -  [DefaultGLSPServer] process [action=computedBounds, clientId=tasklist-diagram_2] 
17:20:21 info -  [DefaultGLSPServer] process [action=createNode, clientId=tasklist-diagram_2] 
17:20:21 info -  [DefaultGLSPServer] process [action=computedBounds, clientId=tasklist-diagram_2] 
17:20:23 info -  [DefaultGLSPServer] process [action=requestEditValidation, clientId=tasklist-diagram_2] 
17:20:24 info -  [DefaultGLSPServer] process [action=requestEditValidation, clientId=tasklist-diagram_2] 
17:20:24 info -  [DefaultGLSPServer] process [action=requestEditValidation, clientId=tasklist-diagram_2] 
17:20:25 info -  [DefaultGLSPServer] process [action=requestEditValidation, clientId=tasklist-diagram_2] 
17:20:27 info -  [DefaultGLSPServer] process [action=requestEditValidation, clientId=tasklist-diagram_2] 
17:20:27 info -  [DefaultGLSPServer] process [action=applyLabelEdit, clientId=tasklist-diagram_2] 
17:20:27 info -  [DefaultGLSPServer] process [action=requestEditValidation, clientId=tasklist-diagram_2] 
17:20:27 info -  [DefaultGLSPServer] process [action=computedBounds, clientId=tasklist-diagram_2] 
17:20:29 info -  [DefaultGLSPServer] process [action=createEdge, clientId=tasklist-diagram_2] 
17:20:29 info -  [DefaultGLSPServer] process [action=computedBounds, clientId=tasklist-diagram_2] 
17:20:31 info -  [DefaultGLSPServer] process [action=compound, clientId=tasklist-diagram_2] 
17:20:31 info -  [DefaultGLSPServer] process [action=computedBounds, clientId=tasklist-diagram_2] 
17:20:38 info -  [DefaultGLSPServer] process [action=createNode, clientId=tasklist-diagram_2] 
17:20:38 info -  [DefaultGLSPServer] process [action=computedBounds, clientId=tasklist-diagram_2] 
17:20:43 info -  [DefaultGLSPServer] process [action=createEdge, clientId=tasklist-diagram_2] 
17:20:43 info -  [DefaultGLSPServer] process [action=computedBounds, clientId=tasklist-diagram_2] 
17:20:54 info -  [DefaultGLSPServer] process [action=requestEditValidation, clientId=tasklist-diagram_2] 
17:20:54 info -  [DefaultGLSPServer] process [action=requestEditValidation, clientId=tasklist-diagram_2] 
17:20:55 info -  [DefaultGLSPServer] process [action=requestEditValidation, clientId=tasklist-diagram_2] 
17:20:56 info -  [DefaultGLSPServer] process [action=requestEditValidation, clientId=tasklist-diagram_2] 
17:20:59 info -  [DefaultGLSPServer] process [action=requestEditValidation, clientId=tasklist-diagram_2] 
17:21:00 info -  [DefaultGLSPServer] process [action=requestEditValidation, clientId=tasklist-diagram_2] 
17:21:00 info -  [DefaultGLSPServer] process [action=applyLabelEdit, clientId=tasklist-diagram_2] 
17:21:00 info -  [DefaultGLSPServer] process [action=requestEditValidation, clientId=tasklist-diagram_2] 
17:21:00 info -  [DefaultGLSPServer] process [action=computedBounds, clientId=tasklist-diagram_2] 
17:21:06 info -  [DefaultGLSPServer] process [action=requestPopupModel, clientId=tasklist-diagram_2] 
17:21:06 warn -  [RequestPopupModelActionHandler] Could not process `RequestPopupModelAction`. No `PopupModelFactory` is bound 
17:21:11 info -  [DefaultGLSPServer] process [action=compound, clientId=tasklist-diagram_2] 
17:21:11 info -  [DefaultGLSPServer] process [action=computedBounds, clientId=tasklist-diagram_2] 
17:21:12 info -  [DefaultGLSPServer] process [action=compound, clientId=tasklist-diagram_2] 
17:21:12 info -  [DefaultGLSPServer] process [action=computedBounds, clientId=tasklist-diagram_2] 
17:21:14 info -  [DefaultGLSPServer] process [action=requestPopupModel, clientId=tasklist-diagram_2] 
17:21:14 warn -  [RequestPopupModelActionHandler] Could not process `RequestPopupModelAction`. No `PopupModelFactory` is bound 
17:21:15 info -  [DefaultGLSPServer] process [action=compound, clientId=tasklist-diagram_2] 
17:21:15 info -  [DefaultGLSPServer] process [action=computedBounds, clientId=tasklist-diagram_2] 
