21:31:21 info -  [SocketServerLauncher] The GLSP server is ready to accept new client requests on port: 59768 
21:31:21 info -  [SocketServerLauncher] Starting GLSP server connection 
21:31:21 info -  [DefaultGLSPServer] Initializing server with: applicationId: 33e9522e-1775-47db-a2aa-d765eefb2f64, protocolVersion: 1.0.0 
21:31:24 info -  [DefaultGLSPServer] Initializing client session with: clientSessionId: 'tasklist-diagram_0', diagramType: 'tasklist-diagram' 
21:31:24 info -  [DefaultGLSPServer] process [action=requestModel, clientId=tasklist-diagram_0] 
21:31:24 info -  [DefaultGLSPServer] process [action=requestTypeHints, clientId=tasklist-diagram_0] 
21:31:24 info -  [DefaultGLSPServer] process [action=computedBounds, clientId=tasklist-diagram_0] 
21:31:24 info -  [DefaultGLSPServer] process [action=requestContextActions, clientId=tasklist-diagram_0] 
21:31:31 info -  [DefaultGLSPServer] process [action=createNode, clientId=tasklist-diagram_0] 
21:31:31 info -  [DefaultGLSPServer] process [action=computedBounds, clientId=tasklist-diagram_0] 
21:31:35 info -  [DefaultGLSPServer] process [action=requestEditValidation, clientId=tasklist-diagram_0] 
21:31:35 info -  [DefaultGLSPServer] process [action=requestEditValidation, clientId=tasklist-diagram_0] 
21:31:38 info -  [DefaultGLSPServer] process [action=requestEditValidation, clientId=tasklist-diagram_0] 
21:31:40 info -  [DefaultGLSPServer] process [action=requestEditValidation, clientId=tasklist-diagram_0] 
21:31:41 info -  [DefaultGLSPServer] process [action=requestEditValidation, clientId=tasklist-diagram_0] 
21:31:41 info -  [DefaultGLSPServer] process [action=requestPopupModel, clientId=tasklist-diagram_0] 
21:31:41 warn -  [RequestPopupModelActionHandler] Could not process `RequestPopupModelAction`. No `PopupModelFactory` is bound 
21:31:41 info -  [DefaultGLSPServer] process [action=compound, clientId=tasklist-diagram_0] 
21:31:41 info -  [DefaultGLSPServer] process [action=computedBounds, clientId=tasklist-diagram_0] 
21:31:46 info -  [DefaultGLSPServer] process [action=requestEditValidation, clientId=tasklist-diagram_0] 
21:31:46 info -  [DefaultGLSPServer] process [action=requestEditValidation, clientId=tasklist-diagram_0] 
21:31:47 info -  [DefaultGLSPServer] process [action=requestEditValidation, clientId=tasklist-diagram_0] 
21:31:48 info -  [DefaultGLSPServer] process [action=requestEditValidation, clientId=tasklist-diagram_0] 
21:31:48 info -  [DefaultGLSPServer] process [action=requestEditValidation, clientId=tasklist-diagram_0] 
21:31:48 info -  [DefaultGLSPServer] process [action=applyLabelEdit, clientId=tasklist-diagram_0] 
21:31:48 info -  [DefaultGLSPServer] process [action=computedBounds, clientId=tasklist-diagram_0] 
21:31:56 info -  [DefaultGLSPServer] process [action=createNode, clientId=tasklist-diagram_0] 
21:31:56 info -  [DefaultGLSPServer] process [action=computedBounds, clientId=tasklist-diagram_0] 
21:31:59 info -  [DefaultGLSPServer] process [action=requestEditValidation, clientId=tasklist-diagram_0] 
21:31:59 info -  [DefaultGLSPServer] process [action=requestEditValidation, clientId=tasklist-diagram_0] 
21:32:06 info -  [DefaultGLSPServer] process [action=requestEditValidation, clientId=tasklist-diagram_0] 
21:32:11 info -  [DefaultGLSPServer] process [action=requestEditValidation, clientId=tasklist-diagram_0] 
21:32:11 info -  [DefaultGLSPServer] process [action=requestEditValidation, clientId=tasklist-diagram_0] 
21:32:12 info -  [DefaultGLSPServer] process [action=requestEditValidation, clientId=tasklist-diagram_0] 
21:32:12 info -  [DefaultGLSPServer] process [action=requestEditValidation, clientId=tasklist-diagram_0] 
21:32:13 info -  [DefaultGLSPServer] process [action=requestEditValidation, clientId=tasklist-diagram_0] 
21:32:13 info -  [DefaultGLSPServer] process [action=requestEditValidation, clientId=tasklist-diagram_0] 
21:32:13 info -  [DefaultGLSPServer] process [action=requestEditValidation, clientId=tasklist-diagram_0] 
21:32:14 info -  [DefaultGLSPServer] process [action=requestEditValidation, clientId=tasklist-diagram_0] 
21:32:14 info -  [DefaultGLSPServer] process [action=requestEditValidation, clientId=tasklist-diagram_0] 
21:32:14 info -  [DefaultGLSPServer] process [action=applyLabelEdit, clientId=tasklist-diagram_0] 
21:32:14 info -  [DefaultGLSPServer] process [action=computedBounds, clientId=tasklist-diagram_0] 
21:32:40 info -  [DefaultGLSPServer] process [action=deleteElement, clientId=tasklist-diagram_0] 
21:32:40 info -  [DefaultGLSPServer] process [action=computedBounds, clientId=tasklist-diagram_0] 
21:32:44 info -  [DefaultGLSPServer] process [action=deleteElement, clientId=tasklist-diagram_0] 
21:32:44 info -  [DefaultGLSPServer] process [action=computedBounds, clientId=tasklist-diagram_0] 
