15:58:59 info -  [SocketServerLauncher] The GLSP server is ready to accept new client requests on port: 49822 
15:58:59 info -  [SocketServerLauncher] Starting GLSP server connection 
15:58:59 info -  [DefaultGLSPServer] Initializing server with: applicationId: 5f05c531-8953-49a0-8eb1-cd61f50cd91c, protocolVersion: 1.0.0 
15:59:02 info -  [DefaultGLSPServer] Initializing client session with: clientSessionId: 'tasklist-diagram_0', diagramType: 'tasklist-diagram' 
15:59:02 info -  [DefaultGLSPServer] process [action=requestModel, clientId=tasklist-diagram_0] 
15:59:02 info -  [DefaultGLSPServer] process [action=requestTypeHints, clientId=tasklist-diagram_0] 
15:59:02 info -  [DefaultGLSPServer] process [action=computedBounds, clientId=tasklist-diagram_0] 
15:59:02 info -  [DefaultGLSPServer] process [action=requestContextActions, clientId=tasklist-diagram_0] 
16:01:26 info -  [DefaultGLSPServer] process [action=createNode, clientId=tasklist-diagram_0] 
16:01:26 info -  [DefaultGLSPServer] process [action=computedBounds, clientId=tasklist-diagram_0] 
16:01:29 info -  [DefaultGLSPServer] process [action=requestEditValidation, clientId=tasklist-diagram_0] 
16:01:29 info -  [DefaultGLSPServer] process [action=applyLabelEdit, clientId=tasklist-diagram_0] 
16:01:29 info -  [DefaultGLSPServer] process [action=requestEditValidation, clientId=tasklist-diagram_0] 
16:01:29 info -  [DefaultGLSPServer] process [action=computedBounds, clientId=tasklist-diagram_0] 
16:01:32 info -  [DefaultGLSPServer] process [action=requestEditValidation, clientId=tasklist-diagram_0] 
16:01:32 info -  [DefaultGLSPServer] process [action=applyLabelEdit, clientId=tasklist-diagram_0] 
16:01:32 info -  [DefaultGLSPServer] process [action=requestEditValidation, clientId=tasklist-diagram_0] 
16:01:32 info -  [DefaultGLSPServer] process [action=computedBounds, clientId=tasklist-diagram_0] 
16:01:34 info -  [DefaultGLSPServer] process [action=createNode, clientId=tasklist-diagram_0] 
16:01:34 info -  [DefaultGLSPServer] process [action=computedBounds, clientId=tasklist-diagram_0] 
16:01:36 info -  [DefaultGLSPServer] process [action=requestEditValidation, clientId=tasklist-diagram_0] 
16:01:36 info -  [DefaultGLSPServer] process [action=requestEditValidation, clientId=tasklist-diagram_0] 
16:01:37 info -  [DefaultGLSPServer] process [action=requestEditValidation, clientId=tasklist-diagram_0] 
16:01:38 info -  [DefaultGLSPServer] process [action=requestEditValidation, clientId=tasklist-diagram_0] 
16:01:38 info -  [DefaultGLSPServer] process [action=requestEditValidation, clientId=tasklist-diagram_0] 
16:01:39 info -  [DefaultGLSPServer] process [action=requestEditValidation, clientId=tasklist-diagram_0] 
16:01:40 info -  [DefaultGLSPServer] process [action=requestEditValidation, clientId=tasklist-diagram_0] 
16:01:40 info -  [DefaultGLSPServer] process [action=requestEditValidation, clientId=tasklist-diagram_0] 
16:01:42 info -  [DefaultGLSPServer] process [action=requestEditValidation, clientId=tasklist-diagram_0] 
16:01:43 info -  [DefaultGLSPServer] process [action=requestEditValidation, clientId=tasklist-diagram_0] 
16:01:43 info -  [DefaultGLSPServer] process [action=requestEditValidation, clientId=tasklist-diagram_0] 
16:01:43 info -  [DefaultGLSPServer] process [action=applyLabelEdit, clientId=tasklist-diagram_0] 
16:01:43 info -  [DefaultGLSPServer] process [action=computedBounds, clientId=tasklist-diagram_0] 
16:01:47 info -  [DefaultGLSPServer] process [action=createEdge, clientId=tasklist-diagram_0] 
16:01:47 info -  [DefaultGLSPServer] process [action=computedBounds, clientId=tasklist-diagram_0] 
16:01:49 info -  [DefaultGLSPServer] process [action=requestPopupModel, clientId=tasklist-diagram_0] 
16:01:49 warn -  [RequestPopupModelActionHandler] Could not process `RequestPopupModelAction`. No `PopupModelFactory` is bound 
16:01:51 info -  [DefaultGLSPServer] process [action=compound, clientId=tasklist-diagram_0] 
16:01:51 info -  [DefaultGLSPServer] process [action=computedBounds, clientId=tasklist-diagram_0] 
16:01:52 info -  [DefaultGLSPServer] process [action=createNode, clientId=tasklist-diagram_0] 
16:01:52 info -  [DefaultGLSPServer] process [action=computedBounds, clientId=tasklist-diagram_0] 
16:01:54 info -  [DefaultGLSPServer] process [action=requestEditValidation, clientId=tasklist-diagram_0] 
16:01:54 info -  [DefaultGLSPServer] process [action=requestEditValidation, clientId=tasklist-diagram_0] 
16:01:55 info -  [DefaultGLSPServer] process [action=applyLabelEdit, clientId=tasklist-diagram_0] 
16:01:55 info -  [DefaultGLSPServer] process [action=computedBounds, clientId=tasklist-diagram_0] 
16:02:02 info -  [DefaultGLSPServer] process [action=createEdge, clientId=tasklist-diagram_0] 
16:02:02 info -  [DefaultGLSPServer] process [action=computedBounds, clientId=tasklist-diagram_0] 
16:02:04 info -  [DefaultGLSPServer] process [action=compound, clientId=tasklist-diagram_0] 
16:02:04 info -  [DefaultGLSPServer] process [action=computedBounds, clientId=tasklist-diagram_0] 
16:02:05 info -  [DefaultGLSPServer] process [action=createNode, clientId=tasklist-diagram_0] 
16:02:05 info -  [DefaultGLSPServer] process [action=computedBounds, clientId=tasklist-diagram_0] 
16:02:10 info -  [DefaultGLSPServer] process [action=requestEditValidation, clientId=tasklist-diagram_0] 
16:02:11 info -  [DefaultGLSPServer] process [action=requestEditValidation, clientId=tasklist-diagram_0] 
16:02:11 info -  [DefaultGLSPServer] process [action=applyLabelEdit, clientId=tasklist-diagram_0] 
16:02:11 info -  [DefaultGLSPServer] process [action=computedBounds, clientId=tasklist-diagram_0] 
16:02:13 info -  [DefaultGLSPServer] process [action=compound, clientId=tasklist-diagram_0] 
16:02:13 info -  [DefaultGLSPServer] process [action=computedBounds, clientId=tasklist-diagram_0] 
16:02:14 info -  [DefaultGLSPServer] process [action=compound, clientId=tasklist-diagram_0] 
16:02:15 info -  [DefaultGLSPServer] process [action=computedBounds, clientId=tasklist-diagram_0] 
16:02:18 info -  [DefaultGLSPServer] process [action=createEdge, clientId=tasklist-diagram_0] 
16:02:18 info -  [DefaultGLSPServer] process [action=computedBounds, clientId=tasklist-diagram_0] 
16:02:21 info -  [DefaultGLSPServer] process [action=createNode, clientId=tasklist-diagram_0] 
16:02:21 info -  [DefaultGLSPServer] process [action=computedBounds, clientId=tasklist-diagram_0] 
16:02:29 info -  [DefaultGLSPServer] process [action=requestEditValidation, clientId=tasklist-diagram_0] 
16:02:32 info -  [DefaultGLSPServer] process [action=requestEditValidation, clientId=tasklist-diagram_0] 
16:02:32 info -  [DefaultGLSPServer] process [action=requestEditValidation, clientId=tasklist-diagram_0] 
16:02:32 info -  [DefaultGLSPServer] process [action=applyLabelEdit, clientId=tasklist-diagram_0] 
16:02:32 info -  [DefaultGLSPServer] process [action=computedBounds, clientId=tasklist-diagram_0] 
16:02:32 info -  [DefaultGLSPServer] process [action=requestEditValidation, clientId=tasklist-diagram_0] 
16:02:35 info -  [DefaultGLSPServer] process [action=createEdge, clientId=tasklist-diagram_0] 
16:02:35 info -  [DefaultGLSPServer] process [action=computedBounds, clientId=tasklist-diagram_0] 
16:02:36 info -  [DefaultGLSPServer] process [action=compound, clientId=tasklist-diagram_0] 
16:02:36 info -  [DefaultGLSPServer] process [action=computedBounds, clientId=tasklist-diagram_0] 
16:02:37 info -  [DefaultGLSPServer] process [action=compound, clientId=tasklist-diagram_0] 
16:02:37 info -  [DefaultGLSPServer] process [action=computedBounds, clientId=tasklist-diagram_0] 
16:02:38 info -  [DefaultGLSPServer] process [action=compound, clientId=tasklist-diagram_0] 
16:02:38 info -  [DefaultGLSPServer] process [action=computedBounds, clientId=tasklist-diagram_0] 
16:02:38 info -  [DefaultGLSPServer] process [action=compound, clientId=tasklist-diagram_0] 
16:02:38 info -  [DefaultGLSPServer] process [action=computedBounds, clientId=tasklist-diagram_0] 
16:02:43 info -  [DefaultGLSPServer] process [action=createNode, clientId=tasklist-diagram_0] 
16:02:43 info -  [DefaultGLSPServer] process [action=computedBounds, clientId=tasklist-diagram_0] 
16:02:46 info -  [DefaultGLSPServer] process [action=createNode, clientId=tasklist-diagram_0] 
16:02:46 info -  [DefaultGLSPServer] process [action=computedBounds, clientId=tasklist-diagram_0] 
16:02:49 info -  [DefaultGLSPServer] process [action=createNode, clientId=tasklist-diagram_0] 
16:02:49 info -  [DefaultGLSPServer] process [action=computedBounds, clientId=tasklist-diagram_0] 
16:02:51 info -  [DefaultGLSPServer] process [action=createNode, clientId=tasklist-diagram_0] 
16:02:51 info -  [DefaultGLSPServer] process [action=computedBounds, clientId=tasklist-diagram_0] 
16:02:53 info -  [DefaultGLSPServer] process [action=createNode, clientId=tasklist-diagram_0] 
16:02:53 info -  [DefaultGLSPServer] process [action=computedBounds, clientId=tasklist-diagram_0] 
16:02:55 info -  [DefaultGLSPServer] process [action=createNode, clientId=tasklist-diagram_0] 
16:02:55 info -  [DefaultGLSPServer] process [action=computedBounds, clientId=tasklist-diagram_0] 
16:02:57 info -  [DefaultGLSPServer] process [action=createNode, clientId=tasklist-diagram_0] 
16:02:57 info -  [DefaultGLSPServer] process [action=computedBounds, clientId=tasklist-diagram_0] 
