20:53:58 info -  [SocketServerLauncher] The GLSP server is ready to accept new client requests on port: 61438 
20:53:58 info -  [SocketServerLauncher] Starting GLSP server connection 
20:53:58 info -  [DefaultGLSPServer] Initializing server with: applicationId: 247e7cae-55ee-49b5-b7d3-1209c1e62dae, protocolVersion: 1.0.0 
20:54:00 info -  [DefaultGLSPServer] Initializing client session with: clientSessionId: 'tasklist-diagram_0', diagramType: 'tasklist-diagram' 
20:54:00 info -  [DefaultGLSPServer] process [action=requestModel, clientId=tasklist-diagram_0] 
20:54:01 info -  [DefaultGLSPServer] process [action=requestTypeHints, clientId=tasklist-diagram_0] 
20:54:01 info -  [DefaultGLSPServer] process [action=computedBounds, clientId=tasklist-diagram_0] 
20:54:01 info -  [DefaultGLSPServer] process [action=requestContextActions, clientId=tasklist-diagram_0] 
20:54:04 info -  [DefaultGLSPServer] process [action=createNode, clientId=tasklist-diagram_0] 
20:54:04 info -  [DefaultGLSPServer] process [action=computedBounds, clientId=tasklist-diagram_0] 
20:54:08 info -  [DefaultGLSPServer] process [action=createNode, clientId=tasklist-diagram_0] 
20:54:08 info -  [DefaultGLSPServer] process [action=computedBounds, clientId=tasklist-diagram_0] 
20:54:12 info -  [DefaultGLSPServer] process [action=createNode, clientId=tasklist-diagram_0] 
20:54:12 info -  [DefaultGLSPServer] process [action=computedBounds, clientId=tasklist-diagram_0] 
20:54:14 info -  [DefaultGLSPServer] process [action=createNode, clientId=tasklist-diagram_0] 
20:54:15 info -  [DefaultGLSPServer] process [action=computedBounds, clientId=tasklist-diagram_0] 
20:54:16 info -  [DefaultGLSPServer] process [action=createNode, clientId=tasklist-diagram_0] 
20:54:16 info -  [DefaultGLSPServer] process [action=computedBounds, clientId=tasklist-diagram_0] 
20:54:19 info -  [DefaultGLSPServer] process [action=createEdge, clientId=tasklist-diagram_0] 
20:54:19 info -  [DefaultGLSPServer] process [action=computedBounds, clientId=tasklist-diagram_0] 
20:54:21 info -  [DefaultGLSPServer] process [action=createEdge, clientId=tasklist-diagram_0] 
20:54:22 info -  [DefaultGLSPServer] process [action=computedBounds, clientId=tasklist-diagram_0] 
20:54:24 info -  [DefaultGLSPServer] process [action=createEdge, clientId=tasklist-diagram_0] 
20:54:24 info -  [DefaultGLSPServer] process [action=computedBounds, clientId=tasklist-diagram_0] 
20:54:26 info -  [DefaultGLSPServer] process [action=createEdge, clientId=tasklist-diagram_0] 
20:54:26 info -  [DefaultGLSPServer] process [action=computedBounds, clientId=tasklist-diagram_0] 
20:54:28 info -  [DefaultGLSPServer] process [action=generateSql, clientId=tasklist-diagram_0] 
20:54:43 info -  [DefaultGLSPServer] process [action=requestPopupModel, clientId=tasklist-diagram_0] 
20:54:43 warn -  [RequestPopupModelActionHandler] Could not process `RequestPopupModelAction`. No `PopupModelFactory` is bound 
20:55:19 info -  [DefaultGLSPServer] process [action=deleteElement, clientId=tasklist-diagram_0] 
20:55:19 info -  [DefaultGLSPServer] process [action=computedBounds, clientId=tasklist-diagram_0] 
20:55:21 info -  [DefaultGLSPServer] process [action=deleteElement, clientId=tasklist-diagram_0] 
20:55:21 info -  [DefaultGLSPServer] process [action=computedBounds, clientId=tasklist-diagram_0] 
20:55:23 info -  [DefaultGLSPServer] process [action=deleteElement, clientId=tasklist-diagram_0] 
20:55:23 info -  [DefaultGLSPServer] process [action=computedBounds, clientId=tasklist-diagram_0] 
20:55:24 info -  [DefaultGLSPServer] process [action=createNode, clientId=tasklist-diagram_0] 
20:55:24 info -  [DefaultGLSPServer] process [action=computedBounds, clientId=tasklist-diagram_0] 
20:55:28 info -  [DefaultGLSPServer] process [action=createEdge, clientId=tasklist-diagram_0] 
20:55:28 info -  [DefaultGLSPServer] process [action=computedBounds, clientId=tasklist-diagram_0] 
20:55:30 info -  [DefaultGLSPServer] process [action=generateSql, clientId=tasklist-diagram_0] 
