16:55:43 info -  [SocketServerLauncher] The GLSP server is ready to accept new client requests on port: 51990 
16:55:43 info -  [SocketServerLauncher] Starting GLSP server connection 
16:55:43 info -  [DefaultGLSPServer] Initializing server with: applicationId: 25df7519-9042-443f-821b-71a8e4421e7c, protocolVersion: 1.0.0 
16:55:45 info -  [DefaultGLSPServer] Initializing client session with: clientSessionId: 'tasklist-diagram_0', diagramType: 'tasklist-diagram' 
16:55:45 info -  [DefaultGLSPServer] process [action=requestModel, clientId=tasklist-diagram_0] 
16:55:45 info -  [DefaultGLSPServer] process [action=requestTypeHints, clientId=tasklist-diagram_0] 
16:55:45 info -  [DefaultGLSPServer] process [action=computedBounds, clientId=tasklist-diagram_0] 
16:55:45 info -  [DefaultGLSPServer] process [action=requestContextActions, clientId=tasklist-diagram_0] 
16:55:57 info -  [DefaultGLSPServer] process [action=requestMarkers, clientId=tasklist-diagram_0] 
16:55:57 info -  [DefaultGLSPServer] process [action=generateSql, clientId=tasklist-diagram_0] 
16:56:16 info -  [DefaultGLSPServer] Initializing client session with: clientSessionId: 'tasklist-diagram_1', diagramType: 'tasklist-diagram' 
16:56:16 info -  [DefaultGLSPServer] process [action=requestModel, clientId=tasklist-diagram_1] 
16:56:16 info -  [DefaultGLSPServer] process [action=requestTypeHints, clientId=tasklist-diagram_1] 
16:56:17 info -  [DefaultGLSPServer] process [action=computedBounds, clientId=tasklist-diagram_1] 
16:56:17 info -  [DefaultGLSPServer] process [action=requestContextActions, clientId=tasklist-diagram_1] 
16:56:32 info -  [DefaultGLSPServer] process [action=createNode, clientId=tasklist-diagram_1] 
16:56:32 info -  [DefaultGLSPServer] process [action=computedBounds, clientId=tasklist-diagram_1] 
16:56:34 info -  [DefaultGLSPServer] process [action=createNode, clientId=tasklist-diagram_1] 
16:56:34 info -  [DefaultGLSPServer] process [action=computedBounds, clientId=tasklist-diagram_1] 
16:56:36 info -  [DefaultGLSPServer] process [action=requestEditValidation, clientId=tasklist-diagram_1] 
16:56:36 info -  [DefaultGLSPServer] process [action=requestEditValidation, clientId=tasklist-diagram_1] 
16:56:36 info -  [DefaultGLSPServer] process [action=applyLabelEdit, clientId=tasklist-diagram_1] 
16:56:36 info -  [DefaultGLSPServer] process [action=computedBounds, clientId=tasklist-diagram_1] 
16:56:42 info -  [DefaultGLSPServer] process [action=requestEditValidation, clientId=tasklist-diagram_1] 
16:56:44 info -  [DefaultGLSPServer] process [action=requestEditValidation, clientId=tasklist-diagram_1] 
16:56:44 info -  [DefaultGLSPServer] process [action=requestEditValidation, clientId=tasklist-diagram_1] 
16:56:45 info -  [DefaultGLSPServer] process [action=requestEditValidation, clientId=tasklist-diagram_1] 
16:56:47 info -  [DefaultGLSPServer] process [action=requestEditValidation, clientId=tasklist-diagram_1] 
16:56:48 info -  [DefaultGLSPServer] process [action=requestEditValidation, clientId=tasklist-diagram_1] 
16:56:48 info -  [DefaultGLSPServer] process [action=requestEditValidation, clientId=tasklist-diagram_1] 
16:56:48 info -  [DefaultGLSPServer] process [action=applyLabelEdit, clientId=tasklist-diagram_1] 
16:56:48 info -  [DefaultGLSPServer] process [action=computedBounds, clientId=tasklist-diagram_1] 
16:57:01 info -  [DefaultGLSPServer] process [action=createNode, clientId=tasklist-diagram_1] 
16:57:02 info -  [DefaultGLSPServer] process [action=computedBounds, clientId=tasklist-diagram_1] 
16:57:03 info -  [DefaultGLSPServer] process [action=requestEditValidation, clientId=tasklist-diagram_1] 
16:57:04 info -  [DefaultGLSPServer] process [action=requestEditValidation, clientId=tasklist-diagram_1] 
16:57:04 info -  [DefaultGLSPServer] process [action=applyLabelEdit, clientId=tasklist-diagram_1] 
16:57:04 info -  [DefaultGLSPServer] process [action=computedBounds, clientId=tasklist-diagram_1] 
16:57:06 info -  [DefaultGLSPServer] process [action=compound, clientId=tasklist-diagram_1] 
16:57:06 info -  [DefaultGLSPServer] process [action=computedBounds, clientId=tasklist-diagram_1] 
16:57:10 info -  [DefaultGLSPServer] process [action=createEdge, clientId=tasklist-diagram_1] 
16:57:10 info -  [DefaultGLSPServer] process [action=computedBounds, clientId=tasklist-diagram_1] 
16:57:12 info -  [DefaultGLSPServer] process [action=requestEditValidation, clientId=tasklist-diagram_1] 
16:57:12 info -  [DefaultGLSPServer] process [action=requestEditValidation, clientId=tasklist-diagram_1] 
16:57:13 info -  [DefaultGLSPServer] process [action=requestEditValidation, clientId=tasklist-diagram_1] 
16:57:13 info -  [DefaultGLSPServer] process [action=requestEditValidation, clientId=tasklist-diagram_1] 
16:57:13 info -  [DefaultGLSPServer] process [action=requestEditValidation, clientId=tasklist-diagram_1] 
16:57:13 info -  [DefaultGLSPServer] process [action=applyLabelEdit, clientId=tasklist-diagram_1] 
16:57:13 info -  [DefaultGLSPServer] process [action=computedBounds, clientId=tasklist-diagram_1] 
16:57:16 info -  [DefaultGLSPServer] process [action=createEdge, clientId=tasklist-diagram_1] 
16:57:16 info -  [DefaultGLSPServer] process [action=computedBounds, clientId=tasklist-diagram_1] 
16:57:17 info -  [DefaultGLSPServer] process [action=requestPopupModel, clientId=tasklist-diagram_1] 
16:57:17 warn -  [RequestPopupModelActionHandler] Could not process `RequestPopupModelAction`. No `PopupModelFactory` is bound 
16:57:19 info -  [DefaultGLSPServer] process [action=requestEditValidation, clientId=tasklist-diagram_1] 
16:57:19 info -  [DefaultGLSPServer] process [action=requestEditValidation, clientId=tasklist-diagram_1] 
16:57:20 info -  [DefaultGLSPServer] process [action=requestEditValidation, clientId=tasklist-diagram_1] 
16:57:21 info -  [DefaultGLSPServer] process [action=requestEditValidation, clientId=tasklist-diagram_1] 
16:57:21 info -  [DefaultGLSPServer] process [action=requestEditValidation, clientId=tasklist-diagram_1] 
16:57:21 info -  [DefaultGLSPServer] process [action=requestEditValidation, clientId=tasklist-diagram_1] 
16:57:22 info -  [DefaultGLSPServer] process [action=applyLabelEdit, clientId=tasklist-diagram_1] 
16:57:22 info -  [DefaultGLSPServer] process [action=computedBounds, clientId=tasklist-diagram_1] 
16:57:23 info -  [DefaultGLSPServer] process [action=compound, clientId=tasklist-diagram_1] 
16:57:23 info -  [DefaultGLSPServer] process [action=computedBounds, clientId=tasklist-diagram_1] 
16:57:24 info -  [DefaultGLSPServer] process [action=compound, clientId=tasklist-diagram_1] 
16:57:24 info -  [DefaultGLSPServer] process [action=computedBounds, clientId=tasklist-diagram_1] 
16:57:31 info -  [DefaultGLSPServer] process [action=createNode, clientId=tasklist-diagram_1] 
16:57:31 info -  [DefaultGLSPServer] process [action=computedBounds, clientId=tasklist-diagram_1] 
16:57:33 info -  [DefaultGLSPServer] process [action=createNode, clientId=tasklist-diagram_1] 
16:57:33 info -  [DefaultGLSPServer] process [action=computedBounds, clientId=tasklist-diagram_1] 
16:57:34 info -  [DefaultGLSPServer] process [action=createNode, clientId=tasklist-diagram_1] 
16:57:34 info -  [DefaultGLSPServer] process [action=computedBounds, clientId=tasklist-diagram_1] 
16:57:35 info -  [DefaultGLSPServer] process [action=createNode, clientId=tasklist-diagram_1] 
16:57:35 info -  [DefaultGLSPServer] process [action=computedBounds, clientId=tasklist-diagram_1] 
16:57:37 info -  [DefaultGLSPServer] process [action=requestEditValidation, clientId=tasklist-diagram_1] 
16:57:38 info -  [DefaultGLSPServer] process [action=requestEditValidation, clientId=tasklist-diagram_1] 
16:57:38 info -  [DefaultGLSPServer] process [action=requestEditValidation, clientId=tasklist-diagram_1] 
16:57:39 info -  [DefaultGLSPServer] process [action=requestEditValidation, clientId=tasklist-diagram_1] 
16:57:40 info -  [DefaultGLSPServer] process [action=requestEditValidation, clientId=tasklist-diagram_1] 
16:57:40 info -  [DefaultGLSPServer] process [action=requestEditValidation, clientId=tasklist-diagram_1] 
16:57:41 info -  [DefaultGLSPServer] process [action=requestEditValidation, clientId=tasklist-diagram_1] 
16:57:42 info -  [DefaultGLSPServer] process [action=requestEditValidation, clientId=tasklist-diagram_1] 
16:57:42 info -  [DefaultGLSPServer] process [action=requestEditValidation, clientId=tasklist-diagram_1] 
16:57:42 info -  [DefaultGLSPServer] process [action=requestEditValidation, clientId=tasklist-diagram_1] 
16:57:42 info -  [DefaultGLSPServer] process [action=applyLabelEdit, clientId=tasklist-diagram_1] 
16:57:42 info -  [DefaultGLSPServer] process [action=computedBounds, clientId=tasklist-diagram_1] 
16:57:46 info -  [DefaultGLSPServer] process [action=requestPopupModel, clientId=tasklist-diagram_1] 
16:57:46 warn -  [RequestPopupModelActionHandler] Could not process `RequestPopupModelAction`. No `PopupModelFactory` is bound 
16:57:47 info -  [DefaultGLSPServer] process [action=compound, clientId=tasklist-diagram_1] 
16:57:47 info -  [DefaultGLSPServer] process [action=computedBounds, clientId=tasklist-diagram_1] 
16:57:49 info -  [DefaultGLSPServer] process [action=requestEditValidation, clientId=tasklist-diagram_1] 
16:57:50 info -  [DefaultGLSPServer] process [action=requestEditValidation, clientId=tasklist-diagram_1] 
16:57:50 info -  [DefaultGLSPServer] process [action=requestEditValidation, clientId=tasklist-diagram_1] 
16:57:51 info -  [DefaultGLSPServer] process [action=requestEditValidation, clientId=tasklist-diagram_1] 
16:57:52 info -  [DefaultGLSPServer] process [action=requestEditValidation, clientId=tasklist-diagram_1] 
16:57:52 info -  [DefaultGLSPServer] process [action=requestEditValidation, clientId=tasklist-diagram_1] 
16:57:52 info -  [DefaultGLSPServer] process [action=requestEditValidation, clientId=tasklist-diagram_1] 
16:57:52 info -  [DefaultGLSPServer] process [action=requestEditValidation, clientId=tasklist-diagram_1] 
16:57:52 info -  [DefaultGLSPServer] process [action=applyLabelEdit, clientId=tasklist-diagram_1] 
16:57:53 info -  [DefaultGLSPServer] process [action=computedBounds, clientId=tasklist-diagram_1] 
16:57:54 info -  [DefaultGLSPServer] process [action=compound, clientId=tasklist-diagram_1] 
16:57:54 info -  [DefaultGLSPServer] process [action=computedBounds, clientId=tasklist-diagram_1] 
16:57:55 info -  [DefaultGLSPServer] process [action=compound, clientId=tasklist-diagram_1] 
16:57:55 info -  [DefaultGLSPServer] process [action=computedBounds, clientId=tasklist-diagram_1] 
16:57:57 info -  [DefaultGLSPServer] process [action=createEdge, clientId=tasklist-diagram_1] 
16:57:57 info -  [DefaultGLSPServer] process [action=computedBounds, clientId=tasklist-diagram_1] 
16:57:58 info -  [DefaultGLSPServer] process [action=createEdge, clientId=tasklist-diagram_1] 
16:57:58 info -  [DefaultGLSPServer] process [action=computedBounds, clientId=tasklist-diagram_1] 
16:58:14 info -  [DefaultGLSPServer] process [action=requestEditValidation, clientId=tasklist-diagram_1] 
16:58:14 info -  [DefaultGLSPServer] process [action=requestEditValidation, clientId=tasklist-diagram_1] 
16:58:16 info -  [DefaultGLSPServer] process [action=requestEditValidation, clientId=tasklist-diagram_1] 
16:58:17 info -  [DefaultGLSPServer] process [action=requestEditValidation, clientId=tasklist-diagram_1] 
16:58:17 info -  [DefaultGLSPServer] process [action=requestEditValidation, clientId=tasklist-diagram_1] 
16:58:18 info -  [DefaultGLSPServer] process [action=requestEditValidation, clientId=tasklist-diagram_1] 
16:58:18 info -  [DefaultGLSPServer] process [action=applyLabelEdit, clientId=tasklist-diagram_1] 
16:58:18 info -  [DefaultGLSPServer] process [action=computedBounds, clientId=tasklist-diagram_1] 
16:58:26 info -  [DefaultGLSPServer] process [action=requestEditValidation, clientId=tasklist-diagram_1] 
16:58:27 info -  [DefaultGLSPServer] process [action=requestEditValidation, clientId=tasklist-diagram_1] 
16:58:27 info -  [DefaultGLSPServer] process [action=requestEditValidation, clientId=tasklist-diagram_1] 
16:58:28 info -  [DefaultGLSPServer] process [action=requestEditValidation, clientId=tasklist-diagram_1] 
16:58:28 info -  [DefaultGLSPServer] process [action=requestEditValidation, clientId=tasklist-diagram_1] 
16:58:29 info -  [DefaultGLSPServer] process [action=requestEditValidation, clientId=tasklist-diagram_1] 
16:58:29 info -  [DefaultGLSPServer] process [action=requestEditValidation, clientId=tasklist-diagram_1] 
16:58:30 info -  [DefaultGLSPServer] process [action=requestEditValidation, clientId=tasklist-diagram_1] 
16:58:30 info -  [DefaultGLSPServer] process [action=requestEditValidation, clientId=tasklist-diagram_1] 
16:58:32 info -  [DefaultGLSPServer] process [action=requestEditValidation, clientId=tasklist-diagram_1] 
16:58:33 info -  [DefaultGLSPServer] process [action=requestEditValidation, clientId=tasklist-diagram_1] 
16:58:33 info -  [DefaultGLSPServer] process [action=requestEditValidation, clientId=tasklist-diagram_1] 
16:58:34 info -  [DefaultGLSPServer] process [action=requestEditValidation, clientId=tasklist-diagram_1] 
16:58:34 info -  [DefaultGLSPServer] process [action=requestEditValidation, clientId=tasklist-diagram_1] 
16:58:34 info -  [DefaultGLSPServer] process [action=applyLabelEdit, clientId=tasklist-diagram_1] 
16:58:34 info -  [DefaultGLSPServer] process [action=computedBounds, clientId=tasklist-diagram_1] 
16:58:35 info -  [DefaultGLSPServer] process [action=compound, clientId=tasklist-diagram_1] 
16:58:36 info -  [DefaultGLSPServer] process [action=computedBounds, clientId=tasklist-diagram_1] 
16:58:37 info -  [DefaultGLSPServer] process [action=createEdge, clientId=tasklist-diagram_1] 
16:58:37 info -  [DefaultGLSPServer] process [action=computedBounds, clientId=tasklist-diagram_1] 
16:58:39 info -  [DefaultGLSPServer] process [action=createEdge, clientId=tasklist-diagram_1] 
16:58:39 info -  [DefaultGLSPServer] process [action=computedBounds, clientId=tasklist-diagram_1] 
16:58:40 info -  [DefaultGLSPServer] process [action=requestMarkers, clientId=tasklist-diagram_1] 
16:58:41 info -  [DefaultGLSPServer] process [action=generateSql, clientId=tasklist-diagram_1] 
16:59:26 info -  [DefaultGLSPServer] process [action=saveModel, clientId=tasklist-diagram_1] 
16:59:27 info -  [DefaultGLSPServer] process [action=saveModel, clientId=tasklist-diagram_1] 
17:00:24 info -  [DefaultGLSPServer] Initializing client session with: clientSessionId: 'tasklist-diagram_2', diagramType: 'tasklist-diagram' 
17:00:24 info -  [DefaultGLSPServer] process [action=requestModel, clientId=tasklist-diagram_2] 
17:00:24 info -  [DefaultGLSPServer] process [action=requestTypeHints, clientId=tasklist-diagram_2] 
17:00:24 info -  [DefaultGLSPServer] process [action=computedBounds, clientId=tasklist-diagram_2] 
17:00:24 info -  [DefaultGLSPServer] process [action=requestContextActions, clientId=tasklist-diagram_2] 
