19:40:07 info -  [SocketServerLauncher] The GLSP server is ready to accept new client requests on port: 54291 
19:40:07 info -  [SocketServerLauncher] Starting GLSP server connection 
19:40:07 info -  [DefaultGLSPServer] Initializing server with: applicationId: c74108ca-019d-42a0-8f4f-c590073e1588, protocolVersion: 1.0.0 
19:40:09 info -  [DefaultGLSPServer] Initializing client session with: clientSessionId: 'tasklist-diagram_0', diagramType: 'tasklist-diagram' 
19:40:09 info -  [DefaultGLSPServer] process [action=requestModel, clientId=tasklist-diagram_0] 
19:40:09 info -  [DefaultGLSPServer] process [action=requestTypeHints, clientId=tasklist-diagram_0] 
19:40:09 info -  [DefaultGLSPServer] process [action=computedBounds, clientId=tasklist-diagram_0] 
19:40:09 info -  [DefaultGLSPServer] process [action=requestContextActions, clientId=tasklist-diagram_0] 
19:40:13 info -  [DefaultGLSPServer] process [action=createNode, clientId=tasklist-diagram_0] 
19:40:13 info -  [DefaultGLSPServer] process [action=computedBounds, clientId=tasklist-diagram_0] 
19:40:15 info -  [DefaultGLSPServer] process [action=createNode, clientId=tasklist-diagram_0] 
19:40:15 info -  [DefaultGLSPServer] process [action=computedBounds, clientId=tasklist-diagram_0] 
19:40:18 info -  [DefaultGLSPServer] process [action=createEdge, clientId=tasklist-diagram_0] 
19:40:18 info -  [DefaultGLSPServer] process [action=computedBounds, clientId=tasklist-diagram_0] 
19:40:22 info -  [DefaultGLSPServer] process [action=requestEditValidation, clientId=tasklist-diagram_0] 
19:40:22 info -  [DefaultGLSPServer] process [action=requestEditValidation, clientId=tasklist-diagram_0] 
19:40:25 info -  [DefaultGLSPServer] process [action=requestEditValidation, clientId=tasklist-diagram_0] 
19:40:25 info -  [DefaultGLSPServer] process [action=requestEditValidation, clientId=tasklist-diagram_0] 
19:40:26 info -  [DefaultGLSPServer] process [action=requestEditValidation, clientId=tasklist-diagram_0] 
19:40:26 info -  [DefaultGLSPServer] process [action=requestEditValidation, clientId=tasklist-diagram_0] 
19:40:27 info -  [DefaultGLSPServer] process [action=requestEditValidation, clientId=tasklist-diagram_0] 
19:40:29 info -  [DefaultGLSPServer] process [action=requestEditValidation, clientId=tasklist-diagram_0] 
19:40:29 info -  [DefaultGLSPServer] process [action=requestEditValidation, clientId=tasklist-diagram_0] 
19:40:30 info -  [DefaultGLSPServer] process [action=requestEditValidation, clientId=tasklist-diagram_0] 
19:40:30 info -  [DefaultGLSPServer] process [action=requestEditValidation, clientId=tasklist-diagram_0] 
19:40:30 info -  [DefaultGLSPServer] process [action=requestEditValidation, clientId=tasklist-diagram_0] 
19:40:30 info -  [DefaultGLSPServer] process [action=requestEditValidation, clientId=tasklist-diagram_0] 
19:40:31 info -  [DefaultGLSPServer] process [action=applyLabelEdit, clientId=tasklist-diagram_0] 
19:40:31 info -  [DefaultGLSPServer] process [action=computedBounds, clientId=tasklist-diagram_0] 
19:40:45 info -  [DefaultGLSPServer] process [action=requestMarkers, clientId=tasklist-diagram_0] 
