18:28:46 info -  [SocketServerLauncher] The GLSP server is ready to accept new client requests on port: 56956 
18:28:46 info -  [SocketServerLauncher] Starting GLSP server connection 
18:28:46 info -  [DefaultGLSPServer] Initializing server with: applicationId: 974c5c5c-d202-482c-82b9-28dbdb9bbcbb, protocolVersion: 1.0.0 
18:28:47 info -  [DefaultGLSPServer] Initializing client session with: clientSessionId: 'tasklist-diagram_0', diagramType: 'tasklist-diagram' 
18:28:47 info -  [DefaultGLSPServer] process [action=requestModel, clientId=tasklist-diagram_0] 
18:28:47 info -  [DefaultGLSPServer] process [action=requestTypeHints, clientId=tasklist-diagram_0] 
18:28:47 info -  [DefaultGLSPServer] process [action=computedBounds, clientId=tasklist-diagram_0] 
18:28:47 info -  [DefaultGLSPServer] process [action=requestContextActions, clientId=tasklist-diagram_0] 
18:28:51 info -  [DefaultGLSPServer] process [action=createNode, clientId=tasklist-diagram_0] 
18:28:51 info -  [DefaultGLSPServer] process [action=computedBounds, clientId=tasklist-diagram_0] 
18:28:53 info -  [DefaultGLSPServer] process [action=createNode, clientId=tasklist-diagram_0] 
18:28:53 info -  [DefaultGLSPServer] process [action=computedBounds, clientId=tasklist-diagram_0] 
18:28:55 info -  [DefaultGLSPServer] process [action=createNode, clientId=tasklist-diagram_0] 
18:28:55 info -  [DefaultGLSPServer] process [action=computedBounds, clientId=tasklist-diagram_0] 
18:28:57 info -  [DefaultGLSPServer] process [action=createEdge, clientId=tasklist-diagram_0] 
18:28:57 info -  [DefaultGLSPServer] process [action=computedBounds, clientId=tasklist-diagram_0] 
18:29:00 info -  [DefaultGLSPServer] process [action=createEdge, clientId=tasklist-diagram_0] 
18:29:00 info -  [DefaultGLSPServer] process [action=computedBounds, clientId=tasklist-diagram_0] 
18:29:06 info -  [DefaultGLSPServer] process [action=createNode, clientId=tasklist-diagram_0] 
18:29:07 info -  [DefaultGLSPServer] process [action=computedBounds, clientId=tasklist-diagram_0] 
18:29:09 info -  [DefaultGLSPServer] process [action=createEdge, clientId=tasklist-diagram_0] 
18:29:09 info -  [DefaultGLSPServer] process [action=computedBounds, clientId=tasklist-diagram_0] 
18:29:11 info -  [DefaultGLSPServer] process [action=requestMarkers, clientId=tasklist-diagram_0] 
18:29:18 info -  [DefaultGLSPServer] process [action=deleteElement, clientId=tasklist-diagram_0] 
18:29:18 info -  [DefaultGLSPServer] process [action=computedBounds, clientId=tasklist-diagram_0] 
18:29:21 info -  [DefaultGLSPServer] process [action=createEdge, clientId=tasklist-diagram_0] 
18:29:21 info -  [DefaultGLSPServer] process [action=computedBounds, clientId=tasklist-diagram_0] 
18:29:22 info -  [DefaultGLSPServer] process [action=requestMarkers, clientId=tasklist-diagram_0] 
18:29:24 info -  [DefaultGLSPServer] process [action=requestPopupModel, clientId=tasklist-diagram_0] 
18:29:24 warn -  [RequestPopupModelActionHandler] Could not process `RequestPopupModelAction`. No `PopupModelFactory` is bound 
18:29:30 info -  [DefaultGLSPServer] process [action=requestPopupModel, clientId=tasklist-diagram_0] 
18:29:30 warn -  [RequestPopupModelActionHandler] Could not process `RequestPopupModelAction`. No `PopupModelFactory` is bound 
18:29:30 info -  [DefaultGLSPServer] process [action=deleteElement, clientId=tasklist-diagram_0] 
18:29:30 info -  [DefaultGLSPServer] process [action=computedBounds, clientId=tasklist-diagram_0] 
18:29:33 info -  [DefaultGLSPServer] process [action=createNode, clientId=tasklist-diagram_0] 
18:29:33 info -  [DefaultGLSPServer] process [action=computedBounds, clientId=tasklist-diagram_0] 
18:29:36 info -  [DefaultGLSPServer] process [action=createEdge, clientId=tasklist-diagram_0] 
18:29:36 info -  [DefaultGLSPServer] process [action=computedBounds, clientId=tasklist-diagram_0] 
18:29:38 info -  [DefaultGLSPServer] process [action=requestMarkers, clientId=tasklist-diagram_0] 
