18:23:33 info -  [SocketServerLauncher] The GLSP server is ready to accept new client requests on port: 54435 
18:23:33 info -  [SocketServerLauncher] Starting GLSP server connection 
18:23:33 info -  [DefaultGLSPServer] Initializing server with: applicationId: 1d15e049-3358-4ebf-9b31-e623fd492d7c, protocolVersion: 1.0.0 
18:23:36 info -  [DefaultGLSPServer] Initializing client session with: clientSessionId: 'tasklist-diagram_0', diagramType: 'tasklist-diagram' 
18:23:36 info -  [DefaultGLSPServer] process [action=requestModel, clientId=tasklist-diagram_0] 
18:23:36 info -  [DefaultGLSPServer] process [action=requestTypeHints, clientId=tasklist-diagram_0] 
18:23:36 info -  [DefaultGLSPServer] process [action=computedBounds, clientId=tasklist-diagram_0] 
18:23:36 info -  [DefaultGLSPServer] process [action=requestContextActions, clientId=tasklist-diagram_0] 
18:23:41 info -  [DefaultGLSPServer] process [action=compound, clientId=tasklist-diagram_0] 
18:23:42 info -  [DefaultGLSPServer] process [action=computedBounds, clientId=tasklist-diagram_0] 
18:23:43 info -  [DefaultGLSPServer] process [action=createNode, clientId=tasklist-diagram_0] 
18:23:43 info -  [DefaultGLSPServer] process [action=computedBounds, clientId=tasklist-diagram_0] 
18:23:45 info -  [DefaultGLSPServer] process [action=createNode, clientId=tasklist-diagram_0] 
18:23:45 info -  [DefaultGLSPServer] process [action=computedBounds, clientId=tasklist-diagram_0] 
18:23:47 info -  [DefaultGLSPServer] process [action=changeBounds, clientId=tasklist-diagram_0] 
18:23:47 info -  [DefaultGLSPServer] process [action=computedBounds, clientId=tasklist-diagram_0] 
18:23:52 info -  [DefaultGLSPServer] process [action=requestPopupModel, clientId=tasklist-diagram_0] 
18:23:52 warn -  [RequestPopupModelActionHandler] Could not process `RequestPopupModelAction`. No `PopupModelFactory` is bound 
18:23:52 info -  [DefaultGLSPServer] process [action=changeBounds, clientId=tasklist-diagram_0] 
18:23:52 info -  [DefaultGLSPServer] process [action=computedBounds, clientId=tasklist-diagram_0] 
18:23:56 info -  [DefaultGLSPServer] process [action=createEdge, clientId=tasklist-diagram_0] 
18:23:56 info -  [DefaultGLSPServer] process [action=computedBounds, clientId=tasklist-diagram_0] 
